Log file open, 12/03/18 19:09:59
LogWindows: Failed to load 'aqProf.dll' (GetLastError=126)
LogWindows: File 'aqProf.dll' does not exist
LogWindows: Failed to load 'VSPerf140.dll' (GetLastError=126)
LogWindows: File 'VSPerf140.dll' does not exist
LogWindows: Failed to load 'VtuneApi.dll' (GetLastError=126)
LogWindows: File 'VtuneApi.dll' does not exist
LogWindows: Failed to load 'VtuneApi32e.dll' (GetLastError=126)
LogWindows: File 'VtuneApi32e.dll' does not exist
LogInit: Display: Running engine for game: FlaminGo
LogPlatformFile: Not using cached read wrapper
LogTaskGraph: Started task graph with 5 named threads and 14 total threads with 3 sets of task threads.
LogStats: Stats thread started at 0.347239
LogD3D11RHI: Loaded GFSDK_Aftermath_Lib.x64.dll
LogICUInternationalization: Display: ICU TimeZone Detection - Raw Offset: +0:00, Platform Override: ''
LogPluginManager: Mounting plugin Paper2D
LogPluginManager: Mounting plugin AISupport
LogPluginManager: Mounting plugin LightPropagationVolume
LogPluginManager: Mounting plugin CLionSourceCodeAccess
LogPluginManager: Mounting plugin CodeLiteSourceCodeAccess
LogPluginManager: Mounting plugin GitSourceControl
LogPluginManager: Mounting plugin KDevelopSourceCodeAccess
LogPluginManager: Mounting plugin NullSourceCodeAccess
LogPluginManager: Mounting plugin PerforceSourceControl
LogPluginManager: Mounting plugin SubversionSourceControl
LogPluginManager: Mounting plugin UObjectPlugin
LogPluginManager: Mounting plugin VisualStudioCodeSourceCodeAccess
LogPluginManager: Mounting plugin VisualStudioSourceCodeAccess
LogPluginManager: Mounting plugin XCodeSourceCodeAccess
LogPluginManager: Mounting plugin AssetManagerEditor
LogPluginManager: Mounting plugin CryptoKeys
LogPluginManager: Mounting plugin DataValidation
LogPluginManager: Mounting plugin FacialAnimation
LogPluginManager: Mounting plugin GameplayTagsEditor
LogPluginManager: Mounting plugin MacGraphicsSwitching
LogPluginManager: Mounting plugin MeshEditor
LogPluginManager: Mounting plugin MobileLauncherProfileWizard
LogPluginManager: Mounting plugin PluginBrowser
LogPluginManager: Mounting plugin SpeedTreeImporter
LogPluginManager: Mounting plugin DatasmithContent
LogPluginManager: Mounting plugin AlembicImporter
LogPluginManager: Mounting plugin AppleImageUtils
LogPluginManager: Mounting plugin AppleVision
LogPluginManager: Mounting plugin BackChannel
LogPluginManager: Mounting plugin CharacterAI
LogPluginManager: Mounting plugin GeometryCache
LogPluginManager: Mounting plugin HTML5Networking
LogPluginManager: Mounting plugin ProxyLODPlugin
LogPluginManager: Mounting plugin MagicLeap
LogPluginManager: Mounting plugin MagicLeapEmulator
LogPluginManager: Mounting plugin MagicLeapMedia
LogPluginManager: Mounting plugin AndroidMedia
LogPluginManager: Mounting plugin AvfMedia
LogPluginManager: Mounting plugin ImgMedia
LogPluginManager: Mounting plugin LinearTimecode
LogPluginManager: Mounting plugin MediaCompositing
LogPluginManager: Mounting plugin MediaPlayerEditor
LogPluginManager: Mounting plugin WmfMedia
LogPluginManager: Mounting plugin TcpMessaging
LogPluginManager: Mounting plugin UdpMessaging
LogPluginManager: Mounting plugin ActorSequence
LogPluginManager: Mounting plugin LevelSequenceEditor
LogPluginManager: Mounting plugin MatineeToLevelSequence
LogPluginManager: Mounting plugin NetcodeUnitTest
LogPluginManager: Mounting plugin NUTUnrealEngine4
LogPluginManager: Mounting plugin OnlineSubsystemGooglePlay
LogPluginManager: Mounting plugin OnlineSubsystemIOS
LogPluginManager: Mounting plugin OnlineSubsystem
LogPluginManager: Mounting plugin OnlineSubsystemNull
LogPluginManager: Mounting plugin OnlineSubsystemUtils
LogPluginManager: Mounting plugin LauncherChunkInstaller
LogPluginManager: Mounting plugin AndroidDeviceProfileSelector
LogPluginManager: Mounting plugin AndroidMoviePlayer
LogPluginManager: Mounting plugin AndroidPermission
LogPluginManager: Mounting plugin AppleMoviePlayer
LogPluginManager: Mounting plugin ArchVisCharacter
LogPluginManager: Mounting plugin AudioCapture
LogPluginManager: Mounting plugin CableComponent
LogPluginManager: Mounting plugin CustomMeshComponent
LogPluginManager: Mounting plugin EditableMesh
LogPluginManager: Mounting plugin ExampleDeviceProfileSelector
LogPluginManager: Mounting plugin GoogleCloudMessaging
LogPluginManager: Mounting plugin ImmediatePhysics
LogPluginManager: Mounting plugin IOSDeviceProfileSelector
LogPluginManager: Mounting plugin LinuxDeviceProfileSelector
LogPluginManager: Mounting plugin LocationServicesBPLibrary
LogPluginManager: Mounting plugin MobilePatchingUtils
LogPluginManager: Mounting plugin OculusVR
LogPluginManager: Plugin shader directory ../../../Engine/Plugins/Runtime/Oculus/OculusVR/Shaders found
LogPluginManager: Mapping shader source directory ../../../Engine/Plugins/Runtime/Oculus/OculusVR/Shaders to virtual directory /Plugin/OculusVR
LogPluginManager: Mounting plugin PhysXVehicles
LogPluginManager: Mounting plugin ProceduralMeshComponent
LogPluginManager: Mounting plugin RuntimePhysXCooking
LogPluginManager: Mounting plugin SteamVR
LogPluginManager: Mounting plugin WindowsMoviePlayer
LogStreaming: Display: Took  0.125s to configure plugins.
LogInit: Using libcurl 7.55.1-DEV
LogInit:  - built for x86_64-pc-win32
LogInit:  - supports SSL with OpenSSL/1.0.2h
LogInit:  - supports HTTP deflate (compression) using libz 1.2.8
LogInit:  - other features:
LogInit:      CURL_VERSION_SSL
LogInit:      CURL_VERSION_LIBZ
LogInit:      CURL_VERSION_IPV6
LogInit:      CURL_VERSION_ASYNCHDNS
LogInit:      CURL_VERSION_LARGEFILE
LogInit:      CURL_VERSION_IDN
LogInit:  CurlRequestOptions (configurable via config and command line):
LogInit:  - bVerifyPeer = false  - Libcurl will NOT verify peer certificate
LogInit:  - bUseHttpProxy = false  - Libcurl will NOT use HTTP proxy
LogInit:  - bDontReuseConnections = false  - Libcurl will reuse connections
LogInit:  - CertBundlePath = nullptr  - Libcurl will use whatever was configured at build time.
LogInit:  - MaxHostConnections = 16  - Libcurl will limit the number of connections to a host
LogInit:  - LocalHostAddr = Default
LogInit:  - BufferSize = 65536
LogInit: WinSock: version 1.1 (2.2), MaxSocks=32767, MaxUdp=65467
LogInit: Build: ++UE4+Release-4.20-CL-4369336
LogInit: Engine Version: 4.20.3-4369336+++UE4+Release-4.20
LogInit: Compatible Engine Version: 4.20.0-4212847+++UE4+Release-4.20
LogInit: Net CL: 4212847
LogInit: OS: Windows 8.1 (), CPU: Intel(R) Core(TM) i5-6500 CPU @ 3.20GHz, GPU: NVIDIA GeForce GTX 1060 6GB
LogInit: Compiled (64-bit): Sep 17 2018 12:26:19
LogInit: Compiled with Visual C++: 19.13.26129.00
LogInit: Build Configuration: Development
LogInit: Branch Name: ++UE4+Release-4.20
LogInit: Command Line:  
LogInit: Base Directory: C:/Program Files/Epic Games/UE_4.20/Engine/Binaries/Win64/
LogInit: Installed Engine Build: 1
LogDevObjectVersion: Number of dev versions registered: 20
LogDevObjectVersion:   Dev-Blueprints (B0D832E4-1F89-4F0D-ACCF-7EB736FD4AA2): 10
LogDevObjectVersion:   Dev-Build (E1C64328-A22C-4D53-A36C-8E866417BD8C): 0
LogDevObjectVersion:   Dev-Core (375EC13C-06E4-48FB-B500-84F0262A717E): 2
LogDevObjectVersion:   Dev-Editor (E4B068ED-F494-42E9-A231-DA0B2E46BB41): 24
LogDevObjectVersion:   Dev-Framework (CFFC743F-43B0-4480-9391-14DF171D2073): 34
LogDevObjectVersion:   Dev-Mobile (B02B49B5-BB20-44E9-A304-32B752E40360): 2
LogDevObjectVersion:   Dev-Networking (A4E4105C-59A1-49B5-A7C5-40C4547EDFEE): 0
LogDevObjectVersion:   Dev-Online (39C831C9-5AE6-47DC-9A44-9C173E1C8E7C): 0
LogDevObjectVersion:   Dev-Physics (78F01B33-EBEA-4F98-B9B4-84EACCB95AA2): 0
LogDevObjectVersion:   Dev-Platform (6631380F-2D4D-43E0-8009-CF276956A95A): 0
LogDevObjectVersion:   Dev-Rendering (12F88B9F-8875-4AFC-A67C-D90C383ABD29): 26
LogDevObjectVersion:   Dev-Sequencer (7B5AE74C-D270-4C10-A958-57980B212A5A): 9
LogDevObjectVersion:   Dev-VR (D7296918-1DD6-4BDD-9DE2-64A83CC13884): 2
LogDevObjectVersion:   Dev-LoadTimes (C2A15278-BFE7-4AFE-6C17-90FF531DF755): 1
LogDevObjectVersion:   Private-Geometry (6EACA3D4-40EC-4CC1-B786-8BED09428FC5): 3
LogDevObjectVersion:   Dev-AnimPhys (29E575DD-E0A3-4627-9D10-D276232CDCEA): 17
LogDevObjectVersion:   Dev-ReflectionCapture (6B266CEC-1EC7-4B8F-A30B-E4D90942FC07): 1
LogDevObjectVersion:   Dev-Automation (0DF73D61-A23F-47EA-B727-89E90C41499A): 1
LogDevObjectVersion:   FortniteMain (601D1886-AC64-4F84-AA16-D3DE0DEAC7D6): 12
LogDevObjectVersion:   Dev-Enterprise (9DFFBCD6-494F-0158-E221-12823C92A888): 1
LogStreaming: Display: Took  0.001s to delete old logs.
LogInit: Presizing for max 8388607 objects, including 0 objects not considered by GC, pre-allocating 0 bytes for permanent pool.
LogInit: Object subsystem initialized
[2018.12.03-19.10.01:009][  0]LogInit: Selected Device Profile: [Windows]
[2018.12.03-19.10.01:009][  0]LogInit: Applying CVar settings loaded from the selected device profile: [Windows]
[2018.12.03-19.10.01:046][  0]LogHAL: Display: Platform has ~ 16 GB [17139351552 / 17179869184 / 16], which maps to Larger [LargestMinGB=32, LargerMinGB=12, DefaultMinGB=8, SmallerMinGB=6, SmallestMinGB=0)
[2018.12.03-19.10.01:046][  0]LogInit: Setting Device Profile CVar: [[r.Vulkan.UseRealUBs:1]]
[2018.12.03-19.10.01:047][  0]LogInit: Going up to parent DeviceProfile []
[2018.12.03-19.10.01:052][  0]LogInit: Computer: ROX
[2018.12.03-19.10.01:052][  0]LogInit: User: James
[2018.12.03-19.10.01:052][  0]LogInit: CPU Page size=4096, Cores=4
[2018.12.03-19.10.01:052][  0]LogInit: High frequency timer resolution =3.117192 MHz
[2018.12.03-19.10.01:052][  0]LogMemory: Memory total: Physical=16.0GB (16GB approx)
[2018.12.03-19.10.01:052][  0]LogMemory: Platform Memory Stats for Windows
[2018.12.03-19.10.01:052][  0]LogMemory: Process Physical Memory: 98.84 MB used, 98.84 MB peak
[2018.12.03-19.10.01:052][  0]LogMemory: Process Virtual Memory: 84.30 MB used, 84.30 MB peak
[2018.12.03-19.10.01:052][  0]LogMemory: Physical Memory: 6006.23 MB used,  10339.13 MB free, 16345.36 MB total
[2018.12.03-19.10.01:052][  0]LogMemory: Virtual Memory: 470.57 MB used,  10339.13 MB free, 134217728.00 MB total
[2018.12.03-19.10.01:845][  0]LogInit: Using OS detected language (en-US).
[2018.12.03-19.10.01:845][  0]LogInit: Using OS detected locale (en-GB).
[2018.12.03-19.10.01:846][  0]LogTextLocalizationManager: No specific localization for 'en-US' exists, so the 'en' localization will be used.
[2018.12.03-19.10.02:239][  0]LogStreaming: Display: Took  0.394s to InitEngineTextLocalization.
[2018.12.03-19.10.02:240][  0]LogInit: Setting process to per monitor DPI aware
[2018.12.03-19.10.02:444][  0]LogSlate: New Slate User Created.  User Index 0, Is Virtual User: 0
[2018.12.03-19.10.02:444][  0]LogSlate: Slate User Registered.  User Index 0, Is Virtual User: 0
[2018.12.03-19.10.04:249][  0]LogHMD: Failed to initialize OpenVR with code 110
[2018.12.03-19.10.04:249][  0]LogD3D11RHI: D3D11 adapters:
[2018.12.03-19.10.04:314][  0]LogD3D11RHI:    0. 'NVIDIA GeForce GTX 1060 6GB' (Feature Level 11_0)
[2018.12.03-19.10.04:314][  0]LogD3D11RHI:       6004/0/8172 MB DedicatedVideo/DedicatedSystem/SharedSystem, Outputs:1, VendorId:0x10de
[2018.12.03-19.10.04:315][  0]LogD3D11RHI:    1. 'Microsoft Basic Render Driver' (Feature Level 11_0)
[2018.12.03-19.10.04:315][  0]LogD3D11RHI:       0/0/256 MB DedicatedVideo/DedicatedSystem/SharedSystem, Outputs:0, VendorId:0x1414
[2018.12.03-19.10.04:315][  0]LogD3D11RHI: Chosen D3D11 Adapter: 0
[2018.12.03-19.10.04:321][  0]LogD3D11RHI: Creating new Direct3DDevice
[2018.12.03-19.10.04:322][  0]LogD3D11RHI:     GPU DeviceId: 0x1c03 (for the marketing name, search the web for "GPU Device Id")
[2018.12.03-19.10.04:322][  0]LogWindows: EnumDisplayDevices:
[2018.12.03-19.10.04:322][  0]LogWindows:    0. 'NVIDIA GeForce GTX 1060 6GB' (P:1 D:1)
[2018.12.03-19.10.04:322][  0]LogWindows:    1. 'NVIDIA GeForce GTX 1060 6GB' (P:0 D:0)
[2018.12.03-19.10.04:322][  0]LogWindows:    2. 'NVIDIA GeForce GTX 1060 6GB' (P:0 D:0)
[2018.12.03-19.10.04:322][  0]LogWindows:    3. 'NVIDIA GeForce GTX 1060 6GB' (P:0 D:0)
[2018.12.03-19.10.04:322][  0]LogWindows: DebugString: FoundDriverCount:4 
[2018.12.03-19.10.04:322][  0]LogD3D11RHI:     Adapter Name: NVIDIA GeForce GTX 1060 6GB
[2018.12.03-19.10.04:322][  0]LogD3D11RHI:   Driver Version: 391.35 (internal:23.21.13.9135, unified:391.35)
[2018.12.03-19.10.04:322][  0]LogD3D11RHI:      Driver Date: 3-23-2018
[2018.12.03-19.10.04:322][  0]LogRHI: Texture pool is 4203 MB (70% of 6004 MB)
[2018.12.03-19.10.04:342][  0]LogD3D11RHI: Async texture creation enabled
[2018.12.03-19.10.04:446][  0]LogD3D11RHI: GPU Timing Frequency: 1000.000000 (Debug: 2 2)
[2018.12.03-19.10.04:492][  0]LogShaderCompilers: Guid format shader working directory is 7 characters bigger than the processId version (../../../../../../Github/CRANE/FlaminGo/Intermediate/Shaders/WorkingDirectory/7004/).
[2018.12.03-19.10.04:492][  0]LogShaderCompilers: Cleaned the shader compiler working directory 'C:/Users/James/AppData/Local/Temp/UnrealShaderWorkingDir/38606AD84BC58943854E70A1221523EF/'.
[2018.12.03-19.10.05:575][  0]LogTemp: Display: Loaded TP AllDesktopTargetPlatform
[2018.12.03-19.10.05:629][  0]LogTemp: Display: Loaded TP MacClientTargetPlatform
[2018.12.03-19.10.05:674][  0]LogTemp: Display: Loaded TP MacNoEditorTargetPlatform
[2018.12.03-19.10.05:697][  0]LogTemp: Display: Loaded TP MacServerTargetPlatform
[2018.12.03-19.10.05:824][  0]LogTemp: Display: Loaded TP MacTargetPlatform
[2018.12.03-19.10.05:894][  0]LogTemp: Display: Loaded TP WindowsClientTargetPlatform
[2018.12.03-19.10.05:984][  0]LogTemp: Display: Loaded TP WindowsNoEditorTargetPlatform
[2018.12.03-19.10.06:017][  0]LogTemp: Display: Loaded TP WindowsServerTargetPlatform
[2018.12.03-19.10.06:050][  0]LogTemp: Display: Loaded TP WindowsTargetPlatform
[2018.12.03-19.10.06:210][  0]LogTemp: Display: Loaded TP AndroidTargetPlatform
[2018.12.03-19.10.06:210][  0]LogTemp: Display: Loaded TP AndroidTargetPlatform
[2018.12.03-19.10.06:210][  0]LogTemp: Display: Loaded TP AndroidTargetPlatform
[2018.12.03-19.10.06:210][  0]LogTemp: Display: Loaded TP AndroidTargetPlatform
[2018.12.03-19.10.06:210][  0]LogTemp: Display: Loaded TP AndroidTargetPlatform
[2018.12.03-19.10.06:210][  0]LogTemp: Display: Loaded TP AndroidTargetPlatform
[2018.12.03-19.10.06:210][  0]LogTemp: Display: Loaded TP AndroidTargetPlatform
[2018.12.03-19.10.06:210][  0]LogTemp: Display: Loaded TP AndroidTargetPlatform
[2018.12.03-19.10.06:210][  0]LogTemp: Display: Loaded TP AndroidTargetPlatform
[2018.12.03-19.10.06:210][  0]LogTemp: Display: Loaded TP AndroidTargetPlatform
[2018.12.03-19.10.06:210][  0]LogTemp: Display: Loaded TP AndroidTargetPlatform
[2018.12.03-19.10.06:210][  0]LogTemp: Display: Loaded TP AndroidTargetPlatform
[2018.12.03-19.10.06:210][  0]LogTemp: Display: Loaded TP AndroidTargetPlatform
[2018.12.03-19.10.06:210][  0]LogTemp: Display: Loaded TP AndroidTargetPlatform
[2018.12.03-19.10.06:210][  0]LogTemp: Display: Loaded TP AndroidTargetPlatform
[2018.12.03-19.10.06:210][  0]LogTemp: Display: Loaded TP AndroidTargetPlatform
[2018.12.03-19.10.06:210][  0]LogTemp: Display: Loaded TP AndroidTargetPlatform
[2018.12.03-19.10.06:210][  0]LogTemp: Display: Loaded TP AndroidTargetPlatform
[2018.12.03-19.10.06:231][  0]LogTemp: Display: Loaded TP HTML5TargetPlatform
[2018.12.03-19.10.06:370][  0]LogTemp: Display: Loaded TP IOSTargetPlatform
[2018.12.03-19.10.06:370][  0]LogTemp: Display: Loaded TP IOSTargetPlatform
[2018.12.03-19.10.06:464][  0]LogTemp: Display: Loaded TP TVOSTargetPlatform
[2018.12.03-19.10.06:464][  0]LogTemp: Display: Loaded TP TVOSTargetPlatform
[2018.12.03-19.10.06:494][  0]LogTemp: Display: Loaded TP LinuxClientTargetPlatform
[2018.12.03-19.10.06:518][  0]LogTemp: Display: Loaded TP LinuxNoEditorTargetPlatform
[2018.12.03-19.10.06:540][  0]LogTemp: Display: Loaded TP LinuxServerTargetPlatform
[2018.12.03-19.10.06:577][  0]LogTemp: Display: Loaded TP LinuxTargetPlatform
[2018.12.03-19.10.06:595][  0]LogTemp: Display: Loaded TP LuminTargetPlatform
[2018.12.03-19.10.06:595][  0]LogTargetPlatformManager: Display: Building Assets For Windows
[2018.12.03-19.10.07:938][  0]LogXGEController: Cleaning working directory: C:/Users/James/AppData/Local/Temp/UnrealXGEWorkingDir/
[2018.12.03-19.10.07:938][  0]LogXGEController: Cannot use XGE Controller as Incredibuild is not installed on this machine.
[2018.12.03-19.10.07:938][  0]LogShaderCompilers: Cannot use XGE Shader Compiler as Incredibuild is not installed on this machine.
[2018.12.03-19.10.07:938][  0]LogShaderCompilers: Display: Using Local Shader Compiler.
[2018.12.03-19.10.13:306][  0]LogDerivedDataCache: Display: Max Cache Size: 512 MB
[2018.12.03-19.10.14:464][  0]LogDerivedDataCache: Loaded boot cache 1.16s 71MB C:/Users/James/AppData/Local/UnrealEngine/4.20/DerivedDataCache/Boot.ddc.
[2018.12.03-19.10.14:464][  0]LogDerivedDataCache: Display: Loaded Boot cache: C:/Users/James/AppData/Local/UnrealEngine/4.20/DerivedDataCache/Boot.ddc
[2018.12.03-19.10.14:464][  0]LogDerivedDataCache: FDerivedDataBackendGraph:  Pak pak cache file ../../../../../../Github/CRANE/FlaminGo/DerivedDataCache/DDC.ddp not found, will not use a pak cache.
[2018.12.03-19.10.14:464][  0]LogDerivedDataCache: Unable to find inner node Pak for hierarchical cache Hierarchy.
[2018.12.03-19.10.14:464][  0]LogDerivedDataCache: FDerivedDataBackendGraph:  CompressedPak pak cache file ../../../../../../Github/CRANE/FlaminGo/DerivedDataCache/Compressed.ddp not found, will not use a pak cache.
[2018.12.03-19.10.14:464][  0]LogDerivedDataCache: Unable to find inner node CompressedPak for hierarchical cache Hierarchy.
[2018.12.03-19.10.14:542][  0]LogDerivedDataCache: Display: Pak cache opened for reading ../../../Engine/DerivedDataCache/Compressed.ddp.
[2018.12.03-19.10.14:555][  0]LogDerivedDataCache: Using Local data cache path C:/Users/James/AppData/Local/UnrealEngine/Common/DerivedDataCache: Writable
[2018.12.03-19.10.14:555][  0]LogDerivedDataCache: Shared data cache path not found in *engine.ini, will not use an Shared cache.
[2018.12.03-19.10.14:555][  0]LogDerivedDataCache: Unable to find inner node Shared for hierarchical cache Hierarchy.
[2018.12.03-19.10.14:653][  0]LogMaterial: Verifying Global Shaders for PCD3D_SM5
[2018.12.03-19.10.14:656][  0]LogSlate: Using FreeType 2.6.0
[2018.12.03-19.10.14:726][  0]LogSlate: SlateFontServices - WITH_FREETYPE: 1, WITH_HARFBUZZ: 1
[2018.12.03-19.10.15:534][  0]LogAssetRegistry: FAssetRegistry took 0.0264 seconds to start up
[2018.12.03-19.10.18:144][  0]LogInit: Selected Device Profile: [Windows]
[2018.12.03-19.10.22:183][  0]LogSimplygon: Simplygon DLL not present - disabling.
[2018.12.03-19.10.23:209][  0]LogMeshReduction: Using SimplygonSwarm for distributed automatic mesh merging
[2018.12.03-19.10.23:209][  0]LogMeshReduction: Using ProxyLODMeshReduction for automatic mesh merging
[2018.12.03-19.10.23:209][  0]LogMeshReduction: Using QuadricMeshReduction for automatic static mesh reduction
[2018.12.03-19.10.23:209][  0]LogMeshReduction: No automatic skeletal mesh reduction module available
[2018.12.03-19.10.23:617][  0]LogNetVersion: FlaminGo 1.0.0, NetCL: 4212847, EngineNetVer: 5, GameNetVer: 0 (Checksum: 4192027605)
[2018.12.03-19.10.28:107][  0]LogPackageLocalizationCache: Processed 11 localized package path(s) for 2 prioritized culture(s) in 0.259831 seconds
[2018.12.03-19.10.28:114][  0]LogUObjectArray: 38425 objects as part of root set at end of initial load.
[2018.12.03-19.10.28:114][  0]LogUObjectAllocator: 6690864 out of 0 bytes used by permanent object pool.
[2018.12.03-19.10.28:114][  0]LogUObjectArray: CloseDisregardForGC: 0/0 objects in disregard for GC pool
[2018.12.03-19.10.46:799][  0]LogTcpMessaging: Initializing TcpMessaging bridge
[2018.12.03-19.10.46:844][  0]LogUdpMessaging: Initializing bridge on interface 0.0.0.0:0 to multicast group 230.0.0.1:6666.
[2018.12.03-19.10.48:479][  0]SourceControl: Source control is disabled
[2018.12.03-19.10.48:479][  0]SourceControl: Source control is disabled
[2018.12.03-19.10.48:674][  0]SourceControl: Source control is disabled
[2018.12.03-19.10.48:719][  0]SourceControl: Source control is disabled
[2018.12.03-19.10.50:918][  0]LogAndroidPermission: UAndroidPermissionCallbackProxy::GetInstance
[2018.12.03-19.10.51:198][  0]LogOcInput: OculusInput pre-init called
[2018.12.03-19.10.51:797][  0]LogEngine: Initializing Engine...
[2018.12.03-19.10.51:806][  0]LogHMD: Failed to initialize OpenVR with code 110
[2018.12.03-19.10.51:814][  0]LogStats: UGameplayTagsManager::ConstructGameplayTagTree: ImportINI prefixes -  0.000 s
[2018.12.03-19.10.51:814][  0]LogStats: UGameplayTagsManager::ConstructGameplayTagTree: Construct from data asset -  0.000 s
[2018.12.03-19.10.51:814][  0]LogStats: UGameplayTagsManager::ConstructGameplayTagTree: ImportINI -  0.000 s
[2018.12.03-19.10.51:814][  0]LogStats: UGameplayTagsManager::ConstructGameplayTagTree: GameplayTagTreeChangedEvent.Broadcast -  0.000 s
[2018.12.03-19.10.52:935][  0]LogInit: Initializing FReadOnlyCVARCache
[2018.12.03-19.10.53:008][  0]LogAIModule: Creating AISystem for world Untitled
[2018.12.03-19.10.53:032][  0]LogInit: XAudio2 using 'Speakers (Realtek High Definition Audio)' : 2 channels at 48 kHz using 32 bits per sample (channel mask 0x3)
[2018.12.03-19.10.53:523][  0]LogInit: FAudioDevice initialized.
[2018.12.03-19.10.53:523][  0]LogNetVersion: Set ProjectVersion to 1.0.0.0. Version Checksum will be recalculated on next use.
[2018.12.03-19.10.54:141][  0]LogDerivedDataCache: Saved boot cache 0.62s 71MB C:/Users/James/AppData/Local/UnrealEngine/4.20/DerivedDataCache/Boot.ddc.
[2018.12.03-19.10.54:141][  0]LogInit: Texture streaming: Enabled
[2018.12.03-19.10.54:361][  0]LogEngineSessionManager: EngineSessionManager initialized
[2018.12.03-19.10.54:413][  0]LogInit: Transaction tracking system initialized
[2018.12.03-19.10.54:584][  0]BlueprintLog: New page: Editor Load
[2018.12.03-19.10.56:572][  0]LocalizationService: Localization service is disabled
[2018.12.03-19.11.01:691][  0]LogCook: Display: Max memory allowance for cook 16384mb min free memory 0mb
[2018.12.03-19.11.01:691][  0]LogCook: Display: Mobile HDR setting 1
[2018.12.03-19.11.01:708][  0]LogGameplayTags: Display: UGameplayTagsManager::DoneAddingNativeTags. DelegateIsBound: 0
[2018.12.03-19.11.01:708][  0]LogStats: UGameplayTagsManager::ConstructGameplayTagTree: ImportINI prefixes -  0.000 s
[2018.12.03-19.11.01:708][  0]LogStats: UGameplayTagsManager::ConstructGameplayTagTree: Construct from data asset -  0.000 s
[2018.12.03-19.11.01:708][  0]LogStats: UGameplayTagsManager::ConstructGameplayTagTree: ImportINI -  0.000 s
[2018.12.03-19.11.01:708][  0]LogStats: UGameplayTagsManager::ConstructGameplayTagTree: GameplayTagTreeChangedEvent.Broadcast -  0.000 s
[2018.12.03-19.11.02:987][  0]LogFileCache: Scanning file cache for directory 'C:/Github/CRANE/FlaminGo/Content/' took 0.07s
[2018.12.03-19.11.06:135][  0]SourceControl: Source control is disabled
[2018.12.03-19.11.06:147][  0]Cmd: MAP LOAD FILE="../../../../../../Github/CRANE/FlaminGo/Content/ThirdPersonBP/Maps/FirstMap.umap" TEMPLATE=0 SHOWPROGRESS=1 FEATURELEVEL=3
[2018.12.03-19.11.06:198][  0]LightingResults: New page: Lighting Build
[2018.12.03-19.11.06:224][  0]MapCheck: New page: Map Check
[2018.12.03-19.11.06:224][  0]LightingResults: New page: Lighting Build
[2018.12.03-19.11.17:665][  0]LogAIModule: Creating AISystem for world FirstMap
[2018.12.03-19.11.17:918][  0]LogEditorServer: Finished looking for orphan Actors (0.000 secs)
[2018.12.03-19.11.18:035][  0]Cmd: MAP CHECKDEP NOCLEARLOG
[2018.12.03-19.11.18:172][  0]MapCheck: Map check complete: 0 Error(s), 0 Warning(s), took 136.071ms to complete.
[2018.12.03-19.11.18:172][  0]LogFileHelpers: Loading map 'FirstMap' took 12.037
[2018.12.03-19.11.18:727][  0]LogSlate: Updating window title bar state: overlay mode, drag disabled, window buttons hidden, title bar hidden
[2018.12.03-19.11.18:743][  0]LogSlate: Updating window title bar state: overlay mode, drag disabled, window buttons hidden, title bar hidden
[2018.12.03-19.11.18:753][  0]LogSlate: Updating window title bar state: overlay mode, drag disabled, window buttons hidden, title bar hidden
[2018.12.03-19.11.18:760][  0]LogSlate: Updating window title bar state: overlay mode, drag disabled, window buttons hidden, title bar hidden
[2018.12.03-19.11.18:874][  0]LogCollectionManager: Loaded 0 collections in 0.003613 seconds
[2018.12.03-19.11.18:931][  0]LogFileCache: Scanning file cache for directory 'C:/Github/CRANE/FlaminGo/Saved/Collections/' took 0.01s
[2018.12.03-19.11.18:931][  0]LogFileCache: Scanning file cache for directory 'C:/Github/CRANE/FlaminGo/Content/Developers/James/Collections/' took 0.01s
[2018.12.03-19.11.18:931][  0]LogFileCache: Scanning file cache for directory 'C:/Github/CRANE/FlaminGo/Content/Collections/' took 0.01s
[2018.12.03-19.11.18:931][  0]LogCollectionManager: Rebuilt the GUID cache for 0 collections in 0.000001 seconds
[2018.12.03-19.11.18:953][  0]LogContentBrowser: Native class hierarchy populated in 0.0214 seconds. Added 2572 classes and 603 folders.
[2018.12.03-19.11.18:963][  0]LogContentBrowser: Native class hierarchy updated for 'WidgetCarousel' in 0.0003 seconds. Added 0 classes and 0 folders.
[2018.12.03-19.11.20:630][  0]LogContentBrowser: Native class hierarchy updated for 'AddContentDialog' in 0.0003 seconds. Added 0 classes and 0 folders.
[2018.12.03-19.11.20:689][  0]LogContentBrowser: Native class hierarchy updated for 'SceneOutliner' in 0.0002 seconds. Added 1 classes and 2 folders.
[2018.12.03-19.11.20:754][  0]LogSlate: Took 0.016886 seconds to synchronously load lazily loaded font '../../../Engine/Content/Slate/Fonts/Roboto-Regular.ttf' (155K)
[2018.12.03-19.11.20:797][  0]LogSlate: Took 0.041919 seconds to synchronously load lazily loaded font '../../../Engine/Content/Slate/Fonts/Roboto-Bold.ttf' (160K)
[2018.12.03-19.11.20:814][  0]LogSlate: Took 0.011626 seconds to synchronously load lazily loaded font '../../../Engine/Content/Editor/Slate/Fonts/FontAwesome.ttf' (139K)
[2018.12.03-19.11.21:388][  0]LogRenderer: Reallocating scene render targets to support 1616x812 Format 10 NumSamples 1 (Frame:1).
[2018.12.03-19.11.21:837][  0]LogContentBrowser: Native class hierarchy updated for 'HierarchicalLODOutliner' in 0.0003 seconds. Added 0 classes and 0 folders.
[2018.12.03-19.11.21:837][  0]LogLoad: (Engine Initialization) Total time: 95.64 seconds
[2018.12.03-19.11.21:837][  0]LogLoad: (Engine Initialization) Total Blueprint compile time: 0.00 seconds
[2018.12.03-19.11.21:977][  0]LogContentStreaming: Texture pool size now 1000 MB
[2018.12.03-19.11.22:306][  1]LogFileCache: Retrieving MD5 hashes for directory 'C:/Github/CRANE/FlaminGo/Content/' took 0.45s
[2018.12.03-19.11.22:341][  2]LogAssetRegistry: Asset discovery search completed in 66.8295 seconds
[2018.12.03-19.11.22:342][  2]LogCollectionManager: Rebuilt the object cache for 0 collections in 0.000000 seconds (found 0 objects)
[2018.12.03-19.11.22:342][  2]LogCollectionManager: Fixed up redirectors for 0 collections in 0.000051 seconds (updated 0 objects)
[2018.12.03-19.11.22:938][ 48]LogSlate: Took 0.055842 seconds to synchronously load lazily loaded font '../../../Engine/Content/Slate/Fonts/Roboto-Light.ttf' (167K)
[2018.12.03-19.11.28:266][635]LogSlate: FSceneViewport::OnFocusLost() reason 2
[2018.12.03-19.18.05:030][467]LogSlate: FSceneViewport::OnFocusLost() reason 2
[2018.12.04-01.49.29:321][740]LogD3D11RHI: Timed out while waiting for GPU to catch up. (500 ms)
[2018.12.04-01.49.37:488][741]LogHttp: Warning: 000000D6D60ECCC0: request failed, libcurl error: 6 (Couldn't resolve host name)
[2018.12.04-01.49.37:497][741]LogHttp: Warning: 000000D6D60ECCC0: libcurl info message cache 0 (Connection 176 seems to be dead!)
[2018.12.04-01.49.37:497][741]LogHttp: Warning: 000000D6D60ECCC0: libcurl info message cache 1 (Closing connection 176)
[2018.12.04-01.49.37:497][741]LogHttp: Warning: 000000D6D60ECCC0: libcurl info message cache 2 (TLSv1.2 (OUT), TLS alert, Client hello (1):)
[2018.12.04-01.49.37:497][741]LogHttp: Warning: 000000D6D60ECCC0: libcurl info message cache 3 (Could not resolve host: datarouter.ol.epicgames.com)
[2018.12.04-01.49.37:497][741]LogHttp: Warning: 000000D6D60ECCC0: libcurl info message cache 4 (Closing connection 177)
[2018.12.04-01.51.49:178][131]LogSlate: FSceneViewport::OnFocusLost() reason 2
[2018.12.04-01.51.52:625][212]LogSlate: FSceneViewport::OnFocusLost() reason 0
[2018.12.04-01.52.46:885][490]LogMaterial: Display: Missing cached shader map for material aiStandardSurface2, compiling. 
[2018.12.04-01.52.49:462][490]LogShaderCompilers: Display: Shaders left to compile 60
[2018.12.04-01.52.49:462][490]LogShaderCompilers: Display: Shaders left to compile 50
[2018.12.04-01.52.49:462][490]LogShaderCompilers: Display: Shaders left to compile 40
[2018.12.04-01.52.49:462][490]LogMaterial: Display: Missing cached shader map for material aiStandardSurface3, compiling. 
[2018.12.04-01.52.56:912][490]LogShaderCompilers: Display: Shaders left to compile 90
[2018.12.04-01.52.57:092][490]LogSlate: Window 'Delete Assets' being destroyed
[2018.12.04-01.52.57:706][490]LogShaderCompilers: Display: Shaders left to compile 80
[2018.12.04-01.52.57:819][490]LogShaderCompilers: Display: Shaders left to compile 70
[2018.12.04-01.52.59:739][562]LogShaderCompilers: Display: Shaders left to compile 60
[2018.12.04-01.53.00:158][580]LogShaderCompilers: Display: Shaders left to compile 50
[2018.12.04-01.53.01:553][680]LogShaderCompilers: Display: Shaders left to compile 40
[2018.12.04-01.53.01:970][683]LogShaderCompilers: Display: Shaders left to compile 30
[2018.12.04-01.53.04:442][869]LogShaderCompilers: Display: Shaders left to compile 20
[2018.12.04-01.53.04:442][869]LogShaderCompilers: Display: Shaders left to compile 10
[2018.12.04-01.53.05:729][869]LogSlate: Window 'Delete Assets' being destroyed
[2018.12.04-01.56.24:478][747]LogSlate: Window 'Delete Assets' being destroyed
[2018.12.04-01.58.26:803][211]LogStaticMesh: Building static mesh Obstacle...
[2018.12.04-01.58.27:028][211]LogStaticMesh: Built static mesh [0.28s] /Game/RunnerFiles/Meshes/Obstacle.Obstacle
[2018.12.04-01.58.31:070][211]LogSlate: Window 'Delete Assets' being destroyed
[2018.12.04-02.00.35:797][919]LogFactory: FactoryCreateFile: StaticMesh with FbxFactory (0 0 ../../../../../../Users/James/Documents/Mobile Game Objects + Textures/Flamingo/Flamingo/Flamingo Final .fbx)
[2018.12.04-02.00.37:346][919]LogFbx: Loading FBX Scene from ../../../../../../Users/James/Documents/Mobile Game Objects + Textures/Flamingo/Flamingo/Flamingo Final .fbx
[2018.12.04-02.00.37:797][919]LogFbx: FBX Scene Loaded Succesfully
[2018.12.04-02.00.45:335][919]LogSlate: Window 'FBX Import Options' being destroyed
[2018.12.04-02.00.45:808][919]LogFbx: =================================================
[2018.12.04-02.00.45:808][919]LogFbx: Dumping Node START [polySurface6] 
[2018.12.04-02.00.45:808][919]LogFbx: 	Total Deformer Count -300901760.
[2018.12.04-02.00.45:808][919]LogFbx: 		[Node 1]  (Type Skin).
[2018.12.04-02.00.45:808][919]LogFbx: =================================================
[2018.12.04-02.00.45:808][919]LogFbx: 	Attribute () Type (4).
[2018.12.04-02.00.45:808][919]LogFbx: 		[Node Attribute Child 1] polySurface6 (Type Mesh).
[2018.12.04-02.00.45:808][919]LogFbx: Dumping Node END [polySurface6]
[2018.12.04-02.00.45:809][919]LogFbx: =================================================
[2018.12.04-02.00.45:809][919]LogFbx: Dumping Node START [polySurface6] 
[2018.12.04-02.00.45:809][919]LogFbx: 	Total Deformer Count -300901760.
[2018.12.04-02.00.45:809][919]LogFbx: 		[Node 1]  (Type Skin).
[2018.12.04-02.00.45:809][919]LogFbx: =================================================
[2018.12.04-02.00.45:809][919]LogFbx: 	Attribute () Type (4).
[2018.12.04-02.00.45:809][919]LogFbx: 		[Node Attribute Child 1] polySurface6 (Type Mesh).
[2018.12.04-02.00.45:809][919]LogFbx: Dumping Node END [polySurface6]
[2018.12.04-02.00.45:865][919]LogFbx: Valid bind pose for Pose (skinCluster1) - polySurface6
[2018.12.04-02.00.51:548][919]LogMaterial: Warning: Material /Game/RunnerFiles/Meshes/NewFlamingo/lambert2.lambert2 needed to have new flag set bUsedWithSkeletalMesh !
[2018.12.04-02.00.51:607][919]LogMaterial: Display: Missing cached shader map for material lambert2, compiling. 
[2018.12.04-02.00.51:757][919]LogShaderCompilers: Display: Shaders left to compile 60
[2018.12.04-02.00.51:757][919]LogShaderCompilers: Display: Shaders left to compile 50
[2018.12.04-02.00.51:757][919]LogShaderCompilers: Display: Shaders left to compile 40
[2018.12.04-02.00.51:913][919]LogLinker: Can't find file '/Game/RunnerFiles/Meshes/NewFlamingo/main_flamingo'
[2018.12.04-02.00.51:934][919]LogLinker: Can't find file '/Game/RunnerFiles/Meshes/NewFlamingo/main_flamingo'
[2018.12.04-02.00.52:659][919]LogTexture: Display: Building textures: main_flamingo (AutoDXT, 2048X2048)
[2018.12.04-02.00.56:797][919]LogShaderCompilers: Display: Shaders left to compile 30
[2018.12.04-02.00.56:797][919]LogShaderCompilers: Display: Shaders left to compile 20
[2018.12.04-02.00.56:797][919]LogShaderCompilers: Display: Shaders left to compile 10
[2018.12.04-02.00.57:105][919]LogLinker: Can't find file '/Game/RunnerFiles/Meshes/NewFlamingo/normal_flamingo'
[2018.12.04-02.00.57:105][919]LogLinker: Can't find file '/Game/RunnerFiles/Meshes/NewFlamingo/normal_flamingo'
[2018.12.04-02.00.57:326][919]LogTexture: Display: Building textures: normal_flamingo (BC5, 2048X2048)
[2018.12.04-02.00.58:316][919]LogMaterial: Display: Missing cached shader map for material lambert2, compiling. 
[2018.12.04-02.00.58:386][919]LogShaderCompilers: Display: Shaders left to compile 60
[2018.12.04-02.00.58:386][919]LogShaderCompilers: Display: Shaders left to compile 50
[2018.12.04-02.00.58:387][919]LogFbx: Triangulating skeletal mesh polySurface6
[2018.12.04-02.00.58:802][919]LogShaderCompilers: Display: Shaders left to compile 40
[2018.12.04-02.00.58:803][919]LogFbx: Warning: Bones digested - 16  Depth of hierarchy - 8
[2018.12.04-02.00.59:423][919]LogSkeletalMesh: Section 0: 10766 vertices, 16 active bones
[2018.12.04-02.00.59:425][919]LogSkeletalMesh: Section 0: Material=0, 19260 triangles
[2018.12.04-02.00.59:507][919]LogSkeletalMesh: Building Skeletal Mesh Flamingo_Final_...
[2018.12.04-02.01.00:755][919]LogShaderCompilers: Display: Shaders left to compile 30
[2018.12.04-02.01.00:755][919]LogSkeletalMesh: Built Skeletal Mesh [1.31s] /Game/RunnerFiles/Meshes/NewFlamingo/Flamingo_Final_.Flamingo_Final_
[2018.12.04-02.01.00:785][919]LogLinker: Can't find file '/Game/RunnerFiles/Meshes/NewFlamingo/Flamingo_Final__Skeleton'
[2018.12.04-02.01.00:786][919]LogLinker: Can't find file '/Game/RunnerFiles/Meshes/NewFlamingo/Flamingo_Final__Skeleton'
[2018.12.04-02.01.00:835][919]LogLinker: Can't find file '/Game/RunnerFiles/Meshes/NewFlamingo/Flamingo_Final__PhysicsAsset'
[2018.12.04-02.01.00:835][919]LogLinker: Can't find file '/Game/RunnerFiles/Meshes/NewFlamingo/Flamingo_Final__PhysicsAsset'
[2018.12.04-02.01.01:448][919]LogShaderCompilers: Display: Shaders left to compile 20
[2018.12.04-02.01.01:448][919]LogShaderCompilers: Display: Shaders left to compile 10
[2018.12.04-02.01.01:487][919]LogSkeletalMesh: USkeletalMeshComponent::InitArticulated : Could not find root physics body: '/Engine/Transient.World_16:PersistentLevel.SkeletalMeshActor_0.SkeletalMeshComponent0'
[2018.12.04-02.01.02:173][919]LogSkeletalMesh: Building Skeletal Mesh Flamingo_Final_...
[2018.12.04-02.01.03:435][919]LogSkeletalMesh: Built Skeletal Mesh [1.28s] /Game/RunnerFiles/Meshes/NewFlamingo/Flamingo_Final_.Flamingo_Final_
[2018.12.04-02.01.03:780][919]FBXImport: Warning: No smoothing group information was found in this FBX scene.  Please make sure to enable the 'Export Smoothing Groups' option in the FBX Exporter plug-in before exporting the file.  Even for tools that don't support smoothing groups, the FBX Exporter will generate appropriate smoothing data at export-time so that correct vertex normals can be inferred while importing. 
[2018.12.04-02.01.04:001][919]LogSkeletalMesh: Building Skeletal Mesh Flamingo_Final_...
[2018.12.04-02.01.05:263][919]LogSkeletalMesh: Built Skeletal Mesh [1.34s] /Game/RunnerFiles/Meshes/NewFlamingo/Flamingo_Final_.Flamingo_Final_
[2018.12.04-02.01.10:365][353]LogSlate: Window 'Message Log' being destroyed
[2018.12.04-02.01.10:369][353]LogSlate: Window 'Message Log' being destroyed
[2018.12.04-02.01.13:459][658]LogAssetEditorManager: Opening Asset editor for SkeletalMesh /Game/RunnerFiles/Meshes/NewFlamingo/Flamingo_Final_.Flamingo_Final_
[2018.12.04-02.01.14:458][658]LogContentBrowser: Native class hierarchy updated for 'SkeletonEditor' in 0.1049 seconds. Added 1 classes and 2 folders.
[2018.12.04-02.01.16:991][658]LogActorComponent: RegisterComponentWithWorld: (/Engine/Transient.World_20:PersistentLevel.AnimationEditorPreviewActor_0.DebugSkelMeshComponent_0) Already registered. Aborting.
[2018.12.04-02.01.17:158][658]LogContentBrowser: Native class hierarchy updated for 'PinnedCommandList' in 0.0822 seconds. Added 1 classes and 0 folders.
[2018.12.04-02.01.19:289][658]LogSkeletalMesh: USkeletalMeshComponent::InitArticulated : Bodies already created (/Engine/Transient.World_20:PersistentLevel.AnimationEditorPreviewActor_0.DebugSkelMeshComponent_0) - call TermArticulated first.
[2018.12.04-02.01.25:698][658]LogSlate: Took 0.031982 seconds to synchronously load lazily loaded font '../../../Engine/Content/Slate/Fonts/Roboto-Italic.ttf' (157K)
[2018.12.04-02.01.26:239][658]LogContentBrowser: Native class hierarchy updated for 'ClothingSystemEditorInterface' in 0.0448 seconds. Added 1 classes and 0 folders.
[2018.12.04-02.01.27:278][659]LogFileHelpers: Editor autosave (incl. sublevels) for '/Game/ThirdPersonBP/Maps/FirstMap' took 0.173
[2018.12.04-02.01.27:362][659]OBJ SavePackage: Generating thumbnails for [1] asset(s) in package [/Game/RunnerFiles/Meshes/NewFlamingo/Flamingo_Final_] ([1] browsable assets)...
[2018.12.04-02.01.27:444][659]OBJ SavePackage:     Rendered thumbnail for [SkeletalMesh /Game/RunnerFiles/Meshes/NewFlamingo/Flamingo_Final_.Flamingo_Final_]
[2018.12.04-02.01.27:444][659]OBJ SavePackage: Finished generating thumbnails for package [/Game/RunnerFiles/Meshes/NewFlamingo/Flamingo_Final_]
[2018.12.04-02.01.27:891][659]LogSavePackage: Moving '../../../../../../Github/CRANE/FlaminGo/Saved/Flamingo_Final__Auto132B64C24412F75A6AA327BABAF5FCB62.tmp' to '../../../../../../Github/CRANE/FlaminGo/Saved/Autosaves/Game/RunnerFiles/Meshes/NewFlamingo/Flamingo_Final__Auto1.uasset'
[2018.12.04-02.01.27:894][659]OBJ SavePackage: Generating thumbnails for [1] asset(s) in package [/Game/RunnerFiles/Meshes/NewFlamingo/lambert2] ([1] browsable assets)...
[2018.12.04-02.01.27:927][659]OBJ SavePackage:     Rendered thumbnail for [Material /Game/RunnerFiles/Meshes/NewFlamingo/lambert2.lambert2]
[2018.12.04-02.01.27:927][659]OBJ SavePackage: Finished generating thumbnails for package [/Game/RunnerFiles/Meshes/NewFlamingo/lambert2]
[2018.12.04-02.01.28:258][659]LogSavePackage: Moving '../../../../../../Github/CRANE/FlaminGo/Saved/lambert2_Auto12AA7F355419874E2EEB0E1A28D9172E8.tmp' to '../../../../../../Github/CRANE/FlaminGo/Saved/Autosaves/Game/RunnerFiles/Meshes/NewFlamingo/lambert2_Auto1.uasset'
[2018.12.04-02.01.28:259][659]OBJ SavePackage: Generating thumbnails for [1] asset(s) in package [/Game/RunnerFiles/Meshes/NewFlamingo/main_flamingo] ([1] browsable assets)...
[2018.12.04-02.01.28:439][659]OBJ SavePackage:     Rendered thumbnail for [Texture2D /Game/RunnerFiles/Meshes/NewFlamingo/main_flamingo.main_flamingo]
[2018.12.04-02.01.28:439][659]OBJ SavePackage: Finished generating thumbnails for package [/Game/RunnerFiles/Meshes/NewFlamingo/main_flamingo]
[2018.12.04-02.01.28:529][659]LogSavePackage: Moving '../../../../../../Github/CRANE/FlaminGo/Saved/main_flamingo_Auto1DCEE03CA4BC001A688632EB2800AAE35.tmp' to '../../../../../../Github/CRANE/FlaminGo/Saved/Autosaves/Game/RunnerFiles/Meshes/NewFlamingo/main_flamingo_Auto1.uasset'
[2018.12.04-02.01.28:531][659]OBJ SavePackage: Generating thumbnails for [1] asset(s) in package [/Game/RunnerFiles/Meshes/NewFlamingo/normal_flamingo] ([1] browsable assets)...
[2018.12.04-02.01.28:543][659]OBJ SavePackage:     Rendered thumbnail for [Texture2D /Game/RunnerFiles/Meshes/NewFlamingo/normal_flamingo.normal_flamingo]
[2018.12.04-02.01.28:543][659]OBJ SavePackage: Finished generating thumbnails for package [/Game/RunnerFiles/Meshes/NewFlamingo/normal_flamingo]
[2018.12.04-02.01.28:565][659]LogSavePackage: Moving '../../../../../../Github/CRANE/FlaminGo/Saved/normal_flamingo_Auto1F5FB704345AAE167A7CDECA1DEAA5B6C.tmp' to '../../../../../../Github/CRANE/FlaminGo/Saved/Autosaves/Game/RunnerFiles/Meshes/NewFlamingo/normal_flamingo_Auto1.uasset'
[2018.12.04-02.01.28:566][659]OBJ SavePackage: Generating thumbnails for [0] asset(s) in package [/Game/RunnerFiles/Meshes/NewFlamingo/Flamingo_Final__Skeleton] ([1] browsable assets)...
[2018.12.04-02.01.28:566][659]OBJ SavePackage: Finished generating thumbnails for package [/Game/RunnerFiles/Meshes/NewFlamingo/Flamingo_Final__Skeleton]
[2018.12.04-02.01.28:568][659]LogSavePackage: Moving '../../../../../../Github/CRANE/FlaminGo/Saved/Flamingo_Final__Skeleton_Auto1DF13A98D424DE73277097AB86941D0C5.tmp' to '../../../../../../Github/CRANE/FlaminGo/Saved/Autosaves/Game/RunnerFiles/Meshes/NewFlamingo/Flamingo_Final__Skeleton_Auto1.uasset'
[2018.12.04-02.01.28:569][659]OBJ SavePackage: Generating thumbnails for [1] asset(s) in package [/Game/RunnerFiles/Meshes/NewFlamingo/Flamingo_Final__PhysicsAsset] ([1] browsable assets)...
[2018.12.04-02.01.28:582][659]OBJ SavePackage:     Rendered thumbnail for [PhysicsAsset /Game/RunnerFiles/Meshes/NewFlamingo/Flamingo_Final__PhysicsAsset.Flamingo_Final__PhysicsAsset]
[2018.12.04-02.01.28:613][659]OBJ SavePackage: Finished generating thumbnails for package [/Game/RunnerFiles/Meshes/NewFlamingo/Flamingo_Final__PhysicsAsset]
[2018.12.04-02.01.28:626][659]LogSavePackage: Moving '../../../../../../Github/CRANE/FlaminGo/Saved/Flamingo_Final__PhysicsAsset_AutEDD2BC1340D1D0267581428EF7A76FA3.tmp' to '../../../../../../Github/CRANE/FlaminGo/Saved/Autosaves/Game/RunnerFiles/Meshes/NewFlamingo/Flamingo_Final__PhysicsAsset_Auto1.uasset'
[2018.12.04-02.01.28:627][659]LogFileHelpers: Auto-saving content packages took 1.348
[2018.12.04-02.01.43:398][240]LogSlate: FSceneViewport::OnFocusLost() reason 0
[2018.12.04-02.01.46:470][554]Cmd: OBJ SAVEPACKAGE PACKAGE="/Game/RunnerFiles/Meshes/NewFlamingo/Flamingo_Final_" FILE="../../../../../../Github/CRANE/FlaminGo/Content/RunnerFiles/Meshes/NewFlamingo/Flamingo_Final_.uasset" SILENT=true
[2018.12.04-02.01.46:537][554]LogSavePackage: Moving '../../../../../../Github/CRANE/FlaminGo/Saved/Flamingo_Final_23433AD748EA6FF84DB3EC9A354D6B2A.tmp' to '../../../../../../Github/CRANE/FlaminGo/Content/RunnerFiles/Meshes/NewFlamingo/Flamingo_Final_.uasset'
[2018.12.04-02.01.46:546][554]Cmd: OBJ SAVEPACKAGE PACKAGE="/Game/RunnerFiles/Meshes/NewFlamingo/lambert2" FILE="../../../../../../Github/CRANE/FlaminGo/Content/RunnerFiles/Meshes/NewFlamingo/lambert2.uasset" SILENT=true
[2018.12.04-02.01.46:550][554]LogSavePackage: Moving '../../../../../../Github/CRANE/FlaminGo/Saved/lambert284F704C347850696A0CD92B63295E920.tmp' to '../../../../../../Github/CRANE/FlaminGo/Content/RunnerFiles/Meshes/NewFlamingo/lambert2.uasset'
[2018.12.04-02.01.46:558][554]Cmd: OBJ SAVEPACKAGE PACKAGE="/Game/RunnerFiles/Meshes/NewFlamingo/main_flamingo" FILE="../../../../../../Github/CRANE/FlaminGo/Content/RunnerFiles/Meshes/NewFlamingo/main_flamingo.uasset" SILENT=true
[2018.12.04-02.01.47:106][554]LogSavePackage: Moving '../../../../../../Github/CRANE/FlaminGo/Saved/main_flamingo2F2BBCCF4B6D693F04F0DD850A9D4068.tmp' to '../../../../../../Github/CRANE/FlaminGo/Content/RunnerFiles/Meshes/NewFlamingo/main_flamingo.uasset'
[2018.12.04-02.01.47:112][554]Cmd: OBJ SAVEPACKAGE PACKAGE="/Game/RunnerFiles/Meshes/NewFlamingo/normal_flamingo" FILE="../../../../../../Github/CRANE/FlaminGo/Content/RunnerFiles/Meshes/NewFlamingo/normal_flamingo.uasset" SILENT=true
[2018.12.04-02.01.47:507][554]LogSavePackage: Moving '../../../../../../Github/CRANE/FlaminGo/Saved/normal_flamingoACAFBE03476319C751F689AD44DB3640.tmp' to '../../../../../../Github/CRANE/FlaminGo/Content/RunnerFiles/Meshes/NewFlamingo/normal_flamingo.uasset'
[2018.12.04-02.01.47:515][554]LogSavePackage: Moving '../../../../../../Github/CRANE/FlaminGo/Saved/Flamingo_Final__SkeletonC0A25EC14AB5DD2F165E9CA46831389C.tmp' to '../../../../../../Github/CRANE/FlaminGo/Content/RunnerFiles/Meshes/NewFlamingo/Flamingo_Final__Skeleton.uasset'
[2018.12.04-02.01.47:528][554]LogSavePackage: Moving '../../../../../../Github/CRANE/FlaminGo/Saved/Flamingo_Final__PhysicsAssetE76000AE40B2CDE9FB23368C4876A481.tmp' to '../../../../../../Github/CRANE/FlaminGo/Content/RunnerFiles/Meshes/NewFlamingo/Flamingo_Final__PhysicsAsset.uasset'
[2018.12.04-02.04.54:420][  5]LogSlate: Window 'Delete Assets' being destroyed
[2018.12.04-02.05.11:713][898]LogStaticMesh: Building static mesh Floor_400x400...
[2018.12.04-02.05.11:713][898]LogSlate: Prevented a slow task dialog from being summoned while a context menu was open
[2018.12.04-02.05.11:714][898]LogStaticMesh: Built static mesh [0.02s] /Game/MobileStarterContent/Architecture/Floor_400x400.Floor_400x400
[2018.12.04-02.05.15:653][898]LogSlate: Window 'Delete Assets' being destroyed
[2018.12.04-02.06.21:005][520]LogSlate: Window 'Delete Assets' being destroyed
[2018.12.04-02.06.35:974][576]LogSlate: Window 'Delete Assets' being destroyed
[2018.12.04-02.07.10:522][738]LogSlate: Window 'Delete Assets' being destroyed
[2018.12.04-02.07.30:802][646]LogSlate: Window 'Delete Assets' being destroyed
[2018.12.04-02.07.35:601][813]LogSlate: Window 'Delete Assets' being destroyed
[2018.12.04-02.07.40:994][160]LogSlate: Window 'Delete Assets' being destroyed
[2018.12.04-02.07.45:662][307]LogSlate: Window 'Delete Assets' being destroyed
[2018.12.04-02.07.49:017][497]LogSlate: Window 'Delete Assets' being destroyed
[2018.12.04-02.07.52:562][719]LogSlate: Window 'Delete Assets' being destroyed
[2018.12.04-02.07.58:096][892]LogSlate: Window 'Delete Assets' being destroyed
[2018.12.04-02.08.01:969][ 44]LogSlate: Window 'Delete Assets' being destroyed
[2018.12.04-02.08.05:874][186]LogSlate: Window 'Delete Assets' being destroyed
[2018.12.04-02.08.08:487][314]LogSlate: Window 'Delete Assets' being destroyed
[2018.12.04-02.08.12:185][445]LogSlate: Window 'Delete Assets' being destroyed
[2018.12.04-02.08.14:702][550]LogSlate: Window 'Delete Assets' being destroyed
[2018.12.04-02.08.18:567][748]LogSlate: Window 'Delete Assets' being destroyed
[2018.12.04-02.08.21:898][962]LogSlate: Window 'Delete Assets' being destroyed
[2018.12.04-02.08.26:147][ 85]LogSlate: Window 'Delete Assets' being destroyed
[2018.12.04-02.08.30:244][193]LogSlate: Window 'Delete Assets' being destroyed
[2018.12.04-02.08.34:834][375]LogSlate: Window 'Delete Assets' being destroyed
[2018.12.04-02.08.37:829][542]LogSlate: Window 'Delete Assets' being destroyed
[2018.12.04-02.08.41:416][679]LogSlate: Window 'Delete Assets' being destroyed
[2018.12.04-02.08.43:950][781]LogSlate: Window 'Delete Assets' being destroyed
[2018.12.04-02.08.52:631][950]LogSlate: Window 'Delete Assets' being destroyed
[2018.12.04-02.08.56:972][147]LogSlate: Window 'Delete Assets' being destroyed
[2018.12.04-02.08.59:998][328]LogSlate: Window 'Delete Assets' being destroyed
[2018.12.04-02.09.08:484][  2]LogSlate: Window 'Delete Assets' being destroyed
[2018.12.04-02.09.11:298][172]LogSlate: Window 'Delete Assets' being destroyed
[2018.12.04-02.09.15:195][312]LogSlate: Window 'Delete Assets' being destroyed
[2018.12.04-02.09.19:680][562]LogSlate: Window 'Delete Assets' being destroyed
[2018.12.04-02.09.22:421][693]LogSlate: Window 'Delete Assets' being destroyed
[2018.12.04-02.09.27:448][ 61]LogSlate: Window 'Delete Assets' being destroyed
[2018.12.04-02.09.43:400][499]LogSlate: Window 'Delete Assets' being destroyed
[2018.12.04-02.10.32:899][379]LogSlate: Window 'Delete Assets' being destroyed
[2018.12.04-02.10.36:923][641]LogSlate: Window 'Delete Assets' being destroyed
[2018.12.04-02.10.41:205][920]LogSlate: Window 'Delete Assets' being destroyed
[2018.12.04-02.10.44:785][131]LogSlate: Window 'Delete Assets' being destroyed
[2018.12.04-02.10.47:145][259]LogSlate: Window 'Delete Assets' being destroyed
[2018.12.04-02.10.49:635][353]LogSlate: Window 'Delete Assets' being destroyed
[2018.12.04-02.10.52:907][494]LogSlate: Window 'Delete Assets' being destroyed
[2018.12.04-02.10.56:633][696]LogSlate: Window 'Delete Assets' being destroyed
[2018.12.04-02.11.00:942][869]LogSlate: Window 'Delete Assets' being destroyed
[2018.12.04-02.11.03:750][  7]LogSlate: Window 'Delete Assets' being destroyed
[2018.12.04-02.11.06:515][142]LogSlate: Window 'Delete Assets' being destroyed
[2018.12.04-02.11.10:061][330]LogSlate: Window 'Delete Assets' being destroyed
[2018.12.04-02.11.12:713][456]LogSlate: Window 'Delete Assets' being destroyed
[2018.12.04-02.11.14:910][563]LogSlate: Window 'Delete Assets' being destroyed
[2018.12.04-02.11.17:582][672]LogSlate: Window 'Delete Assets' being destroyed
[2018.12.04-02.11.19:639][776]LogSlate: Window 'Delete Assets' being destroyed
[2018.12.04-02.11.40:982][157]LogSlate: Window 'Delete Assets' being destroyed
[2018.12.04-02.11.44:994][451]LogSlate: Window 'Delete Assets' being destroyed
[2018.12.04-02.11.49:359][759]LogSlate: Window 'Delete Assets' being destroyed
[2018.12.04-02.11.52:238][912]LogSlate: Window 'Delete Assets' being destroyed
[2018.12.04-02.11.54:763][ 34]LogSlate: Window 'Delete Assets' being destroyed
[2018.12.04-02.11.57:287][146]LogSlate: Window 'Delete Assets' being destroyed
[2018.12.04-02.12.00:065][312]LogSlate: Window 'Delete Assets' being destroyed
[2018.12.04-02.12.03:496][554]LogSlate: Window 'Delete Assets' being destroyed
[2018.12.04-02.12.06:486][728]LogSlate: Window 'Delete Assets' being destroyed
[2018.12.04-02.17.03:937][744]LogSlate: Window 'Delete Assets' being destroyed
[2018.12.04-02.17.03:990][744]LogSlate: Window 'Flamingo_Final_' being destroyed
[2018.12.04-02.17.22:599][744]LogStaticMesh: Building static mesh SM_Statue...
[2018.12.04-02.17.22:631][744]LogStaticMesh: Built static mesh [0.07s] /Game/MobileStarterContent/Props/SM_Statue.SM_Statue
[2018.12.04-02.17.27:453][972]LogSlate: Window 'Delete Assets' being destroyed
[2018.12.04-02.17.32:132][319]LogSlate: Window 'Delete Assets' being destroyed
[2018.12.04-02.18.37:146][674]LogSlate: Window 'Delete Assets' being destroyed
[2018.12.04-02.18.59:066][250]LogAssetEditorManager: Opening Asset editor for Blueprint /Game/RunnerFiles/Blueprints/Bomb.Bomb
[2018.12.04-02.19.05:914][250]LogContentBrowser: Native class hierarchy updated for 'BlueprintGraph' in 0.0423 seconds. Added 116 classes and 0 folders.
[2018.12.04-02.19.25:005][250]LogSlate: Took 0.021990 seconds to synchronously load lazily loaded font '../../../Engine/Content/Slate/Fonts/Roboto-BoldCondensed.ttf' (158K)
[2018.12.04-02.19.38:250][ 65]BlueprintLog: New page: Compile Bomb
[2018.12.04-02.19.39:530][ 94]Cmd: OBJ SAVEPACKAGE PACKAGE="/Game/RunnerFiles/Blueprints/Bomb" FILE="../../../../../../Github/CRANE/FlaminGo/Content/RunnerFiles/Blueprints/Bomb.uasset" SILENT=true
[2018.12.04-02.19.40:146][ 94]LogSavePackage: Moving '../../../../../../Github/CRANE/FlaminGo/Saved/Bomb74F5AC394B2DE6C94A3856BDAD43D475.tmp' to '../../../../../../Github/CRANE/FlaminGo/Content/RunnerFiles/Blueprints/Bomb.uasset'
[2018.12.04-02.19.41:970][222]LogAssetEditorManager: Opening Asset editor for Blueprint /Game/RunnerFiles/Blueprints/TNTObstacle.TNTObstacle
[2018.12.04-02.19.45:810][563]LogSlate: Window 'TNTObstacle' being destroyed
[2018.12.04-02.19.45:813][563]LogSlate: Window 'TNTObstacle' being destroyed
[2018.12.04-02.19.45:915][563]LogActorComponent: UnregisterComponent: (/Engine/Transient.EditorFloorComp) Not registered. Aborting.
[2018.12.04-02.19.57:829][735]LogSlate: Window 'Delete Assets' being destroyed
[2018.12.04-02.20.10:121][930]LogSlate: Window 'Delete Assets' being destroyed
[2018.12.04-02.20.43:621][706]LogSlate: Window 'Delete Assets' being destroyed
[2018.12.04-02.20.48:299][998]LogSlate: Window 'Delete Assets' being destroyed
[2018.12.04-02.20.51:038][ 89]LogSlate: Window 'Delete Assets' being destroyed
[2018.12.04-02.20.59:746][470]LogSlate: Window 'Delete Assets' being destroyed
[2018.12.04-02.21.04:487][725]LogSlate: Window 'Delete Assets' being destroyed
[2018.12.04-02.21.40:790][574]LogSlate: Window 'Delete Assets' being destroyed
[2018.12.04-02.21.45:797][979]LogSlate: Window 'Delete Assets' being destroyed
[2018.12.04-02.21.55:656][595]LogSlate: Window 'Delete Assets' being destroyed
[2018.12.04-02.22.23:116][199]LogSlate: Window 'Delete Assets' being destroyed
[2018.12.04-02.22.26:638][411]LogSlate: Window 'Delete Assets' being destroyed
[2018.12.04-02.22.53:604][755]LogSlate: Window 'Delete Assets' being destroyed
[2018.12.04-02.23.20:106][568]LogSlate: Window 'Delete Assets' being destroyed
[2018.12.04-02.23.28:443][317]LogSlate: Window 'Delete Assets' being destroyed
[2018.12.04-02.23.42:685][284]LogSlate: Window 'Delete Assets' being destroyed
[2018.12.04-02.23.46:880][601]LogSlate: Window 'Delete Assets' being destroyed
[2018.12.04-02.23.53:788][105]LogSlate: Window 'Delete Assets' being destroyed
[2018.12.04-02.25.29:315][220]LogAssetEditorManager: Opening Asset editor for ParticleSystem /Game/MobileStarterContent/Particles/P_Explosion.P_Explosion
[2018.12.04-02.25.29:896][220]LogContentBrowser: Native class hierarchy updated for 'Cascade' in 0.0005 seconds. Added 2 classes and 2 folders.
[2018.12.04-02.29.15:506][617]LogSlate: Only BGRA pngs, bmps or icos are supported in by External Image Picker
[2018.12.04-02.29.18:601][690]LogTemp: Executing iPhonePackager certificates Engine -bundlename com.YourCompany.FlaminGo
[2018.12.04-02.29.18:644][690]LogTemp: CWD: C:\Program Files\Epic Games\UE_4.20\Engine\Binaries\DotNET\IOS
[2018.12.04-02.29.18:645][690]LogTemp: Initial Dir: C:\Program Files\Epic Games\UE_4.20
[2018.12.04-02.29.18:645][690]LogTemp: Env CWD: C:\Program Files\Epic Games\UE_4.20\Engine\Binaries\DotNET\IOS
[2018.12.04-02.29.18:759][692]LogTemp: BranchPath = ROX/C/Program Files/Epic Games/UE_4.20/Engine/Binaries --- GameBranchPath = ROX/C/Program Files/Epic Games/UE_4.20/Engine/Binaries
[2018.12.04-02.29.19:516][711]LogTemp: IPP ERROR: Could not find provision directory 'C:\Users\James\AppData\Local/Apple Computer/MobileDevice/Provisioning Profiles/'.
[2018.12.04-02.38.59:184][597]Cmd: CLOSE_SLATE_MAINFRAME
[2018.12.04-02.38.59:611][597]LogSlate: Window 'P_Explosion' being destroyed
[2018.12.04-02.38.59:615][597]LogCascade: Quitting Cascade. FXSystem=0x000000D78F927C40
[2018.12.04-02.38.59:776][597]LogSlate: Window 'Project Settings' being destroyed
[2018.12.04-02.38.59:890][597]LogSlate: Window 'FlaminGo - Unreal Editor' being destroyed
[2018.12.04-02.39.01:986][598]Cmd: QUIT_EDITOR
[2018.12.04-02.39.05:303][598]LogWindowsTextInputMethodSystem: Display: IME system now deactivated.
[2018.12.04-02.39.05:738][598]LogExit: Preparing to exit.
[2018.12.04-02.39.20:775][598]LogExit: Editor shut down
[2018.12.04-02.39.21:082][598]LogExit: Transaction tracking system shut down
[2018.12.04-02.39.56:814][598]LogExit: Object subsystem successfully closed.
[2018.12.04-02.40.00:513][598]LogShaderCompilers: Display: Shaders left to compile 0
[2018.12.04-02.40.05:044][598]LogD3D11RHI: Shutdown
[2018.12.04-02.40.05:044][598]LogD3D11RHI: CleanupD3DDevice
[2018.12.04-02.40.05:520][598]LogD3D11RHI: ~FD3D11DynamicRHI
[2018.12.04-02.40.08:020][598]LogModuleManager: Shutting down and abandoning module ExternalImagePicker (626)
[2018.12.04-02.40.08:020][598]LogModuleManager: Shutting down and abandoning module DistCurveEditor (624)
[2018.12.04-02.40.08:020][598]LogModuleManager: Shutting down and abandoning module Cascade (622)
[2018.12.04-02.40.08:020][598]LogModuleManager: Shutting down and abandoning module BlueprintGraph (620)
[2018.12.04-02.40.08:020][598]LogModuleManager: Shutting down and abandoning module ClothingSystemEditorInterface (618)
[2018.12.04-02.40.08:020][598]LogModuleManager: Shutting down and abandoning module PinnedCommandList (616)
[2018.12.04-02.40.08:020][598]LogModuleManager: Shutting down and abandoning module SkeletonEditor (614)
[2018.12.04-02.40.08:020][598]LogModuleManager: Shutting down and abandoning module MeshBuilder (612)
[2018.12.04-02.40.08:020][598]LogModuleManager: Shutting down and abandoning module HierarchicalLODOutliner (610)
[2018.12.04-02.40.08:066][598]LogModuleManager: Shutting down and abandoning module SceneOutliner (608)
[2018.12.04-02.40.08:088][598]LogModuleManager: Shutting down and abandoning module AddContentDialog (606)
[2018.12.04-02.40.09:406][598]LogModuleManager: Shutting down and abandoning module WidgetCarousel (605)
[2018.12.04-02.40.09:406][598]LogModuleManager: Shutting down and abandoning module EditorWidgets (602)
[2018.12.04-02.40.09:406][598]LogModuleManager: Shutting down and abandoning module CollectionManager (600)
[2018.12.04-02.40.09:429][598]LogModuleManager: Shutting down and abandoning module StatsViewer (598)
[2018.12.04-02.40.09:460][598]LogModuleManager: Shutting down and abandoning module FoliageEdit (596)
[2018.12.04-02.40.09:460][598]LogModuleManager: Shutting down and abandoning module LandscapeEditor (594)
[2018.12.04-02.40.09:847][598]LogModuleManager: Shutting down and abandoning module MeshPaintMode (592)
[2018.12.04-02.40.09:872][598]LogModuleManager: Shutting down and abandoning module SceneDepthPickerMode (590)
[2018.12.04-02.40.09:872][598]LogModuleManager: Shutting down and abandoning module ActorPickerMode (588)
[2018.12.04-02.40.09:872][598]LogModuleManager: Shutting down and abandoning module GeometryMode (586)
[2018.12.04-02.40.09:901][598]LogModuleManager: Shutting down and abandoning module TextureAlignMode (584)
[2018.12.04-02.40.09:920][598]LogModuleManager: Shutting down and abandoning module BspMode (582)
[2018.12.04-02.40.09:920][598]LogModuleManager: Shutting down and abandoning module PIEPreviewDeviceProfileSelector (580)
[2018.12.04-02.40.09:935][598]LogModuleManager: Shutting down and abandoning module SequenceRecorderSections (578)
[2018.12.04-02.40.09:936][598]LogModuleManager: Shutting down and abandoning module AutomationWorker (576)
[2018.12.04-02.40.09:942][598]LogModuleManager: Shutting down and abandoning module AudioCaptureEditor (574)
[2018.12.04-02.40.09:942][598]LogModuleManager: Shutting down and abandoning module SequenceRecorder (573)
[2018.12.04-02.40.09:958][598]LogModuleManager: Shutting down and abandoning module MatineeToLevelSequence (570)
[2018.12.04-02.40.09:958][598]LogModuleManager: Shutting down and abandoning module LevelSequenceEditor (568)
[2018.12.04-02.40.10:070][598]LogModuleManager: Shutting down and abandoning module PlacementMode (567)
[2018.12.04-02.40.10:070][598]LogModuleManager: Shutting down and abandoning module MaterialEditor (566)
[2018.12.04-02.40.10:159][598]LogModuleManager: Shutting down and abandoning module WmfMediaFactory (562)
[2018.12.04-02.40.10:165][598]LogModuleManager: Shutting down and abandoning module WmfMediaEditor (560)
[2018.12.04-02.40.10:165][598]LogModuleManager: Shutting down and abandoning module MediaPlayerEditor (558)
[2018.12.04-02.40.10:191][598]LogModuleManager: Shutting down and abandoning module OpenExrWrapper (556)
[2018.12.04-02.40.10:191][598]LogModuleManager: Shutting down and abandoning module ImgMediaFactory (554)
[2018.12.04-02.40.10:191][598]LogModuleManager: Shutting down and abandoning module ImgMediaEditor (552)
[2018.12.04-02.40.10:191][598]LogModuleManager: Shutting down and abandoning module AvfMediaFactory (550)
[2018.12.04-02.40.10:191][598]LogModuleManager: Shutting down and abandoning module AvfMediaEditor (548)
[2018.12.04-02.40.10:191][598]LogModuleManager: Shutting down and abandoning module AndroidMediaFactory (546)
[2018.12.04-02.40.10:191][598]LogModuleManager: Shutting down and abandoning module AndroidMediaEditor (544)
[2018.12.04-02.40.10:191][598]LogModuleManager: Shutting down and abandoning module MagicLeapCameraPreviewFactory (542)
[2018.12.04-02.40.10:191][598]LogModuleManager: Shutting down and abandoning module MagicLeapMediaFactory (540)
[2018.12.04-02.40.10:192][598]LogModuleManager: Shutting down and abandoning module MagicLeapMediaEditor (538)
[2018.12.04-02.40.10:192][598]LogModuleManager: Shutting down and abandoning module CharacterAI (536)
[2018.12.04-02.40.10:224][598]LogModuleManager: Shutting down and abandoning module SmartSnapping (534)
[2018.12.04-02.40.10:224][598]LogModuleManager: Shutting down and abandoning module SessionServices (532)
[2018.12.04-02.40.10:224][598]LogModuleManager: Shutting down and abandoning module ViewportSnapping (530)
[2018.12.04-02.40.10:225][598]LogModuleManager: Shutting down and abandoning module ViewportInteraction (528)
[2018.12.04-02.40.10:248][598]LogModuleManager: Shutting down and abandoning module ClothPainter (526)
[2018.12.04-02.40.10:248][598]LogModuleManager: Shutting down and abandoning module SkeletalMeshEditor (525)
[2018.12.04-02.40.10:248][598]LogModuleManager: Shutting down and abandoning module LogVisualizer (522)
[2018.12.04-02.40.10:474][598]LogModuleManager: Shutting down and abandoning module IntroTutorials (520)
[2018.12.04-02.40.10:505][598]LogModuleManager: Shutting down and abandoning module GameProjectGeneration (519)
[2018.12.04-02.40.10:542][598]LogModuleManager: Shutting down and abandoning module LuminPlatformEditor (516)
[2018.12.04-02.40.10:542][598]LogModuleManager: Shutting down and abandoning module IOSPlatformEditor (514)
[2018.12.04-02.40.10:542][598]LogModuleManager: Shutting down and abandoning module HTML5PlatformEditor (512)
[2018.12.04-02.40.10:542][598]LogModuleManager: Shutting down and abandoning module AndroidPlatformEditor (510)
[2018.12.04-02.40.10:570][598]LogModuleManager: Shutting down and abandoning module AndroidDeviceDetection (509)
[2018.12.04-02.40.11:895][598]LogModuleManager: Shutting down and abandoning module WindowsPlatformEditor (506)
[2018.12.04-02.40.11:930][598]LogModuleManager: Shutting down and abandoning module LuminRuntimeSettings (504)
[2018.12.04-02.40.11:930][598]LogModuleManager: Shutting down and abandoning module IOSRuntimeSettings (502)
[2018.12.04-02.40.11:930][598]LogModuleManager: Shutting down and abandoning module AndroidRuntimeSettings (500)
[2018.12.04-02.40.11:930][598]LogModuleManager: Shutting down and abandoning module InputBindingEditor (498)
[2018.12.04-02.40.11:967][598]LogModuleManager: Shutting down and abandoning module MergeActors (496)
[2018.12.04-02.40.12:001][598]LogModuleManager: Shutting down and abandoning module LocalizationDashboard (494)
[2018.12.04-02.40.12:069][598]LogModuleManager: Shutting down and abandoning module LocalizationService (493)
[2018.12.04-02.40.12:080][598]LogModuleManager: Shutting down and abandoning module HardwareTargeting (490)
[2018.12.04-02.40.12:080][598]LogModuleManager: Shutting down and abandoning module DeviceProfileEditor (488)
[2018.12.04-02.40.12:147][598]LogModuleManager: Shutting down and abandoning module UndoHistory (486)
[2018.12.04-02.40.12:174][598]LogModuleManager: Shutting down and abandoning module XmlParser (484)
[2018.12.04-02.40.12:226][598]LogModuleManager: Shutting down and abandoning module Blutility (482)
[2018.12.04-02.40.12:238][598]LogModuleManager: Shutting down and abandoning module ProjectSettingsViewer (480)
[2018.12.04-02.40.12:238][598]LogModuleManager: Shutting down and abandoning module ProjectTargetPlatformEditor (479)
[2018.12.04-02.40.12:556][598]LogModuleManager: Shutting down and abandoning module EditorSettingsViewer (476)
[2018.12.04-02.40.12:578][598]LogModuleManager: Shutting down and abandoning module SettingsEditor (474)
[2018.12.04-02.40.12:578][598]LogModuleManager: Shutting down and abandoning module ProjectLauncher (472)
[2018.12.04-02.40.12:637][598]LogModuleManager: Shutting down and abandoning module SessionFrontend (470)
[2018.12.04-02.40.12:738][598]LogModuleManager: Shutting down and abandoning module ProfilerClient (468)
[2018.12.04-02.40.12:745][598]LogModuleManager: Shutting down and abandoning module DeviceManager (466)
[2018.12.04-02.40.12:749][598]LogModuleManager: Shutting down and abandoning module TargetDeviceServices (465)
[2018.12.04-02.40.12:794][598]LogModuleManager: Shutting down and abandoning module AutomationController (462)
[2018.12.04-02.40.12:813][598]LogModuleManager: Shutting down and abandoning module AutomationWindow (460)
[2018.12.04-02.40.12:889][598]LogModuleManager: Shutting down and abandoning module Layers (458)
[2018.12.04-02.40.13:045][598]LogModuleManager: Shutting down and abandoning module ComponentVisualizers (456)
[2018.12.04-02.40.13:045][598]LogModuleManager: Shutting down and abandoning module DetailCustomizations (454)
[2018.12.04-02.40.13:045][598]LogModuleManager: Shutting down and abandoning module PackagesDialog (452)
[2018.12.04-02.40.13:046][598]LogModuleManager: Shutting down and abandoning module Persona (450)
[2018.12.04-02.40.13:046][598]LogModuleManager: Shutting down and abandoning module AdvancedPreviewScene (449)
[2018.12.04-02.40.13:046][598]LogModuleManager: Shutting down and abandoning module AnimGraph (447)
[2018.12.04-02.40.13:046][598]LogModuleManager: Shutting down and abandoning module Kismet (444)
[2018.12.04-02.40.13:263][598]LogModuleManager: Shutting down and abandoning module GraphEditor (442)
[2018.12.04-02.40.13:300][598]LogModuleManager: Shutting down and abandoning module ClassViewer (440)
[2018.12.04-02.40.13:368][598]LogModuleManager: Shutting down and abandoning module Toolbox (438)
[2018.12.04-02.40.13:368][598]LogModuleManager: Shutting down and abandoning module ModuleUI (436)
[2018.12.04-02.40.13:397][598]LogModuleManager: Shutting down and abandoning module MovieSceneTools (434)
[2018.12.04-02.40.13:507][598]LogModuleManager: Shutting down and abandoning module OutputLog (432)
[2018.12.04-02.40.13:541][598]LogModuleManager: Shutting down and abandoning module GammaUI (430)
[2018.12.04-02.40.13:564][598]LogModuleManager: Shutting down and abandoning module Documentation (428)
[2018.12.04-02.40.13:564][598]LogModuleManager: Shutting down and abandoning module MovieSceneTracks (426)
[2018.12.04-02.40.13:564][598]LogModuleManager: Shutting down and abandoning module MovieScene (424)
[2018.12.04-02.40.13:564][598]LogModuleManager: Shutting down and abandoning module StreamingPauseRendering (422)
[2018.12.04-02.40.13:606][598]LogModuleManager: Shutting down and abandoning module LauncherPlatform (420)
[2018.12.04-02.40.13:606][598]LogModuleManager: Shutting down and abandoning module AnalyticsET (418)
[2018.12.04-02.40.13:606][598]LogModuleManager: Shutting down and abandoning module PortalServices (416)
[2018.12.04-02.40.13:606][598]LogModuleManager: Shutting down and abandoning module PortalRpc (414)
[2018.12.04-02.40.13:606][598]LogModuleManager: Shutting down and abandoning module MessagingRpc (412)
[2018.12.04-02.40.13:606][598]LogModuleManager: Shutting down and abandoning module AIModule (410)
[2018.12.04-02.40.13:619][598]LogModuleManager: Shutting down and abandoning module GameplayDebugger (409)
[2018.12.04-02.40.13:619][598]LogModuleManager: Shutting down and abandoning module AITestSuite (407)
[2018.12.04-02.40.13:622][598]LogModuleManager: Shutting down and abandoning module NavigationSystem (405)
[2018.12.04-02.40.13:622][598]LogModuleManager: Shutting down and abandoning module DesktopPlatform (402)
[2018.12.04-02.40.13:622][598]LogModuleManager: Shutting down and abandoning module ProfilerService (400)
[2018.12.04-02.40.14:028][598]LogModuleManager: Shutting down and abandoning module TaskGraph (398)
[2018.12.04-02.40.14:140][598]LogModuleManager: Shutting down and abandoning module SteamVRController (396)
[2018.12.04-02.40.14:140][598]LogModuleManager: Shutting down and abandoning module ProceduralMeshComponentEditor (394)
[2018.12.04-02.40.14:179][598]LogModuleManager: Shutting down and abandoning module ProceduralMeshComponent (392)
[2018.12.04-02.40.14:179][598]LogModuleManager: Shutting down and abandoning module OculusInput (390)
[2018.12.04-02.40.14:179][598]LogModuleManager: Shutting down and abandoning module MobilePatchingUtils (388)
[2018.12.04-02.40.14:179][598]LogModuleManager: Shutting down and abandoning module EditableMesh (386)
[2018.12.04-02.40.14:203][598]LogModuleManager: Shutting down and abandoning module CustomMeshComponent (384)
[2018.12.04-02.40.14:203][598]LogModuleManager: Shutting down and abandoning module CableComponent (382)
[2018.12.04-02.40.14:203][598]LogModuleManager: Shutting down and abandoning module AudioCapture (380)
[2018.12.04-02.40.14:203][598]LogModuleManager: Shutting down and abandoning module ArchVisCharacter (378)
[2018.12.04-02.40.14:203][598]LogModuleManager: Shutting down and abandoning module AndroidPermission (376)
[2018.12.04-02.40.14:203][598]LogModuleManager: Shutting down and abandoning module NUTUnrealEngine4 (374)
[2018.12.04-02.40.14:203][598]LogModuleManager: Shutting down and abandoning module NetcodeUnitTest (372)
[2018.12.04-02.40.14:287][598]LogModuleManager: Shutting down and abandoning module MediaCompositingEditor (370)
[2018.12.04-02.40.14:297][598]LogModuleManager: Shutting down and abandoning module MediaCompositing (368)
[2018.12.04-02.40.14:297][598]LogModuleManager: Shutting down and abandoning module LinearTimecode (366)
[2018.12.04-02.40.14:297][598]LogModuleManager: Shutting down and abandoning module ImgMedia (364)
[2018.12.04-02.40.14:555][598]LogModuleManager: Shutting down and abandoning module HTML5Networking (362)
[2018.12.04-02.40.14:555][598]LogModuleManager: Shutting down and abandoning module GeometryCacheTracks (360)
[2018.12.04-02.40.14:555][598]LogModuleManager: Shutting down and abandoning module GeometryCacheSequencer (358)
[2018.12.04-02.40.14:555][598]LogModuleManager: Shutting down and abandoning module BackChannel (356)
[2018.12.04-02.40.14:603][598]LogModuleManager: Shutting down and abandoning module AppleVision (354)
[2018.12.04-02.40.14:603][598]LogModuleManager: Shutting down and abandoning module AppleImageUtils (352)
[2018.12.04-02.40.14:603][598]LogModuleManager: Shutting down and abandoning module AlembicImporter (350)
[2018.12.04-02.40.14:603][598]LogModuleManager: Shutting down and abandoning module AlembicLibrary (349)
[2018.12.04-02.40.14:630][598]LogModuleManager: Shutting down and abandoning module GeometryCache (348)
[2018.12.04-02.40.14:630][598]LogModuleManager: Shutting down and abandoning module GeometryCacheEd (347)
[2018.12.04-02.40.14:630][598]LogModuleManager: Shutting down and abandoning module DatasmithContentEditor (342)
[2018.12.04-02.40.14:689][598]LogModuleManager: Shutting down and abandoning module DatasmithContent (340)
[2018.12.04-02.40.14:690][598]LogModuleManager: Shutting down and abandoning module SpeedTreeImporter (338)
[2018.12.04-02.40.14:690][598]LogModuleManager: Shutting down and abandoning module PluginBrowser (336)
[2018.12.04-02.40.14:771][598]LogModuleManager: Shutting down and abandoning module MobileLauncherProfileWizard (334)
[2018.12.04-02.40.14:803][598]LogModuleManager: Shutting down and abandoning module PolygonModeling (332)
[2018.12.04-02.40.14:803][598]LogModuleManager: Shutting down and abandoning module MeshEditor (330)
[2018.12.04-02.40.14:840][598]LogModuleManager: Shutting down and abandoning module CryptoKeysOpenSSL (328)
[2018.12.04-02.40.14:849][598]LogModuleManager: Shutting down and abandoning module CryptoKeys (326)
[2018.12.04-02.40.14:849][598]LogModuleManager: Shutting down and abandoning module VisualStudioSourceCodeAccess (324)
[2018.12.04-02.40.14:849][598]LogModuleManager: Shutting down and abandoning module VisualStudioCodeSourceCodeAccess (322)
[2018.12.04-02.40.14:871][598]LogModuleManager: Shutting down and abandoning module UObjectPlugin (320)
[2018.12.04-02.40.14:871][598]LogModuleManager: Shutting down and abandoning module SubversionSourceControl (318)
[2018.12.04-02.40.14:899][598]LogModuleManager: Shutting down and abandoning module PerforceSourceControl (316)
[2018.12.04-02.40.14:963][598]LogModuleManager: Shutting down and abandoning module GitSourceControl (314)
[2018.12.04-02.40.15:030][598]LogModuleManager: Shutting down and abandoning module SourceControl (313)
[2018.12.04-02.40.15:031][598]LogModuleManager: Shutting down and abandoning module CLionSourceCodeAccess (310)
[2018.12.04-02.40.15:089][598]LogModuleManager: Shutting down and abandoning module LightPropagationVolumeEditor (308)
[2018.12.04-02.40.15:089][598]LogModuleManager: Shutting down and abandoning module PaperTiledImporter (306)
[2018.12.04-02.40.15:089][598]LogModuleManager: Shutting down and abandoning module PaperSpriteSheetImporter (304)
[2018.12.04-02.40.15:089][598]LogModuleManager: Shutting down and abandoning module Paper2DEditor (302)
[2018.12.04-02.40.15:284][598]LogModuleManager: Shutting down and abandoning module MeshPaint (301)
[2018.12.04-02.40.15:314][598]LogModuleManager: Shutting down and abandoning module RuntimePhysXCooking (298)
[2018.12.04-02.40.15:315][598]LogModuleManager: Shutting down and abandoning module PhysXVehiclesEditor (296)
[2018.12.04-02.40.15:337][598]LogModuleManager: Shutting down and abandoning module PhysXVehicles (294)
[2018.12.04-02.40.15:337][598]LogModuleManager: Shutting down and abandoning module OculusEditor (292)
[2018.12.04-02.40.15:345][598]LogModuleManager: Shutting down and abandoning module LocationServicesBPLibrary (290)
[2018.12.04-02.40.15:345][598]LogModuleManager: Shutting down and abandoning module ImmediatePhysicsEditor (288)
[2018.12.04-02.40.15:345][598]LogModuleManager: Shutting down and abandoning module ImmediatePhysics (286)
[2018.12.04-02.40.15:345][598]LogModuleManager: Shutting down and abandoning module ActorSequence (284)
[2018.12.04-02.40.15:345][598]LogModuleManager: Shutting down and abandoning module UdpMessaging (282)
[2018.12.04-02.40.15:481][598]LogModuleManager: Shutting down and abandoning module TcpMessaging (280)
[2018.12.04-02.40.15:590][598]LogModuleManager: Shutting down and abandoning module MagicLeapAudio (278)
[2018.12.04-02.40.15:590][598]LogModuleManager: Shutting down and abandoning module GameplayTagsEditor (276)
[2018.12.04-02.40.15:590][598]LogModuleManager: Shutting down and abandoning module FacialAnimationEditor (274)
[2018.12.04-02.40.15:599][598]LogModuleManager: Shutting down and abandoning module FacialAnimation (272)
[2018.12.04-02.40.15:599][598]LogModuleManager: Shutting down and abandoning module DataValidation (270)
[2018.12.04-02.40.15:599][598]LogModuleManager: Shutting down and abandoning module AssetManagerEditor (268)
[2018.12.04-02.40.15:612][598]LogModuleManager: Shutting down and abandoning module LevelEditor (267)
[2018.12.04-02.40.16:063][598]LogModuleManager: Shutting down and abandoning module PixelInspectorModule (266)
[2018.12.04-02.40.16:141][598]LogModuleManager: Shutting down and abandoning module CommonMenuExtensions (264)
[2018.12.04-02.40.16:259][598]LogModuleManager: Shutting down and abandoning module MainFrame (262)
[2018.12.04-02.40.16:308][598]LogModuleManager: Shutting down and abandoning module HotReload (261)
[2018.12.04-02.40.16:343][598]LogModuleManager: Shutting down and abandoning module ContentBrowser (257)
[2018.12.04-02.40.16:786][598]LogModuleManager: Shutting down and abandoning module TreeMap (255)
[2018.12.04-02.40.16:813][598]LogModuleManager: Shutting down and abandoning module LightPropagationVolumeRuntime (252)
[2018.12.04-02.40.16:813][598]LogModuleManager: Shutting down and abandoning module AISupportModule (250)
[2018.12.04-02.40.16:832][598]LogModuleManager: Shutting down and abandoning module Paper2D (248)
[2018.12.04-02.40.16:832][598]LogModuleManager: Shutting down and abandoning module WindowsMoviePlayer (246)
[2018.12.04-02.40.16:862][598]LogModuleManager: Shutting down and abandoning module WmfMedia (244)
[2018.12.04-02.40.17:031][598]LogModuleManager: Shutting down and abandoning module Media (243)
[2018.12.04-02.40.17:061][598]LogModuleManager: Shutting down and abandoning module PacketHandler (240)
[2018.12.04-02.40.17:102][598]LogModuleManager: Shutting down and abandoning module ClothingSystemEditor (238)
[2018.12.04-02.40.17:102][598]LogModuleManager: Shutting down and abandoning module ClothingSystemRuntime (236)
[2018.12.04-02.40.17:199][598]LogModuleManager: Shutting down and abandoning module MediaAssets (234)
[2018.12.04-02.40.17:199][598]LogModuleManager: Shutting down and abandoning module Overlay (232)
[2018.12.04-02.40.17:199][598]LogModuleManager: Shutting down and abandoning module OverlayEditor (231)
[2018.12.04-02.40.17:199][598]LogModuleManager: Shutting down and abandoning module VREditor (228)
[2018.12.04-02.40.17:226][598]LogModuleManager: Shutting down and abandoning module StringTableEditor (226)
[2018.12.04-02.40.17:230][598]LogModuleManager: Shutting down and abandoning module GameplayTasksEditor (224)
[2018.12.04-02.40.17:230][598]LogModuleManager: Shutting down and abandoning module BehaviorTreeEditor (222)
[2018.12.04-02.40.17:253][598]LogModuleManager: Shutting down and abandoning module FunctionalTesting (220)
[2018.12.04-02.40.17:253][598]LogModuleManager: Shutting down and abandoning module CollisionAnalyzer (218)
[2018.12.04-02.40.17:341][598]LogModuleManager: Shutting down and abandoning module WorkspaceMenuStructure (217)
[2018.12.04-02.40.17:430][598]LogModuleManager: Shutting down and abandoning module UMG (214)
[2018.12.04-02.40.17:458][598]LogModuleManager: Shutting down and abandoning module UMGEditor (213)
[2018.12.04-02.40.17:477][598]LogModuleManager: Shutting down and abandoning module Sequencer (212)
[2018.12.04-02.40.17:727][598]LogModuleManager: Shutting down and abandoning module MessageLog (209)
[2018.12.04-02.40.17:727][598]LogModuleManager: Shutting down and abandoning module SlateReflector (204)
[2018.12.04-02.40.17:848][598]LogModuleManager: Shutting down and abandoning module Slate (202)
[2018.12.04-02.40.17:872][598]LogModuleManager: Shutting down and abandoning module EditorStyle (200)
[2018.12.04-02.40.19:296][598]LogModuleManager: Shutting down and abandoning module MRMesh (198)
[2018.12.04-02.40.19:296][598]LogModuleManager: Shutting down and abandoning module SourceCodeAccess (196)
[2018.12.04-02.40.19:329][598]LogModuleManager: Shutting down and abandoning module HeadMountedDisplay (194)
[2018.12.04-02.40.19:329][598]LogModuleManager: Shutting down and abandoning module XAudio2 (192)
[2018.12.04-02.40.19:329][598]LogModuleManager: Shutting down and abandoning module Networking (190)
[2018.12.04-02.40.19:370][598]LogModuleManager: Shutting down and abandoning module Core (188)
[2018.12.04-02.40.19:370][598]LogModuleManager: Shutting down and abandoning module LevelSequence (186)
[2018.12.04-02.40.19:370][598]LogModuleManager: Shutting down and abandoning module KismetCompiler (184)
[2018.12.04-02.40.19:370][598]LogModuleManager: Shutting down and abandoning module MeshUtilities (182)
[2018.12.04-02.40.19:370][598]LogModuleManager: Shutting down and abandoning module MeshMergeUtilities (181)
[2018.12.04-02.40.19:394][598]LogModuleManager: Shutting down and abandoning module MeshReductionInterface (180)
[2018.12.04-02.40.19:426][598]LogModuleManager: Shutting down and abandoning module SimplygonSwarm (179)
[2018.12.04-02.40.19:472][598]LogModuleManager: Shutting down and abandoning module ProxyLODMeshReduction (177)
[2018.12.04-02.40.19:567][598]LogModuleManager: Shutting down and abandoning module SimplygonMeshReduction (175)
[2018.12.04-02.40.19:641][598]LogModuleManager: Shutting down and abandoning module QuadricMeshReduction (173)
[2018.12.04-02.40.19:652][598]LogModuleManager: Shutting down and abandoning module MaterialBaking (169)
[2018.12.04-02.40.19:663][598]LogModuleManager: Shutting down and abandoning module DirectoryWatcher (165)
[2018.12.04-02.40.20:389][598]LogModuleManager: Shutting down and abandoning module DerivedDataCache (162)
[2018.12.04-02.40.20:510][598]LogDerivedDataCache: Shutdown
[2018.12.04-02.40.20:510][598]LogModuleManager: Shutting down and abandoning module XGEController (160)
[2018.12.04-02.40.20:563][598]LogXGEController: Cleaning working directory: C:/Users/James/AppData/Local/Temp/UnrealXGEWorkingDir/
[2018.12.04-02.40.20:630][598]LogModuleManager: Shutting down and abandoning module TargetPlatform (158)
[2018.12.04-02.40.20:630][598]LogModuleManager: Shutting down and abandoning module VulkanShaderFormat (157)
[2018.12.04-02.40.20:657][598]LogModuleManager: Shutting down and abandoning module ShaderFormatVectorVM (155)
[2018.12.04-02.40.20:677][598]LogModuleManager: Shutting down and abandoning module ShaderFormatOpenGL (153)
[2018.12.04-02.40.20:687][598]LogModuleManager: Shutting down and abandoning module ShaderFormatD3D (151)
[2018.12.04-02.40.20:687][598]LogModuleManager: Shutting down and abandoning module MetalShaderFormat (149)
[2018.12.04-02.40.20:691][598]LogModuleManager: Shutting down and abandoning module TextureFormatUncompressed (147)
[2018.12.04-02.40.20:691][598]LogModuleManager: Shutting down and abandoning module TextureFormatPVR (145)
[2018.12.04-02.40.20:691][598]LogModuleManager: Shutting down and abandoning module TextureFormatDXT (143)
[2018.12.04-02.40.20:691][598]LogModuleManager: Shutting down and abandoning module TextureFormatIntelISPCTexComp (141)
[2018.12.04-02.40.20:834][598]LogModuleManager: Shutting down and abandoning module TextureFormatASTC (139)
[2018.12.04-02.40.20:834][598]LogModuleManager: Shutting down and abandoning module ImageWrapper (138)
[2018.12.04-02.40.20:834][598]LogModuleManager: Shutting down and abandoning module TextureFormatAndroid (135)
[2018.12.04-02.40.20:834][598]LogModuleManager: Shutting down and abandoning module AudioFormatOpus (133)
[2018.12.04-02.40.20:836][598]LogModuleManager: Shutting down and abandoning module AudioFormatOgg (131)
[2018.12.04-02.40.20:836][598]LogModuleManager: Shutting down and abandoning module AudioFormatADPCM (129)
[2018.12.04-02.40.20:864][598]LogModuleManager: Shutting down and abandoning module LuminTargetPlatform (127)
[2018.12.04-02.40.20:864][598]LogModuleManager: Shutting down and abandoning module LinuxTargetPlatform (125)
[2018.12.04-02.40.20:870][598]LogModuleManager: Shutting down and abandoning module LinuxServerTargetPlatform (123)
[2018.12.04-02.40.20:971][598]LogModuleManager: Shutting down and abandoning module LinuxNoEditorTargetPlatform (121)
[2018.12.04-02.40.21:014][598]LogModuleManager: Shutting down and abandoning module LinuxClientTargetPlatform (119)
[2018.12.04-02.40.21:030][598]LogModuleManager: Shutting down and abandoning module TVOSTargetPlatform (117)
[2018.12.04-02.40.23:492][598]LogModuleManager: Shutting down and abandoning module Messaging (115)
[2018.12.04-02.40.23:492][598]LogModuleManager: Shutting down and abandoning module IOSTargetPlatform (113)
[2018.12.04-02.40.28:353][598]LogModuleManager: Shutting down and abandoning module HTML5TargetPlatform (111)
[2018.12.04-02.40.28:417][598]LogModuleManager: Shutting down and abandoning module AndroidTargetPlatform (109)
[2018.12.04-02.40.40:104][598]LogModuleManager: Shutting down and abandoning module WindowsTargetPlatform (107)
[2018.12.04-02.40.40:104][598]LogModuleManager: Shutting down and abandoning module WindowsServerTargetPlatform (105)
[2018.12.04-02.40.40:142][598]LogModuleManager: Shutting down and abandoning module WindowsNoEditorTargetPlatform (103)
[2018.12.04-02.40.40:142][598]LogModuleManager: Shutting down and abandoning module WindowsClientTargetPlatform (101)
[2018.12.04-02.40.40:146][598]LogModuleManager: Shutting down and abandoning module MacTargetPlatform (99)
[2018.12.04-02.40.40:146][598]LogModuleManager: Shutting down and abandoning module MacServerTargetPlatform (97)
[2018.12.04-02.40.40:146][598]LogModuleManager: Shutting down and abandoning module MacNoEditorTargetPlatform (95)
[2018.12.04-02.40.40:146][598]LogModuleManager: Shutting down and abandoning module MacClientTargetPlatform (93)
[2018.12.04-02.40.40:146][598]LogModuleManager: Shutting down and abandoning module AllDesktopTargetPlatform (91)
[2018.12.04-02.40.40:146][598]LogModuleManager: Shutting down and abandoning module InputCore (88)
[2018.12.04-02.40.40:146][598]LogModuleManager: Shutting down and abandoning module Settings (86)
[2018.12.04-02.40.40:175][598]LogModuleManager: Shutting down and abandoning module PhysXCooking (84)
[2018.12.04-02.40.40:175][598]LogModuleManager: Shutting down and abandoning module SteamVR (82)
[2018.12.04-02.40.40:211][598]LogModuleManager: Shutting down and abandoning module OculusHMD (80)
[2018.12.04-02.40.40:212][598]LogModuleManager: Shutting down and abandoning module ExampleDeviceProfileSelector (78)
[2018.12.04-02.40.40:253][598]LogModuleManager: Shutting down and abandoning module LauncherChunkInstaller (76)
[2018.12.04-02.40.40:254][598]LogModuleManager: Shutting down and abandoning module OnlineBlueprintSupport (74)
[2018.12.04-02.40.40:254][598]LogModuleManager: Shutting down and abandoning module OnlineSubsystem (70)
[2018.12.04-02.40.40:494][598]LogModuleManager: Shutting down and abandoning module XMPP (65)
[2018.12.04-02.40.40:536][598]LogModuleManager: Shutting down and abandoning module WebSockets (64)
[2018.12.04-02.40.41:688][598]LogModuleManager: Shutting down and abandoning module HTTP (61)
[2018.12.04-02.40.41:708][598]LogHttp: Display: Http module shutting down, but needs to wait on 1 outstanding Http requests:
[2018.12.04-02.40.41:708][598]LogHttp: Display: 	verb=[POST] url=[https://datarouter.ol.epicgames.com/datarouter/api/v1/public/data?SessionID=%7B3FE355E4-4A37-BC12-5578-D38EB0B1BE73%7D&AppID=UEEditor.Rocket.Release&AppVersion=4.20.3-4369336%2B%2B%2BUE4%2BRelease-4.20&UserID=00bc8a5d4e1ae4ba5e92d1942186e671%7C4501aec3dc88488aaa73f02244674a6e%7C4fe2f908-9c87-47f1-bb2b-6c3bbfe61c9d&AppEnvironment=datacollector-binary&UploadType=eteventstream] status=Processing
[2018.12.04-02.40.42:310][598]LogModuleManager: Shutting down and abandoning module SSL (60)
[2018.12.04-02.40.42:985][598]LogModuleManager: Shutting down and abandoning module MagicLeapEmulator (56)
[2018.12.04-02.40.42:985][598]LogModuleManager: Shutting down and abandoning module MagicLeapPrivileges (54)
[2018.12.04-02.40.42:985][598]LogModuleManager: Shutting down and abandoning module MagicLeapIdentity (52)
[2018.12.04-02.40.42:985][598]LogModuleManager: Shutting down and abandoning module MagicLeapHelperVulkan (50)
[2018.12.04-02.40.43:014][598]LogModuleManager: Shutting down and abandoning module MagicLeapHelperOpenGL (48)
[2018.12.04-02.40.43:098][598]LogModuleManager: Shutting down and abandoning module MagicLeapSecureStorage (46)
[2018.12.04-02.40.43:098][598]LogModuleManager: Shutting down and abandoning module MagicLeapGestures (44)
[2018.12.04-02.40.43:098][598]LogModuleManager: Shutting down and abandoning module MagicLeapEyeTracker (42)
[2018.12.04-02.40.43:099][598]LogModuleManager: Shutting down and abandoning module MagicLeapController (40)
[2018.12.04-02.40.43:179][598]LogSlate: Slate User Destroyed.  User Index 0, Is Virtual User: 0
[2018.12.04-02.40.43:187][598]LogModuleManager: Shutting down and abandoning module MagicLeap (38)
[2018.12.04-02.40.43:187][598]LogModuleManager: Shutting down and abandoning module AnimationModifiers (36)
[2018.12.04-02.40.43:218][598]LogModuleManager: Shutting down and abandoning module PropertyEditor (35)
[2018.12.04-02.40.43:317][598]LogModuleManager: Shutting down and abandoning module AudioEditor (32)
[2018.12.04-02.40.43:317][598]LogModuleManager: Shutting down and abandoning module TextureCompressor (30)
[2018.12.04-02.40.43:317][598]LogModuleManager: Shutting down and abandoning module ShaderCore (28)
[2018.12.04-02.40.43:317][598]LogModuleManager: Shutting down and abandoning module Landscape (26)
[2018.12.04-02.40.43:317][598]LogModuleManager: Shutting down and abandoning module SlateRHIRenderer (24)
[2018.12.04-02.40.43:538][598]LogModuleManager: Shutting down and abandoning module OpenGLDrv (22)
[2018.12.04-02.40.43:606][598]LogModuleManager: Shutting down and abandoning module D3D11RHI (20)
[2018.12.04-02.40.43:606][598]LogModuleManager: Shutting down and abandoning module AnimGraphRuntime (18)
[2018.12.04-02.40.43:606][598]LogModuleManager: Shutting down and abandoning module Renderer (16)
[2018.12.04-02.40.43:606][598]LogModuleManager: Shutting down and abandoning module Engine (14)
[2018.12.04-02.40.43:606][598]LogModuleManager: Shutting down and abandoning module CoreUObject (12)
[2018.12.04-02.40.43:606][598]LogModuleManager: Shutting down and abandoning module NetworkFile (10)
[2018.12.04-02.40.43:606][598]LogModuleManager: Shutting down and abandoning module CookedIterativeFile (8)
[2018.12.04-02.40.43:606][598]LogModuleManager: Shutting down and abandoning module StreamingFile (6)
[2018.12.04-02.40.43:606][598]LogModuleManager: Shutting down and abandoning module SandboxFile (4)
[2018.12.04-02.40.43:606][598]LogModuleManager: Shutting down and abandoning module PakFile (2)
[2018.12.04-02.40.43:915][598]LogExit: Exiting.
[2018.12.04-02.40.45:200][598]Log file closed, 12/04/18 02:40:45
