Log file open, 11/29/18 16:20:42
LogWindows: Failed to load 'aqProf.dll' (GetLastError=126)
LogWindows: File 'aqProf.dll' does not exist
LogWindows: Failed to load 'VSPerf140.dll' (GetLastError=126)
LogWindows: File 'VSPerf140.dll' does not exist
LogWindows: Failed to load 'VtuneApi.dll' (GetLastError=126)
LogWindows: File 'VtuneApi.dll' does not exist
LogWindows: Failed to load 'VtuneApi32e.dll' (GetLastError=126)
LogWindows: File 'VtuneApi32e.dll' does not exist
LogInit: Display: Running engine for game: FlaminGo
LogPlatformFile: Not using cached read wrapper
LogTaskGraph: Started task graph with 5 named threads and 14 total threads with 3 sets of task threads.
LogStats: Stats thread started at 2.852559
LogD3D11RHI: Loaded GFSDK_Aftermath_Lib.x64.dll
LogICUInternationalization: Display: ICU TimeZone Detection - Raw Offset: +0:00, Platform Override: ''
LogPluginManager: Mounting plugin Paper2D
LogPluginManager: Mounting plugin AISupport
LogPluginManager: Mounting plugin LightPropagationVolume
LogPluginManager: Mounting plugin CLionSourceCodeAccess
LogPluginManager: Mounting plugin CodeLiteSourceCodeAccess
LogPluginManager: Mounting plugin GitSourceControl
LogPluginManager: Mounting plugin KDevelopSourceCodeAccess
LogPluginManager: Mounting plugin NullSourceCodeAccess
LogPluginManager: Mounting plugin PerforceSourceControl
LogPluginManager: Mounting plugin SubversionSourceControl
LogPluginManager: Mounting plugin UObjectPlugin
LogPluginManager: Mounting plugin VisualStudioCodeSourceCodeAccess
LogPluginManager: Mounting plugin VisualStudioSourceCodeAccess
LogPluginManager: Mounting plugin XCodeSourceCodeAccess
LogPluginManager: Mounting plugin AssetManagerEditor
LogPluginManager: Mounting plugin CryptoKeys
LogPluginManager: Mounting plugin DataValidation
LogPluginManager: Mounting plugin FacialAnimation
LogPluginManager: Mounting plugin GameplayTagsEditor
LogPluginManager: Mounting plugin MacGraphicsSwitching
LogPluginManager: Mounting plugin MeshEditor
LogPluginManager: Mounting plugin MobileLauncherProfileWizard
LogPluginManager: Mounting plugin PluginBrowser
LogPluginManager: Mounting plugin SpeedTreeImporter
LogPluginManager: Mounting plugin DatasmithContent
LogPluginManager: Mounting plugin AlembicImporter
LogPluginManager: Mounting plugin AppleImageUtils
LogPluginManager: Mounting plugin AppleVision
LogPluginManager: Mounting plugin BackChannel
LogPluginManager: Mounting plugin CharacterAI
LogPluginManager: Mounting plugin GeometryCache
LogPluginManager: Mounting plugin HTML5Networking
LogPluginManager: Mounting plugin ProxyLODPlugin
LogPluginManager: Mounting plugin MagicLeap
LogPluginManager: Mounting plugin MagicLeapEmulator
LogPluginManager: Mounting plugin MagicLeapMedia
LogPluginManager: Mounting plugin AndroidMedia
LogPluginManager: Mounting plugin AvfMedia
LogPluginManager: Mounting plugin ImgMedia
LogPluginManager: Mounting plugin LinearTimecode
LogPluginManager: Mounting plugin MediaCompositing
LogPluginManager: Mounting plugin MediaPlayerEditor
LogPluginManager: Mounting plugin WmfMedia
LogPluginManager: Mounting plugin TcpMessaging
LogPluginManager: Mounting plugin UdpMessaging
LogPluginManager: Mounting plugin ActorSequence
LogPluginManager: Mounting plugin LevelSequenceEditor
LogPluginManager: Mounting plugin MatineeToLevelSequence
LogPluginManager: Mounting plugin NetcodeUnitTest
LogPluginManager: Mounting plugin NUTUnrealEngine4
LogPluginManager: Mounting plugin OnlineSubsystemGooglePlay
LogPluginManager: Mounting plugin OnlineSubsystemIOS
LogPluginManager: Mounting plugin OnlineSubsystem
LogPluginManager: Mounting plugin OnlineSubsystemNull
LogPluginManager: Mounting plugin OnlineSubsystemUtils
LogPluginManager: Mounting plugin LauncherChunkInstaller
LogPluginManager: Mounting plugin AndroidDeviceProfileSelector
LogPluginManager: Mounting plugin AndroidMoviePlayer
LogPluginManager: Mounting plugin AndroidPermission
LogPluginManager: Mounting plugin AppleMoviePlayer
LogPluginManager: Mounting plugin ArchVisCharacter
LogPluginManager: Mounting plugin AudioCapture
LogPluginManager: Mounting plugin CableComponent
LogPluginManager: Mounting plugin CustomMeshComponent
LogPluginManager: Mounting plugin EditableMesh
LogPluginManager: Mounting plugin ExampleDeviceProfileSelector
LogPluginManager: Mounting plugin GoogleCloudMessaging
LogPluginManager: Mounting plugin ImmediatePhysics
LogPluginManager: Mounting plugin IOSDeviceProfileSelector
LogPluginManager: Mounting plugin LinuxDeviceProfileSelector
LogPluginManager: Mounting plugin LocationServicesBPLibrary
LogPluginManager: Mounting plugin MobilePatchingUtils
LogPluginManager: Mounting plugin OculusVR
LogPluginManager: Plugin shader directory ../../../Engine/Plugins/Runtime/Oculus/OculusVR/Shaders found
LogPluginManager: Mapping shader source directory ../../../Engine/Plugins/Runtime/Oculus/OculusVR/Shaders to virtual directory /Plugin/OculusVR
LogPluginManager: Mounting plugin PhysXVehicles
LogPluginManager: Mounting plugin ProceduralMeshComponent
LogPluginManager: Mounting plugin RuntimePhysXCooking
LogPluginManager: Mounting plugin SteamVR
LogPluginManager: Mounting plugin WindowsMoviePlayer
LogStreaming: Display: Took  1.787s to configure plugins.
LogInit: Using libcurl 7.55.1-DEV
LogInit:  - built for x86_64-pc-win32
LogInit:  - supports SSL with OpenSSL/1.0.2h
LogInit:  - supports HTTP deflate (compression) using libz 1.2.8
LogInit:  - other features:
LogInit:      CURL_VERSION_SSL
LogInit:      CURL_VERSION_LIBZ
LogInit:      CURL_VERSION_IPV6
LogInit:      CURL_VERSION_ASYNCHDNS
LogInit:      CURL_VERSION_LARGEFILE
LogInit:      CURL_VERSION_IDN
LogInit:  CurlRequestOptions (configurable via config and command line):
LogInit:  - bVerifyPeer = false  - Libcurl will NOT verify peer certificate
LogInit:  - bUseHttpProxy = false  - Libcurl will NOT use HTTP proxy
LogInit:  - bDontReuseConnections = false  - Libcurl will reuse connections
LogInit:  - CertBundlePath = nullptr  - Libcurl will use whatever was configured at build time.
LogInit:  - MaxHostConnections = 16  - Libcurl will limit the number of connections to a host
LogInit:  - LocalHostAddr = Default
LogInit:  - BufferSize = 65536
LogInit: WinSock: version 1.1 (2.2), MaxSocks=32767, MaxUdp=65467
LogInit: Build: ++UE4+Release-4.20-CL-4369336
LogInit: Engine Version: 4.20.3-4369336+++UE4+Release-4.20
LogInit: Compatible Engine Version: 4.20.0-4212847+++UE4+Release-4.20
LogInit: Net CL: 4212847
LogInit: OS: Windows 8.1 (), CPU: Intel(R) Core(TM) i5-6500 CPU @ 3.20GHz, GPU: NVIDIA GeForce GTX 1060 6GB
LogInit: Compiled (64-bit): Sep 17 2018 12:26:19
LogInit: Compiled with Visual C++: 19.13.26129.00
LogInit: Build Configuration: Development
LogInit: Branch Name: ++UE4+Release-4.20
LogInit: Command Line:  
LogInit: Base Directory: C:/Program Files/Epic Games/UE_4.20/Engine/Binaries/Win64/
LogInit: Installed Engine Build: 1
LogDevObjectVersion: Number of dev versions registered: 20
LogDevObjectVersion:   Dev-Blueprints (B0D832E4-1F89-4F0D-ACCF-7EB736FD4AA2): 10
LogDevObjectVersion:   Dev-Build (E1C64328-A22C-4D53-A36C-8E866417BD8C): 0
LogDevObjectVersion:   Dev-Core (375EC13C-06E4-48FB-B500-84F0262A717E): 2
LogDevObjectVersion:   Dev-Editor (E4B068ED-F494-42E9-A231-DA0B2E46BB41): 24
LogDevObjectVersion:   Dev-Framework (CFFC743F-43B0-4480-9391-14DF171D2073): 34
LogDevObjectVersion:   Dev-Mobile (B02B49B5-BB20-44E9-A304-32B752E40360): 2
LogDevObjectVersion:   Dev-Networking (A4E4105C-59A1-49B5-A7C5-40C4547EDFEE): 0
LogDevObjectVersion:   Dev-Online (39C831C9-5AE6-47DC-9A44-9C173E1C8E7C): 0
LogDevObjectVersion:   Dev-Physics (78F01B33-EBEA-4F98-B9B4-84EACCB95AA2): 0
LogDevObjectVersion:   Dev-Platform (6631380F-2D4D-43E0-8009-CF276956A95A): 0
LogDevObjectVersion:   Dev-Rendering (12F88B9F-8875-4AFC-A67C-D90C383ABD29): 26
LogDevObjectVersion:   Dev-Sequencer (7B5AE74C-D270-4C10-A958-57980B212A5A): 9
LogDevObjectVersion:   Dev-VR (D7296918-1DD6-4BDD-9DE2-64A83CC13884): 2
LogDevObjectVersion:   Dev-LoadTimes (C2A15278-BFE7-4AFE-6C17-90FF531DF755): 1
LogDevObjectVersion:   Private-Geometry (6EACA3D4-40EC-4CC1-B786-8BED09428FC5): 3
LogDevObjectVersion:   Dev-AnimPhys (29E575DD-E0A3-4627-9D10-D276232CDCEA): 17
LogDevObjectVersion:   Dev-ReflectionCapture (6B266CEC-1EC7-4B8F-A30B-E4D90942FC07): 1
LogDevObjectVersion:   Dev-Automation (0DF73D61-A23F-47EA-B727-89E90C41499A): 1
LogDevObjectVersion:   FortniteMain (601D1886-AC64-4F84-AA16-D3DE0DEAC7D6): 12
LogDevObjectVersion:   Dev-Enterprise (9DFFBCD6-494F-0158-E221-12823C92A888): 1
LogStreaming: Display: Took  0.189s to delete old logs.
LogInit: Presizing for max 8388607 objects, including 0 objects not considered by GC, pre-allocating 0 bytes for permanent pool.
LogInit: Object subsystem initialized
[2018.11.29-16.21.05:649][  0]LogInit: Selected Device Profile: [Windows]
[2018.11.29-16.21.05:661][  0]LogInit: Applying CVar settings loaded from the selected device profile: [Windows]
[2018.11.29-16.21.06:611][  0]LogHAL: Display: Platform has ~ 16 GB [17139351552 / 17179869184 / 16], which maps to Larger [LargestMinGB=32, LargerMinGB=12, DefaultMinGB=8, SmallerMinGB=6, SmallestMinGB=0)
[2018.11.29-16.21.06:764][  0]LogInit: Setting Device Profile CVar: [[r.Vulkan.UseRealUBs:1]]
[2018.11.29-16.21.06:764][  0]LogInit: Going up to parent DeviceProfile []
[2018.11.29-16.21.07:127][  0]LogInit: Computer: ROX
[2018.11.29-16.21.07:127][  0]LogInit: User: James
[2018.11.29-16.21.07:127][  0]LogInit: CPU Page size=4096, Cores=4
[2018.11.29-16.21.07:127][  0]LogInit: High frequency timer resolution =3.117188 MHz
[2018.11.29-16.21.07:129][  0]LogMemory: Memory total: Physical=16.0GB (16GB approx)
[2018.11.29-16.21.07:129][  0]LogMemory: Platform Memory Stats for Windows
[2018.11.29-16.21.07:129][  0]LogMemory: Process Physical Memory: 99.08 MB used, 99.08 MB peak
[2018.11.29-16.21.07:129][  0]LogMemory: Process Virtual Memory: 96.30 MB used, 96.30 MB peak
[2018.11.29-16.21.07:129][  0]LogMemory: Physical Memory: 4520.09 MB used,  11825.27 MB free, 16345.36 MB total
[2018.11.29-16.21.07:129][  0]LogMemory: Virtual Memory: 486.48 MB used,  11825.27 MB free, 134217728.00 MB total
[2018.11.29-16.21.17:352][  0]LogInit: Using OS detected language (en-US).
[2018.11.29-16.21.17:353][  0]LogInit: Using OS detected locale (en-GB).
[2018.11.29-16.21.17:812][  0]LogTextLocalizationManager: No specific localization for 'en-US' exists, so the 'en' localization will be used.
[2018.11.29-16.21.25:465][  0]LogStreaming: Display: Took  8.126s to InitEngineTextLocalization.
[2018.11.29-16.21.25:477][  0]LogInit: Setting process to per monitor DPI aware
[2018.11.29-16.21.29:835][  0]LogSlate: New Slate User Created.  User Index 0, Is Virtual User: 0
[2018.11.29-16.21.29:835][  0]LogSlate: Slate User Registered.  User Index 0, Is Virtual User: 0
[2018.11.29-16.21.57:602][  0]LogHMD: Failed to initialize OpenVR with code 110
[2018.11.29-16.21.57:602][  0]LogD3D11RHI: D3D11 adapters:
[2018.11.29-16.21.57:685][  0]LogD3D11RHI:    0. 'NVIDIA GeForce GTX 1060 6GB' (Feature Level 11_0)
[2018.11.29-16.21.57:685][  0]LogD3D11RHI:       6004/0/8172 MB DedicatedVideo/DedicatedSystem/SharedSystem, Outputs:1, VendorId:0x10de
[2018.11.29-16.21.57:686][  0]LogD3D11RHI:    1. 'Microsoft Basic Render Driver' (Feature Level 11_0)
[2018.11.29-16.21.57:686][  0]LogD3D11RHI:       0/0/256 MB DedicatedVideo/DedicatedSystem/SharedSystem, Outputs:0, VendorId:0x1414
[2018.11.29-16.21.57:686][  0]LogD3D11RHI: Chosen D3D11 Adapter: 0
[2018.11.29-16.21.57:737][  0]LogD3D11RHI: Creating new Direct3DDevice
[2018.11.29-16.21.57:737][  0]LogD3D11RHI:     GPU DeviceId: 0x1c03 (for the marketing name, search the web for "GPU Device Id")
[2018.11.29-16.21.57:794][  0]LogWindows: EnumDisplayDevices:
[2018.11.29-16.21.57:794][  0]LogWindows:    0. 'NVIDIA GeForce GTX 1060 6GB' (P:1 D:1)
[2018.11.29-16.21.57:794][  0]LogWindows:    1. 'NVIDIA GeForce GTX 1060 6GB' (P:0 D:0)
[2018.11.29-16.21.57:794][  0]LogWindows:    2. 'NVIDIA GeForce GTX 1060 6GB' (P:0 D:0)
[2018.11.29-16.21.57:794][  0]LogWindows:    3. 'NVIDIA GeForce GTX 1060 6GB' (P:0 D:0)
[2018.11.29-16.21.57:794][  0]LogWindows: DebugString: FoundDriverCount:4 
[2018.11.29-16.21.57:794][  0]LogD3D11RHI:     Adapter Name: NVIDIA GeForce GTX 1060 6GB
[2018.11.29-16.21.57:794][  0]LogD3D11RHI:   Driver Version: 391.35 (internal:23.21.13.9135, unified:391.35)
[2018.11.29-16.21.57:794][  0]LogD3D11RHI:      Driver Date: 3-23-2018
[2018.11.29-16.21.57:808][  0]LogRHI: Texture pool is 4203 MB (70% of 6004 MB)
[2018.11.29-16.21.58:085][  0]LogD3D11RHI: Async texture creation enabled
[2018.11.29-16.21.59:256][  0]LogD3D11RHI: GPU Timing Frequency: 1000.000000 (Debug: 2 2)
[2018.11.29-16.21.59:641][  0]LogShaderCompilers: Guid format shader working directory is 7 characters bigger than the processId version (../../../../../../Github/CRANE/FlaminGo/Intermediate/Shaders/WorkingDirectory/7700/).
[2018.11.29-16.21.59:641][  0]LogShaderCompilers: Cleaned the shader compiler working directory 'C:/Users/James/AppData/Local/Temp/UnrealShaderWorkingDir/FA6C095D4E85282BD1051C8164D1E46D/'.
[2018.11.29-16.22.09:643][  0]LogTemp: Display: Loaded TP AllDesktopTargetPlatform
[2018.11.29-16.22.09:802][  0]LogTemp: Display: Loaded TP MacClientTargetPlatform
[2018.11.29-16.22.09:892][  0]LogTemp: Display: Loaded TP MacNoEditorTargetPlatform
[2018.11.29-16.22.10:060][  0]LogTemp: Display: Loaded TP MacServerTargetPlatform
[2018.11.29-16.22.10:237][  0]LogTemp: Display: Loaded TP MacTargetPlatform
[2018.11.29-16.22.10:431][  0]LogTemp: Display: Loaded TP WindowsClientTargetPlatform
[2018.11.29-16.22.10:470][  0]LogTemp: Display: Loaded TP WindowsNoEditorTargetPlatform
[2018.11.29-16.22.10:619][  0]LogTemp: Display: Loaded TP WindowsServerTargetPlatform
[2018.11.29-16.22.10:697][  0]LogTemp: Display: Loaded TP WindowsTargetPlatform
[2018.11.29-16.22.10:956][  0]LogTemp: Display: Loaded TP AndroidTargetPlatform
[2018.11.29-16.22.10:956][  0]LogTemp: Display: Loaded TP AndroidTargetPlatform
[2018.11.29-16.22.10:956][  0]LogTemp: Display: Loaded TP AndroidTargetPlatform
[2018.11.29-16.22.10:956][  0]LogTemp: Display: Loaded TP AndroidTargetPlatform
[2018.11.29-16.22.10:956][  0]LogTemp: Display: Loaded TP AndroidTargetPlatform
[2018.11.29-16.22.10:956][  0]LogTemp: Display: Loaded TP AndroidTargetPlatform
[2018.11.29-16.22.10:956][  0]LogTemp: Display: Loaded TP AndroidTargetPlatform
[2018.11.29-16.22.10:956][  0]LogTemp: Display: Loaded TP AndroidTargetPlatform
[2018.11.29-16.22.10:956][  0]LogTemp: Display: Loaded TP AndroidTargetPlatform
[2018.11.29-16.22.10:956][  0]LogTemp: Display: Loaded TP AndroidTargetPlatform
[2018.11.29-16.22.10:956][  0]LogTemp: Display: Loaded TP AndroidTargetPlatform
[2018.11.29-16.22.10:956][  0]LogTemp: Display: Loaded TP AndroidTargetPlatform
[2018.11.29-16.22.10:956][  0]LogTemp: Display: Loaded TP AndroidTargetPlatform
[2018.11.29-16.22.10:956][  0]LogTemp: Display: Loaded TP AndroidTargetPlatform
[2018.11.29-16.22.10:956][  0]LogTemp: Display: Loaded TP AndroidTargetPlatform
[2018.11.29-16.22.10:956][  0]LogTemp: Display: Loaded TP AndroidTargetPlatform
[2018.11.29-16.22.10:956][  0]LogTemp: Display: Loaded TP AndroidTargetPlatform
[2018.11.29-16.22.10:956][  0]LogTemp: Display: Loaded TP AndroidTargetPlatform
[2018.11.29-16.22.11:043][  0]LogTemp: Display: Loaded TP HTML5TargetPlatform
[2018.11.29-16.22.11:638][  0]LogTemp: Display: Loaded TP IOSTargetPlatform
[2018.11.29-16.22.11:638][  0]LogTemp: Display: Loaded TP IOSTargetPlatform
[2018.11.29-16.22.11:738][  0]LogTemp: Display: Loaded TP TVOSTargetPlatform
[2018.11.29-16.22.11:738][  0]LogTemp: Display: Loaded TP TVOSTargetPlatform
[2018.11.29-16.22.11:909][  0]LogTemp: Display: Loaded TP LinuxClientTargetPlatform
[2018.11.29-16.22.12:007][  0]LogTemp: Display: Loaded TP LinuxNoEditorTargetPlatform
[2018.11.29-16.22.12:175][  0]LogTemp: Display: Loaded TP LinuxServerTargetPlatform
[2018.11.29-16.22.12:395][  0]LogTemp: Display: Loaded TP LinuxTargetPlatform
[2018.11.29-16.22.12:567][  0]LogTemp: Display: Loaded TP LuminTargetPlatform
[2018.11.29-16.22.12:567][  0]LogTargetPlatformManager: Display: Building Assets For Windows
[2018.11.29-16.22.23:943][  0]LogXGEController: Cleaning working directory: C:/Users/James/AppData/Local/Temp/UnrealXGEWorkingDir/
[2018.11.29-16.22.23:944][  0]LogXGEController: Cannot use XGE Controller as Incredibuild is not installed on this machine.
[2018.11.29-16.22.23:944][  0]LogShaderCompilers: Cannot use XGE Shader Compiler as Incredibuild is not installed on this machine.
[2018.11.29-16.22.23:944][  0]LogShaderCompilers: Display: Using Local Shader Compiler.
[2018.11.29-16.23.07:225][  0]LogDerivedDataCache: Display: Max Cache Size: 512 MB
[2018.11.29-16.23.24:849][  0]LogDerivedDataCache: Loaded boot cache 17.62s 71MB C:/Users/James/AppData/Local/UnrealEngine/4.20/DerivedDataCache/Boot.ddc.
[2018.11.29-16.23.24:849][  0]LogDerivedDataCache: Display: Loaded Boot cache: C:/Users/James/AppData/Local/UnrealEngine/4.20/DerivedDataCache/Boot.ddc
[2018.11.29-16.23.24:849][  0]LogDerivedDataCache: FDerivedDataBackendGraph:  Pak pak cache file ../../../../../../Github/CRANE/FlaminGo/DerivedDataCache/DDC.ddp not found, will not use a pak cache.
[2018.11.29-16.23.24:849][  0]LogDerivedDataCache: Unable to find inner node Pak for hierarchical cache Hierarchy.
[2018.11.29-16.23.24:849][  0]LogDerivedDataCache: FDerivedDataBackendGraph:  CompressedPak pak cache file ../../../../../../Github/CRANE/FlaminGo/DerivedDataCache/Compressed.ddp not found, will not use a pak cache.
[2018.11.29-16.23.24:849][  0]LogDerivedDataCache: Unable to find inner node CompressedPak for hierarchical cache Hierarchy.
[2018.11.29-16.23.25:393][  0]LogDerivedDataCache: Display: Pak cache opened for reading ../../../Engine/DerivedDataCache/Compressed.ddp.
[2018.11.29-16.23.25:405][  0]LogDerivedDataCache: Using Local data cache path C:/Users/James/AppData/Local/UnrealEngine/Common/DerivedDataCache: Writable
[2018.11.29-16.23.25:405][  0]LogDerivedDataCache: Shared data cache path not found in *engine.ini, will not use an Shared cache.
[2018.11.29-16.23.25:405][  0]LogDerivedDataCache: Unable to find inner node Shared for hierarchical cache Hierarchy.
[2018.11.29-16.23.25:668][  0]LogMaterial: Verifying Global Shaders for PCD3D_SM5
[2018.11.29-16.23.26:007][  0]LogSlate: Using FreeType 2.6.0
[2018.11.29-16.23.26:361][  0]LogSlate: SlateFontServices - WITH_FREETYPE: 1, WITH_HARFBUZZ: 1
[2018.11.29-16.23.32:849][  0]LogAssetRegistry: FAssetRegistry took 0.2487 seconds to start up
[2018.11.29-16.23.58:827][  0]LogInit: Selected Device Profile: [Windows]
[2018.11.29-16.24.15:973][  0]LogSimplygon: Simplygon DLL not present - disabling.
[2018.11.29-16.24.18:700][  0]LogMeshReduction: Using SimplygonSwarm for distributed automatic mesh merging
[2018.11.29-16.24.18:913][  0]LogMeshReduction: Using ProxyLODMeshReduction for automatic mesh merging
[2018.11.29-16.24.18:913][  0]LogMeshReduction: Using QuadricMeshReduction for automatic static mesh reduction
[2018.11.29-16.24.18:913][  0]LogMeshReduction: No automatic skeletal mesh reduction module available
[2018.11.29-16.24.23:313][  0]LogNetVersion: FlaminGo 1.0.0, NetCL: 4212847, EngineNetVer: 5, GameNetVer: 0 (Checksum: 4192027605)
[2018.11.29-16.24.57:542][  0]LogPackageLocalizationCache: Processed 11 localized package path(s) for 2 prioritized culture(s) in 1.231910 seconds
[2018.11.29-16.24.58:004][  0]LogUObjectArray: 38425 objects as part of root set at end of initial load.
[2018.11.29-16.24.58:004][  0]LogUObjectAllocator: 6690864 out of 0 bytes used by permanent object pool.
[2018.11.29-16.24.58:005][  0]LogUObjectArray: CloseDisregardForGC: 0/0 objects in disregard for GC pool
[2018.11.29-16.27.54:528][  0]LogTcpMessaging: Initializing TcpMessaging bridge
[2018.11.29-16.27.55:084][  0]LogUdpMessaging: Initializing bridge on interface 0.0.0.0:0 to multicast group 230.0.0.1:6666.
[2018.11.29-16.28.12:938][  0]SourceControl: Source control is disabled
[2018.11.29-16.28.13:031][  0]SourceControl: Source control is disabled
[2018.11.29-16.28.17:007][  0]SourceControl: Source control is disabled
[2018.11.29-16.28.17:628][  0]SourceControl: Source control is disabled
[2018.11.29-16.28.36:246][  0]LogAndroidPermission: UAndroidPermissionCallbackProxy::GetInstance
[2018.11.29-16.28.36:940][  0]LogOcInput: OculusInput pre-init called
[2018.11.29-16.28.44:392][  0]LogEngine: Initializing Engine...
[2018.11.29-16.28.44:543][  0]LogHMD: Failed to initialize OpenVR with code 110
[2018.11.29-16.28.44:545][  0]LogStats: UGameplayTagsManager::ConstructGameplayTagTree: ImportINI prefixes -  0.000 s
[2018.11.29-16.28.44:545][  0]LogStats: UGameplayTagsManager::ConstructGameplayTagTree: Construct from data asset -  0.000 s
[2018.11.29-16.28.44:545][  0]LogStats: UGameplayTagsManager::ConstructGameplayTagTree: ImportINI -  0.000 s
[2018.11.29-16.28.44:545][  0]LogStats: UGameplayTagsManager::ConstructGameplayTagTree: GameplayTagTreeChangedEvent.Broadcast -  0.000 s
[2018.11.29-16.28.50:587][  0]LogInit: Initializing FReadOnlyCVARCache
[2018.11.29-16.28.54:186][  0]LogAIModule: Creating AISystem for world Untitled
[2018.11.29-16.28.56:389][  0]LogInit: No audio devices found!
[2018.11.29-16.28.56:516][  0]LogNetVersion: Set ProjectVersion to 1.0.0.0. Version Checksum will be recalculated on next use.
[2018.11.29-16.29.01:287][  0]LogDerivedDataCache: Saved boot cache 4.77s 71MB C:/Users/James/AppData/Local/UnrealEngine/4.20/DerivedDataCache/Boot.ddc.
[2018.11.29-16.29.01:288][  0]LogInit: Texture streaming: Enabled
[2018.11.29-16.29.02:628][  0]LogEngineSessionManager: EngineSessionManager initialized
[2018.11.29-16.29.02:628][  0]LogEngineSessionManager: EngineSessionManager sent abnormal shutdown report. Type=AbnormalShutdown, SessionId={2FDC32A8-4F15-BE95-AC9B-ABAC1C0182A7}
[2018.11.29-16.29.02:628][  0]LogEngineSessionManager: EngineSessionManager sent abnormal shutdown report. Type=AbnormalShutdown, SessionId={4DEC4EA8-47B8-8686-FC33-E2885B859BEA}
[2018.11.29-16.29.04:866][  0]LogInit: Transaction tracking system initialized
[2018.11.29-16.29.11:473][  0]BlueprintLog: New page: Editor Load
[2018.11.29-16.29.27:465][  0]LocalizationService: Localization service is disabled
[2018.11.29-16.29.50:515][  0]LogFileCache: Scanning file cache for directory 'C:/Github/CRANE/FlaminGo/Content/' took 0.27s
[2018.11.29-16.29.50:515][  0]LogCook: Display: Max memory allowance for cook 16384mb min free memory 0mb
[2018.11.29-16.29.50:539][  0]LogCook: Display: Mobile HDR setting 1
[2018.11.29-16.29.50:539][  0]LogGameplayTags: Display: UGameplayTagsManager::DoneAddingNativeTags. DelegateIsBound: 0
[2018.11.29-16.29.50:539][  0]LogStats: UGameplayTagsManager::ConstructGameplayTagTree: ImportINI prefixes -  0.000 s
[2018.11.29-16.29.50:539][  0]LogStats: UGameplayTagsManager::ConstructGameplayTagTree: Construct from data asset -  0.000 s
[2018.11.29-16.29.50:655][  0]LogStats: UGameplayTagsManager::ConstructGameplayTagTree: ImportINI -  0.000 s
[2018.11.29-16.29.50:655][  0]LogStats: UGameplayTagsManager::ConstructGameplayTagTree: GameplayTagTreeChangedEvent.Broadcast -  0.000 s
[2018.11.29-16.30.12:190][  0]SourceControl: Source control is disabled
[2018.11.29-16.30.12:504][  0]Cmd: MAP LOAD FILE="../../../../../../Github/CRANE/FlaminGo/Content/ThirdPersonBP/Maps/FirstMap.umap" TEMPLATE=0 SHOWPROGRESS=1 FEATURELEVEL=3
[2018.11.29-16.30.12:934][  0]LightingResults: New page: Lighting Build
[2018.11.29-16.30.13:436][  0]MapCheck: New page: Map Check
[2018.11.29-16.30.13:436][  0]LightingResults: New page: Lighting Build
[2018.11.29-16.31.38:194][  0]LogAIModule: Creating AISystem for world FirstMap
[2018.11.29-16.31.45:093][  0]LogEditorServer: Finished looking for orphan Actors (0.000 secs)
[2018.11.29-16.31.47:973][  0]Cmd: MAP CHECKDEP NOCLEARLOG
[2018.11.29-16.31.48:048][  0]MapCheck: Map check complete: 0 Error(s), 0 Warning(s), took 75.332ms to complete.
[2018.11.29-16.31.48:048][  0]LogFileHelpers: Loading map 'FirstMap' took 95.858
[2018.11.29-16.32.04:528][  0]LogSlate: Updating window title bar state: overlay mode, drag disabled, window buttons hidden, title bar hidden
[2018.11.29-16.32.04:590][  0]LogSlate: Updating window title bar state: overlay mode, drag disabled, window buttons hidden, title bar hidden
[2018.11.29-16.32.04:598][  0]LogSlate: Updating window title bar state: overlay mode, drag disabled, window buttons hidden, title bar hidden
[2018.11.29-16.32.04:606][  0]LogSlate: Updating window title bar state: overlay mode, drag disabled, window buttons hidden, title bar hidden
[2018.11.29-16.32.06:006][  0]LogCollectionManager: Loaded 0 collections in 0.001455 seconds
[2018.11.29-16.32.08:586][  0]LogFileCache: Scanning file cache for directory 'C:/Github/CRANE/FlaminGo/Saved/Collections/' took 0.01s
[2018.11.29-16.32.08:586][  0]LogFileCache: Scanning file cache for directory 'C:/Github/CRANE/FlaminGo/Content/Developers/James/Collections/' took 0.01s
[2018.11.29-16.32.08:586][  0]LogFileCache: Scanning file cache for directory 'C:/Github/CRANE/FlaminGo/Content/Collections/' took 0.01s
[2018.11.29-16.32.08:586][  0]LogCollectionManager: Rebuilt the GUID cache for 0 collections in 0.000000 seconds
[2018.11.29-16.32.09:348][  0]LogContentBrowser: Native class hierarchy populated in 0.6131 seconds. Added 2572 classes and 603 folders.
[2018.11.29-16.32.11:164][  0]LogContentBrowser: Native class hierarchy updated for 'WidgetCarousel' in 0.0003 seconds. Added 0 classes and 0 folders.
[2018.11.29-16.32.30:033][  0]LogContentBrowser: Native class hierarchy updated for 'AddContentDialog' in 0.0003 seconds. Added 0 classes and 0 folders.
[2018.11.29-16.32.31:277][  0]LogContentBrowser: Native class hierarchy updated for 'SceneOutliner' in 0.0003 seconds. Added 1 classes and 2 folders.
[2018.11.29-16.32.39:929][  0]LogSlate: Took 0.493928 seconds to synchronously load lazily loaded font '../../../Engine/Content/Slate/Fonts/Roboto-Regular.ttf' (155K)
[2018.11.29-16.32.40:530][  0]LogSlate: Took 0.350000 seconds to synchronously load lazily loaded font '../../../Engine/Content/Slate/Fonts/Roboto-Bold.ttf' (160K)
[2018.11.29-16.32.41:472][  0]LogSlate: Took 0.413317 seconds to synchronously load lazily loaded font '../../../Engine/Content/Editor/Slate/Fonts/FontAwesome.ttf' (139K)
[2018.11.29-16.32.46:277][  0]LogRenderer: Reallocating scene render targets to support 1616x812 Format 10 NumSamples 1 (Frame:1).
[2018.11.29-16.33.01:260][  0]LogContentBrowser: Native class hierarchy updated for 'HierarchicalLODOutliner' in 0.0004 seconds. Added 0 classes and 0 folders.
[2018.11.29-16.33.01:260][  0]LogLoad: (Engine Initialization) Total time: 923.81 seconds
[2018.11.29-16.33.01:260][  0]LogLoad: (Engine Initialization) Total Blueprint compile time: 0.00 seconds
[2018.11.29-16.33.02:943][  0]LogContentStreaming: Texture pool size now 1000 MB
[2018.11.29-16.33.06:080][  1]LogFileCache: Retrieving MD5 hashes for directory 'C:/Github/CRANE/FlaminGo/Content/' took 4.16s
[2018.11.29-16.33.06:251][  1]LogAssetRegistry: Asset discovery search completed in 573.4249 seconds
[2018.11.29-16.33.06:253][  1]LogCollectionManager: Rebuilt the object cache for 0 collections in 0.000000 seconds (found 0 objects)
[2018.11.29-16.33.06:253][  1]LogCollectionManager: Fixed up redirectors for 0 collections in 0.000064 seconds (updated 0 objects)
[2018.11.29-16.43.17:613][705]LogSlate: FSceneViewport::OnFocusLost() reason 0
[2018.11.29-16.50.45:163][699]LogSlate: Took 0.307307 seconds to synchronously load lazily loaded font '../../../Engine/Content/Slate/Fonts/Roboto-Light.ttf' (167K)
[2018.11.29-16.50.45:506][699]LogFactory: FactoryCreateFile: SoundWave with ReimportSoundFactory (0 0 ../../../../../../Users/James/Downloads/333404__jayfrosting__cheer-2.wav)
[2018.11.29-16.50.45:590][699]Error: Currently, only 16 bit WAV files are supported (333404__jayfrosting__cheer-2).
[2018.11.29-16.50.50:906][699]LogSlate: Window 'Message' being destroyed
[2018.11.29-16.50.50:914][699]LogAssetTools: Warning: Failed to import '../../../../../../Users/James/Downloads/333404__jayfrosting__cheer-2.wav'. Failed to create asset '/Game/CustomAudio/333404__jayfrosting__cheer-2'.
Please see Output Log for details.
[2018.11.29-16.51.01:069][682]LogFactory: FactoryCreateFile: SoundWave with ReimportSoundFactory (0 0 ../../../../../../Users/James/Downloads/333404__jayfrosting__cheer-2.wav)
[2018.11.29-16.51.01:069][682]Error: Currently, only 16 bit WAV files are supported (333404__jayfrosting__cheer-2).
[2018.11.29-16.51.07:484][682]LogSlate: Window 'Message' being destroyed
[2018.11.29-16.51.07:487][682]LogAssetTools: Warning: Failed to import '../../../../../../Users/James/Downloads/333404__jayfrosting__cheer-2.wav'. Failed to create asset '/Game/CustomAudio/333404__jayfrosting__cheer-2'.
Please see Output Log for details.
[2018.11.29-16.51.14:112][ 30]LogFactory: FactoryCreateFile: SoundWave with ReimportSoundFactory (0 0 C:\Users\James\Downloads\333404__jayfrosting__cheer-2.wav)
[2018.11.29-16.51.14:112][ 30]Error: Currently, only 16 bit WAV files are supported (333404__jayfrosting__cheer-2).
[2018.11.29-16.51.17:288][ 30]LogSlate: Window 'Message' being destroyed
[2018.11.29-16.51.17:291][ 30]LogAssetTools: Warning: Failed to import 'C:\Users\James\Downloads\333404__jayfrosting__cheer-2.wav'. Failed to create asset '/Game/CustomAudio/333404__jayfrosting__cheer-2'.
Please see Output Log for details.
[2018.11.29-16.52.41:373][  2]LogFactory: FactoryCreateFile: SoundWave with ReimportSoundFactory (0 0 ../../../../../../Users/James/Music/333404__jayfrosting__cheer-2.wav)
[2018.11.29-16.52.52:930][261]LogAssetEditorManager: Opening Asset editor for SoundWave /Game/CustomAudio/333404__jayfrosting__cheer-2.333404__jayfrosting__cheer-2
[2018.11.29-16.53.03:334][902]Cmd: OBJ SAVEPACKAGE PACKAGE="/Game/CustomAudio/333404__jayfrosting__cheer-2" FILE="../../../../../../Github/CRANE/FlaminGo/Content/CustomAudio/333404__jayfrosting__cheer-2.uasset" SILENT=true
[2018.11.29-16.53.03:726][902]LogSavePackage: Moving '../../../../../../Github/CRANE/FlaminGo/Saved/333404__jayfrosting__cheer-264A87A084790E261F4D884BA874401A0.tmp' to '../../../../../../Github/CRANE/FlaminGo/Content/CustomAudio/333404__jayfrosting__cheer-2.uasset'
[2018.11.29-16.53.08:273][401]LogTemp: Repeating last play command: Selected Viewport
[2018.11.29-16.53.08:828][401]LogBlueprintUserMessages: Early PlayInEditor Detection: Level '/Game/ThirdPersonBP/Maps/FirstMap.FirstMap:PersistentLevel' has LevelScriptBlueprint '/Game/ThirdPersonBP/Maps/FirstMap.FirstMap:PersistentLevel.FirstMap' with GeneratedClass '/Game/ThirdPersonBP/Maps/FirstMap.FirstMap_C' with ClassGeneratedBy '/Game/ThirdPersonBP/Maps/FirstMap.FirstMap:PersistentLevel.FirstMap'
[2018.11.29-16.53.08:828][401]LogPlayLevel: PlayLevel: No blueprints needed recompiling
[2018.11.29-16.53.08:996][401]PIE: New page: PIE session: FirstMap (29 Nov 2018 16:53:08)
[2018.11.29-16.53.08:996][401]LogPlayLevel: Creating play world package: /Game/ThirdPersonBP/Maps/UEDPIE_0_FirstMap
[2018.11.29-16.53.09:405][401]LogPlayLevel: PIE: StaticDuplicateObject took: (0.409243s)
[2018.11.29-16.53.09:407][401]LogAIModule: Creating AISystem for world FirstMap
[2018.11.29-16.53.09:408][401]LogPlayLevel: PIE: World Init took: (0.002313s)
[2018.11.29-16.53.09:408][401]LogPlayLevel: PIE: Created PIE world by copying editor world from /Game/ThirdPersonBP/Maps/FirstMap.FirstMap to /Game/ThirdPersonBP/Maps/UEDPIE_0_FirstMap.FirstMap (0.411804s)
[2018.11.29-16.53.09:554][401]LogLoad: Game class is 'ThirdPersonGameMode_C'
[2018.11.29-16.53.09:842][401]LogWorld: Bringing World /Game/ThirdPersonBP/Maps/UEDPIE_0_FirstMap.FirstMap up for play (max tick rate 0) at 2018.11.29-16.53.09
[2018.11.29-16.53.09:843][401]LogWorld: Bringing up level for play took: 0.001180
[2018.11.29-16.53.10:016][401]LogContentBrowser: Native class hierarchy updated for 'MovieSceneCapture' in 0.0006 seconds. Added 10 classes and 0 folders.
[2018.11.29-16.53.11:676][401]PIE: Play in editor start time for /Game/ThirdPersonBP/Maps/UEDPIE_0_FirstMap 2.54
[2018.11.29-16.53.11:676][401]LogBlueprintUserMessages: Late PlayInEditor Detection: Level '/Game/ThirdPersonBP/Maps/FirstMap.FirstMap:PersistentLevel' has LevelScriptBlueprint '/Game/ThirdPersonBP/Maps/FirstMap.FirstMap:PersistentLevel.FirstMap' with GeneratedClass '/Game/ThirdPersonBP/Maps/FirstMap.FirstMap_C' with ClassGeneratedBy '/Game/ThirdPersonBP/Maps/FirstMap.FirstMap:PersistentLevel.FirstMap'
[2018.11.29-16.53.16:297][826]LogBlueprintUserMessages: [ThirdPersonGameMode_C_0] 0
[2018.11.29-16.53.16:299][826]LogBlueprintUserMessages: [ThirdPersonGameMode_C_0] 0
[2018.11.29-16.53.16:300][826]LogBlueprintUserMessages: [ThirdPersonGameMode_C_0] 0
[2018.11.29-16.53.16:301][826]LogBlueprintUserMessages: [ThirdPersonGameMode_C_0] 0
[2018.11.29-16.53.16:613][826]LogBlueprintUserMessages: [ThirdPersonGameMode_C_0] 0
[2018.11.29-16.53.16:615][826]LogBlueprintUserMessages: [ThirdPersonGameMode_C_0] 0
[2018.11.29-16.53.16:616][826]LogBlueprintUserMessages: [ThirdPersonGameMode_C_0] 0
[2018.11.29-16.53.16:617][826]LogBlueprintUserMessages: [ThirdPersonGameMode_C_0] 0
[2018.11.29-16.53.16:618][826]LogBlueprintUserMessages: [ThirdPersonGameMode_C_0] 0
[2018.11.29-16.53.16:620][826]LogBlueprintUserMessages: [ThirdPersonGameMode_C_0] 0
[2018.11.29-16.53.16:622][826]LogBlueprintUserMessages: [ThirdPersonGameMode_C_0] 0
[2018.11.29-16.53.16:624][826]LogBlueprintUserMessages: [ThirdPersonGameMode_C_0] 0
[2018.11.29-16.53.16:625][826]LogBlueprintUserMessages: [ThirdPersonGameMode_C_0] 0
[2018.11.29-16.53.16:627][826]LogBlueprintUserMessages: [ThirdPersonGameMode_C_0] 0
[2018.11.29-16.53.16:629][826]LogBlueprintUserMessages: [ThirdPersonGameMode_C_0] 0
[2018.11.29-16.53.16:631][826]LogBlueprintUserMessages: [ThirdPersonGameMode_C_0] 0
[2018.11.29-16.53.16:633][826]LogBlueprintUserMessages: [ThirdPersonGameMode_C_0] 0
[2018.11.29-16.53.16:635][826]LogBlueprintUserMessages: [ThirdPersonGameMode_C_0] 0
[2018.11.29-16.53.16:637][826]LogBlueprintUserMessages: [ThirdPersonGameMode_C_0] 0
[2018.11.29-16.53.16:638][826]LogBlueprintUserMessages: [ThirdPersonGameMode_C_0] 0
[2018.11.29-16.53.16:639][826]LogBlueprintUserMessages: [ThirdPersonGameMode_C_0] 0
[2018.11.29-16.53.16:640][826]LogBlueprintUserMessages: [ThirdPersonGameMode_C_0] 0
[2018.11.29-16.53.16:640][826]LogBlueprintUserMessages: [ThirdPersonGameMode_C_0] 0
[2018.11.29-16.53.16:641][826]LogBlueprintUserMessages: [ThirdPersonGameMode_C_0] 0
[2018.11.29-16.53.16:642][826]LogBlueprintUserMessages: [ThirdPersonGameMode_C_0] 0
[2018.11.29-16.53.17:101][853]LogBlueprintUserMessages: [FirstTIle_C_0] 1
[2018.11.29-16.53.17:930][899]LogBlueprintUserMessages: [FirstTIle_C_1] 2
[2018.11.29-16.53.18:747][997]LogBlueprintUserMessages: [FirstTIle_C_2] 3
[2018.11.29-16.53.19:555][ 94]LogBlueprintUserMessages: [MasterTile_C_0] 4
[2018.11.29-16.53.20:355][190]LogBlueprintUserMessages: [MasterTile_C_1] 5
[2018.11.29-16.53.21:149][285]LogBlueprintUserMessages: [MasterTile_C_2] 6
[2018.11.29-16.53.21:931][379]LogBlueprintUserMessages: [MasterTile_C_3] 7
[2018.11.29-16.53.22:709][472]LogBlueprintUserMessages: [MasterTile_C_4] 8
[2018.11.29-16.53.23:484][565]LogBlueprintUserMessages: [MasterTile_C_5] 9
[2018.11.29-16.53.24:242][656]LogBlueprintUserMessages: [MasterTile_C_6] 10
[2018.11.29-16.53.24:993][746]LogBlueprintUserMessages: [MasterTile_C_7] 11
[2018.11.29-16.53.25:743][836]LogBlueprintUserMessages: [MasterTile_C_8] 12
[2018.11.29-16.53.26:485][925]LogBlueprintUserMessages: [MasterTile_C_9] 13
[2018.11.29-16.53.27:218][ 13]LogBlueprintUserMessages: [MasterTile_C_10] 14
[2018.11.29-16.53.27:944][100]LogBlueprintUserMessages: [MasterTile_C_11] 15
[2018.11.29-16.53.29:090][185]LogBlueprintUserMessages: [MasterTile_C_12] 16
[2018.11.29-16.53.32:637][496]LogSlate: FSceneViewport::OnFocusLost() reason 0
[2018.11.29-16.53.32:718][506]Cmd: restartlevel
[2018.11.29-16.53.32:813][506]LogNet: Browse: /Game/ThirdPersonBP/Maps/FirstMap?restart
[2018.11.29-16.53.32:813][506]LogLoad: LoadMap: /Game/ThirdPersonBP/Maps/FirstMap
[2018.11.29-16.53.32:874][506]LogPlayLevel: Creating play world package: /Game/ThirdPersonBP/Maps/UEDPIE_0_FirstMap
[2018.11.29-16.53.32:877][506]LogPlayLevel: PIE: StaticDuplicateObject took: (0.002908s)
[2018.11.29-16.53.32:878][506]LogAIModule: Creating AISystem for world FirstMap
[2018.11.29-16.53.32:878][506]LogPlayLevel: PIE: World Init took: (0.001217s)
[2018.11.29-16.53.32:879][506]LogPlayLevel: PIE: Created PIE world by copying editor world from /Game/ThirdPersonBP/Maps/FirstMap.FirstMap to /Game/ThirdPersonBP/Maps/UEDPIE_0_FirstMap.FirstMap (0.004273s)
[2018.11.29-16.53.32:879][506]LogLoad: Game class is 'ThirdPersonGameMode_C'
[2018.11.29-16.53.32:880][506]LogWorld: Bringing World /Game/ThirdPersonBP/Maps/UEDPIE_0_FirstMap.FirstMap up for play (max tick rate 0) at 2018.11.29-16.53.32
[2018.11.29-16.53.32:880][506]LogWorld: Bringing up level for play took: 0.000384
[2018.11.29-16.53.32:883][506]LogLoad: Took 0.068486 seconds to LoadMap(/Game/ThirdPersonBP/Maps/UEDPIE_0_FirstMap)
[2018.11.29-16.53.36:716][964]LogBlueprintUserMessages: [ThirdPersonGameMode_C_0] 0
[2018.11.29-16.53.36:717][964]LogBlueprintUserMessages: [ThirdPersonGameMode_C_0] 0
[2018.11.29-16.53.36:717][964]LogBlueprintUserMessages: [ThirdPersonGameMode_C_0] 0
[2018.11.29-16.53.36:718][964]LogBlueprintUserMessages: [ThirdPersonGameMode_C_0] 0
[2018.11.29-16.53.36:719][964]LogBlueprintUserMessages: [ThirdPersonGameMode_C_0] 0
[2018.11.29-16.53.36:719][964]LogBlueprintUserMessages: [ThirdPersonGameMode_C_0] 0
[2018.11.29-16.53.36:720][964]LogBlueprintUserMessages: [ThirdPersonGameMode_C_0] 0
[2018.11.29-16.53.36:721][964]LogBlueprintUserMessages: [ThirdPersonGameMode_C_0] 0
[2018.11.29-16.53.36:721][964]LogBlueprintUserMessages: [ThirdPersonGameMode_C_0] 0
[2018.11.29-16.53.36:723][964]LogBlueprintUserMessages: [ThirdPersonGameMode_C_0] 0
[2018.11.29-16.53.36:724][964]LogBlueprintUserMessages: [ThirdPersonGameMode_C_0] 0
[2018.11.29-16.53.36:725][964]LogBlueprintUserMessages: [ThirdPersonGameMode_C_0] 0
[2018.11.29-16.53.36:725][964]LogBlueprintUserMessages: [ThirdPersonGameMode_C_0] 0
[2018.11.29-16.53.36:726][964]LogBlueprintUserMessages: [ThirdPersonGameMode_C_0] 0
[2018.11.29-16.53.36:726][964]LogBlueprintUserMessages: [ThirdPersonGameMode_C_0] 0
[2018.11.29-16.53.36:727][964]LogBlueprintUserMessages: [ThirdPersonGameMode_C_0] 0
[2018.11.29-16.53.36:728][964]LogBlueprintUserMessages: [ThirdPersonGameMode_C_0] 0
[2018.11.29-16.53.36:729][964]LogBlueprintUserMessages: [ThirdPersonGameMode_C_0] 0
[2018.11.29-16.53.36:729][964]LogBlueprintUserMessages: [ThirdPersonGameMode_C_0] 0
[2018.11.29-16.53.36:730][964]LogBlueprintUserMessages: [ThirdPersonGameMode_C_0] 0
[2018.11.29-16.53.36:731][964]LogBlueprintUserMessages: [ThirdPersonGameMode_C_0] 0
[2018.11.29-16.53.36:731][964]LogBlueprintUserMessages: [ThirdPersonGameMode_C_0] 0
[2018.11.29-16.53.36:732][964]LogBlueprintUserMessages: [ThirdPersonGameMode_C_0] 0
[2018.11.29-16.53.36:732][964]LogBlueprintUserMessages: [ThirdPersonGameMode_C_0] 0
[2018.11.29-16.53.36:733][964]LogBlueprintUserMessages: [ThirdPersonGameMode_C_0] 0
[2018.11.29-16.53.37:564][ 64]LogBlueprintUserMessages: [FirstTIle_C_0] 1
[2018.11.29-16.53.38:389][163]LogBlueprintUserMessages: [FirstTIle_C_1] 2
[2018.11.29-16.53.39:207][261]LogBlueprintUserMessages: [FirstTIle_C_2] 3
[2018.11.29-16.53.40:014][358]LogBlueprintUserMessages: [MasterTile_C_0] 4
[2018.11.29-16.53.40:815][454]LogBlueprintUserMessages: [MasterTile_C_1] 5
[2018.11.29-16.53.41:607][541]LogBlueprintUserMessages: [MasterTile_C_2] 6
[2018.11.29-16.53.42:399][636]LogBlueprintUserMessages: [MasterTile_C_3] 7
[2018.11.29-16.53.42:415][638]LogBlueprintUserMessages: [Magnet_Pickup_C_0] MagnetActive
[2018.11.29-16.53.43:170][673]LogBlueprintUserMessages: [MasterTile_C_4] 8
[2018.11.29-16.53.43:950][704]LogBlueprintUserMessages: [MasterTile_C_5] 9
[2018.11.29-16.53.44:717][796]LogBlueprintUserMessages: [MasterTile_C_6] 10
[2018.11.29-16.53.45:467][886]LogBlueprintUserMessages: [MasterTile_C_7] 11
[2018.11.29-16.53.49:212][328]Cmd: restartlevel
[2018.11.29-16.53.49:212][328]LogNet: Browse: /Game/ThirdPersonBP/Maps/FirstMap?restart
[2018.11.29-16.53.49:212][328]LogLoad: LoadMap: /Game/ThirdPersonBP/Maps/FirstMap
[2018.11.29-16.53.49:239][328]LogPlayLevel: Creating play world package: /Game/ThirdPersonBP/Maps/UEDPIE_0_FirstMap
[2018.11.29-16.53.49:242][328]LogPlayLevel: PIE: StaticDuplicateObject took: (0.002859s)
[2018.11.29-16.53.49:243][328]LogAIModule: Creating AISystem for world FirstMap
[2018.11.29-16.53.49:243][328]LogPlayLevel: PIE: World Init took: (0.000714s)
[2018.11.29-16.53.49:243][328]LogPlayLevel: PIE: Created PIE world by copying editor world from /Game/ThirdPersonBP/Maps/FirstMap.FirstMap to /Game/ThirdPersonBP/Maps/UEDPIE_0_FirstMap.FirstMap (0.003719s)
[2018.11.29-16.53.49:243][328]LogLoad: Game class is 'ThirdPersonGameMode_C'
[2018.11.29-16.53.49:244][328]LogWorld: Bringing World /Game/ThirdPersonBP/Maps/UEDPIE_0_FirstMap.FirstMap up for play (max tick rate 0) at 2018.11.29-16.53.49
[2018.11.29-16.53.49:244][328]LogWorld: Bringing up level for play took: 0.000399
[2018.11.29-16.53.49:247][328]LogLoad: Took 0.034775 seconds to LoadMap(/Game/ThirdPersonBP/Maps/UEDPIE_0_FirstMap)
[2018.11.29-16.53.53:213][803]LogBlueprintUserMessages: [ThirdPersonGameMode_C_0] 0
[2018.11.29-16.53.53:213][803]LogBlueprintUserMessages: [ThirdPersonGameMode_C_0] 0
[2018.11.29-16.53.53:214][803]LogBlueprintUserMessages: [ThirdPersonGameMode_C_0] 0
[2018.11.29-16.53.53:214][803]LogBlueprintUserMessages: [ThirdPersonGameMode_C_0] 0
[2018.11.29-16.53.53:215][803]LogBlueprintUserMessages: [ThirdPersonGameMode_C_0] 0
[2018.11.29-16.53.53:216][803]LogBlueprintUserMessages: [ThirdPersonGameMode_C_0] 0
[2018.11.29-16.53.53:217][803]LogBlueprintUserMessages: [ThirdPersonGameMode_C_0] 0
[2018.11.29-16.53.53:219][803]LogBlueprintUserMessages: [ThirdPersonGameMode_C_0] 0
[2018.11.29-16.53.53:219][803]LogBlueprintUserMessages: [ThirdPersonGameMode_C_0] 0
[2018.11.29-16.53.53:219][803]LogBlueprintUserMessages: [ThirdPersonGameMode_C_0] 0
[2018.11.29-16.53.53:220][803]LogBlueprintUserMessages: [ThirdPersonGameMode_C_0] 0
[2018.11.29-16.53.53:220][803]LogBlueprintUserMessages: [ThirdPersonGameMode_C_0] 0
[2018.11.29-16.53.53:221][803]LogBlueprintUserMessages: [ThirdPersonGameMode_C_0] 0
[2018.11.29-16.53.53:222][803]LogBlueprintUserMessages: [ThirdPersonGameMode_C_0] 0
[2018.11.29-16.53.53:223][803]LogBlueprintUserMessages: [ThirdPersonGameMode_C_0] 0
[2018.11.29-16.53.53:224][803]LogBlueprintUserMessages: [ThirdPersonGameMode_C_0] 0
[2018.11.29-16.53.53:225][803]LogBlueprintUserMessages: [ThirdPersonGameMode_C_0] 0
[2018.11.29-16.53.53:226][803]LogBlueprintUserMessages: [ThirdPersonGameMode_C_0] 0
[2018.11.29-16.53.53:227][803]LogBlueprintUserMessages: [ThirdPersonGameMode_C_0] 0
[2018.11.29-16.53.53:228][803]LogBlueprintUserMessages: [ThirdPersonGameMode_C_0] 0
[2018.11.29-16.53.53:228][803]LogBlueprintUserMessages: [ThirdPersonGameMode_C_0] 0
[2018.11.29-16.53.53:229][803]LogBlueprintUserMessages: [ThirdPersonGameMode_C_0] 0
[2018.11.29-16.53.53:229][803]LogBlueprintUserMessages: [ThirdPersonGameMode_C_0] 0
[2018.11.29-16.53.53:230][803]LogBlueprintUserMessages: [ThirdPersonGameMode_C_0] 0
[2018.11.29-16.53.53:230][803]LogBlueprintUserMessages: [ThirdPersonGameMode_C_0] 0
[2018.11.29-16.53.54:062][903]LogBlueprintUserMessages: [FirstTIle_C_0] 1
[2018.11.29-16.53.54:887][  2]LogBlueprintUserMessages: [FirstTIle_C_1] 2
[2018.11.29-16.53.55:705][100]LogBlueprintUserMessages: [FirstTIle_C_2] 3
[2018.11.29-16.53.56:511][197]LogBlueprintUserMessages: [MasterTile_C_0] 4
[2018.11.29-16.53.57:313][293]LogBlueprintUserMessages: [MasterTile_C_1] 5
[2018.11.29-16.53.59:805][592]LogBlueprintUserMessages: Early EndPlayMap Detection: Level '/Game/ThirdPersonBP/Maps/FirstMap.FirstMap:PersistentLevel' has LevelScriptBlueprint '/Game/ThirdPersonBP/Maps/FirstMap.FirstMap:PersistentLevel.FirstMap' with GeneratedClass '/Game/ThirdPersonBP/Maps/FirstMap.FirstMap_C' with ClassGeneratedBy '/Game/ThirdPersonBP/Maps/FirstMap.FirstMap:PersistentLevel.FirstMap'
[2018.11.29-16.53.59:805][592]LogSlate: Updating window title bar state: overlay mode, drag disabled, window buttons hidden, title bar hidden
[2018.11.29-16.53.59:837][592]LogPlayLevel: Display: Shutting down PIE online subsystems
[2018.11.29-16.53.59:838][592]LogBlueprintUserMessages: Late EndPlayMap Detection: Level '/Game/ThirdPersonBP/Maps/FirstMap.FirstMap:PersistentLevel' has LevelScriptBlueprint '/Game/ThirdPersonBP/Maps/FirstMap.FirstMap:PersistentLevel.FirstMap' with GeneratedClass '/Game/ThirdPersonBP/Maps/FirstMap.FirstMap_C' with ClassGeneratedBy '/Game/ThirdPersonBP/Maps/FirstMap.FirstMap:PersistentLevel.FirstMap'
[2018.11.29-16.53.59:861][592]LogSlate: Updating window title bar state: overlay mode, drag disabled, window buttons hidden, title bar hidden
[2018.11.29-16.53.59:914][596]LogPlayLevel: Display: Destroying online subsystem :Context_15
[2018.11.29-16.54.13:895][224]LogSlate: Window '333404__jayfrosting__cheer-2 - Generic Asset Editor' being destroyed
[2018.11.29-16.54.14:367][224]LogSlate: Window 'FlaminGo - Unreal Editor' being destroyed
[2018.11.29-16.54.14:368][224]LogWindowsTextInputMethodSystem: Display: IME system now deactivated.
[2018.11.29-16.54.14:613][225]Cmd: QUIT_EDITOR
[2018.11.29-16.54.15:407][225]LogExit: Preparing to exit.
[2018.11.29-16.54.16:196][225]LogExit: Editor shut down
[2018.11.29-16.54.16:196][225]LogExit: Transaction tracking system shut down
[2018.11.29-16.54.16:762][225]LogExit: Object subsystem successfully closed.
[2018.11.29-16.54.16:773][225]LogShaderCompilers: Display: Shaders left to compile 0
[2018.11.29-16.54.16:776][225]LogD3D11RHI: Shutdown
[2018.11.29-16.54.16:776][225]LogD3D11RHI: CleanupD3DDevice
[2018.11.29-16.54.16:778][225]LogD3D11RHI: ~FD3D11DynamicRHI
[2018.11.29-16.54.16:795][225]LogModuleManager: Shutting down and abandoning module MovieSceneCapture (614)
[2018.11.29-16.54.16:795][225]LogModuleManager: Shutting down and abandoning module Voice (612)
[2018.11.29-16.54.16:795][225]LogModuleManager: Shutting down and abandoning module HierarchicalLODOutliner (610)
[2018.11.29-16.54.16:795][225]LogModuleManager: Shutting down and abandoning module SceneOutliner (608)
[2018.11.29-16.54.16:796][225]LogModuleManager: Shutting down and abandoning module AddContentDialog (606)
[2018.11.29-16.54.16:796][225]LogModuleManager: Shutting down and abandoning module WidgetCarousel (605)
[2018.11.29-16.54.16:796][225]LogModuleManager: Shutting down and abandoning module EditorWidgets (602)
[2018.11.29-16.54.16:796][225]LogModuleManager: Shutting down and abandoning module CollectionManager (600)
[2018.11.29-16.54.16:796][225]LogModuleManager: Shutting down and abandoning module StatsViewer (598)
[2018.11.29-16.54.16:797][225]LogModuleManager: Shutting down and abandoning module FoliageEdit (596)
[2018.11.29-16.54.16:797][225]LogModuleManager: Shutting down and abandoning module LandscapeEditor (594)
[2018.11.29-16.54.16:797][225]LogModuleManager: Shutting down and abandoning module MeshPaintMode (592)
[2018.11.29-16.54.16:797][225]LogModuleManager: Shutting down and abandoning module SceneDepthPickerMode (590)
[2018.11.29-16.54.16:797][225]LogModuleManager: Shutting down and abandoning module ActorPickerMode (588)
[2018.11.29-16.54.16:797][225]LogModuleManager: Shutting down and abandoning module GeometryMode (586)
[2018.11.29-16.54.16:797][225]LogModuleManager: Shutting down and abandoning module TextureAlignMode (584)
[2018.11.29-16.54.16:797][225]LogModuleManager: Shutting down and abandoning module BspMode (582)
[2018.11.29-16.54.16:797][225]LogModuleManager: Shutting down and abandoning module PIEPreviewDeviceProfileSelector (580)
[2018.11.29-16.54.16:797][225]LogModuleManager: Shutting down and abandoning module SequenceRecorderSections (578)
[2018.11.29-16.54.16:797][225]LogModuleManager: Shutting down and abandoning module AutomationWorker (576)
[2018.11.29-16.54.16:797][225]LogModuleManager: Shutting down and abandoning module AudioCaptureEditor (574)
[2018.11.29-16.54.16:797][225]LogModuleManager: Shutting down and abandoning module SequenceRecorder (573)
[2018.11.29-16.54.16:797][225]LogModuleManager: Shutting down and abandoning module MatineeToLevelSequence (570)
[2018.11.29-16.54.16:797][225]LogModuleManager: Shutting down and abandoning module LevelSequenceEditor (568)
[2018.11.29-16.54.16:797][225]LogModuleManager: Shutting down and abandoning module PlacementMode (567)
[2018.11.29-16.54.16:797][225]LogModuleManager: Shutting down and abandoning module MaterialEditor (566)
[2018.11.29-16.54.16:797][225]LogModuleManager: Shutting down and abandoning module WmfMediaFactory (562)
[2018.11.29-16.54.16:797][225]LogModuleManager: Shutting down and abandoning module WmfMediaEditor (560)
[2018.11.29-16.54.16:797][225]LogModuleManager: Shutting down and abandoning module MediaPlayerEditor (558)
[2018.11.29-16.54.16:797][225]LogModuleManager: Shutting down and abandoning module OpenExrWrapper (556)
[2018.11.29-16.54.16:797][225]LogModuleManager: Shutting down and abandoning module ImgMediaFactory (554)
[2018.11.29-16.54.16:797][225]LogModuleManager: Shutting down and abandoning module ImgMediaEditor (552)
[2018.11.29-16.54.16:797][225]LogModuleManager: Shutting down and abandoning module AvfMediaFactory (550)
[2018.11.29-16.54.16:797][225]LogModuleManager: Shutting down and abandoning module AvfMediaEditor (548)
[2018.11.29-16.54.16:797][225]LogModuleManager: Shutting down and abandoning module AndroidMediaFactory (546)
[2018.11.29-16.54.16:797][225]LogModuleManager: Shutting down and abandoning module AndroidMediaEditor (544)
[2018.11.29-16.54.16:797][225]LogModuleManager: Shutting down and abandoning module MagicLeapCameraPreviewFactory (542)
[2018.11.29-16.54.16:797][225]LogModuleManager: Shutting down and abandoning module MagicLeapMediaFactory (540)
[2018.11.29-16.54.16:797][225]LogModuleManager: Shutting down and abandoning module MagicLeapMediaEditor (538)
[2018.11.29-16.54.16:797][225]LogModuleManager: Shutting down and abandoning module CharacterAI (536)
[2018.11.29-16.54.16:797][225]LogModuleManager: Shutting down and abandoning module SmartSnapping (534)
[2018.11.29-16.54.16:797][225]LogModuleManager: Shutting down and abandoning module SessionServices (532)
[2018.11.29-16.54.16:797][225]LogModuleManager: Shutting down and abandoning module ViewportSnapping (530)
[2018.11.29-16.54.16:797][225]LogModuleManager: Shutting down and abandoning module ViewportInteraction (528)
[2018.11.29-16.54.16:797][225]LogModuleManager: Shutting down and abandoning module ClothPainter (526)
[2018.11.29-16.54.16:797][225]LogModuleManager: Shutting down and abandoning module SkeletalMeshEditor (525)
[2018.11.29-16.54.16:797][225]LogModuleManager: Shutting down and abandoning module LogVisualizer (522)
[2018.11.29-16.54.16:797][225]LogModuleManager: Shutting down and abandoning module IntroTutorials (520)
[2018.11.29-16.54.16:797][225]LogModuleManager: Shutting down and abandoning module GameProjectGeneration (519)
[2018.11.29-16.54.16:797][225]LogModuleManager: Shutting down and abandoning module LuminPlatformEditor (516)
[2018.11.29-16.54.16:797][225]LogModuleManager: Shutting down and abandoning module IOSPlatformEditor (514)
[2018.11.29-16.54.16:797][225]LogModuleManager: Shutting down and abandoning module HTML5PlatformEditor (512)
[2018.11.29-16.54.16:798][225]LogModuleManager: Shutting down and abandoning module AndroidPlatformEditor (510)
[2018.11.29-16.54.16:798][225]LogModuleManager: Shutting down and abandoning module AndroidDeviceDetection (509)
[2018.11.29-16.54.18:002][225]LogModuleManager: Shutting down and abandoning module WindowsPlatformEditor (506)
[2018.11.29-16.54.18:002][225]LogModuleManager: Shutting down and abandoning module LuminRuntimeSettings (504)
[2018.11.29-16.54.18:002][225]LogModuleManager: Shutting down and abandoning module IOSRuntimeSettings (502)
[2018.11.29-16.54.18:002][225]LogModuleManager: Shutting down and abandoning module AndroidRuntimeSettings (500)
[2018.11.29-16.54.18:002][225]LogModuleManager: Shutting down and abandoning module InputBindingEditor (498)
[2018.11.29-16.54.18:002][225]LogModuleManager: Shutting down and abandoning module MergeActors (496)
[2018.11.29-16.54.18:002][225]LogModuleManager: Shutting down and abandoning module LocalizationDashboard (494)
[2018.11.29-16.54.18:002][225]LogModuleManager: Shutting down and abandoning module LocalizationService (493)
[2018.11.29-16.54.18:002][225]LogModuleManager: Shutting down and abandoning module HardwareTargeting (490)
[2018.11.29-16.54.18:002][225]LogModuleManager: Shutting down and abandoning module DeviceProfileEditor (488)
[2018.11.29-16.54.18:002][225]LogModuleManager: Shutting down and abandoning module UndoHistory (486)
[2018.11.29-16.54.18:002][225]LogModuleManager: Shutting down and abandoning module XmlParser (484)
[2018.11.29-16.54.18:002][225]LogModuleManager: Shutting down and abandoning module Blutility (482)
[2018.11.29-16.54.18:002][225]LogModuleManager: Shutting down and abandoning module ProjectSettingsViewer (480)
[2018.11.29-16.54.18:003][225]LogModuleManager: Shutting down and abandoning module ProjectTargetPlatformEditor (479)
[2018.11.29-16.54.18:003][225]LogModuleManager: Shutting down and abandoning module EditorSettingsViewer (476)
[2018.11.29-16.54.18:003][225]LogModuleManager: Shutting down and abandoning module SettingsEditor (474)
[2018.11.29-16.54.18:003][225]LogModuleManager: Shutting down and abandoning module ProjectLauncher (472)
[2018.11.29-16.54.18:003][225]LogModuleManager: Shutting down and abandoning module SessionFrontend (470)
[2018.11.29-16.54.18:003][225]LogModuleManager: Shutting down and abandoning module ProfilerClient (468)
[2018.11.29-16.54.18:003][225]LogModuleManager: Shutting down and abandoning module DeviceManager (466)
[2018.11.29-16.54.18:003][225]LogModuleManager: Shutting down and abandoning module TargetDeviceServices (465)
[2018.11.29-16.54.18:047][225]LogModuleManager: Shutting down and abandoning module AutomationController (462)
[2018.11.29-16.54.18:047][225]LogModuleManager: Shutting down and abandoning module AutomationWindow (460)
[2018.11.29-16.54.18:047][225]LogModuleManager: Shutting down and abandoning module Layers (458)
[2018.11.29-16.54.18:047][225]LogModuleManager: Shutting down and abandoning module ComponentVisualizers (456)
[2018.11.29-16.54.18:047][225]LogModuleManager: Shutting down and abandoning module DetailCustomizations (454)
[2018.11.29-16.54.18:047][225]LogModuleManager: Shutting down and abandoning module PackagesDialog (452)
[2018.11.29-16.54.18:047][225]LogModuleManager: Shutting down and abandoning module Persona (450)
[2018.11.29-16.54.18:047][225]LogModuleManager: Shutting down and abandoning module AdvancedPreviewScene (449)
[2018.11.29-16.54.18:047][225]LogModuleManager: Shutting down and abandoning module AnimGraph (447)
[2018.11.29-16.54.18:047][225]LogModuleManager: Shutting down and abandoning module Kismet (444)
[2018.11.29-16.54.18:049][225]LogModuleManager: Shutting down and abandoning module GraphEditor (442)
[2018.11.29-16.54.18:049][225]LogModuleManager: Shutting down and abandoning module ClassViewer (440)
[2018.11.29-16.54.18:049][225]LogModuleManager: Shutting down and abandoning module Toolbox (438)
[2018.11.29-16.54.18:049][225]LogModuleManager: Shutting down and abandoning module ModuleUI (436)
[2018.11.29-16.54.18:049][225]LogModuleManager: Shutting down and abandoning module MovieSceneTools (434)
[2018.11.29-16.54.18:049][225]LogModuleManager: Shutting down and abandoning module OutputLog (432)
[2018.11.29-16.54.18:049][225]LogModuleManager: Shutting down and abandoning module GammaUI (430)
[2018.11.29-16.54.18:049][225]LogModuleManager: Shutting down and abandoning module Documentation (428)
[2018.11.29-16.54.18:049][225]LogModuleManager: Shutting down and abandoning module MovieSceneTracks (426)
[2018.11.29-16.54.18:049][225]LogModuleManager: Shutting down and abandoning module MovieScene (424)
[2018.11.29-16.54.18:049][225]LogModuleManager: Shutting down and abandoning module StreamingPauseRendering (422)
[2018.11.29-16.54.18:049][225]LogModuleManager: Shutting down and abandoning module LauncherPlatform (420)
[2018.11.29-16.54.18:049][225]LogModuleManager: Shutting down and abandoning module AnalyticsET (418)
[2018.11.29-16.54.18:049][225]LogModuleManager: Shutting down and abandoning module PortalServices (416)
[2018.11.29-16.54.18:049][225]LogModuleManager: Shutting down and abandoning module PortalRpc (414)
[2018.11.29-16.54.18:049][225]LogModuleManager: Shutting down and abandoning module MessagingRpc (412)
[2018.11.29-16.54.18:049][225]LogModuleManager: Shutting down and abandoning module AIModule (410)
[2018.11.29-16.54.18:049][225]LogModuleManager: Shutting down and abandoning module GameplayDebugger (409)
[2018.11.29-16.54.18:049][225]LogModuleManager: Shutting down and abandoning module AITestSuite (407)
[2018.11.29-16.54.18:049][225]LogModuleManager: Shutting down and abandoning module NavigationSystem (405)
[2018.11.29-16.54.18:049][225]LogModuleManager: Shutting down and abandoning module DesktopPlatform (402)
[2018.11.29-16.54.18:049][225]LogModuleManager: Shutting down and abandoning module ProfilerService (400)
[2018.11.29-16.54.18:263][225]LogModuleManager: Shutting down and abandoning module TaskGraph (398)
[2018.11.29-16.54.18:263][225]LogModuleManager: Shutting down and abandoning module SteamVRController (396)
[2018.11.29-16.54.18:263][225]LogModuleManager: Shutting down and abandoning module ProceduralMeshComponentEditor (394)
[2018.11.29-16.54.18:263][225]LogModuleManager: Shutting down and abandoning module ProceduralMeshComponent (392)
[2018.11.29-16.54.18:263][225]LogModuleManager: Shutting down and abandoning module OculusInput (390)
[2018.11.29-16.54.18:263][225]LogModuleManager: Shutting down and abandoning module MobilePatchingUtils (388)
[2018.11.29-16.54.18:263][225]LogModuleManager: Shutting down and abandoning module EditableMesh (386)
[2018.11.29-16.54.18:263][225]LogModuleManager: Shutting down and abandoning module CustomMeshComponent (384)
[2018.11.29-16.54.18:263][225]LogModuleManager: Shutting down and abandoning module CableComponent (382)
[2018.11.29-16.54.18:263][225]LogModuleManager: Shutting down and abandoning module AudioCapture (380)
[2018.11.29-16.54.18:263][225]LogModuleManager: Shutting down and abandoning module ArchVisCharacter (378)
[2018.11.29-16.54.18:263][225]LogModuleManager: Shutting down and abandoning module AndroidPermission (376)
[2018.11.29-16.54.18:263][225]LogModuleManager: Shutting down and abandoning module NUTUnrealEngine4 (374)
[2018.11.29-16.54.18:263][225]LogModuleManager: Shutting down and abandoning module NetcodeUnitTest (372)
[2018.11.29-16.54.18:263][225]LogModuleManager: Shutting down and abandoning module MediaCompositingEditor (370)
[2018.11.29-16.54.18:264][225]LogModuleManager: Shutting down and abandoning module MediaCompositing (368)
[2018.11.29-16.54.18:264][225]LogModuleManager: Shutting down and abandoning module LinearTimecode (366)
[2018.11.29-16.54.18:264][225]LogModuleManager: Shutting down and abandoning module ImgMedia (364)
[2018.11.29-16.54.18:266][225]LogModuleManager: Shutting down and abandoning module HTML5Networking (362)
[2018.11.29-16.54.18:267][225]LogModuleManager: Shutting down and abandoning module GeometryCacheTracks (360)
[2018.11.29-16.54.18:267][225]LogModuleManager: Shutting down and abandoning module GeometryCacheSequencer (358)
[2018.11.29-16.54.18:267][225]LogModuleManager: Shutting down and abandoning module BackChannel (356)
[2018.11.29-16.54.18:267][225]LogModuleManager: Shutting down and abandoning module AppleVision (354)
[2018.11.29-16.54.18:267][225]LogModuleManager: Shutting down and abandoning module AppleImageUtils (352)
[2018.11.29-16.54.18:267][225]LogModuleManager: Shutting down and abandoning module AlembicImporter (350)
[2018.11.29-16.54.18:267][225]LogModuleManager: Shutting down and abandoning module AlembicLibrary (349)
[2018.11.29-16.54.18:267][225]LogModuleManager: Shutting down and abandoning module GeometryCache (348)
[2018.11.29-16.54.18:267][225]LogModuleManager: Shutting down and abandoning module GeometryCacheEd (347)
[2018.11.29-16.54.18:267][225]LogModuleManager: Shutting down and abandoning module DatasmithContentEditor (342)
[2018.11.29-16.54.18:267][225]LogModuleManager: Shutting down and abandoning module DatasmithContent (340)
[2018.11.29-16.54.18:267][225]LogModuleManager: Shutting down and abandoning module SpeedTreeImporter (338)
[2018.11.29-16.54.18:267][225]LogModuleManager: Shutting down and abandoning module PluginBrowser (336)
[2018.11.29-16.54.18:267][225]LogModuleManager: Shutting down and abandoning module MobileLauncherProfileWizard (334)
[2018.11.29-16.54.18:267][225]LogModuleManager: Shutting down and abandoning module PolygonModeling (332)
[2018.11.29-16.54.18:267][225]LogModuleManager: Shutting down and abandoning module MeshEditor (330)
[2018.11.29-16.54.18:267][225]LogModuleManager: Shutting down and abandoning module CryptoKeysOpenSSL (328)
[2018.11.29-16.54.18:267][225]LogModuleManager: Shutting down and abandoning module CryptoKeys (326)
[2018.11.29-16.54.18:267][225]LogModuleManager: Shutting down and abandoning module VisualStudioSourceCodeAccess (324)
[2018.11.29-16.54.18:267][225]LogModuleManager: Shutting down and abandoning module VisualStudioCodeSourceCodeAccess (322)
[2018.11.29-16.54.18:267][225]LogModuleManager: Shutting down and abandoning module UObjectPlugin (320)
[2018.11.29-16.54.18:267][225]LogModuleManager: Shutting down and abandoning module SubversionSourceControl (318)
[2018.11.29-16.54.18:267][225]LogModuleManager: Shutting down and abandoning module PerforceSourceControl (316)
[2018.11.29-16.54.18:267][225]LogModuleManager: Shutting down and abandoning module GitSourceControl (314)
[2018.11.29-16.54.18:267][225]LogModuleManager: Shutting down and abandoning module SourceControl (313)
[2018.11.29-16.54.18:267][225]LogModuleManager: Shutting down and abandoning module CLionSourceCodeAccess (310)
[2018.11.29-16.54.18:267][225]LogModuleManager: Shutting down and abandoning module LightPropagationVolumeEditor (308)
[2018.11.29-16.54.18:267][225]LogModuleManager: Shutting down and abandoning module PaperTiledImporter (306)
[2018.11.29-16.54.18:267][225]LogModuleManager: Shutting down and abandoning module PaperSpriteSheetImporter (304)
[2018.11.29-16.54.18:268][225]LogModuleManager: Shutting down and abandoning module Paper2DEditor (302)
[2018.11.29-16.54.18:268][225]LogModuleManager: Shutting down and abandoning module MeshPaint (301)
[2018.11.29-16.54.18:268][225]LogModuleManager: Shutting down and abandoning module RuntimePhysXCooking (298)
[2018.11.29-16.54.18:268][225]LogModuleManager: Shutting down and abandoning module PhysXVehiclesEditor (296)
[2018.11.29-16.54.18:268][225]LogModuleManager: Shutting down and abandoning module PhysXVehicles (294)
[2018.11.29-16.54.18:268][225]LogModuleManager: Shutting down and abandoning module OculusEditor (292)
[2018.11.29-16.54.18:268][225]LogModuleManager: Shutting down and abandoning module LocationServicesBPLibrary (290)
[2018.11.29-16.54.18:268][225]LogModuleManager: Shutting down and abandoning module ImmediatePhysicsEditor (288)
[2018.11.29-16.54.18:268][225]LogModuleManager: Shutting down and abandoning module ImmediatePhysics (286)
[2018.11.29-16.54.18:268][225]LogModuleManager: Shutting down and abandoning module ActorSequence (284)
[2018.11.29-16.54.18:268][225]LogModuleManager: Shutting down and abandoning module UdpMessaging (282)
[2018.11.29-16.54.18:370][225]LogModuleManager: Shutting down and abandoning module TcpMessaging (280)
[2018.11.29-16.54.18:470][225]LogModuleManager: Shutting down and abandoning module MagicLeapAudio (278)
[2018.11.29-16.54.18:470][225]LogModuleManager: Shutting down and abandoning module GameplayTagsEditor (276)
[2018.11.29-16.54.18:470][225]LogModuleManager: Shutting down and abandoning module FacialAnimationEditor (274)
[2018.11.29-16.54.18:470][225]LogModuleManager: Shutting down and abandoning module FacialAnimation (272)
[2018.11.29-16.54.18:470][225]LogModuleManager: Shutting down and abandoning module DataValidation (270)
[2018.11.29-16.54.18:470][225]LogModuleManager: Shutting down and abandoning module AssetManagerEditor (268)
[2018.11.29-16.54.18:470][225]LogModuleManager: Shutting down and abandoning module LevelEditor (267)
[2018.11.29-16.54.18:472][225]LogModuleManager: Shutting down and abandoning module PixelInspectorModule (266)
[2018.11.29-16.54.18:472][225]LogModuleManager: Shutting down and abandoning module CommonMenuExtensions (264)
[2018.11.29-16.54.18:472][225]LogModuleManager: Shutting down and abandoning module MainFrame (262)
[2018.11.29-16.54.18:472][225]LogModuleManager: Shutting down and abandoning module HotReload (261)
[2018.11.29-16.54.18:473][225]LogModuleManager: Shutting down and abandoning module ContentBrowser (257)
[2018.11.29-16.54.18:476][225]LogModuleManager: Shutting down and abandoning module TreeMap (255)
[2018.11.29-16.54.18:476][225]LogModuleManager: Shutting down and abandoning module LightPropagationVolumeRuntime (252)
[2018.11.29-16.54.18:476][225]LogModuleManager: Shutting down and abandoning module AISupportModule (250)
[2018.11.29-16.54.18:476][225]LogModuleManager: Shutting down and abandoning module Paper2D (248)
[2018.11.29-16.54.18:476][225]LogModuleManager: Shutting down and abandoning module WindowsMoviePlayer (246)
[2018.11.29-16.54.18:476][225]LogModuleManager: Shutting down and abandoning module WmfMedia (244)
[2018.11.29-16.54.18:479][225]LogModuleManager: Shutting down and abandoning module Media (243)
[2018.11.29-16.54.18:485][225]LogModuleManager: Shutting down and abandoning module PacketHandler (240)
[2018.11.29-16.54.18:486][225]LogModuleManager: Shutting down and abandoning module ClothingSystemEditor (238)
[2018.11.29-16.54.18:486][225]LogModuleManager: Shutting down and abandoning module ClothingSystemRuntime (236)
[2018.11.29-16.54.18:486][225]LogModuleManager: Shutting down and abandoning module MediaAssets (234)
[2018.11.29-16.54.18:486][225]LogModuleManager: Shutting down and abandoning module Overlay (232)
[2018.11.29-16.54.18:486][225]LogModuleManager: Shutting down and abandoning module OverlayEditor (231)
[2018.11.29-16.54.18:486][225]LogModuleManager: Shutting down and abandoning module VREditor (228)
[2018.11.29-16.54.18:486][225]LogModuleManager: Shutting down and abandoning module StringTableEditor (226)
[2018.11.29-16.54.18:486][225]LogModuleManager: Shutting down and abandoning module GameplayTasksEditor (224)
[2018.11.29-16.54.18:486][225]LogModuleManager: Shutting down and abandoning module BehaviorTreeEditor (222)
[2018.11.29-16.54.18:486][225]LogModuleManager: Shutting down and abandoning module FunctionalTesting (220)
[2018.11.29-16.54.18:486][225]LogModuleManager: Shutting down and abandoning module CollisionAnalyzer (218)
[2018.11.29-16.54.18:486][225]LogModuleManager: Shutting down and abandoning module WorkspaceMenuStructure (217)
[2018.11.29-16.54.18:486][225]LogModuleManager: Shutting down and abandoning module UMG (214)
[2018.11.29-16.54.18:486][225]LogModuleManager: Shutting down and abandoning module UMGEditor (213)
[2018.11.29-16.54.18:486][225]LogModuleManager: Shutting down and abandoning module Sequencer (212)
[2018.11.29-16.54.18:487][225]LogModuleManager: Shutting down and abandoning module MessageLog (209)
[2018.11.29-16.54.18:487][225]LogModuleManager: Shutting down and abandoning module SlateReflector (204)
[2018.11.29-16.54.18:487][225]LogModuleManager: Shutting down and abandoning module Slate (202)
[2018.11.29-16.54.18:487][225]LogModuleManager: Shutting down and abandoning module EditorStyle (200)
[2018.11.29-16.54.18:491][225]LogModuleManager: Shutting down and abandoning module MRMesh (198)
[2018.11.29-16.54.18:491][225]LogModuleManager: Shutting down and abandoning module SourceCodeAccess (196)
[2018.11.29-16.54.18:491][225]LogModuleManager: Shutting down and abandoning module HeadMountedDisplay (194)
[2018.11.29-16.54.18:491][225]LogModuleManager: Shutting down and abandoning module XAudio2 (192)
[2018.11.29-16.54.18:491][225]LogModuleManager: Shutting down and abandoning module Networking (190)
[2018.11.29-16.54.18:491][225]LogModuleManager: Shutting down and abandoning module Core (188)
[2018.11.29-16.54.18:491][225]LogModuleManager: Shutting down and abandoning module LevelSequence (186)
[2018.11.29-16.54.18:491][225]LogModuleManager: Shutting down and abandoning module KismetCompiler (184)
[2018.11.29-16.54.18:491][225]LogModuleManager: Shutting down and abandoning module MeshUtilities (182)
[2018.11.29-16.54.18:491][225]LogModuleManager: Shutting down and abandoning module MeshMergeUtilities (181)
[2018.11.29-16.54.18:491][225]LogModuleManager: Shutting down and abandoning module MeshReductionInterface (180)
[2018.11.29-16.54.18:491][225]LogModuleManager: Shutting down and abandoning module SimplygonSwarm (179)
[2018.11.29-16.54.18:492][225]LogModuleManager: Shutting down and abandoning module ProxyLODMeshReduction (177)
[2018.11.29-16.54.18:492][225]LogModuleManager: Shutting down and abandoning module SimplygonMeshReduction (175)
[2018.11.29-16.54.18:492][225]LogModuleManager: Shutting down and abandoning module QuadricMeshReduction (173)
[2018.11.29-16.54.18:492][225]LogModuleManager: Shutting down and abandoning module MaterialBaking (169)
[2018.11.29-16.54.18:492][225]LogModuleManager: Shutting down and abandoning module DirectoryWatcher (165)
[2018.11.29-16.54.18:492][225]LogModuleManager: Shutting down and abandoning module DerivedDataCache (162)
[2018.11.29-16.54.18:559][225]LogDerivedDataCache: Shutdown
[2018.11.29-16.54.18:559][225]LogModuleManager: Shutting down and abandoning module XGEController (160)
[2018.11.29-16.54.18:559][225]LogXGEController: Cleaning working directory: C:/Users/James/AppData/Local/Temp/UnrealXGEWorkingDir/
[2018.11.29-16.54.18:560][225]LogModuleManager: Shutting down and abandoning module TargetPlatform (158)
[2018.11.29-16.54.18:560][225]LogModuleManager: Shutting down and abandoning module VulkanShaderFormat (157)
[2018.11.29-16.54.18:560][225]LogModuleManager: Shutting down and abandoning module ShaderFormatVectorVM (155)
[2018.11.29-16.54.18:560][225]LogModuleManager: Shutting down and abandoning module ShaderFormatOpenGL (153)
[2018.11.29-16.54.18:560][225]LogModuleManager: Shutting down and abandoning module ShaderFormatD3D (151)
[2018.11.29-16.54.18:560][225]LogModuleManager: Shutting down and abandoning module MetalShaderFormat (149)
[2018.11.29-16.54.18:560][225]LogModuleManager: Shutting down and abandoning module TextureFormatUncompressed (147)
[2018.11.29-16.54.18:560][225]LogModuleManager: Shutting down and abandoning module TextureFormatPVR (145)
[2018.11.29-16.54.18:560][225]LogModuleManager: Shutting down and abandoning module TextureFormatDXT (143)
[2018.11.29-16.54.18:560][225]LogModuleManager: Shutting down and abandoning module TextureFormatIntelISPCTexComp (141)
[2018.11.29-16.54.18:560][225]LogModuleManager: Shutting down and abandoning module TextureFormatASTC (139)
[2018.11.29-16.54.18:560][225]LogModuleManager: Shutting down and abandoning module ImageWrapper (138)
[2018.11.29-16.54.18:560][225]LogModuleManager: Shutting down and abandoning module TextureFormatAndroid (135)
[2018.11.29-16.54.18:560][225]LogModuleManager: Shutting down and abandoning module AudioFormatOpus (133)
[2018.11.29-16.54.18:560][225]LogModuleManager: Shutting down and abandoning module AudioFormatOgg (131)
[2018.11.29-16.54.18:560][225]LogModuleManager: Shutting down and abandoning module AudioFormatADPCM (129)
[2018.11.29-16.54.18:560][225]LogModuleManager: Shutting down and abandoning module LuminTargetPlatform (127)
[2018.11.29-16.54.18:560][225]LogModuleManager: Shutting down and abandoning module LinuxTargetPlatform (125)
[2018.11.29-16.54.18:560][225]LogModuleManager: Shutting down and abandoning module LinuxServerTargetPlatform (123)
[2018.11.29-16.54.18:560][225]LogModuleManager: Shutting down and abandoning module LinuxNoEditorTargetPlatform (121)
[2018.11.29-16.54.18:560][225]LogModuleManager: Shutting down and abandoning module LinuxClientTargetPlatform (119)
[2018.11.29-16.54.18:560][225]LogModuleManager: Shutting down and abandoning module TVOSTargetPlatform (117)
[2018.11.29-16.54.18:562][225]LogModuleManager: Shutting down and abandoning module Messaging (115)
[2018.11.29-16.54.18:562][225]LogModuleManager: Shutting down and abandoning module IOSTargetPlatform (113)
[2018.11.29-16.54.18:563][225]LogModuleManager: Shutting down and abandoning module HTML5TargetPlatform (111)
[2018.11.29-16.54.18:563][225]LogModuleManager: Shutting down and abandoning module AndroidTargetPlatform (109)
[2018.11.29-16.54.18:572][225]LogModuleManager: Shutting down and abandoning module WindowsTargetPlatform (107)
[2018.11.29-16.54.18:572][225]LogModuleManager: Shutting down and abandoning module WindowsServerTargetPlatform (105)
[2018.11.29-16.54.18:572][225]LogModuleManager: Shutting down and abandoning module WindowsNoEditorTargetPlatform (103)
[2018.11.29-16.54.18:572][225]LogModuleManager: Shutting down and abandoning module WindowsClientTargetPlatform (101)
[2018.11.29-16.54.18:572][225]LogModuleManager: Shutting down and abandoning module MacTargetPlatform (99)
[2018.11.29-16.54.18:572][225]LogModuleManager: Shutting down and abandoning module MacServerTargetPlatform (97)
[2018.11.29-16.54.18:572][225]LogModuleManager: Shutting down and abandoning module MacNoEditorTargetPlatform (95)
[2018.11.29-16.54.18:572][225]LogModuleManager: Shutting down and abandoning module MacClientTargetPlatform (93)
[2018.11.29-16.54.18:572][225]LogModuleManager: Shutting down and abandoning module AllDesktopTargetPlatform (91)
[2018.11.29-16.54.18:572][225]LogModuleManager: Shutting down and abandoning module InputCore (88)
[2018.11.29-16.54.18:572][225]LogModuleManager: Shutting down and abandoning module Settings (86)
[2018.11.29-16.54.18:573][225]LogModuleManager: Shutting down and abandoning module PhysXCooking (84)
[2018.11.29-16.54.18:573][225]LogModuleManager: Shutting down and abandoning module SteamVR (82)
[2018.11.29-16.54.18:573][225]LogModuleManager: Shutting down and abandoning module OculusHMD (80)
[2018.11.29-16.54.18:573][225]LogModuleManager: Shutting down and abandoning module ExampleDeviceProfileSelector (78)
[2018.11.29-16.54.18:573][225]LogModuleManager: Shutting down and abandoning module LauncherChunkInstaller (76)
[2018.11.29-16.54.18:573][225]LogModuleManager: Shutting down and abandoning module OnlineBlueprintSupport (74)
[2018.11.29-16.54.18:573][225]LogModuleManager: Shutting down and abandoning module OnlineSubsystem (70)
[2018.11.29-16.54.18:574][225]LogModuleManager: Shutting down and abandoning module XMPP (65)
[2018.11.29-16.54.18:574][225]LogModuleManager: Shutting down and abandoning module WebSockets (64)
[2018.11.29-16.54.18:607][225]LogModuleManager: Shutting down and abandoning module HTTP (61)
[2018.11.29-16.54.18:607][225]LogHttp: Display: Http module shutting down, but needs to wait on 1 outstanding Http requests:
[2018.11.29-16.54.18:607][225]LogHttp: Display: 	verb=[POST] url=[https://datarouter.ol.epicgames.com/datarouter/api/v1/public/data?SessionID=%7B03A77D6A-4580-D517-276F-A2A0EB687814%7D&AppID=UEEditor.Rocket.Release&AppVersion=4.20.3-4369336%2B%2B%2BUE4%2BRelease-4.20&UserID=00bc8a5d4e1ae4ba5e92d1942186e671%7C4501aec3dc88488aaa73f02244674a6e%7C4fe2f908-9c87-47f1-bb2b-6c3bbfe61c9d&AppEnvironment=datacollector-binary&UploadType=eteventstream] status=Processing
[2018.11.29-16.54.18:609][225]LogModuleManager: Shutting down and abandoning module SSL (60)
[2018.11.29-16.54.18:610][225]LogModuleManager: Shutting down and abandoning module MagicLeapEmulator (56)
[2018.11.29-16.54.18:610][225]LogModuleManager: Shutting down and abandoning module MagicLeapPrivileges (54)
[2018.11.29-16.54.18:610][225]LogModuleManager: Shutting down and abandoning module MagicLeapIdentity (52)
[2018.11.29-16.54.18:610][225]LogModuleManager: Shutting down and abandoning module MagicLeapHelperVulkan (50)
[2018.11.29-16.54.18:610][225]LogModuleManager: Shutting down and abandoning module MagicLeapHelperOpenGL (48)
[2018.11.29-16.54.18:610][225]LogModuleManager: Shutting down and abandoning module MagicLeapSecureStorage (46)
[2018.11.29-16.54.18:610][225]LogModuleManager: Shutting down and abandoning module MagicLeapGestures (44)
[2018.11.29-16.54.18:610][225]LogModuleManager: Shutting down and abandoning module MagicLeapEyeTracker (42)
[2018.11.29-16.54.18:610][225]LogModuleManager: Shutting down and abandoning module MagicLeapController (40)
[2018.11.29-16.54.18:611][225]LogSlate: Slate User Destroyed.  User Index 0, Is Virtual User: 0
[2018.11.29-16.54.18:611][225]LogModuleManager: Shutting down and abandoning module MagicLeap (38)
[2018.11.29-16.54.18:611][225]LogModuleManager: Shutting down and abandoning module AnimationModifiers (36)
[2018.11.29-16.54.18:611][225]LogModuleManager: Shutting down and abandoning module PropertyEditor (35)
[2018.11.29-16.54.18:611][225]LogModuleManager: Shutting down and abandoning module AudioEditor (32)
[2018.11.29-16.54.18:611][225]LogModuleManager: Shutting down and abandoning module TextureCompressor (30)
[2018.11.29-16.54.18:611][225]LogModuleManager: Shutting down and abandoning module ShaderCore (28)
[2018.11.29-16.54.18:611][225]LogModuleManager: Shutting down and abandoning module Landscape (26)
[2018.11.29-16.54.18:611][225]LogModuleManager: Shutting down and abandoning module SlateRHIRenderer (24)
[2018.11.29-16.54.18:612][225]LogModuleManager: Shutting down and abandoning module OpenGLDrv (22)
[2018.11.29-16.54.18:612][225]LogModuleManager: Shutting down and abandoning module D3D11RHI (20)
[2018.11.29-16.54.18:612][225]LogModuleManager: Shutting down and abandoning module AnimGraphRuntime (18)
[2018.11.29-16.54.18:613][225]LogModuleManager: Shutting down and abandoning module Renderer (16)
[2018.11.29-16.54.18:613][225]LogModuleManager: Shutting down and abandoning module Engine (14)
[2018.11.29-16.54.18:613][225]LogModuleManager: Shutting down and abandoning module CoreUObject (12)
[2018.11.29-16.54.18:613][225]LogModuleManager: Shutting down and abandoning module NetworkFile (10)
[2018.11.29-16.54.18:613][225]LogModuleManager: Shutting down and abandoning module CookedIterativeFile (8)
[2018.11.29-16.54.18:613][225]LogModuleManager: Shutting down and abandoning module StreamingFile (6)
[2018.11.29-16.54.18:613][225]LogModuleManager: Shutting down and abandoning module SandboxFile (4)
[2018.11.29-16.54.18:613][225]LogModuleManager: Shutting down and abandoning module PakFile (2)
[2018.11.29-16.54.18:615][225]LogExit: Exiting.
[2018.11.29-16.54.18:630][225]Log file closed, 11/29/18 16:54:18
