Log file open, 10/03/18 23:52:07
LogWindows: Failed to load 'aqProf.dll' (GetLastError=126)
LogWindows: File 'aqProf.dll' does not exist
LogWindows: Failed to load 'VSPerf140.dll' (GetLastError=126)
LogWindows: File 'VSPerf140.dll' does not exist
LogWindows: Failed to load 'VtuneApi.dll' (GetLastError=126)
LogWindows: File 'VtuneApi.dll' does not exist
LogWindows: Failed to load 'VtuneApi32e.dll' (GetLastError=126)
LogWindows: File 'VtuneApi32e.dll' does not exist
LogInit: Display: Running engine for game: FlaminGo
LogPlatformFile: Not using cached read wrapper
LogTaskGraph: Started task graph with 5 named threads and 14 total threads with 3 sets of task threads.
LogStats: Stats thread started at 0.191632
LogD3D11RHI: Loaded GFSDK_Aftermath_Lib.x64.dll
LogICUInternationalization: Display: ICU TimeZone Detection - Raw Offset: +0:00, Platform Override: ''
LogPluginManager: Mounting plugin Paper2D
LogPluginManager: Mounting plugin AISupport
LogPluginManager: Mounting plugin LightPropagationVolume
LogPluginManager: Mounting plugin CLionSourceCodeAccess
LogPluginManager: Mounting plugin CodeLiteSourceCodeAccess
LogPluginManager: Mounting plugin GitSourceControl
LogPluginManager: Mounting plugin KDevelopSourceCodeAccess
LogPluginManager: Mounting plugin NullSourceCodeAccess
LogPluginManager: Mounting plugin PerforceSourceControl
LogPluginManager: Mounting plugin SubversionSourceControl
LogPluginManager: Mounting plugin UObjectPlugin
LogPluginManager: Mounting plugin VisualStudioCodeSourceCodeAccess
LogPluginManager: Mounting plugin VisualStudioSourceCodeAccess
LogPluginManager: Mounting plugin XCodeSourceCodeAccess
LogPluginManager: Mounting plugin AssetManagerEditor
LogPluginManager: Mounting plugin CryptoKeys
LogPluginManager: Mounting plugin DataValidation
LogPluginManager: Mounting plugin FacialAnimation
LogPluginManager: Mounting plugin GameplayTagsEditor
LogPluginManager: Mounting plugin MacGraphicsSwitching
LogPluginManager: Mounting plugin MeshEditor
LogPluginManager: Mounting plugin MobileLauncherProfileWizard
LogPluginManager: Mounting plugin PluginBrowser
LogPluginManager: Mounting plugin SpeedTreeImporter
LogPluginManager: Mounting plugin DatasmithContent
LogPluginManager: Mounting plugin AlembicImporter
LogPluginManager: Mounting plugin AppleImageUtils
LogPluginManager: Mounting plugin AppleVision
LogPluginManager: Mounting plugin BackChannel
LogPluginManager: Mounting plugin CharacterAI
LogPluginManager: Mounting plugin GeometryCache
LogPluginManager: Mounting plugin HTML5Networking
LogPluginManager: Mounting plugin ProxyLODPlugin
LogPluginManager: Mounting plugin MagicLeap
LogPluginManager: Mounting plugin MagicLeapEmulator
LogPluginManager: Mounting plugin MagicLeapMedia
LogPluginManager: Mounting plugin AndroidMedia
LogPluginManager: Mounting plugin AvfMedia
LogPluginManager: Mounting plugin ImgMedia
LogPluginManager: Mounting plugin LinearTimecode
LogPluginManager: Mounting plugin MediaCompositing
LogPluginManager: Mounting plugin MediaPlayerEditor
LogPluginManager: Mounting plugin WmfMedia
LogPluginManager: Mounting plugin TcpMessaging
LogPluginManager: Mounting plugin UdpMessaging
LogPluginManager: Mounting plugin ActorSequence
LogPluginManager: Mounting plugin LevelSequenceEditor
LogPluginManager: Mounting plugin MatineeToLevelSequence
LogPluginManager: Mounting plugin NetcodeUnitTest
LogPluginManager: Mounting plugin NUTUnrealEngine4
LogPluginManager: Mounting plugin OnlineSubsystemGooglePlay
LogPluginManager: Mounting plugin OnlineSubsystemIOS
LogPluginManager: Mounting plugin OnlineSubsystem
LogPluginManager: Mounting plugin OnlineSubsystemNull
LogPluginManager: Mounting plugin OnlineSubsystemUtils
LogPluginManager: Mounting plugin LauncherChunkInstaller
LogPluginManager: Mounting plugin AndroidDeviceProfileSelector
LogPluginManager: Mounting plugin AndroidMoviePlayer
LogPluginManager: Mounting plugin AndroidPermission
LogPluginManager: Mounting plugin AppleMoviePlayer
LogPluginManager: Mounting plugin ArchVisCharacter
LogPluginManager: Mounting plugin AudioCapture
LogPluginManager: Mounting plugin CableComponent
LogPluginManager: Mounting plugin CustomMeshComponent
LogPluginManager: Mounting plugin EditableMesh
LogPluginManager: Mounting plugin ExampleDeviceProfileSelector
LogPluginManager: Mounting plugin GoogleCloudMessaging
LogPluginManager: Mounting plugin ImmediatePhysics
LogPluginManager: Mounting plugin IOSDeviceProfileSelector
LogPluginManager: Mounting plugin LinuxDeviceProfileSelector
LogPluginManager: Mounting plugin LocationServicesBPLibrary
LogPluginManager: Mounting plugin MobilePatchingUtils
LogPluginManager: Mounting plugin OculusVR
LogPluginManager: Plugin shader directory ../../../Engine/Plugins/Runtime/Oculus/OculusVR/Shaders found
LogPluginManager: Mapping shader source directory ../../../Engine/Plugins/Runtime/Oculus/OculusVR/Shaders to virtual directory /Plugin/OculusVR
LogPluginManager: Mounting plugin PhysXVehicles
LogPluginManager: Mounting plugin ProceduralMeshComponent
LogPluginManager: Mounting plugin RuntimePhysXCooking
LogPluginManager: Mounting plugin SteamVR
LogPluginManager: Mounting plugin WindowsMoviePlayer
LogStreaming: Display: Took  0.181s to configure plugins.
LogInit: Using libcurl 7.55.1-DEV
LogInit:  - built for x86_64-pc-win32
LogInit:  - supports SSL with OpenSSL/1.0.2h
LogInit:  - supports HTTP deflate (compression) using libz 1.2.8
LogInit:  - other features:
LogInit:      CURL_VERSION_SSL
LogInit:      CURL_VERSION_LIBZ
LogInit:      CURL_VERSION_IPV6
LogInit:      CURL_VERSION_ASYNCHDNS
LogInit:      CURL_VERSION_LARGEFILE
LogInit:      CURL_VERSION_IDN
LogInit:  CurlRequestOptions (configurable via config and command line):
LogInit:  - bVerifyPeer = false  - Libcurl will NOT verify peer certificate
LogInit:  - bUseHttpProxy = false  - Libcurl will NOT use HTTP proxy
LogInit:  - bDontReuseConnections = false  - Libcurl will reuse connections
LogInit:  - CertBundlePath = nullptr  - Libcurl will use whatever was configured at build time.
LogInit:  - MaxHostConnections = 16  - Libcurl will limit the number of connections to a host
LogInit:  - LocalHostAddr = Default
LogInit:  - BufferSize = 65536
LogInit: WinSock: version 1.1 (2.2), MaxSocks=32767, MaxUdp=65467
LogInit: Build: ++UE4+Release-4.20-CL-4369336
LogInit: Engine Version: 4.20.3-4369336+++UE4+Release-4.20
LogInit: Compatible Engine Version: 4.20.0-4212847+++UE4+Release-4.20
LogInit: Net CL: 4212847
LogInit: OS: Windows 8.1 (), CPU: Intel(R) Core(TM) i5-6500 CPU @ 3.20GHz, GPU: NVIDIA GeForce GTX 1060 6GB
LogInit: Compiled (64-bit): Sep 17 2018 12:26:19
LogInit: Compiled with Visual C++: 19.13.26129.00
LogInit: Build Configuration: Development
LogInit: Branch Name: ++UE4+Release-4.20
LogInit: Command Line:  
LogInit: Base Directory: C:/Program Files/Epic Games/UE_4.20/Engine/Binaries/Win64/
LogInit: Installed Engine Build: 1
LogDevObjectVersion: Number of dev versions registered: 20
LogDevObjectVersion:   Dev-Blueprints (B0D832E4-1F89-4F0D-ACCF-7EB736FD4AA2): 10
LogDevObjectVersion:   Dev-Build (E1C64328-A22C-4D53-A36C-8E866417BD8C): 0
LogDevObjectVersion:   Dev-Core (375EC13C-06E4-48FB-B500-84F0262A717E): 2
LogDevObjectVersion:   Dev-Editor (E4B068ED-F494-42E9-A231-DA0B2E46BB41): 24
LogDevObjectVersion:   Dev-Framework (CFFC743F-43B0-4480-9391-14DF171D2073): 34
LogDevObjectVersion:   Dev-Mobile (B02B49B5-BB20-44E9-A304-32B752E40360): 2
LogDevObjectVersion:   Dev-Networking (A4E4105C-59A1-49B5-A7C5-40C4547EDFEE): 0
LogDevObjectVersion:   Dev-Online (39C831C9-5AE6-47DC-9A44-9C173E1C8E7C): 0
LogDevObjectVersion:   Dev-Physics (78F01B33-EBEA-4F98-B9B4-84EACCB95AA2): 0
LogDevObjectVersion:   Dev-Platform (6631380F-2D4D-43E0-8009-CF276956A95A): 0
LogDevObjectVersion:   Dev-Rendering (12F88B9F-8875-4AFC-A67C-D90C383ABD29): 26
LogDevObjectVersion:   Dev-Sequencer (7B5AE74C-D270-4C10-A958-57980B212A5A): 9
LogDevObjectVersion:   Dev-VR (D7296918-1DD6-4BDD-9DE2-64A83CC13884): 2
LogDevObjectVersion:   Dev-LoadTimes (C2A15278-BFE7-4AFE-6C17-90FF531DF755): 1
LogDevObjectVersion:   Private-Geometry (6EACA3D4-40EC-4CC1-B786-8BED09428FC5): 3
LogDevObjectVersion:   Dev-AnimPhys (29E575DD-E0A3-4627-9D10-D276232CDCEA): 17
LogDevObjectVersion:   Dev-ReflectionCapture (6B266CEC-1EC7-4B8F-A30B-E4D90942FC07): 1
LogDevObjectVersion:   Dev-Automation (0DF73D61-A23F-47EA-B727-89E90C41499A): 1
LogDevObjectVersion:   FortniteMain (601D1886-AC64-4F84-AA16-D3DE0DEAC7D6): 12
LogDevObjectVersion:   Dev-Enterprise (9DFFBCD6-494F-0158-E221-12823C92A888): 1
LogStreaming: Display: Took  0.003s to delete old logs.
LogInit: Presizing for max 8388607 objects, including 0 objects not considered by GC, pre-allocating 0 bytes for permanent pool.
LogInit: Object subsystem initialized
[2018.10.03-22.52.07:642][  0]LogInit: Selected Device Profile: [Windows]
[2018.10.03-22.52.07:642][  0]LogInit: Applying CVar settings loaded from the selected device profile: [Windows]
[2018.10.03-22.52.07:673][  0]LogHAL: Display: Platform has ~ 16 GB [17139351552 / 17179869184 / 16], which maps to Larger [LargestMinGB=32, LargerMinGB=12, DefaultMinGB=8, SmallerMinGB=6, SmallestMinGB=0)
[2018.10.03-22.52.07:673][  0]LogInit: Setting Device Profile CVar: [[r.Vulkan.UseRealUBs:1]]
[2018.10.03-22.52.07:673][  0]LogInit: Going up to parent DeviceProfile []
[2018.10.03-22.52.07:674][  0]LogInit: Computer: ROX
[2018.10.03-22.52.07:674][  0]LogInit: User: James
[2018.10.03-22.52.07:674][  0]LogInit: CPU Page size=4096, Cores=4
[2018.10.03-22.52.07:674][  0]LogInit: High frequency timer resolution =3.117190 MHz
[2018.10.03-22.52.07:674][  0]LogMemory: Memory total: Physical=16.0GB (16GB approx)
[2018.10.03-22.52.07:674][  0]LogMemory: Platform Memory Stats for Windows
[2018.10.03-22.52.07:674][  0]LogMemory: Process Physical Memory: 98.14 MB used, 98.14 MB peak
[2018.10.03-22.52.07:674][  0]LogMemory: Process Virtual Memory: 84.09 MB used, 84.09 MB peak
[2018.10.03-22.52.07:674][  0]LogMemory: Physical Memory: 4873.57 MB used,  11471.79 MB free, 16345.36 MB total
[2018.10.03-22.52.07:675][  0]LogMemory: Virtual Memory: 469.96 MB used,  11471.79 MB free, 134217728.00 MB total
[2018.10.03-22.52.07:699][  0]LogInit: Using OS detected language (en-US).
[2018.10.03-22.52.07:699][  0]LogInit: Using OS detected locale (en-GB).
[2018.10.03-22.52.07:700][  0]LogTextLocalizationManager: No specific localization for 'en-US' exists, so the 'en' localization will be used.
[2018.10.03-22.52.08:143][  0]LogStreaming: Display: Took  0.444s to InitEngineTextLocalization.
[2018.10.03-22.52.08:143][  0]LogInit: Setting process to per monitor DPI aware
[2018.10.03-22.52.08:171][  0]LogSlate: New Slate User Created.  User Index 0, Is Virtual User: 0
[2018.10.03-22.52.08:171][  0]LogSlate: Slate User Registered.  User Index 0, Is Virtual User: 0
[2018.10.03-22.52.08:698][  0]LogHMD: Failed to initialize OpenVR with code 110
[2018.10.03-22.52.08:698][  0]LogD3D11RHI: D3D11 adapters:
[2018.10.03-22.52.08:733][  0]LogD3D11RHI:    0. 'NVIDIA GeForce GTX 1060 6GB' (Feature Level 11_0)
[2018.10.03-22.52.08:733][  0]LogD3D11RHI:       6004/0/8172 MB DedicatedVideo/DedicatedSystem/SharedSystem, Outputs:1, VendorId:0x10de
[2018.10.03-22.52.08:734][  0]LogD3D11RHI:    1. 'Microsoft Basic Render Driver' (Feature Level 11_0)
[2018.10.03-22.52.08:734][  0]LogD3D11RHI:       0/0/256 MB DedicatedVideo/DedicatedSystem/SharedSystem, Outputs:0, VendorId:0x1414
[2018.10.03-22.52.08:734][  0]LogD3D11RHI: Chosen D3D11 Adapter: 0
[2018.10.03-22.52.08:739][  0]LogD3D11RHI: Creating new Direct3DDevice
[2018.10.03-22.52.08:739][  0]LogD3D11RHI:     GPU DeviceId: 0x1c03 (for the marketing name, search the web for "GPU Device Id")
[2018.10.03-22.52.08:739][  0]LogWindows: EnumDisplayDevices:
[2018.10.03-22.52.08:739][  0]LogWindows:    0. 'NVIDIA GeForce GTX 1060 6GB' (P:1 D:1)
[2018.10.03-22.52.08:740][  0]LogWindows:    1. 'NVIDIA GeForce GTX 1060 6GB' (P:0 D:0)
[2018.10.03-22.52.08:740][  0]LogWindows:    2. 'NVIDIA GeForce GTX 1060 6GB' (P:0 D:0)
[2018.10.03-22.52.08:740][  0]LogWindows:    3. 'NVIDIA GeForce GTX 1060 6GB' (P:0 D:0)
[2018.10.03-22.52.08:740][  0]LogWindows: DebugString: FoundDriverCount:4 
[2018.10.03-22.52.08:740][  0]LogD3D11RHI:     Adapter Name: NVIDIA GeForce GTX 1060 6GB
[2018.10.03-22.52.08:740][  0]LogD3D11RHI:   Driver Version: 391.35 (internal:23.21.13.9135, unified:391.35)
[2018.10.03-22.52.08:740][  0]LogD3D11RHI:      Driver Date: 3-23-2018
[2018.10.03-22.52.08:740][  0]LogRHI: Texture pool is 4203 MB (70% of 6004 MB)
[2018.10.03-22.52.08:758][  0]LogD3D11RHI: Async texture creation enabled
[2018.10.03-22.52.08:776][  0]LogD3D11RHI: GPU Timing Frequency: 1000.000000 (Debug: 2 2)
[2018.10.03-22.52.08:777][  0]LogShaderCompilers: Guid format shader working directory is 7 characters bigger than the processId version (../../../../../../Github/CRANE/FlaminGo/Intermediate/Shaders/WorkingDirectory/6412/).
[2018.10.03-22.52.08:778][  0]LogShaderCompilers: Cleaned the shader compiler working directory 'C:/Users/James/AppData/Local/Temp/UnrealShaderWorkingDir/0E0333AE413A4FB443FAB38C9F958FCE/'.
[2018.10.03-22.52.09:152][  0]LogTemp: Display: Loaded TP AllDesktopTargetPlatform
[2018.10.03-22.52.09:168][  0]LogTemp: Display: Loaded TP MacClientTargetPlatform
[2018.10.03-22.52.09:185][  0]LogTemp: Display: Loaded TP MacNoEditorTargetPlatform
[2018.10.03-22.52.09:200][  0]LogTemp: Display: Loaded TP MacServerTargetPlatform
[2018.10.03-22.52.09:217][  0]LogTemp: Display: Loaded TP MacTargetPlatform
[2018.10.03-22.52.09:234][  0]LogTemp: Display: Loaded TP WindowsClientTargetPlatform
[2018.10.03-22.52.09:250][  0]LogTemp: Display: Loaded TP WindowsNoEditorTargetPlatform
[2018.10.03-22.52.09:266][  0]LogTemp: Display: Loaded TP WindowsServerTargetPlatform
[2018.10.03-22.52.09:273][  0]LogTemp: Display: Loaded TP WindowsTargetPlatform
[2018.10.03-22.52.09:371][  0]LogTemp: Display: Loaded TP AndroidTargetPlatform
[2018.10.03-22.52.09:371][  0]LogTemp: Display: Loaded TP AndroidTargetPlatform
[2018.10.03-22.52.09:371][  0]LogTemp: Display: Loaded TP AndroidTargetPlatform
[2018.10.03-22.52.09:371][  0]LogTemp: Display: Loaded TP AndroidTargetPlatform
[2018.10.03-22.52.09:371][  0]LogTemp: Display: Loaded TP AndroidTargetPlatform
[2018.10.03-22.52.09:371][  0]LogTemp: Display: Loaded TP AndroidTargetPlatform
[2018.10.03-22.52.09:371][  0]LogTemp: Display: Loaded TP AndroidTargetPlatform
[2018.10.03-22.52.09:371][  0]LogTemp: Display: Loaded TP AndroidTargetPlatform
[2018.10.03-22.52.09:371][  0]LogTemp: Display: Loaded TP AndroidTargetPlatform
[2018.10.03-22.52.09:371][  0]LogTemp: Display: Loaded TP AndroidTargetPlatform
[2018.10.03-22.52.09:371][  0]LogTemp: Display: Loaded TP AndroidTargetPlatform
[2018.10.03-22.52.09:371][  0]LogTemp: Display: Loaded TP AndroidTargetPlatform
[2018.10.03-22.52.09:371][  0]LogTemp: Display: Loaded TP AndroidTargetPlatform
[2018.10.03-22.52.09:371][  0]LogTemp: Display: Loaded TP AndroidTargetPlatform
[2018.10.03-22.52.09:371][  0]LogTemp: Display: Loaded TP AndroidTargetPlatform
[2018.10.03-22.52.09:371][  0]LogTemp: Display: Loaded TP AndroidTargetPlatform
[2018.10.03-22.52.09:371][  0]LogTemp: Display: Loaded TP AndroidTargetPlatform
[2018.10.03-22.52.09:371][  0]LogTemp: Display: Loaded TP AndroidTargetPlatform
[2018.10.03-22.52.09:372][  0]LogTemp: Display: Loaded TP HTML5TargetPlatform
[2018.10.03-22.52.09:442][  0]LogTemp: Display: Loaded TP IOSTargetPlatform
[2018.10.03-22.52.09:442][  0]LogTemp: Display: Loaded TP IOSTargetPlatform
[2018.10.03-22.52.09:471][  0]LogTemp: Display: Loaded TP TVOSTargetPlatform
[2018.10.03-22.52.09:471][  0]LogTemp: Display: Loaded TP TVOSTargetPlatform
[2018.10.03-22.52.09:485][  0]LogTemp: Display: Loaded TP LinuxClientTargetPlatform
[2018.10.03-22.52.09:500][  0]LogTemp: Display: Loaded TP LinuxNoEditorTargetPlatform
[2018.10.03-22.52.09:516][  0]LogTemp: Display: Loaded TP LinuxServerTargetPlatform
[2018.10.03-22.52.09:533][  0]LogTemp: Display: Loaded TP LinuxTargetPlatform
[2018.10.03-22.52.09:544][  0]LogTemp: Display: Loaded TP LuminTargetPlatform
[2018.10.03-22.52.09:544][  0]LogTargetPlatformManager: Display: Building Assets For Windows
[2018.10.03-22.52.09:602][  0]LogXGEController: Cleaning working directory: C:/Users/James/AppData/Local/Temp/UnrealXGEWorkingDir/
[2018.10.03-22.52.09:602][  0]LogXGEController: Cannot use XGE Controller as Incredibuild is not installed on this machine.
[2018.10.03-22.52.09:602][  0]LogShaderCompilers: Cannot use XGE Shader Compiler as Incredibuild is not installed on this machine.
[2018.10.03-22.52.09:602][  0]LogShaderCompilers: Display: Using Local Shader Compiler.
[2018.10.03-22.52.10:638][  0]LogDerivedDataCache: Display: Max Cache Size: 512 MB
[2018.10.03-22.52.11:377][  0]LogDerivedDataCache: Loaded boot cache 0.74s 87MB C:/Users/James/AppData/Local/UnrealEngine/4.20/DerivedDataCache/Boot.ddc.
[2018.10.03-22.52.11:377][  0]LogDerivedDataCache: Display: Loaded Boot cache: C:/Users/James/AppData/Local/UnrealEngine/4.20/DerivedDataCache/Boot.ddc
[2018.10.03-22.52.11:377][  0]LogDerivedDataCache: FDerivedDataBackendGraph:  Pak pak cache file ../../../../../../Github/CRANE/FlaminGo/DerivedDataCache/DDC.ddp not found, will not use a pak cache.
[2018.10.03-22.52.11:377][  0]LogDerivedDataCache: Unable to find inner node Pak for hierarchical cache Hierarchy.
[2018.10.03-22.52.11:377][  0]LogDerivedDataCache: FDerivedDataBackendGraph:  CompressedPak pak cache file ../../../../../../Github/CRANE/FlaminGo/DerivedDataCache/Compressed.ddp not found, will not use a pak cache.
[2018.10.03-22.52.11:377][  0]LogDerivedDataCache: Unable to find inner node CompressedPak for hierarchical cache Hierarchy.
[2018.10.03-22.52.11:396][  0]LogDerivedDataCache: Display: Pak cache opened for reading ../../../Engine/DerivedDataCache/Compressed.ddp.
[2018.10.03-22.52.11:408][  0]LogDerivedDataCache: Using Local data cache path C:/Users/James/AppData/Local/UnrealEngine/Common/DerivedDataCache: Writable
[2018.10.03-22.52.11:408][  0]LogDerivedDataCache: Shared data cache path not found in *engine.ini, will not use an Shared cache.
[2018.10.03-22.52.11:408][  0]LogDerivedDataCache: Unable to find inner node Shared for hierarchical cache Hierarchy.
[2018.10.03-22.52.11:430][  0]LogMaterial: Verifying Global Shaders for PCD3D_SM5
[2018.10.03-22.52.11:432][  0]LogSlate: Using FreeType 2.6.0
[2018.10.03-22.52.11:434][  0]LogSlate: SlateFontServices - WITH_FREETYPE: 1, WITH_HARFBUZZ: 1
[2018.10.03-22.52.11:603][  0]LogAssetRegistry: FAssetRegistry took 0.0266 seconds to start up
[2018.10.03-22.52.11:951][  0]LogInit: Selected Device Profile: [Windows]
[2018.10.03-22.52.12:096][  0]LogSimplygon: Simplygon DLL not present - disabling.
[2018.10.03-22.52.12:099][  0]LogMeshReduction: Using SimplygonSwarm for distributed automatic mesh merging
[2018.10.03-22.52.12:099][  0]LogMeshReduction: Using ProxyLODMeshReduction for automatic mesh merging
[2018.10.03-22.52.12:099][  0]LogMeshReduction: Using QuadricMeshReduction for automatic static mesh reduction
[2018.10.03-22.52.12:099][  0]LogMeshReduction: No automatic skeletal mesh reduction module available
[2018.10.03-22.52.12:117][  0]LogNetVersion: FlaminGo 1.0.0, NetCL: 4212847, EngineNetVer: 5, GameNetVer: 0 (Checksum: 4192027605)
[2018.10.03-22.52.12:660][  0]LogPackageLocalizationCache: Processed 11 localized package path(s) for 2 prioritized culture(s) in 0.086051 seconds
[2018.10.03-22.52.12:667][  0]LogUObjectArray: 38425 objects as part of root set at end of initial load.
[2018.10.03-22.52.12:667][  0]LogUObjectAllocator: 6690872 out of 0 bytes used by permanent object pool.
[2018.10.03-22.52.12:667][  0]LogUObjectArray: CloseDisregardForGC: 0/0 objects in disregard for GC pool
[2018.10.03-22.52.14:607][  0]LogTcpMessaging: Initializing TcpMessaging bridge
[2018.10.03-22.52.14:621][  0]LogUdpMessaging: Initializing bridge on interface 0.0.0.0:0 to multicast group 230.0.0.1:6666.
[2018.10.03-22.52.14:780][  0]SourceControl: Source control is disabled
[2018.10.03-22.52.14:780][  0]SourceControl: Source control is disabled
[2018.10.03-22.52.14:781][  0]SourceControl: Source control is disabled
[2018.10.03-22.52.14:782][  0]SourceControl: Source control is disabled
[2018.10.03-22.52.14:949][  0]LogAndroidPermission: UAndroidPermissionCallbackProxy::GetInstance
[2018.10.03-22.52.15:029][  0]LogOcInput: OculusInput pre-init called
[2018.10.03-22.52.15:099][  0]LogEngine: Initializing Engine...
[2018.10.03-22.52.15:100][  0]LogHMD: Failed to initialize OpenVR with code 110
[2018.10.03-22.52.15:102][  0]LogStats: UGameplayTagsManager::ConstructGameplayTagTree: ImportINI prefixes -  0.000 s
[2018.10.03-22.52.15:102][  0]LogStats: UGameplayTagsManager::ConstructGameplayTagTree: Construct from data asset -  0.000 s
[2018.10.03-22.52.15:102][  0]LogStats: UGameplayTagsManager::ConstructGameplayTagTree: ImportINI -  0.000 s
[2018.10.03-22.52.15:102][  0]LogStats: UGameplayTagsManager::ConstructGameplayTagTree: GameplayTagTreeChangedEvent.Broadcast -  0.000 s
[2018.10.03-22.52.15:393][  0]LogInit: Initializing FReadOnlyCVARCache
[2018.10.03-22.52.15:404][  0]LogAIModule: Creating AISystem for world Untitled
[2018.10.03-22.52.15:409][  0]LogInit: XAudio2 using 'Speakers (Realtek High Definition Audio)' : 2 channels at 48 kHz using 32 bits per sample (channel mask 0x3)
[2018.10.03-22.52.15:453][  0]LogInit: FAudioDevice initialized.
[2018.10.03-22.52.15:453][  0]LogNetVersion: Set ProjectVersion to 1.0.0.0. Version Checksum will be recalculated on next use.
[2018.10.03-22.52.15:598][  0]LogDerivedDataCache: Saved boot cache 0.15s 87MB C:/Users/James/AppData/Local/UnrealEngine/4.20/DerivedDataCache/Boot.ddc.
[2018.10.03-22.52.15:601][  0]LogInit: Texture streaming: Enabled
[2018.10.03-22.52.15:615][  0]LogEngineSessionManager: EngineSessionManager initialized
[2018.10.03-22.52.15:625][  0]LogInit: Transaction tracking system initialized
[2018.10.03-22.52.15:643][  0]BlueprintLog: New page: Editor Load
[2018.10.03-22.52.15:717][  0]LocalizationService: Localization service is disabled
[2018.10.03-22.52.15:992][  0]LogCook: Display: Max memory allowance for cook 16384mb min free memory 0mb
[2018.10.03-22.52.15:992][  0]LogCook: Display: Mobile HDR setting 1
[2018.10.03-22.52.15:992][  0]LogGameplayTags: Display: UGameplayTagsManager::DoneAddingNativeTags. DelegateIsBound: 0
[2018.10.03-22.52.15:992][  0]LogStats: UGameplayTagsManager::ConstructGameplayTagTree: ImportINI prefixes -  0.000 s
[2018.10.03-22.52.15:992][  0]LogStats: UGameplayTagsManager::ConstructGameplayTagTree: Construct from data asset -  0.000 s
[2018.10.03-22.52.15:992][  0]LogStats: UGameplayTagsManager::ConstructGameplayTagTree: ImportINI -  0.000 s
[2018.10.03-22.52.15:992][  0]LogStats: UGameplayTagsManager::ConstructGameplayTagTree: GameplayTagTreeChangedEvent.Broadcast -  0.000 s
[2018.10.03-22.52.16:135][  0]LogFileCache: Scanning file cache for directory 'C:/Github/CRANE/FlaminGo/Content/' took 0.01s
[2018.10.03-22.52.16:135][  0]SourceControl: Source control is disabled
[2018.10.03-22.52.16:135][  0]Cmd: MAP LOAD FILE="../../../../../../Github/CRANE/FlaminGo/Content/ThirdPersonBP/Maps/FirstMap.umap" TEMPLATE=0 SHOWPROGRESS=1 FEATURELEVEL=3
[2018.10.03-22.52.16:135][  0]LightingResults: New page: Lighting Build
[2018.10.03-22.52.16:138][  0]MapCheck: New page: Map Check
[2018.10.03-22.52.16:138][  0]LightingResults: New page: Lighting Build
[2018.10.03-22.52.17:489][  0]LogBlueprint: Error: [Compiler Magnet_Pickup] In use pin  <Unnamed>  no longer exists on node  Deactivate Magne . Please refresh node or break links to remove pin.
[2018.10.03-22.52.17:489][  0]LogBlueprint: Error: [Compiler Magnet_Pickup] In use pin  <Unnamed>  no longer exists on node  Deactivate Magne . Please refresh node or break links to remove pin.
[2018.10.03-22.52.17:489][  0]LogBlueprint: Error: [Compiler Magnet_Pickup] In use pin  Target  no longer exists on node  Deactivate Magne . Please refresh node or break links to remove pin.
[2018.10.03-22.52.17:489][  0]LogBlueprint: Error: [Compiler Magnet_Pickup] Could not find a function named "DeactivateMagne" in 'ThirdPersonCharacter_C'.
Make sure 'ThirdPersonCharacter_C' has been compiled for  Deactivate Magne
[2018.10.03-22.52.17:618][  0]LogBlueprint: Warning: [Compiler Magnet_Pickup] [0011.79] Compile of Magnet_Pickup failed. 4 Fatal Issue(s) 0 Warning(s) [in 197 ms] (/Game/RunnerFiles/Blueprints/Magnet_Pickup.Magnet_Pickup)
[2018.10.03-22.52.18:667][  0]LogAIModule: Creating AISystem for world FirstMap
[2018.10.03-22.52.18:699][  0]LogEditorServer: Finished looking for orphan Actors (0.000 secs)
[2018.10.03-22.52.18:733][  0]Cmd: MAP CHECKDEP NOCLEARLOG
[2018.10.03-22.52.18:806][  0]MapCheck: Map check complete: 0 Error(s), 0 Warning(s), took 73.762ms to complete.
[2018.10.03-22.52.18:806][  0]LogFileHelpers: Loading map 'FirstMap' took 2.671
[2018.10.03-22.52.18:898][  0]LogSlate: Updating window title bar state: overlay mode, drag disabled, window buttons hidden, title bar hidden
[2018.10.03-22.52.18:907][  0]LogSlate: Updating window title bar state: overlay mode, drag disabled, window buttons hidden, title bar hidden
[2018.10.03-22.52.18:915][  0]LogSlate: Updating window title bar state: overlay mode, drag disabled, window buttons hidden, title bar hidden
[2018.10.03-22.52.18:922][  0]LogSlate: Updating window title bar state: overlay mode, drag disabled, window buttons hidden, title bar hidden
[2018.10.03-22.52.18:949][  0]LogCollectionManager: Loaded 0 collections in 0.001449 seconds
[2018.10.03-22.52.18:989][  0]LogFileCache: Scanning file cache for directory 'C:/Github/CRANE/FlaminGo/Saved/Collections/' took 0.01s
[2018.10.03-22.52.18:989][  0]LogFileCache: Scanning file cache for directory 'C:/Github/CRANE/FlaminGo/Content/Developers/James/Collections/' took 0.01s
[2018.10.03-22.52.18:989][  0]LogFileCache: Scanning file cache for directory 'C:/Github/CRANE/FlaminGo/Content/Collections/' took 0.01s
[2018.10.03-22.52.18:989][  0]LogCollectionManager: Rebuilt the GUID cache for 0 collections in 0.000000 seconds
[2018.10.03-22.52.18:999][  0]LogContentBrowser: Native class hierarchy populated in 0.0101 seconds. Added 2572 classes and 603 folders.
[2018.10.03-22.52.19:005][  0]LogContentBrowser: Native class hierarchy updated for 'WidgetCarousel' in 0.0003 seconds. Added 0 classes and 0 folders.
[2018.10.03-22.52.19:172][  0]LogContentBrowser: Native class hierarchy updated for 'AddContentDialog' in 0.0003 seconds. Added 0 classes and 0 folders.
[2018.10.03-22.52.19:176][  0]LogContentBrowser: Native class hierarchy updated for 'SceneOutliner' in 0.0003 seconds. Added 1 classes and 2 folders.
[2018.10.03-22.52.19:192][  0]LogSlate: Took 0.001063 seconds to synchronously load lazily loaded font '../../../Engine/Content/Slate/Fonts/Roboto-Regular.ttf' (155K)
[2018.10.03-22.52.19:199][  0]LogSlate: Took 0.004682 seconds to synchronously load lazily loaded font '../../../Engine/Content/Slate/Fonts/Roboto-Bold.ttf' (160K)
[2018.10.03-22.52.19:204][  0]LogSlate: Took 0.000822 seconds to synchronously load lazily loaded font '../../../Engine/Content/Editor/Slate/Fonts/FontAwesome.ttf' (139K)
[2018.10.03-22.52.19:303][  0]LogRenderer: Reallocating scene render targets to support 1616x812 Format 10 NumSamples 1 (Frame:1).
[2018.10.03-22.52.19:499][  0]LogSlate: FSceneViewport::OnFocusLost() reason 2
[2018.10.03-22.52.19:514][  0]LogSlate: Window 'Tutorials' being destroyed
[2018.10.03-22.52.19:544][  0]LogContentBrowser: Native class hierarchy updated for 'HierarchicalLODOutliner' in 0.0003 seconds. Added 0 classes and 0 folders.
[2018.10.03-22.52.19:544][  0]LogLoad: (Engine Initialization) Total time: 13.71 seconds
[2018.10.03-22.52.19:544][  0]LogLoad: (Engine Initialization) Total Blueprint compile time: 0.00 seconds
[2018.10.03-22.52.19:585][  0]LogContentStreaming: Texture pool size now 1000 MB
[2018.10.03-22.52.19:649][  1]LogFileCache: Retrieving MD5 hashes for directory 'C:/Github/CRANE/FlaminGo/Content/' took 0.08s
[2018.10.03-22.52.19:664][  1]LogAssetRegistry: Asset discovery search completed in 8.0834 seconds
[2018.10.03-22.52.19:666][  1]LogCollectionManager: Rebuilt the object cache for 0 collections in 0.000000 seconds (found 0 objects)
[2018.10.03-22.52.19:666][  1]LogCollectionManager: Fixed up redirectors for 0 collections in 0.000069 seconds (updated 0 objects)
[2018.10.03-22.52.38:080][166]LogSlate: FSceneViewport::OnFocusLost() reason 0
[2018.10.03-22.52.42:096][604]LogTemp: Repeating last play command: Selected Viewport
[2018.10.03-22.52.42:113][604]LogBlueprintUserMessages: Early PlayInEditor Detection: Level '/Game/ThirdPersonBP/Maps/FirstMap.FirstMap:PersistentLevel' has LevelScriptBlueprint '/Game/ThirdPersonBP/Maps/FirstMap.FirstMap:PersistentLevel.FirstMap' with GeneratedClass '/Game/ThirdPersonBP/Maps/FirstMap.FirstMap_C' with ClassGeneratedBy '/Game/ThirdPersonBP/Maps/FirstMap.FirstMap:PersistentLevel.FirstMap'
[2018.10.03-22.52.42:113][604]LogPlayLevel: PlayLevel: No blueprints needed recompiling
[2018.10.03-22.52.47:109][604]LogSlate: Window 'Message' being destroyed
[2018.10.03-22.52.48:612][779]LogSlate: Took 0.000167 seconds to synchronously load lazily loaded font '../../../Engine/Content/Slate/Fonts/Roboto-Light.ttf' (167K)
[2018.10.03-22.52.48:620][779]LogAssetEditorManager: Opening Asset editor for Blueprint /Game/RunnerFiles/Blueprints/Magnet_Pickup.Magnet_Pickup
[2018.10.03-22.52.49:168][779]LogContentBrowser: Native class hierarchy updated for 'BlueprintGraph' in 0.0007 seconds. Added 116 classes and 0 folders.
[2018.10.03-22.52.49:992][779]LogSlate: Took 0.000187 seconds to synchronously load lazily loaded font '../../../Engine/Content/Slate/Fonts/Roboto-BoldCondensed.ttf' (158K)
[2018.10.03-22.52.50:081][780]LogSlate: Took 0.000183 seconds to synchronously load lazily loaded font '../../../Engine/Content/Slate/Fonts/Roboto-Italic.ttf' (157K)
[2018.10.03-22.53.22:809][494]BlueprintLog: New page: Compile Magnet_Pickup
[2018.10.03-22.53.23:891][558]Cmd: OBJ SAVEPACKAGE PACKAGE="/Game/RunnerFiles/Blueprints/Magnet_Pickup" FILE="../../../../../../Github/CRANE/FlaminGo/Content/RunnerFiles/Blueprints/Magnet_Pickup.uasset" SILENT=true
[2018.10.03-22.53.23:936][558]LogSavePackage: Moving '../../../../../../Github/CRANE/FlaminGo/Saved/Magnet_PickupE5D7AEC1476D7FC27D54CAA3C7A0AB38.tmp' to '../../../../../../Github/CRANE/FlaminGo/Content/RunnerFiles/Blueprints/Magnet_Pickup.uasset'
[2018.10.03-22.53.27:833][974]LogTemp: Repeating last play command: Selected Viewport
[2018.10.03-22.53.27:855][974]LogBlueprintUserMessages: Early PlayInEditor Detection: Level '/Game/ThirdPersonBP/Maps/FirstMap.FirstMap:PersistentLevel' has LevelScriptBlueprint '/Game/ThirdPersonBP/Maps/FirstMap.FirstMap:PersistentLevel.FirstMap' with GeneratedClass '/Game/ThirdPersonBP/Maps/FirstMap.FirstMap_C' with ClassGeneratedBy '/Game/ThirdPersonBP/Maps/FirstMap.FirstMap:PersistentLevel.FirstMap'
[2018.10.03-22.53.27:855][974]LogPlayLevel: PlayLevel: No blueprints needed recompiling
[2018.10.03-22.53.27:867][974]PIE: New page: PIE session: FirstMap (4 Oct 2018 00:53:27)
[2018.10.03-22.53.27:867][974]LogPlayLevel: Creating play world package: /Game/ThirdPersonBP/Maps/UEDPIE_0_FirstMap
[2018.10.03-22.53.27:872][974]LogPlayLevel: PIE: StaticDuplicateObject took: (0.004624s)
[2018.10.03-22.53.27:873][974]LogAIModule: Creating AISystem for world FirstMap
[2018.10.03-22.53.27:873][974]LogPlayLevel: PIE: World Init took: (0.001078s)
[2018.10.03-22.53.27:873][974]LogPlayLevel: PIE: Created PIE world by copying editor world from /Game/ThirdPersonBP/Maps/FirstMap.FirstMap to /Game/ThirdPersonBP/Maps/UEDPIE_0_FirstMap.FirstMap (0.005915s)
[2018.10.03-22.53.27:910][974]LogInit: XAudio2 using 'Speakers (Realtek High Definition Audio)' : 2 channels at 48 kHz using 32 bits per sample (channel mask 0x3)
[2018.10.03-22.53.27:919][974]LogInit: FAudioDevice initialized.
[2018.10.03-22.53.27:960][974]LogLoad: Game class is 'ThirdPersonGameMode_C'
[2018.10.03-22.53.27:962][974]LogWorld: Bringing World /Game/ThirdPersonBP/Maps/UEDPIE_0_FirstMap.FirstMap up for play (max tick rate 0) at 2018.10.03-23.53.27
[2018.10.03-22.53.27:962][974]LogWorld: Bringing up level for play took: 0.000819
[2018.10.03-22.53.27:985][974]LogContentBrowser: Native class hierarchy updated for 'MovieSceneCapture' in 0.0003 seconds. Added 10 classes and 0 folders.
[2018.10.03-22.53.27:988][974]LogBlueprintUserMessages: [ThirdPersonGameMode_C_0] 0
[2018.10.03-22.53.27:988][974]LogBlueprintUserMessages: [ThirdPersonGameMode_C_0] 0
[2018.10.03-22.53.27:989][974]LogBlueprintUserMessages: [ThirdPersonGameMode_C_0] 0
[2018.10.03-22.53.27:989][974]LogBlueprintUserMessages: [ThirdPersonGameMode_C_0] 0
[2018.10.03-22.53.27:990][974]LogBlueprintUserMessages: [ThirdPersonGameMode_C_0] 0
[2018.10.03-22.53.27:990][974]LogBlueprintUserMessages: [ThirdPersonGameMode_C_0] 0
[2018.10.03-22.53.27:991][974]LogBlueprintUserMessages: [ThirdPersonGameMode_C_0] 0
[2018.10.03-22.53.27:992][974]LogBlueprintUserMessages: [ThirdPersonGameMode_C_0] 0
[2018.10.03-22.53.27:993][974]LogBlueprintUserMessages: [ThirdPersonGameMode_C_0] 0
[2018.10.03-22.53.27:994][974]LogBlueprintUserMessages: [ThirdPersonGameMode_C_0] 0
[2018.10.03-22.53.27:995][974]LogBlueprintUserMessages: [ThirdPersonGameMode_C_0] 0
[2018.10.03-22.53.27:995][974]LogBlueprintUserMessages: [ThirdPersonGameMode_C_0] 0
[2018.10.03-22.53.27:996][974]LogBlueprintUserMessages: [ThirdPersonGameMode_C_0] 0
[2018.10.03-22.53.27:997][974]LogBlueprintUserMessages: [ThirdPersonGameMode_C_0] 0
[2018.10.03-22.53.27:998][974]LogBlueprintUserMessages: [ThirdPersonGameMode_C_0] 0
[2018.10.03-22.53.27:999][974]LogBlueprintUserMessages: [ThirdPersonGameMode_C_0] 0
[2018.10.03-22.53.27:999][974]LogBlueprintUserMessages: [ThirdPersonGameMode_C_0] 0
[2018.10.03-22.53.28:000][974]PIE: Play in editor start time for /Game/ThirdPersonBP/Maps/UEDPIE_0_FirstMap 0.598
[2018.10.03-22.53.28:001][974]LogBlueprintUserMessages: Late PlayInEditor Detection: Level '/Game/ThirdPersonBP/Maps/FirstMap.FirstMap:PersistentLevel' has LevelScriptBlueprint '/Game/ThirdPersonBP/Maps/FirstMap.FirstMap:PersistentLevel.FirstMap' with GeneratedClass '/Game/ThirdPersonBP/Maps/FirstMap.FirstMap_C' with ClassGeneratedBy '/Game/ThirdPersonBP/Maps/FirstMap.FirstMap:PersistentLevel.FirstMap'
[2018.10.03-22.53.28:727][ 54]LogBlueprintUserMessages: [FirstTIle_C_0] 15
[2018.10.03-22.53.29:549][150]LogBlueprintUserMessages: [FirstTIle_C_1] 30
[2018.10.03-22.53.30:371][247]LogBlueprintUserMessages: [FirstTIle_C_2] 45
[2018.10.03-22.53.30:490][261]LogBlueprintUserMessages: Early EndPlayMap Detection: Level '/Game/ThirdPersonBP/Maps/FirstMap.FirstMap:PersistentLevel' has LevelScriptBlueprint '/Game/ThirdPersonBP/Maps/FirstMap.FirstMap:PersistentLevel.FirstMap' with GeneratedClass '/Game/ThirdPersonBP/Maps/FirstMap.FirstMap_C' with ClassGeneratedBy '/Game/ThirdPersonBP/Maps/FirstMap.FirstMap:PersistentLevel.FirstMap'
[2018.10.03-22.53.30:491][261]LogSlate: Updating window title bar state: overlay mode, drag disabled, window buttons hidden, title bar hidden
[2018.10.03-22.53.30:528][261]LogPlayLevel: Display: Shutting down PIE online subsystems
[2018.10.03-22.53.30:528][261]LogBlueprintUserMessages: Late EndPlayMap Detection: Level '/Game/ThirdPersonBP/Maps/FirstMap.FirstMap:PersistentLevel' has LevelScriptBlueprint '/Game/ThirdPersonBP/Maps/FirstMap.FirstMap:PersistentLevel.FirstMap' with GeneratedClass '/Game/ThirdPersonBP/Maps/FirstMap.FirstMap_C' with ClassGeneratedBy '/Game/ThirdPersonBP/Maps/FirstMap.FirstMap:PersistentLevel.FirstMap'
[2018.10.03-22.53.30:565][261]LogSlate: Updating window title bar state: overlay mode, drag disabled, window buttons hidden, title bar hidden
[2018.10.03-22.53.30:602][263]LogPlayLevel: Display: Destroying online subsystem :Context_10
[2018.10.03-22.54.02:950][914]LogTemp: Repeating last play command: Selected Viewport
[2018.10.03-22.54.02:963][914]LogBlueprintUserMessages: Early PlayInEditor Detection: Level '/Game/ThirdPersonBP/Maps/FirstMap.FirstMap:PersistentLevel' has LevelScriptBlueprint '/Game/ThirdPersonBP/Maps/FirstMap.FirstMap:PersistentLevel.FirstMap' with GeneratedClass '/Game/ThirdPersonBP/Maps/FirstMap.FirstMap_C' with ClassGeneratedBy '/Game/ThirdPersonBP/Maps/FirstMap.FirstMap:PersistentLevel.FirstMap'
[2018.10.03-22.54.02:963][914]LogPlayLevel: PlayLevel: No blueprints needed recompiling
[2018.10.03-22.54.02:963][914]PIE: New page: PIE session: FirstMap (4 Oct 2018 00:54:02)
[2018.10.03-22.54.02:963][914]LogPlayLevel: Creating play world package: /Game/ThirdPersonBP/Maps/UEDPIE_0_FirstMap
[2018.10.03-22.54.02:967][914]LogPlayLevel: PIE: StaticDuplicateObject took: (0.003135s)
[2018.10.03-22.54.02:969][914]LogAIModule: Creating AISystem for world FirstMap
[2018.10.03-22.54.02:969][914]LogPlayLevel: PIE: World Init took: (0.002750s)
[2018.10.03-22.54.02:969][914]LogPlayLevel: PIE: Created PIE world by copying editor world from /Game/ThirdPersonBP/Maps/FirstMap.FirstMap to /Game/ThirdPersonBP/Maps/UEDPIE_0_FirstMap.FirstMap (0.006019s)
[2018.10.03-22.54.03:001][914]LogInit: XAudio2 using 'Speakers (Realtek High Definition Audio)' : 2 channels at 48 kHz using 32 bits per sample (channel mask 0x3)
[2018.10.03-22.54.03:008][914]LogInit: FAudioDevice initialized.
[2018.10.03-22.54.03:038][914]LogLoad: Game class is 'ThirdPersonGameMode_C'
[2018.10.03-22.54.03:039][914]LogWorld: Bringing World /Game/ThirdPersonBP/Maps/UEDPIE_0_FirstMap.FirstMap up for play (max tick rate 0) at 2018.10.03-23.54.03
[2018.10.03-22.54.03:039][914]LogWorld: Bringing up level for play took: 0.000659
[2018.10.03-22.54.03:053][914]LogBlueprintUserMessages: [ThirdPersonGameMode_C_0] 0
[2018.10.03-22.54.03:053][914]LogBlueprintUserMessages: [ThirdPersonGameMode_C_0] 0
[2018.10.03-22.54.03:054][914]LogBlueprintUserMessages: [ThirdPersonGameMode_C_0] 0
[2018.10.03-22.54.03:055][914]LogBlueprintUserMessages: [ThirdPersonGameMode_C_0] 0
[2018.10.03-22.54.03:056][914]LogBlueprintUserMessages: [ThirdPersonGameMode_C_0] 0
[2018.10.03-22.54.03:056][914]LogBlueprintUserMessages: [ThirdPersonGameMode_C_0] 0
[2018.10.03-22.54.03:057][914]LogBlueprintUserMessages: [ThirdPersonGameMode_C_0] 0
[2018.10.03-22.54.03:057][914]LogBlueprintUserMessages: [ThirdPersonGameMode_C_0] 0
[2018.10.03-22.54.03:058][914]LogBlueprintUserMessages: [ThirdPersonGameMode_C_0] 0
[2018.10.03-22.54.03:058][914]LogBlueprintUserMessages: [ThirdPersonGameMode_C_0] 0
[2018.10.03-22.54.03:059][914]LogBlueprintUserMessages: [ThirdPersonGameMode_C_0] 0
[2018.10.03-22.54.03:059][914]LogBlueprintUserMessages: [ThirdPersonGameMode_C_0] 0
[2018.10.03-22.54.03:061][914]LogBlueprintUserMessages: [ThirdPersonGameMode_C_0] 0
[2018.10.03-22.54.03:063][914]LogBlueprintUserMessages: [ThirdPersonGameMode_C_0] 0
[2018.10.03-22.54.03:064][914]LogBlueprintUserMessages: [ThirdPersonGameMode_C_0] 0
[2018.10.03-22.54.03:064][914]LogBlueprintUserMessages: [ThirdPersonGameMode_C_0] 0
[2018.10.03-22.54.03:065][914]LogBlueprintUserMessages: [ThirdPersonGameMode_C_0] 0
[2018.10.03-22.54.03:066][914]PIE: Play in editor start time for /Game/ThirdPersonBP/Maps/UEDPIE_0_FirstMap -0.336
[2018.10.03-22.54.03:066][914]LogBlueprintUserMessages: Late PlayInEditor Detection: Level '/Game/ThirdPersonBP/Maps/FirstMap.FirstMap:PersistentLevel' has LevelScriptBlueprint '/Game/ThirdPersonBP/Maps/FirstMap.FirstMap:PersistentLevel.FirstMap' with GeneratedClass '/Game/ThirdPersonBP/Maps/FirstMap.FirstMap_C' with ClassGeneratedBy '/Game/ThirdPersonBP/Maps/FirstMap.FirstMap:PersistentLevel.FirstMap'
[2018.10.03-22.54.03:255][934]LogBlueprintUserMessages: [Coin_Pickup_C_0] MagnetNotActive
[2018.10.03-22.54.03:850][  5]LogBlueprintUserMessages: [FirstTIle_C_0] 15
[2018.10.03-22.54.04:675][104]LogBlueprintUserMessages: [FirstTIle_C_1] 30
[2018.10.03-22.54.05:492][202]LogBlueprintUserMessages: [FirstTIle_C_2] 45
[2018.10.03-22.54.05:941][256]LogBlueprintUserMessages: [Magnet_Pickup_2] MagnetActive
[2018.10.03-22.54.06:301][299]LogBlueprintUserMessages: [MasterTile_C_0] 60
[2018.10.03-22.54.06:575][332]LogBlueprintUserMessages: [ThirdPersonCharacter_C_0] Right
[2018.10.03-22.54.07:102][395]LogBlueprintUserMessages: [MasterTile_C_1] 75
[2018.10.03-22.54.07:894][490]LogBlueprintUserMessages: [MasterTile_C_2] 90
[2018.10.03-22.54.08:679][584]LogBlueprintUserMessages: [MasterTile_C_3] 105
[2018.10.03-22.54.09:456][677]LogBlueprintUserMessages: [MasterTile_C_4] 120
[2018.10.03-22.54.10:223][768]LogBlueprintUserMessages: [MasterTile_C_5] 135
[2018.10.03-22.54.10:812][838]LogBlueprintUserMessages: [ThirdPersonCharacter_C_0] Left
[2018.10.03-22.54.10:988][859]LogBlueprintUserMessages: [MasterTile_C_6] 150
[2018.10.03-22.54.11:747][948]LogBlueprintUserMessages: [MasterTile_C_7] 165
[2018.10.03-22.54.12:487][ 35]LogBlueprintUserMessages: [MasterTile_C_8] 180
[2018.10.03-22.54.13:229][124]LogBlueprintUserMessages: [MasterTile_C_9] 195
[2018.10.03-22.54.13:963][211]LogBlueprintUserMessages: [MasterTile_C_10] 210
[2018.10.03-22.54.14:690][298]LogBlueprintUserMessages: [MasterTile_C_11] 225
[2018.10.03-22.54.15:408][384]LogBlueprintUserMessages: [MasterTile_C_12] 240
[2018.10.03-22.54.15:940][448]LogBlueprintUserMessages: [Magnet_Pickup_2] magnetinactive
[2018.10.03-22.54.15:941][448]LogBlueprintUserMessages: [Magnet_Pickup_2] Deactivated
[2018.10.03-22.54.16:117][469]LogBlueprintUserMessages: [MasterTile_C_13] 255
[2018.10.03-22.54.16:324][494]LogBlueprintUserMessages: [Coin_Pickup_C_10] MagnetNotActive
[2018.10.03-22.54.16:817][553]LogBlueprintUserMessages: [MasterTile_C_14] 270
[2018.10.03-22.54.17:519][637]LogBlueprintUserMessages: [MasterTile_C_15] 285
[2018.10.03-22.54.17:667][655]LogBlueprintUserMessages: [Coin_Pickup_C_12] MagnetNotActive
[2018.10.03-22.54.17:718][661]LogBlueprintUserMessages: [Coin_Pickup_C_13] MagnetNotActive
[2018.10.03-22.54.17:718][661]LogBlueprintUserMessages: [Coin_Pickup_C_11] MagnetNotActive
[2018.10.03-22.54.18:204][719]LogBlueprintUserMessages: [MasterTile_C_16] 300
[2018.10.03-22.54.18:884][800]LogBlueprintUserMessages: [MasterTile_C_17] 315
[2018.10.03-22.54.19:568][882]LogBlueprintUserMessages: [MasterTile_C_18] 330
[2018.10.03-22.54.20:237][962]LogBlueprintUserMessages: [MasterTile_C_19] 345
[2018.10.03-22.54.20:897][ 40]LogBlueprintUserMessages: [MasterTile_C_20] 360
[2018.10.03-22.54.21:038][ 57]LogBlueprintUserMessages: [Coin_Pickup_C_15] MagnetNotActive
[2018.10.03-22.54.21:089][ 63]LogBlueprintUserMessages: [Coin_Pickup_C_14] MagnetNotActive
[2018.10.03-22.54.21:553][118]LogBlueprintUserMessages: [MasterTile_C_21] 375
[2018.10.03-22.54.21:694][135]LogBlueprintUserMessages: [Coin_Pickup_C_17] MagnetNotActive
[2018.10.03-22.54.21:744][141]LogBlueprintUserMessages: [Coin_Pickup_C_16] MagnetNotActive
[2018.10.03-22.54.22:205][196]LogBlueprintUserMessages: [MasterTile_C_22] 390
[2018.10.03-22.54.22:844][272]LogBlueprintUserMessages: [MasterTile_C_23] 405
[2018.10.03-22.54.23:481][348]LogBlueprintUserMessages: [MasterTile_C_24] 420
[2018.10.03-22.54.24:113][423]LogBlueprintUserMessages: [MasterTile_C_25] 435
[2018.10.03-22.54.24:439][462]LogBlueprintUserMessages: [ThirdPersonCharacter_C_0] up
[2018.10.03-22.54.24:741][498]LogBlueprintUserMessages: [MasterTile_C_26] 450
[2018.10.03-22.54.25:356][571]LogBlueprintUserMessages: [MasterTile_C_27] 465
[2018.10.03-22.54.25:431][580]LogBlueprintUserMessages: [ThirdPersonCharacter_C_0] Down
[2018.10.03-22.54.25:489][587]LogBlueprintUserMessages: [Coin_Pickup_C_19] MagnetNotActive
[2018.10.03-22.54.25:538][593]LogBlueprintUserMessages: [Coin_Pickup_C_18] MagnetNotActive
[2018.10.03-22.54.26:054][653]LogBlueprintUserMessages: [ThirdPersonCharacter_C_0] Right
[2018.10.03-22.54.27:646][843]LogSlate: FSceneViewport::OnFocusLost() reason 0
[2018.10.03-22.54.27:763][857]Cmd: restartlevel
[2018.10.03-22.54.27:764][857]LogNet: Browse: /Game/ThirdPersonBP/Maps/FirstMap?restart
[2018.10.03-22.54.27:764][857]LogLoad: LoadMap: /Game/ThirdPersonBP/Maps/FirstMap
[2018.10.03-22.54.27:805][857]LogPlayLevel: Creating play world package: /Game/ThirdPersonBP/Maps/UEDPIE_0_FirstMap
[2018.10.03-22.54.27:809][857]LogPlayLevel: PIE: StaticDuplicateObject took: (0.003360s)
[2018.10.03-22.54.27:810][857]LogAIModule: Creating AISystem for world FirstMap
[2018.10.03-22.54.27:810][857]LogPlayLevel: PIE: World Init took: (0.001134s)
[2018.10.03-22.54.27:810][857]LogPlayLevel: PIE: Created PIE world by copying editor world from /Game/ThirdPersonBP/Maps/FirstMap.FirstMap to /Game/ThirdPersonBP/Maps/UEDPIE_0_FirstMap.FirstMap (0.004654s)
[2018.10.03-22.54.27:810][857]LogLoad: Game class is 'ThirdPersonGameMode_C'
[2018.10.03-22.54.27:811][857]LogWorld: Bringing World /Game/ThirdPersonBP/Maps/UEDPIE_0_FirstMap.FirstMap up for play (max tick rate 0) at 2018.10.03-23.54.27
[2018.10.03-22.54.27:811][857]LogWorld: Bringing up level for play took: 0.000620
[2018.10.03-22.54.27:814][857]LogBlueprintUserMessages: [ThirdPersonGameMode_C_0] 0
[2018.10.03-22.54.27:814][857]LogBlueprintUserMessages: [ThirdPersonGameMode_C_0] 0
[2018.10.03-22.54.27:815][857]LogBlueprintUserMessages: [ThirdPersonGameMode_C_0] 0
[2018.10.03-22.54.27:816][857]LogBlueprintUserMessages: [ThirdPersonGameMode_C_0] 0
[2018.10.03-22.54.27:817][857]LogBlueprintUserMessages: [ThirdPersonGameMode_C_0] 0
[2018.10.03-22.54.27:818][857]LogBlueprintUserMessages: [ThirdPersonGameMode_C_0] 0
[2018.10.03-22.54.27:819][857]LogBlueprintUserMessages: [ThirdPersonGameMode_C_0] 0
[2018.10.03-22.54.27:819][857]LogBlueprintUserMessages: [ThirdPersonGameMode_C_0] 0
[2018.10.03-22.54.27:820][857]LogBlueprintUserMessages: [ThirdPersonGameMode_C_0] 0
[2018.10.03-22.54.27:821][857]LogBlueprintUserMessages: [ThirdPersonGameMode_C_0] 0
[2018.10.03-22.54.27:821][857]LogBlueprintUserMessages: [ThirdPersonGameMode_C_0] 0
[2018.10.03-22.54.27:822][857]LogBlueprintUserMessages: [ThirdPersonGameMode_C_0] 0
[2018.10.03-22.54.27:823][857]LogBlueprintUserMessages: [ThirdPersonGameMode_C_0] 0
[2018.10.03-22.54.27:824][857]LogBlueprintUserMessages: [ThirdPersonGameMode_C_0] 0
[2018.10.03-22.54.27:825][857]LogBlueprintUserMessages: [ThirdPersonGameMode_C_0] 0
[2018.10.03-22.54.27:826][857]LogBlueprintUserMessages: [ThirdPersonGameMode_C_0] 0
[2018.10.03-22.54.27:827][857]LogBlueprintUserMessages: [ThirdPersonGameMode_C_0] 0
[2018.10.03-22.54.27:827][857]LogLoad: Took 0.063560 seconds to LoadMap(/Game/ThirdPersonBP/Maps/UEDPIE_0_FirstMap)
[2018.10.03-22.54.27:973][873]LogBlueprintUserMessages: [Coin_Pickup_C_1] MagnetNotActive
[2018.10.03-22.54.28:074][885]LogBlueprintUserMessages: [Coin_Pickup_C_2] MagnetNotActive
[2018.10.03-22.54.28:082][886]LogBlueprintUserMessages: [Coin_Pickup_C_0] MagnetNotActive
[2018.10.03-22.54.28:677][957]LogBlueprintUserMessages: [FirstTIle_C_0] 15
[2018.10.03-22.54.29:503][ 56]LogBlueprintUserMessages: [FirstTIle_C_1] 30
[2018.10.03-22.54.30:318][153]LogBlueprintUserMessages: [FirstTIle_C_2] 45
[2018.10.03-22.54.30:759][205]LogBlueprintUserMessages: [Magnet_Pickup_2] MagnetActive
[2018.10.03-22.54.31:126][248]LogBlueprintUserMessages: [MasterTile_C_0] 60
[2018.10.03-22.54.31:194][256]LogBlueprintUserMessages: [ThirdPersonCharacter_C_0] Right
[2018.10.03-22.54.31:927][343]LogBlueprintUserMessages: [MasterTile_C_1] 75
[2018.10.03-22.54.32:719][437]LogBlueprintUserMessages: [MasterTile_C_2] 90
[2018.10.03-22.54.33:503][531]LogBlueprintUserMessages: [MasterTile_C_3] 105
[2018.10.03-22.54.34:288][625]LogBlueprintUserMessages: [MasterTile_C_4] 120
[2018.10.03-22.54.35:057][717]LogBlueprintUserMessages: [MasterTile_C_5] 135
[2018.10.03-22.54.35:816][808]LogBlueprintUserMessages: [MasterTile_C_6] 150
[2018.10.03-22.54.36:572][898]LogBlueprintUserMessages: [MasterTile_C_7] 165
[2018.10.03-22.54.37:319][987]LogBlueprintUserMessages: [MasterTile_C_8] 180
[2018.10.03-22.54.38:057][ 75]LogBlueprintUserMessages: [MasterTile_C_9] 195
[2018.10.03-22.54.38:791][163]LogBlueprintUserMessages: [MasterTile_C_10] 210
[2018.10.03-22.54.39:514][249]LogBlueprintUserMessages: [MasterTile_C_11] 225
[2018.10.03-22.54.40:234][335]LogBlueprintUserMessages: [MasterTile_C_12] 240
[2018.10.03-22.54.40:750][397]LogBlueprintUserMessages: [Magnet_Pickup_2] magnetinactive
[2018.10.03-22.54.40:750][397]LogScript: Warning: Accessed None trying to read property K2Node_DynamicCast_AsThird_Person_Character
	Magnet_Pickup_C /Game/ThirdPersonBP/Maps/UEDPIE_0_FirstMap.FirstMap:PersistentLevel.Magnet_Pickup_2
	Function /Game/RunnerFiles/Blueprints/Magnet_Pickup.Magnet_Pickup_C:ExecuteUbergraph_Magnet_Pickup:00E2
[2018.10.03-22.54.40:750][397]PIE: Error: Blueprint Runtime Error: "Accessed None trying to read property K2Node_DynamicCast_AsThird_Person_Character". Blueprint:  Magnet_Pickup Function:  Execute Ubergraph Magnet Pickup Graph:  EventGraph Node:  Deactivate Magnet
[2018.10.03-22.54.40:750][397]LogBlueprintUserMessages: [Magnet_Pickup_2] Deactivated
[2018.10.03-22.54.40:943][420]LogBlueprintUserMessages: [MasterTile_C_13] 255
[2018.10.03-22.54.41:647][504]LogBlueprintUserMessages: [MasterTile_C_14] 270
[2018.10.03-22.54.42:345][587]LogBlueprintUserMessages: [MasterTile_C_15] 285
[2018.10.03-22.54.43:036][669]LogBlueprintUserMessages: [MasterTile_C_16] 300
[2018.10.03-22.54.43:721][751]LogBlueprintUserMessages: [MasterTile_C_17] 315
[2018.10.03-22.54.44:396][832]LogBlueprintUserMessages: [MasterTile_C_18] 330
[2018.10.03-22.54.45:057][911]LogBlueprintUserMessages: [MasterTile_C_19] 345
[2018.10.03-22.54.45:729][991]LogBlueprintUserMessages: [MasterTile_C_20] 360
[2018.10.03-22.54.46:379][ 69]LogBlueprintUserMessages: [MasterTile_C_21] 375
[2018.10.03-22.54.47:032][147]LogBlueprintUserMessages: [MasterTile_C_22] 390
[2018.10.03-22.54.47:678][224]LogBlueprintUserMessages: [MasterTile_C_23] 405
[2018.10.03-22.54.47:711][228]LogBlueprintUserMessages: [ThirdPersonCharacter_C_0] Down
[2018.10.03-22.54.48:314][300]LogBlueprintUserMessages: [MasterTile_C_24] 420
[2018.10.03-22.54.48:455][317]LogBlueprintUserMessages: [ThirdPersonCharacter_C_0] Left
[2018.10.03-22.54.48:940][375]LogBlueprintUserMessages: [MasterTile_C_25] 435
[2018.10.03-22.54.49:566][450]LogBlueprintUserMessages: [MasterTile_C_26] 450
[2018.10.03-22.54.50:182][523]LogBlueprintUserMessages: [MasterTile_C_27] 465
[2018.10.03-22.54.50:800][596]LogBlueprintUserMessages: [MasterTile_C_28] 480
[2018.10.03-22.54.51:408][668]LogBlueprintUserMessages: [MasterTile_C_29] 495
[2018.10.03-22.54.52:001][739]LogBlueprintUserMessages: [MasterTile_C_30] 510
[2018.10.03-22.54.52:599][810]LogBlueprintUserMessages: [MasterTile_C_31] 525
[2018.10.03-22.54.53:185][880]LogBlueprintUserMessages: [MasterTile_C_32] 540
[2018.10.03-22.54.53:427][909]LogBlueprintUserMessages: [ThirdPersonCharacter_C_0] up
[2018.10.03-22.54.53:770][950]LogBlueprintUserMessages: [MasterTile_C_33] 555
[2018.10.03-22.54.54:344][ 18]LogBlueprintUserMessages: [MasterTile_C_34] 570
[2018.10.03-22.54.54:809][ 74]LogBlueprintUserMessages: [ThirdPersonCharacter_C_0] up
[2018.10.03-22.54.54:919][ 87]LogBlueprintUserMessages: [MasterTile_C_35] 585
[2018.10.03-22.54.55:479][154]LogBlueprintUserMessages: [MasterTile_C_36] 600
[2018.10.03-22.54.56:045][222]LogBlueprintUserMessages: [MasterTile_C_37] 615
[2018.10.03-22.54.56:362][260]LogBlueprintUserMessages: [ThirdPersonCharacter_C_0] up
[2018.10.03-22.54.56:594][287]LogBlueprintUserMessages: [MasterTile_C_38] 630
[2018.10.03-22.54.57:145][353]LogBlueprintUserMessages: [MasterTile_C_39] 645
[2018.10.03-22.54.57:687][418]LogBlueprintUserMessages: [MasterTile_C_40] 660
[2018.10.03-22.54.58:230][483]LogBlueprintUserMessages: [MasterTile_C_41] 675
[2018.10.03-22.54.58:756][546]LogBlueprintUserMessages: [MasterTile_C_42] 690
[2018.10.03-22.54.59:290][610]LogBlueprintUserMessages: [MasterTile_C_43] 705
[2018.10.03-22.54.59:711][660]LogBlueprintUserMessages: [ThirdPersonCharacter_C_0] Right
[2018.10.03-22.54.59:806][671]LogBlueprintUserMessages: [MasterTile_C_44] 720
[2018.10.03-22.55.00:324][732]LogBlueprintUserMessages: [MasterTile_C_45] 735
[2018.10.03-22.55.00:839][793]LogBlueprintUserMessages: [MasterTile_C_46] 750
[2018.10.03-22.55.01:341][853]LogBlueprintUserMessages: [MasterTile_C_47] 765
[2018.10.03-22.55.01:849][909]LogBlueprintUserMessages: [MasterTile_C_48] 780
[2018.10.03-22.55.02:341][968]LogBlueprintUserMessages: [MasterTile_C_49] 795
[2018.10.03-22.55.02:837][ 27]LogBlueprintUserMessages: [MasterTile_C_50] 810
[2018.10.03-22.55.03:325][ 85]LogBlueprintUserMessages: [MasterTile_C_51] 825
[2018.10.03-22.55.03:801][142]LogBlueprintUserMessages: [MasterTile_C_52] 840
[2018.10.03-22.55.04:277][199]LogBlueprintUserMessages: [MasterTile_C_53] 855
[2018.10.03-22.55.04:751][255]LogBlueprintUserMessages: [MasterTile_C_54] 870
[2018.10.03-22.55.05:219][311]LogBlueprintUserMessages: [MasterTile_C_55] 885
[2018.10.03-22.55.05:685][366]LogBlueprintUserMessages: [MasterTile_C_56] 900
[2018.10.03-22.55.06:143][420]LogBlueprintUserMessages: [MasterTile_C_57] 915
[2018.10.03-22.55.06:602][470]LogBlueprintUserMessages: [MasterTile_C_58] 930
[2018.10.03-22.55.07:052][523]LogBlueprintUserMessages: [MasterTile_C_59] 945
[2018.10.03-22.55.07:496][576]LogBlueprintUserMessages: [MasterTile_C_60] 960
[2018.10.03-22.55.07:935][628]LogBlueprintUserMessages: [MasterTile_C_61] 975
[2018.10.03-22.55.08:371][680]LogBlueprintUserMessages: [MasterTile_C_62] 990
[2018.10.03-22.55.08:804][732]LogBlueprintUserMessages: [MasterTile_C_63] 1005
[2018.10.03-22.55.09:030][759]LogBlueprintUserMessages: [ThirdPersonCharacter_C_0] Left
[2018.10.03-22.55.09:232][783]LogBlueprintUserMessages: [MasterTile_C_64] 1020
[2018.10.03-22.55.09:653][833]LogBlueprintUserMessages: [MasterTile_C_65] 1035
[2018.10.03-22.55.10:072][883]LogBlueprintUserMessages: [MasterTile_C_66] 1050
[2018.10.03-22.55.10:489][933]LogBlueprintUserMessages: [MasterTile_C_67] 1065
[2018.10.03-22.55.10:899][980]LogBlueprintUserMessages: [MasterTile_C_68] 1080
[2018.10.03-22.55.11:303][ 28]LogBlueprintUserMessages: [MasterTile_C_69] 1095
[2018.10.03-22.55.11:707][ 76]LogBlueprintUserMessages: [MasterTile_C_70] 1110
[2018.10.03-22.55.12:108][123]LogBlueprintUserMessages: [MasterTile_C_71] 1125
[2018.10.03-22.55.12:507][170]LogBlueprintUserMessages: [MasterTile_C_72] 1140
[2018.10.03-22.55.12:895][216]LogBlueprintUserMessages: [MasterTile_C_73] 1155
[2018.10.03-22.55.13:282][262]LogBlueprintUserMessages: [MasterTile_C_74] 1170
[2018.10.03-22.55.13:665][308]LogBlueprintUserMessages: [MasterTile_C_75] 1185
[2018.10.03-22.55.14:050][354]LogBlueprintUserMessages: [MasterTile_C_76] 1200
[2018.10.03-22.55.14:426][399]LogBlueprintUserMessages: [MasterTile_C_77] 1215
[2018.10.03-22.55.14:792][442]LogBlueprintUserMessages: [MasterTile_C_78] 1230
[2018.10.03-22.55.15:165][486]LogBlueprintUserMessages: [MasterTile_C_79] 1245
[2018.10.03-22.55.15:527][529]LogBlueprintUserMessages: [MasterTile_C_80] 1260
[2018.10.03-22.55.15:885][572]LogBlueprintUserMessages: [MasterTile_C_81] 1275
[2018.10.03-22.55.16:246][615]LogBlueprintUserMessages: [MasterTile_C_82] 1290
[2018.10.03-22.55.16:597][657]LogBlueprintUserMessages: [MasterTile_C_83] 1305
[2018.10.03-22.55.16:951][699]LogBlueprintUserMessages: [MasterTile_C_84] 1320
[2018.10.03-22.55.17:298][740]LogBlueprintUserMessages: [MasterTile_C_85] 1335
[2018.10.03-22.55.17:645][781]LogBlueprintUserMessages: [MasterTile_C_86] 1350
[2018.10.03-22.55.17:985][821]LogBlueprintUserMessages: [MasterTile_C_87] 1365
[2018.10.03-22.55.18:034][827]LogBlueprintUserMessages: [ThirdPersonCharacter_C_0] up
[2018.10.03-22.55.18:320][861]LogBlueprintUserMessages: [MasterTile_C_88] 1380
[2018.10.03-22.55.18:653][900]LogBlueprintUserMessages: [MasterTile_C_89] 1395
[2018.10.03-22.55.18:986][939]LogBlueprintUserMessages: [MasterTile_C_90] 1410
[2018.10.03-22.55.19:312][978]LogBlueprintUserMessages: [MasterTile_C_91] 1425
[2018.10.03-22.55.19:635][ 16]LogBlueprintUserMessages: [MasterTile_C_92] 1440
[2018.10.03-22.55.19:960][ 55]LogBlueprintUserMessages: [MasterTile_C_93] 1455
[2018.10.03-22.55.20:278][ 93]LogBlueprintUserMessages: [MasterTile_C_94] 1470
[2018.10.03-22.55.20:593][130]LogBlueprintUserMessages: [MasterTile_C_95] 1485
[2018.10.03-22.55.20:898][166]LogBlueprintUserMessages: [MasterTile_C_96] 1500
[2018.10.03-22.55.21:205][202]LogBlueprintUserMessages: [MasterTile_C_97] 1515
[2018.10.03-22.55.21:515][238]LogBlueprintUserMessages: [MasterTile_C_98] 1530
[2018.10.03-22.55.21:718][262]LogBlueprintUserMessages: [ThirdPersonCharacter_C_0] up
[2018.10.03-22.55.21:812][273]LogBlueprintUserMessages: [MasterTile_C_99] 1545
[2018.10.03-22.55.22:112][308]LogBlueprintUserMessages: [MasterTile_C_100] 1560
[2018.10.03-22.55.22:416][344]LogBlueprintUserMessages: [MasterTile_C_101] 1575
[2018.10.03-22.55.22:708][378]LogBlueprintUserMessages: [MasterTile_C_102] 1590
[2018.10.03-22.55.22:998][412]LogBlueprintUserMessages: [MasterTile_C_103] 1605
[2018.10.03-22.55.23:286][446]LogBlueprintUserMessages: [MasterTile_C_104] 1620
[2018.10.03-22.55.23:571][480]LogBlueprintUserMessages: [MasterTile_C_105] 1635
[2018.10.03-22.55.23:848][513]LogBlueprintUserMessages: [MasterTile_C_106] 1650
[2018.10.03-22.55.24:130][546]LogBlueprintUserMessages: [MasterTile_C_107] 1665
[2018.10.03-22.55.24:406][579]LogBlueprintUserMessages: [MasterTile_C_108] 1680
[2018.10.03-22.55.24:681][612]LogBlueprintUserMessages: [MasterTile_C_109] 1695
[2018.10.03-22.55.24:951][644]LogBlueprintUserMessages: [MasterTile_C_110] 1710
[2018.10.03-22.55.25:215][675]LogBlueprintUserMessages: [MasterTile_C_111] 1725
[2018.10.03-22.55.25:483][707]LogBlueprintUserMessages: [MasterTile_C_112] 1740
[2018.10.03-22.55.25:748][738]LogBlueprintUserMessages: [MasterTile_C_113] 1755
[2018.10.03-22.55.26:007][769]LogBlueprintUserMessages: [MasterTile_C_114] 1770
[2018.10.03-22.55.26:208][793]LogBlueprintUserMessages: [ThirdPersonCharacter_C_0] up
[2018.10.03-22.55.26:269][800]LogBlueprintUserMessages: [MasterTile_C_115] 1785
[2018.10.03-22.55.26:516][829]LogBlueprintUserMessages: [MasterTile_C_116] 1800
[2018.10.03-22.55.26:775][860]LogBlueprintUserMessages: [MasterTile_C_117] 1815
[2018.10.03-22.55.27:022][889]LogBlueprintUserMessages: [MasterTile_C_118] 1830
[2018.10.03-22.55.27:267][918]LogBlueprintUserMessages: [MasterTile_C_119] 1845
[2018.10.03-22.55.27:513][947]LogBlueprintUserMessages: [MasterTile_C_120] 1860
[2018.10.03-22.55.27:758][976]LogBlueprintUserMessages: [MasterTile_C_121] 1875
[2018.10.03-22.55.28:003][  5]LogBlueprintUserMessages: [MasterTile_C_122] 1890
[2018.10.03-22.55.28:235][ 33]LogBlueprintUserMessages: [MasterTile_C_123] 1905
[2018.10.03-22.55.28:473][ 61]LogBlueprintUserMessages: [MasterTile_C_124] 1920
[2018.10.03-22.55.28:709][ 89]LogBlueprintUserMessages: [MasterTile_C_125] 1935
[2018.10.03-22.55.28:936][116]LogBlueprintUserMessages: [MasterTile_C_126] 1950
[2018.10.03-22.55.29:161][143]LogBlueprintUserMessages: [MasterTile_C_127] 1965
[2018.10.03-22.55.29:395][170]LogBlueprintUserMessages: [MasterTile_C_128] 1980
[2018.10.03-22.55.29:617][196]LogBlueprintUserMessages: [MasterTile_C_129] 1995
[2018.10.03-22.55.29:835][222]LogBlueprintUserMessages: [MasterTile_C_130] 2010
[2018.10.03-22.55.30:059][249]LogBlueprintUserMessages: [MasterTile_C_131] 2025
[2018.10.03-22.55.30:152][260]LogBlueprintUserMessages: [ThirdPersonCharacter_C_0] Left
[2018.10.03-22.55.30:279][275]LogBlueprintUserMessages: [MasterTile_C_132] 2040
[2018.10.03-22.55.30:487][300]LogBlueprintUserMessages: [MasterTile_C_133] 2055
[2018.10.03-22.55.30:575][310]LogBlueprintUserMessages: [ThirdPersonCharacter_C_0] Right
[2018.10.03-22.58.29:939][428]LogSlate: FSceneViewport::OnFocusLost() reason 2
[2018.10.03-22.58.31:700][583]LogSlate: Window 'Magnet_Pickup' being destroyed
[2018.10.03-22.58.31:704][583]LogSlate: Window 'Magnet_Pickup' being destroyed
[2018.10.03-22.58.32:805][705]LogBlueprintUserMessages: Early EndPlayMap Detection: Level '/Game/ThirdPersonBP/Maps/FirstMap.FirstMap:PersistentLevel' has LevelScriptBlueprint '/Game/ThirdPersonBP/Maps/FirstMap.FirstMap:PersistentLevel.FirstMap' with GeneratedClass '/Game/ThirdPersonBP/Maps/FirstMap.FirstMap_C' with ClassGeneratedBy '/Game/ThirdPersonBP/Maps/FirstMap.FirstMap:PersistentLevel.FirstMap'
[2018.10.03-22.58.32:805][705]LogSlate: Updating window title bar state: overlay mode, drag disabled, window buttons hidden, title bar hidden
[2018.10.03-22.58.32:842][705]LogPlayLevel: Display: Shutting down PIE online subsystems
[2018.10.03-22.58.32:843][705]LogBlueprintUserMessages: Late EndPlayMap Detection: Level '/Game/ThirdPersonBP/Maps/FirstMap.FirstMap:PersistentLevel' has LevelScriptBlueprint '/Game/ThirdPersonBP/Maps/FirstMap.FirstMap:PersistentLevel.FirstMap' with GeneratedClass '/Game/ThirdPersonBP/Maps/FirstMap.FirstMap_C' with ClassGeneratedBy '/Game/ThirdPersonBP/Maps/FirstMap.FirstMap:PersistentLevel.FirstMap'
[2018.10.03-22.58.32:874][705]LogSlate: Updating window title bar state: overlay mode, drag disabled, window buttons hidden, title bar hidden
[2018.10.03-22.58.32:914][707]LogPlayLevel: Display: Destroying online subsystem :Context_11
[2018.10.03-22.58.38:891][119]LogSlate: Window 'Pick Parent Class' being destroyed
[2018.10.03-22.58.56:583][190]LogAssetEditorManager: Opening Asset editor for Blueprint /Game/RunnerFiles/Blueprints/BirdAI.BirdAI
[2018.10.03-22.59.24:472][808]LogSlate: FSceneViewport::OnFocusLost() reason 0
[2018.10.03-22.59.41:706][326]LogSlate: FSceneViewport::OnFocusLost() reason 0
[2018.10.03-22.59.41:807][336]Cmd: MODE ROTGRID=1
[2018.10.03-22.59.43:812][525]LogEditorTransaction: Undo Modify Component(s)
[2018.10.03-22.59.54:023][422]LogSlate: FSceneViewport::OnFocusLost() reason 0
[2018.10.03-23.00.04:782][397]LogSlate: FSceneViewport::OnFocusLost() reason 0
[2018.10.03-23.00.15:852][408]LogSlate: FSceneViewport::OnFocusLost() reason 0
[2018.10.03-23.00.15:987][421]BlueprintLog: New page: Compile BirdAI
[2018.10.03-23.02.23:619][ 68]LogSlate: Window 'Pick Parent Class' being destroyed
[2018.10.03-23.02.36:189][422]LogAssetEditorManager: Opening Asset editor for Blueprint /Game/RunnerFiles/Blueprints/BirdAIPickup.BirdAIPickup
[2018.10.03-23.02.39:905][721]LogSlate: FSceneViewport::OnFocusLost() reason 2
[2018.10.03-23.03.03:096][933]LogSlate: FSceneViewport::OnFocusLost() reason 2
[2018.10.03-23.03.06:354][186]LogSlate: FSceneViewport::OnFocusLost() reason 2
[2018.10.03-23.03.19:794][339]LogSlate: FSceneViewport::OnFocusLost() reason 0
[2018.10.03-23.03.19:950][351]LogAssetEditorManager: Opening Asset editor for Blueprint /Game/RunnerFiles/Blueprints/Jump_Powerup.Jump_Powerup
[2018.10.03-23.03.30:381][286]LogSlate: FSceneViewport::OnFocusLost() reason 0
[2018.10.03-23.03.36:674][840]LogSlate: FSceneViewport::OnFocusLost() reason 0
[2018.10.03-23.03.36:795][852]BlueprintLog: New page: Compile BirdAIPickup
[2018.10.03-23.04.08:374][362]LogMaterial: Warning: Material /Game/RunnerFiles/Meshes/Magnet/aiStandardSurface2.aiStandardSurface2 needed to have new flag set bUsedWithSkeletalMesh !
[2018.10.03-23.04.08:376][362]LogMaterial: Display: Missing cached shader map for material aiStandardSurface2, compiling. 
[2018.10.03-23.04.08:706][362]LogShaderCompilers: Display: Shaders left to compile 60
[2018.10.03-23.04.08:706][362]LogShaderCompilers: Display: Shaders left to compile 50
[2018.10.03-23.04.08:706][362]LogShaderCompilers: Display: Shaders left to compile 40
[2018.10.03-23.04.14:050][722]LogShaderCompilers: Display: Shaders left to compile 30
[2018.10.03-23.04.16:091][861]LogShaderCompilers: Display: Shaders left to compile 20
[2018.10.03-23.04.19:113][ 52]LogSlate: FSceneViewport::OnFocusLost() reason 0
[2018.10.03-23.04.22:147][255]LogShaderCompilers: Display: Shaders left to compile 10
[2018.10.03-23.04.23:577][353]LogSlate: FSceneViewport::OnFocusLost() reason 0
[2018.10.03-23.04.26:869][545]LogMaterial: Warning: Material /Game/RunnerFiles/Meshes/Magnet/aiStandardSurface3.aiStandardSurface3 needed to have new flag set bUsedWithSkeletalMesh !
[2018.10.03-23.04.26:871][545]LogMaterial: Display: Missing cached shader map for material aiStandardSurface3, compiling. 
[2018.10.03-23.04.26:915][545]LogShaderCompilers: Display: Shaders left to compile 60
[2018.10.03-23.04.26:915][545]LogShaderCompilers: Display: Shaders left to compile 50
[2018.10.03-23.04.33:097][924]LogShaderCompilers: Display: Shaders left to compile 40
[2018.10.03-23.04.36:309][137]LogShaderCompilers: Display: Shaders left to compile 30
[2018.10.03-23.04.40:074][394]LogShaderCompilers: Display: Shaders left to compile 20
[2018.10.03-23.04.40:088][395]LogShaderCompilers: Display: Shaders left to compile 10
[2018.10.03-23.04.46:151][784]LogEditorTransaction: Undo Replace component used material
[2018.10.03-23.04.55:639][605]LogSlate: FSceneViewport::OnFocusLost() reason 0
[2018.10.03-23.04.55:764][619]LogSlate: Window 'Jump_Powerup' being destroyed
[2018.10.03-23.04.55:766][619]LogSlate: Window 'Jump_Powerup' being destroyed
[2018.10.03-23.04.55:841][619]LogActorComponent: UnregisterComponent: (/Engine/Transient.EditorFloorComp) Not registered. Aborting.
[2018.10.03-23.04.55:907][619]LogActorComponent: UnregisterComponent: (/Engine/Transient.EditorFloorComp) Not registered. Aborting.
[2018.10.03-23.05.00:155][ 85]Cmd: OBJ SAVEPACKAGE PACKAGE="/Game/ThirdPersonBP/Maps/FirstMap" FILE="../../../../../../Github/CRANE/FlaminGo/Content/ThirdPersonBP/Maps/FirstMap.umap" SILENT=true AUTOSAVING=false KEEPDIRTY=false
[2018.10.03-23.05.00:387][ 85]LogSavePackage: Moving '../../../../../../Github/CRANE/FlaminGo/Saved/FirstMap80BE96824535E1CE1AA40895781CB1D1.tmp' to '../../../../../../Github/CRANE/FlaminGo/Content/ThirdPersonBP/Maps/FirstMap.umap'
[2018.10.03-23.05.00:412][ 85]LogFileHelpers: Saving map 'FirstMap' took 0.341
[2018.10.03-23.05.00:433][ 85]Cmd: OBJ SAVEPACKAGE PACKAGE="/Game/RunnerFiles/Meshes/Magnet/aiStandardSurface2" FILE="../../../../../../Github/CRANE/FlaminGo/Content/RunnerFiles/Meshes/Magnet/aiStandardSurface2.uasset" SILENT=true
[2018.10.03-23.05.00:467][ 85]LogSavePackage: Moving '../../../../../../Github/CRANE/FlaminGo/Saved/aiStandardSurface2E5E1FFAE47CF6C37BA27ED88EE8CC2F4.tmp' to '../../../../../../Github/CRANE/FlaminGo/Content/RunnerFiles/Meshes/Magnet/aiStandardSurface2.uasset'
[2018.10.03-23.05.00:487][ 85]Cmd: OBJ SAVEPACKAGE PACKAGE="/Game/RunnerFiles/Blueprints/BirdAI" FILE="../../../../../../Github/CRANE/FlaminGo/Content/RunnerFiles/Blueprints/BirdAI.uasset" SILENT=true
[2018.10.03-23.05.00:506][ 85]LogSavePackage: Moving '../../../../../../Github/CRANE/FlaminGo/Saved/BirdAI6A3C07C44042C087A7027FAE3D7CAD62.tmp' to '../../../../../../Github/CRANE/FlaminGo/Content/RunnerFiles/Blueprints/BirdAI.uasset'
[2018.10.03-23.05.00:525][ 85]Cmd: OBJ SAVEPACKAGE PACKAGE="/Game/RunnerFiles/Blueprints/BirdAIPickup" FILE="../../../../../../Github/CRANE/FlaminGo/Content/RunnerFiles/Blueprints/BirdAIPickup.uasset" SILENT=true
[2018.10.03-23.05.00:544][ 85]LogSavePackage: Moving '../../../../../../Github/CRANE/FlaminGo/Saved/BirdAIPickupE1EEA4AA43BF6C38666045BA1F07E0EA.tmp' to '../../../../../../Github/CRANE/FlaminGo/Content/RunnerFiles/Blueprints/BirdAIPickup.uasset'
[2018.10.03-23.05.44:761][387]LogAssetEditorManager: Opening Asset editor for Blueprint /Game/RunnerFiles/Blueprints/BirdAI.BirdAI
[2018.10.03-23.05.53:682][305]LogSlate: Window 'BirdAI' being destroyed
[2018.10.03-23.05.53:686][305]LogSlate: Window 'BirdAI' being destroyed
[2018.10.03-23.05.54:887][438]LogAssetEditorManager: Opening Asset editor for Blueprint /Game/RunnerFiles/Blueprints/BirdAIPickup.BirdAIPickup
[2018.10.03-23.05.56:038][512]LogAssetEditorManager: Opening Asset editor for Blueprint /Game/RunnerFiles/Blueprints/BirdAI.BirdAI
[2018.10.03-23.06.00:111][885]LogAssetEditorManager: Opening Asset editor for Blueprint /Game/RunnerFiles/Blueprints/BirdAI.BirdAI
[2018.10.03-23.06.06:686][445]LogSlate: FSceneViewport::OnFocusLost() reason 2
[2018.10.03-23.06.08:514][586]LogMaterial: Warning: Material /Game/RunnerFiles/Meshes/Boots/Boot_Belt.Boot_Belt needed to have new flag set bUsedWithSkeletalMesh !
[2018.10.03-23.06.08:516][586]LogMaterial: Display: Missing cached shader map for material Boot_Belt, compiling. 
[2018.10.03-23.06.08:557][586]LogShaderCompilers: Display: Shaders left to compile 60
[2018.10.03-23.06.08:557][586]LogShaderCompilers: Display: Shaders left to compile 50
[2018.10.03-23.06.08:557][586]LogShaderCompilers: Display: Shaders left to compile 40
[2018.10.03-23.06.11:685][797]LogSlate: FSceneViewport::OnFocusLost() reason 2
[2018.10.03-23.06.14:772][  1]LogSlate: FSceneViewport::OnFocusLost() reason 0
[2018.10.03-23.06.14:851][  8]LogShaderCompilers: Display: Shaders left to compile 30
[2018.10.03-23.06.14:890][ 10]Cmd: OBJ SAVEPACKAGE PACKAGE="/Game/RunnerFiles/Blueprints/BirdAI" FILE="../../../../../../Github/CRANE/FlaminGo/Content/RunnerFiles/Blueprints/BirdAI.uasset" SILENT=true
[2018.10.03-23.06.14:924][ 10]LogSavePackage: Moving '../../../../../../Github/CRANE/FlaminGo/Saved/BirdAI0D1E3DCE4F98CFD78C807A8815D90D8E.tmp' to '../../../../../../Github/CRANE/FlaminGo/Content/RunnerFiles/Blueprints/BirdAI.uasset'
[2018.10.03-23.06.16:257][112]LogShaderCompilers: Display: Shaders left to compile 20
[2018.10.03-23.06.21:486][598]LogShaderCompilers: Display: Shaders left to compile 10
[2018.10.03-23.06.24:472][809]Cmd: OBJ SAVEPACKAGE PACKAGE="/Game/RunnerFiles/Meshes/Boots/Boot_Belt" FILE="../../../../../../Github/CRANE/FlaminGo/Content/RunnerFiles/Meshes/Boots/Boot_Belt.uasset" SILENT=true
[2018.10.03-23.06.24:497][809]LogSavePackage: Moving '../../../../../../Github/CRANE/FlaminGo/Saved/Boot_Belt3FE37DEB4EA98CA93DA0DC8BC51A633C.tmp' to '../../../../../../Github/CRANE/FlaminGo/Content/RunnerFiles/Meshes/Boots/Boot_Belt.uasset'
