Log file open, 10/07/18 13:52:57
LogWindows: Failed to load 'aqProf.dll' (GetLastError=126)
LogWindows: File 'aqProf.dll' does not exist
LogWindows: Failed to load 'VSPerf140.dll' (GetLastError=126)
LogWindows: File 'VSPerf140.dll' does not exist
LogWindows: Failed to load 'VtuneApi.dll' (GetLastError=126)
LogWindows: File 'VtuneApi.dll' does not exist
LogWindows: Failed to load 'VtuneApi32e.dll' (GetLastError=126)
LogWindows: File 'VtuneApi32e.dll' does not exist
LogInit: Display: Running engine for game: FlaminGo
LogPlatformFile: Not using cached read wrapper
LogTaskGraph: Started task graph with 5 named threads and 14 total threads with 3 sets of task threads.
LogStats: Stats thread started at 0.173343
LogD3D11RHI: Loaded GFSDK_Aftermath_Lib.x64.dll
LogICUInternationalization: Display: ICU TimeZone Detection - Raw Offset: +0:00, Platform Override: ''
LogPluginManager: Mounting plugin Paper2D
LogPluginManager: Mounting plugin AISupport
LogPluginManager: Mounting plugin LightPropagationVolume
LogPluginManager: Mounting plugin CLionSourceCodeAccess
LogPluginManager: Mounting plugin CodeLiteSourceCodeAccess
LogPluginManager: Mounting plugin GitSourceControl
LogPluginManager: Mounting plugin KDevelopSourceCodeAccess
LogPluginManager: Mounting plugin NullSourceCodeAccess
LogPluginManager: Mounting plugin PerforceSourceControl
LogPluginManager: Mounting plugin SubversionSourceControl
LogPluginManager: Mounting plugin UObjectPlugin
LogPluginManager: Mounting plugin VisualStudioCodeSourceCodeAccess
LogPluginManager: Mounting plugin VisualStudioSourceCodeAccess
LogPluginManager: Mounting plugin XCodeSourceCodeAccess
LogPluginManager: Mounting plugin AssetManagerEditor
LogPluginManager: Mounting plugin CryptoKeys
LogPluginManager: Mounting plugin DataValidation
LogPluginManager: Mounting plugin FacialAnimation
LogPluginManager: Mounting plugin GameplayTagsEditor
LogPluginManager: Mounting plugin MacGraphicsSwitching
LogPluginManager: Mounting plugin MeshEditor
LogPluginManager: Mounting plugin MobileLauncherProfileWizard
LogPluginManager: Mounting plugin PluginBrowser
LogPluginManager: Mounting plugin SpeedTreeImporter
LogPluginManager: Mounting plugin DatasmithContent
LogPluginManager: Mounting plugin AlembicImporter
LogPluginManager: Mounting plugin AppleImageUtils
LogPluginManager: Mounting plugin AppleVision
LogPluginManager: Mounting plugin BackChannel
LogPluginManager: Mounting plugin CharacterAI
LogPluginManager: Mounting plugin GeometryCache
LogPluginManager: Mounting plugin HTML5Networking
LogPluginManager: Mounting plugin ProxyLODPlugin
LogPluginManager: Mounting plugin MagicLeap
LogPluginManager: Mounting plugin MagicLeapEmulator
LogPluginManager: Mounting plugin MagicLeapMedia
LogPluginManager: Mounting plugin AndroidMedia
LogPluginManager: Mounting plugin AvfMedia
LogPluginManager: Mounting plugin ImgMedia
LogPluginManager: Mounting plugin LinearTimecode
LogPluginManager: Mounting plugin MediaCompositing
LogPluginManager: Mounting plugin MediaPlayerEditor
LogPluginManager: Mounting plugin WmfMedia
LogPluginManager: Mounting plugin TcpMessaging
LogPluginManager: Mounting plugin UdpMessaging
LogPluginManager: Mounting plugin ActorSequence
LogPluginManager: Mounting plugin LevelSequenceEditor
LogPluginManager: Mounting plugin MatineeToLevelSequence
LogPluginManager: Mounting plugin NetcodeUnitTest
LogPluginManager: Mounting plugin NUTUnrealEngine4
LogPluginManager: Mounting plugin OnlineSubsystemGooglePlay
LogPluginManager: Mounting plugin OnlineSubsystemIOS
LogPluginManager: Mounting plugin OnlineSubsystem
LogPluginManager: Mounting plugin OnlineSubsystemNull
LogPluginManager: Mounting plugin OnlineSubsystemUtils
LogPluginManager: Mounting plugin LauncherChunkInstaller
LogPluginManager: Mounting plugin AndroidDeviceProfileSelector
LogPluginManager: Mounting plugin AndroidMoviePlayer
LogPluginManager: Mounting plugin AndroidPermission
LogPluginManager: Mounting plugin AppleMoviePlayer
LogPluginManager: Mounting plugin ArchVisCharacter
LogPluginManager: Mounting plugin AudioCapture
LogPluginManager: Mounting plugin CableComponent
LogPluginManager: Mounting plugin CustomMeshComponent
LogPluginManager: Mounting plugin EditableMesh
LogPluginManager: Mounting plugin ExampleDeviceProfileSelector
LogPluginManager: Mounting plugin GoogleCloudMessaging
LogPluginManager: Mounting plugin ImmediatePhysics
LogPluginManager: Mounting plugin IOSDeviceProfileSelector
LogPluginManager: Mounting plugin LinuxDeviceProfileSelector
LogPluginManager: Mounting plugin LocationServicesBPLibrary
LogPluginManager: Mounting plugin MobilePatchingUtils
LogPluginManager: Mounting plugin OculusVR
LogPluginManager: Plugin shader directory ../../../Engine/Plugins/Runtime/Oculus/OculusVR/Shaders found
LogPluginManager: Mapping shader source directory ../../../Engine/Plugins/Runtime/Oculus/OculusVR/Shaders to virtual directory /Plugin/OculusVR
LogPluginManager: Mounting plugin PhysXVehicles
LogPluginManager: Mounting plugin ProceduralMeshComponent
LogPluginManager: Mounting plugin RuntimePhysXCooking
LogPluginManager: Mounting plugin SteamVR
LogPluginManager: Mounting plugin WindowsMoviePlayer
LogStreaming: Display: Took  0.166s to configure plugins.
LogInit: Using libcurl 7.55.1-DEV
LogInit:  - built for x86_64-pc-win32
LogInit:  - supports SSL with OpenSSL/1.0.2h
LogInit:  - supports HTTP deflate (compression) using libz 1.2.8
LogInit:  - other features:
LogInit:      CURL_VERSION_SSL
LogInit:      CURL_VERSION_LIBZ
LogInit:      CURL_VERSION_IPV6
LogInit:      CURL_VERSION_ASYNCHDNS
LogInit:      CURL_VERSION_LARGEFILE
LogInit:      CURL_VERSION_IDN
LogInit:  CurlRequestOptions (configurable via config and command line):
LogInit:  - bVerifyPeer = false  - Libcurl will NOT verify peer certificate
LogInit:  - bUseHttpProxy = false  - Libcurl will NOT use HTTP proxy
LogInit:  - bDontReuseConnections = false  - Libcurl will reuse connections
LogInit:  - CertBundlePath = nullptr  - Libcurl will use whatever was configured at build time.
LogInit:  - MaxHostConnections = 16  - Libcurl will limit the number of connections to a host
LogInit:  - LocalHostAddr = Default
LogInit:  - BufferSize = 65536
LogInit: WinSock: version 1.1 (2.2), MaxSocks=32767, MaxUdp=65467
LogInit: Build: ++UE4+Release-4.20-CL-4369336
LogInit: Engine Version: 4.20.3-4369336+++UE4+Release-4.20
LogInit: Compatible Engine Version: 4.20.0-4212847+++UE4+Release-4.20
LogInit: Net CL: 4212847
LogInit: OS: Windows 8.1 (), CPU: Intel(R) Core(TM) i5-6500 CPU @ 3.20GHz, GPU: NVIDIA GeForce GTX 1060 6GB
LogInit: Compiled (64-bit): Sep 17 2018 12:26:19
LogInit: Compiled with Visual C++: 19.13.26129.00
LogInit: Build Configuration: Development
LogInit: Branch Name: ++UE4+Release-4.20
LogInit: Command Line:  
LogInit: Base Directory: C:/Program Files/Epic Games/UE_4.20/Engine/Binaries/Win64/
LogInit: Installed Engine Build: 1
LogDevObjectVersion: Number of dev versions registered: 20
LogDevObjectVersion:   Dev-Blueprints (B0D832E4-1F89-4F0D-ACCF-7EB736FD4AA2): 10
LogDevObjectVersion:   Dev-Build (E1C64328-A22C-4D53-A36C-8E866417BD8C): 0
LogDevObjectVersion:   Dev-Core (375EC13C-06E4-48FB-B500-84F0262A717E): 2
LogDevObjectVersion:   Dev-Editor (E4B068ED-F494-42E9-A231-DA0B2E46BB41): 24
LogDevObjectVersion:   Dev-Framework (CFFC743F-43B0-4480-9391-14DF171D2073): 34
LogDevObjectVersion:   Dev-Mobile (B02B49B5-BB20-44E9-A304-32B752E40360): 2
LogDevObjectVersion:   Dev-Networking (A4E4105C-59A1-49B5-A7C5-40C4547EDFEE): 0
LogDevObjectVersion:   Dev-Online (39C831C9-5AE6-47DC-9A44-9C173E1C8E7C): 0
LogDevObjectVersion:   Dev-Physics (78F01B33-EBEA-4F98-B9B4-84EACCB95AA2): 0
LogDevObjectVersion:   Dev-Platform (6631380F-2D4D-43E0-8009-CF276956A95A): 0
LogDevObjectVersion:   Dev-Rendering (12F88B9F-8875-4AFC-A67C-D90C383ABD29): 26
LogDevObjectVersion:   Dev-Sequencer (7B5AE74C-D270-4C10-A958-57980B212A5A): 9
LogDevObjectVersion:   Dev-VR (D7296918-1DD6-4BDD-9DE2-64A83CC13884): 2
LogDevObjectVersion:   Dev-LoadTimes (C2A15278-BFE7-4AFE-6C17-90FF531DF755): 1
LogDevObjectVersion:   Private-Geometry (6EACA3D4-40EC-4CC1-B786-8BED09428FC5): 3
LogDevObjectVersion:   Dev-AnimPhys (29E575DD-E0A3-4627-9D10-D276232CDCEA): 17
LogDevObjectVersion:   Dev-ReflectionCapture (6B266CEC-1EC7-4B8F-A30B-E4D90942FC07): 1
LogDevObjectVersion:   Dev-Automation (0DF73D61-A23F-47EA-B727-89E90C41499A): 1
LogDevObjectVersion:   FortniteMain (601D1886-AC64-4F84-AA16-D3DE0DEAC7D6): 12
LogDevObjectVersion:   Dev-Enterprise (9DFFBCD6-494F-0158-E221-12823C92A888): 1
LogStreaming: Display: Took  0.001s to delete old logs.
LogInit: Presizing for max 8388607 objects, including 0 objects not considered by GC, pre-allocating 0 bytes for permanent pool.
LogInit: Object subsystem initialized
[2018.10.07-12.52.57:998][  0]LogInit: Selected Device Profile: [Windows]
[2018.10.07-12.52.57:998][  0]LogInit: Applying CVar settings loaded from the selected device profile: [Windows]
[2018.10.07-12.52.58:012][  0]LogHAL: Display: Platform has ~ 16 GB [17139351552 / 17179869184 / 16], which maps to Larger [LargestMinGB=32, LargerMinGB=12, DefaultMinGB=8, SmallerMinGB=6, SmallestMinGB=0)
[2018.10.07-12.52.58:012][  0]LogInit: Setting Device Profile CVar: [[r.Vulkan.UseRealUBs:1]]
[2018.10.07-12.52.58:012][  0]LogInit: Going up to parent DeviceProfile []
[2018.10.07-12.52.58:012][  0]LogInit: Computer: ROX
[2018.10.07-12.52.58:012][  0]LogInit: User: James
[2018.10.07-12.52.58:012][  0]LogInit: CPU Page size=4096, Cores=4
[2018.10.07-12.52.58:013][  0]LogInit: High frequency timer resolution =3.117189 MHz
[2018.10.07-12.52.58:013][  0]LogMemory: Memory total: Physical=16.0GB (16GB approx)
[2018.10.07-12.52.58:013][  0]LogMemory: Platform Memory Stats for Windows
[2018.10.07-12.52.58:013][  0]LogMemory: Process Physical Memory: 98.18 MB used, 98.18 MB peak
[2018.10.07-12.52.58:013][  0]LogMemory: Process Virtual Memory: 84.27 MB used, 84.27 MB peak
[2018.10.07-12.52.58:013][  0]LogMemory: Physical Memory: 3654.36 MB used,  12691.00 MB free, 16345.36 MB total
[2018.10.07-12.52.58:013][  0]LogMemory: Virtual Memory: 469.94 MB used,  12691.00 MB free, 134217728.00 MB total
[2018.10.07-12.52.59:918][  0]LogInit: Using OS detected language (en-US).
[2018.10.07-12.52.59:918][  0]LogInit: Using OS detected locale (en-GB).
[2018.10.07-12.52.59:918][  0]LogTextLocalizationManager: No specific localization for 'en-US' exists, so the 'en' localization will be used.
[2018.10.07-12.53.00:303][  0]LogStreaming: Display: Took  0.386s to InitEngineTextLocalization.
[2018.10.07-12.53.00:304][  0]LogInit: Setting process to per monitor DPI aware
[2018.10.07-12.53.00:859][  0]LogSlate: New Slate User Created.  User Index 0, Is Virtual User: 0
[2018.10.07-12.53.00:859][  0]LogSlate: Slate User Registered.  User Index 0, Is Virtual User: 0
[2018.10.07-12.53.05:526][  0]LogHMD: Failed to initialize OpenVR with code 110
[2018.10.07-12.53.05:526][  0]LogD3D11RHI: D3D11 adapters:
[2018.10.07-12.53.05:605][  0]LogD3D11RHI:    0. 'NVIDIA GeForce GTX 1060 6GB' (Feature Level 11_0)
[2018.10.07-12.53.05:605][  0]LogD3D11RHI:       6004/0/8172 MB DedicatedVideo/DedicatedSystem/SharedSystem, Outputs:1, VendorId:0x10de
[2018.10.07-12.53.05:606][  0]LogD3D11RHI:    1. 'Microsoft Basic Render Driver' (Feature Level 11_0)
[2018.10.07-12.53.05:606][  0]LogD3D11RHI:       0/0/256 MB DedicatedVideo/DedicatedSystem/SharedSystem, Outputs:0, VendorId:0x1414
[2018.10.07-12.53.05:606][  0]LogD3D11RHI: Chosen D3D11 Adapter: 0
[2018.10.07-12.53.05:727][  0]LogD3D11RHI: Creating new Direct3DDevice
[2018.10.07-12.53.05:728][  0]LogD3D11RHI:     GPU DeviceId: 0x1c03 (for the marketing name, search the web for "GPU Device Id")
[2018.10.07-12.53.06:431][  0]LogWindows: EnumDisplayDevices:
[2018.10.07-12.53.06:431][  0]LogWindows:    0. 'NVIDIA GeForce GTX 1060 6GB' (P:1 D:1)
[2018.10.07-12.53.06:438][  0]LogWindows:    1. 'NVIDIA GeForce GTX 1060 6GB' (P:0 D:0)
[2018.10.07-12.53.06:439][  0]LogWindows:    2. 'NVIDIA GeForce GTX 1060 6GB' (P:0 D:0)
[2018.10.07-12.53.06:439][  0]LogWindows:    3. 'NVIDIA GeForce GTX 1060 6GB' (P:0 D:0)
[2018.10.07-12.53.06:439][  0]LogWindows: DebugString: FoundDriverCount:4 
[2018.10.07-12.53.06:439][  0]LogD3D11RHI:     Adapter Name: NVIDIA GeForce GTX 1060 6GB
[2018.10.07-12.53.06:439][  0]LogD3D11RHI:   Driver Version: 391.35 (internal:23.21.13.9135, unified:391.35)
[2018.10.07-12.53.06:439][  0]LogD3D11RHI:      Driver Date: 3-23-2018
[2018.10.07-12.53.06:487][  0]LogRHI: Texture pool is 4203 MB (70% of 6004 MB)
[2018.10.07-12.53.06:656][  0]LogD3D11RHI: Async texture creation enabled
[2018.10.07-12.53.08:290][  0]LogD3D11RHI: GPU Timing Frequency: 1000.000000 (Debug: 2 2)
[2018.10.07-12.53.09:701][  0]LogShaderCompilers: Guid format shader working directory is 6 characters bigger than the processId version (../../../../../../Github/CRANE/FlaminGo/Intermediate/Shaders/WorkingDirectory/10120/).
[2018.10.07-12.53.09:702][  0]LogShaderCompilers: Cleaned the shader compiler working directory 'C:/Users/James/AppData/Local/Temp/UnrealShaderWorkingDir/FCC9E5FC402D47EDFFC0ED86C48AA789/'.
[2018.10.07-12.53.18:283][  0]LogTemp: Display: Loaded TP AllDesktopTargetPlatform
[2018.10.07-12.53.18:297][  0]LogTemp: Display: Loaded TP MacClientTargetPlatform
[2018.10.07-12.53.18:310][  0]LogTemp: Display: Loaded TP MacNoEditorTargetPlatform
[2018.10.07-12.53.18:324][  0]LogTemp: Display: Loaded TP MacServerTargetPlatform
[2018.10.07-12.53.18:337][  0]LogTemp: Display: Loaded TP MacTargetPlatform
[2018.10.07-12.53.18:351][  0]LogTemp: Display: Loaded TP WindowsClientTargetPlatform
[2018.10.07-12.53.18:365][  0]LogTemp: Display: Loaded TP WindowsNoEditorTargetPlatform
[2018.10.07-12.53.18:379][  0]LogTemp: Display: Loaded TP WindowsServerTargetPlatform
[2018.10.07-12.53.18:384][  0]LogTemp: Display: Loaded TP WindowsTargetPlatform
[2018.10.07-12.53.18:468][  0]LogTemp: Display: Loaded TP AndroidTargetPlatform
[2018.10.07-12.53.18:468][  0]LogTemp: Display: Loaded TP AndroidTargetPlatform
[2018.10.07-12.53.18:468][  0]LogTemp: Display: Loaded TP AndroidTargetPlatform
[2018.10.07-12.53.18:468][  0]LogTemp: Display: Loaded TP AndroidTargetPlatform
[2018.10.07-12.53.18:468][  0]LogTemp: Display: Loaded TP AndroidTargetPlatform
[2018.10.07-12.53.18:468][  0]LogTemp: Display: Loaded TP AndroidTargetPlatform
[2018.10.07-12.53.18:468][  0]LogTemp: Display: Loaded TP AndroidTargetPlatform
[2018.10.07-12.53.18:468][  0]LogTemp: Display: Loaded TP AndroidTargetPlatform
[2018.10.07-12.53.18:468][  0]LogTemp: Display: Loaded TP AndroidTargetPlatform
[2018.10.07-12.53.18:468][  0]LogTemp: Display: Loaded TP AndroidTargetPlatform
[2018.10.07-12.53.18:468][  0]LogTemp: Display: Loaded TP AndroidTargetPlatform
[2018.10.07-12.53.18:468][  0]LogTemp: Display: Loaded TP AndroidTargetPlatform
[2018.10.07-12.53.18:468][  0]LogTemp: Display: Loaded TP AndroidTargetPlatform
[2018.10.07-12.53.18:468][  0]LogTemp: Display: Loaded TP AndroidTargetPlatform
[2018.10.07-12.53.18:468][  0]LogTemp: Display: Loaded TP AndroidTargetPlatform
[2018.10.07-12.53.18:468][  0]LogTemp: Display: Loaded TP AndroidTargetPlatform
[2018.10.07-12.53.18:468][  0]LogTemp: Display: Loaded TP AndroidTargetPlatform
[2018.10.07-12.53.18:468][  0]LogTemp: Display: Loaded TP AndroidTargetPlatform
[2018.10.07-12.53.18:470][  0]LogTemp: Display: Loaded TP HTML5TargetPlatform
[2018.10.07-12.53.19:146][  0]LogTemp: Display: Loaded TP IOSTargetPlatform
[2018.10.07-12.53.19:146][  0]LogTemp: Display: Loaded TP IOSTargetPlatform
[2018.10.07-12.53.19:270][  0]LogTemp: Display: Loaded TP TVOSTargetPlatform
[2018.10.07-12.53.19:270][  0]LogTemp: Display: Loaded TP TVOSTargetPlatform
[2018.10.07-12.53.19:352][  0]LogTemp: Display: Loaded TP LinuxClientTargetPlatform
[2018.10.07-12.53.19:467][  0]LogTemp: Display: Loaded TP LinuxNoEditorTargetPlatform
[2018.10.07-12.53.19:529][  0]LogTemp: Display: Loaded TP LinuxServerTargetPlatform
[2018.10.07-12.53.19:582][  0]LogTemp: Display: Loaded TP LinuxTargetPlatform
[2018.10.07-12.53.19:779][  0]LogTemp: Display: Loaded TP LuminTargetPlatform
[2018.10.07-12.53.19:779][  0]LogTargetPlatformManager: Display: Building Assets For Windows
[2018.10.07-12.53.20:836][  0]LogXGEController: Cannot use XGE Controller as Incredibuild is not installed on this machine.
[2018.10.07-12.53.20:836][  0]LogShaderCompilers: Cannot use XGE Shader Compiler as Incredibuild is not installed on this machine.
[2018.10.07-12.53.20:836][  0]LogShaderCompilers: Display: Using Local Shader Compiler.
[2018.10.07-12.53.36:153][  0]LogDerivedDataCache: Display: Max Cache Size: 512 MB
[2018.10.07-12.53.47:836][  0]LogDerivedDataCache: Loaded boot cache 11.65s 87MB C:/Users/James/AppData/Local/UnrealEngine/4.20/DerivedDataCache/Boot.ddc.
[2018.10.07-12.53.47:836][  0]LogDerivedDataCache: Display: Loaded Boot cache: C:/Users/James/AppData/Local/UnrealEngine/4.20/DerivedDataCache/Boot.ddc
[2018.10.07-12.53.47:836][  0]LogDerivedDataCache: FDerivedDataBackendGraph:  Pak pak cache file ../../../../../../Github/CRANE/FlaminGo/DerivedDataCache/DDC.ddp not found, will not use a pak cache.
[2018.10.07-12.53.47:836][  0]LogDerivedDataCache: Unable to find inner node Pak for hierarchical cache Hierarchy.
[2018.10.07-12.53.47:836][  0]LogDerivedDataCache: FDerivedDataBackendGraph:  CompressedPak pak cache file ../../../../../../Github/CRANE/FlaminGo/DerivedDataCache/Compressed.ddp not found, will not use a pak cache.
[2018.10.07-12.53.47:836][  0]LogDerivedDataCache: Unable to find inner node CompressedPak for hierarchical cache Hierarchy.
[2018.10.07-12.53.48:017][  0]LogDerivedDataCache: Display: Pak cache opened for reading ../../../Engine/DerivedDataCache/Compressed.ddp.
[2018.10.07-12.53.48:029][  0]LogDerivedDataCache: Using Local data cache path C:/Users/James/AppData/Local/UnrealEngine/Common/DerivedDataCache: Writable
[2018.10.07-12.53.48:029][  0]LogDerivedDataCache: Shared data cache path not found in *engine.ini, will not use an Shared cache.
[2018.10.07-12.53.48:029][  0]LogDerivedDataCache: Unable to find inner node Shared for hierarchical cache Hierarchy.
[2018.10.07-12.53.48:225][  0]LogMaterial: Verifying Global Shaders for PCD3D_SM5
[2018.10.07-12.53.48:255][  0]LogSlate: Using FreeType 2.6.0
[2018.10.07-12.53.48:397][  0]LogSlate: SlateFontServices - WITH_FREETYPE: 1, WITH_HARFBUZZ: 1
[2018.10.07-12.53.50:573][  0]LogAssetRegistry: FAssetRegistry took 0.4652 seconds to start up
[2018.10.07-12.54.34:843][  0]LogInit: Selected Device Profile: [Windows]
[2018.10.07-12.54.48:733][  0]LogAssetRegistry: Error: Failed to open file for write ../../../../../../Github/CRANE/FlaminGo/Intermediate/CachedAssetRegistry.bin
[2018.10.07-12.54.48:733][  0]LogSimplygon: Simplygon DLL not present - disabling.
[2018.10.07-12.54.50:067][  0]LogMeshReduction: Using SimplygonSwarm for distributed automatic mesh merging
[2018.10.07-12.54.50:067][  0]LogMeshReduction: Using ProxyLODMeshReduction for automatic mesh merging
[2018.10.07-12.54.50:067][  0]LogMeshReduction: Using QuadricMeshReduction for automatic static mesh reduction
[2018.10.07-12.54.50:068][  0]LogMeshReduction: No automatic skeletal mesh reduction module available
[2018.10.07-12.54.53:267][  0]LogNetVersion: FlaminGo 1.0.0, NetCL: 4212847, EngineNetVer: 5, GameNetVer: 0 (Checksum: 4192027605)
[2018.10.07-12.55.01:587][  0]LogAssetRegistry: Error: Failed to open file for write ../../../../../../Github/CRANE/FlaminGo/Intermediate/AssetRegistryCache/5a627529.bin
[2018.10.07-12.55.01:845][  0]LogAssetRegistry: Error: Failed to open file for write ../../../../../../Github/CRANE/FlaminGo/Intermediate/AssetRegistryCache/50a675f9.bin
[2018.10.07-12.55.01:894][  0]LogAssetRegistry: Error: Failed to open file for write ../../../../../../Github/CRANE/FlaminGo/Intermediate/AssetRegistryCache/cff8f772.bin
[2018.10.07-12.55.02:017][  0]LogPackageLocalizationCache: Processed 11 localized package path(s) for 2 prioritized culture(s) in 0.462930 seconds
[2018.10.07-12.55.02:089][  0]LogUObjectArray: 38425 objects as part of root set at end of initial load.
[2018.10.07-12.55.02:089][  0]LogUObjectAllocator: 6690872 out of 0 bytes used by permanent object pool.
[2018.10.07-12.55.02:089][  0]LogUObjectArray: CloseDisregardForGC: 0/0 objects in disregard for GC pool
[2018.10.07-12.55.17:178][  0]LogTcpMessaging: Initializing TcpMessaging bridge
[2018.10.07-12.55.17:228][  0]LogUdpMessaging: Initializing bridge on interface 0.0.0.0:0 to multicast group 230.0.0.1:6666.
[2018.10.07-12.55.19:117][  0]LogConfig: Warning: Failed to saved backup for config[SourceControlSettings]
[2018.10.07-12.55.19:118][  0]SourceControl: Source control is disabled
[2018.10.07-12.55.19:129][  0]SourceControl: Source control is disabled
[2018.10.07-12.55.19:236][  0]SourceControl: Source control is disabled
[2018.10.07-12.55.19:252][  0]SourceControl: Source control is disabled
[2018.10.07-12.55.20:837][  0]LogAndroidPermission: UAndroidPermissionCallbackProxy::GetInstance
[2018.10.07-12.55.20:991][  0]LogOcInput: OculusInput pre-init called
[2018.10.07-12.55.21:932][  0]LogEngine: Initializing Engine...
[2018.10.07-12.55.21:944][  0]LogHMD: Failed to initialize OpenVR with code 110
[2018.10.07-12.55.21:948][  0]LogStats: UGameplayTagsManager::ConstructGameplayTagTree: ImportINI prefixes -  0.000 s
[2018.10.07-12.55.21:948][  0]LogStats: UGameplayTagsManager::ConstructGameplayTagTree: Construct from data asset -  0.000 s
[2018.10.07-12.55.21:948][  0]LogStats: UGameplayTagsManager::ConstructGameplayTagTree: ImportINI -  0.000 s
[2018.10.07-12.55.21:948][  0]LogStats: UGameplayTagsManager::ConstructGameplayTagTree: GameplayTagTreeChangedEvent.Broadcast -  0.000 s
[2018.10.07-12.55.22:938][  0]LogInit: Initializing FReadOnlyCVARCache
[2018.10.07-12.55.23:773][  0]LogAIModule: Creating AISystem for world Untitled
[2018.10.07-12.55.24:213][  0]LogInit: XAudio2 using 'Speakers (Realtek High Definition Audio)' : 2 channels at 48 kHz using 32 bits per sample (channel mask 0x3)
[2018.10.07-12.55.24:274][  0]LogInit: FAudioDevice initialized.
[2018.10.07-12.55.24:275][  0]LogNetVersion: Set ProjectVersion to 1.0.0.0. Version Checksum will be recalculated on next use.
[2018.10.07-12.55.24:284][  0]LogDerivedDataCache: Error: Could not save memory cache C:/Users/James/AppData/Local/UnrealEngine/4.20/DerivedDataCache/Boot.ddc.
[2018.10.07-12.55.24:288][  0]LogInit: Texture streaming: Enabled
[2018.10.07-12.55.25:562][  0]LogEngineSessionManager: EngineSessionManager initialized
[2018.10.07-12.55.25:988][  0]LogInit: Transaction tracking system initialized
[2018.10.07-12.55.26:716][  0]BlueprintLog: New page: Editor Load
[2018.10.07-12.55.28:486][  0]LocalizationService: Localization service is disabled
[2018.10.07-12.55.36:556][  0]LogCook: Display: Max memory allowance for cook 16384mb min free memory 0mb
[2018.10.07-12.55.36:608][  0]LogCook: Display: Mobile HDR setting 1
[2018.10.07-12.55.36:860][  0]LogFileCache: Scanning file cache for directory 'C:/Github/CRANE/FlaminGo/Content/' took 0.61s
[2018.10.07-12.55.36:860][  0]LogGameplayTags: Display: UGameplayTagsManager::DoneAddingNativeTags. DelegateIsBound: 0
[2018.10.07-12.55.36:860][  0]LogStats: UGameplayTagsManager::ConstructGameplayTagTree: ImportINI prefixes -  0.000 s
[2018.10.07-12.55.36:860][  0]LogStats: UGameplayTagsManager::ConstructGameplayTagTree: Construct from data asset -  0.000 s
[2018.10.07-12.55.36:860][  0]LogStats: UGameplayTagsManager::ConstructGameplayTagTree: ImportINI -  0.000 s
[2018.10.07-12.55.36:860][  0]LogStats: UGameplayTagsManager::ConstructGameplayTagTree: GameplayTagTreeChangedEvent.Broadcast -  0.000 s
[2018.10.07-12.55.47:166][  0]SourceControl: Source control is disabled
[2018.10.07-12.55.47:180][  0]Cmd: MAP LOAD FILE="../../../../../../Github/CRANE/FlaminGo/Content/ThirdPersonBP/Maps/FirstMap.umap" TEMPLATE=0 SHOWPROGRESS=1 FEATURELEVEL=3
[2018.10.07-12.55.47:190][  0]LightingResults: New page: Lighting Build
[2018.10.07-12.55.47:491][  0]MapCheck: New page: Map Check
[2018.10.07-12.55.47:491][  0]LightingResults: New page: Lighting Build
[2018.10.07-12.55.58:152][  0]LogAIModule: Creating AISystem for world FirstMap
[2018.10.07-12.55.59:538][  0]LogEditorServer: Finished looking for orphan Actors (0.000 secs)
[2018.10.07-12.56.00:105][  0]Cmd: MAP CHECKDEP NOCLEARLOG
[2018.10.07-12.56.00:222][  0]MapCheck: Map check complete: 0 Error(s), 0 Warning(s), took 117.573ms to complete.
[2018.10.07-12.56.00:285][  0]LogFileHelpers: Loading map 'FirstMap' took 13.120
[2018.10.07-12.56.02:132][  0]LogSlate: Updating window title bar state: overlay mode, drag disabled, window buttons hidden, title bar hidden
[2018.10.07-12.56.02:202][  0]LogSlate: Updating window title bar state: overlay mode, drag disabled, window buttons hidden, title bar hidden
[2018.10.07-12.56.02:226][  0]LogSlate: Updating window title bar state: overlay mode, drag disabled, window buttons hidden, title bar hidden
[2018.10.07-12.56.02:238][  0]LogSlate: Updating window title bar state: overlay mode, drag disabled, window buttons hidden, title bar hidden
[2018.10.07-12.56.02:361][  0]LogCollectionManager: Loaded 0 collections in 0.002587 seconds
[2018.10.07-12.56.02:497][  0]LogFileCache: Scanning file cache for directory 'C:/Github/CRANE/FlaminGo/Saved/Collections/' took 0.01s
[2018.10.07-12.56.02:497][  0]LogFileCache: Scanning file cache for directory 'C:/Github/CRANE/FlaminGo/Content/Developers/James/Collections/' took 0.01s
[2018.10.07-12.56.02:497][  0]LogFileCache: Scanning file cache for directory 'C:/Github/CRANE/FlaminGo/Content/Collections/' took 0.01s
[2018.10.07-12.56.02:497][  0]LogCollectionManager: Rebuilt the GUID cache for 0 collections in 0.000000 seconds
[2018.10.07-12.56.02:527][  0]LogContentBrowser: Native class hierarchy populated in 0.0172 seconds. Added 2572 classes and 603 folders.
[2018.10.07-12.56.02:618][  0]LogContentBrowser: Native class hierarchy updated for 'WidgetCarousel' in 0.0004 seconds. Added 0 classes and 0 folders.
[2018.10.07-12.56.04:205][  0]LogContentBrowser: Native class hierarchy updated for 'AddContentDialog' in 0.0002 seconds. Added 0 classes and 0 folders.
[2018.10.07-12.56.04:278][  0]LogContentBrowser: Native class hierarchy updated for 'SceneOutliner' in 0.0003 seconds. Added 1 classes and 2 folders.
[2018.10.07-12.56.04:949][  0]LogSlate: Took 0.018636 seconds to synchronously load lazily loaded font '../../../Engine/Content/Slate/Fonts/Roboto-Regular.ttf' (155K)
[2018.10.07-12.56.05:017][  0]LogSlate: Took 0.039293 seconds to synchronously load lazily loaded font '../../../Engine/Content/Slate/Fonts/Roboto-Bold.ttf' (160K)
[2018.10.07-12.56.05:202][  0]LogSlate: Took 0.023705 seconds to synchronously load lazily loaded font '../../../Engine/Content/Editor/Slate/Fonts/FontAwesome.ttf' (139K)
[2018.10.07-12.56.06:640][  0]LogRenderer: Reallocating scene render targets to support 1616x812 Format 10 NumSamples 1 (Frame:1).
[2018.10.07-12.56.08:245][  0]LogSlate: FSceneViewport::OnFocusLost() reason 2
[2018.10.07-12.56.08:613][  0]LogSlate: Window 'Tutorials' being destroyed
[2018.10.07-12.56.08:720][  0]LogContentBrowser: Native class hierarchy updated for 'HierarchicalLODOutliner' in 0.0004 seconds. Added 0 classes and 0 folders.
[2018.10.07-12.56.08:720][  0]LogLoad: (Engine Initialization) Total time: 191.94 seconds
[2018.10.07-12.56.08:721][  0]LogLoad: (Engine Initialization) Total Blueprint compile time: 0.00 seconds
[2018.10.07-12.56.09:856][  0]LogContentStreaming: Texture pool size now 1000 MB
[2018.10.07-12.56.10:322][  1]LogFileCache: Retrieving MD5 hashes for directory 'C:/Github/CRANE/FlaminGo/Content/' took 1.13s
[2018.10.07-12.56.10:934][  2]LogAssetRegistry: Asset discovery search completed in 140.4013 seconds
[2018.10.07-12.56.10:967][  2]LogCollectionManager: Rebuilt the object cache for 0 collections in 0.000001 seconds (found 0 objects)
[2018.10.07-12.56.10:967][  2]LogCollectionManager: Fixed up redirectors for 0 collections in 0.000077 seconds (updated 0 objects)
[2018.10.07-12.56.35:458][707]LogSlate: FSceneViewport::OnFocusLost() reason 0
[2018.10.07-12.56.35:773][717]LogSlate: Window 'FlaminGo - Unreal Editor' being destroyed
[2018.10.07-12.56.35:774][717]LogWindowsTextInputMethodSystem: Display: IME system now deactivated.
[2018.10.07-12.56.36:288][718]Cmd: QUIT_EDITOR
[2018.10.07-12.56.36:537][718]LogExit: Preparing to exit.
[2018.10.07-12.56.38:361][718]LogExit: Editor shut down
[2018.10.07-12.56.38:361][718]LogExit: Transaction tracking system shut down
[2018.10.07-12.56.39:619][718]LogExit: Object subsystem successfully closed.
[2018.10.07-12.56.39:786][718]LogShaderCompilers: Display: Shaders left to compile 0
[2018.10.07-12.56.39:818][718]LogD3D11RHI: Shutdown
[2018.10.07-12.56.39:818][718]LogD3D11RHI: CleanupD3DDevice
[2018.10.07-12.56.39:915][718]LogD3D11RHI: ~FD3D11DynamicRHI
[2018.10.07-12.56.40:459][718]LogModuleManager: Shutting down and abandoning module HierarchicalLODOutliner (610)
[2018.10.07-12.56.40:459][718]LogModuleManager: Shutting down and abandoning module SceneOutliner (608)
[2018.10.07-12.56.40:459][718]LogModuleManager: Shutting down and abandoning module AddContentDialog (606)
[2018.10.07-12.56.40:474][718]LogModuleManager: Shutting down and abandoning module WidgetCarousel (605)
[2018.10.07-12.56.40:474][718]LogModuleManager: Shutting down and abandoning module EditorWidgets (602)
[2018.10.07-12.56.40:474][718]LogModuleManager: Shutting down and abandoning module CollectionManager (600)
[2018.10.07-12.56.40:474][718]LogModuleManager: Shutting down and abandoning module StatsViewer (598)
[2018.10.07-12.56.40:474][718]LogModuleManager: Shutting down and abandoning module FoliageEdit (596)
[2018.10.07-12.56.40:483][718]LogModuleManager: Shutting down and abandoning module LandscapeEditor (594)
[2018.10.07-12.56.40:505][718]LogModuleManager: Shutting down and abandoning module MeshPaintMode (592)
[2018.10.07-12.56.40:505][718]LogModuleManager: Shutting down and abandoning module SceneDepthPickerMode (590)
[2018.10.07-12.56.40:505][718]LogModuleManager: Shutting down and abandoning module ActorPickerMode (588)
[2018.10.07-12.56.40:505][718]LogModuleManager: Shutting down and abandoning module GeometryMode (586)
[2018.10.07-12.56.40:505][718]LogModuleManager: Shutting down and abandoning module TextureAlignMode (584)
[2018.10.07-12.56.40:505][718]LogModuleManager: Shutting down and abandoning module BspMode (582)
[2018.10.07-12.56.40:505][718]LogModuleManager: Shutting down and abandoning module PIEPreviewDeviceProfileSelector (580)
[2018.10.07-12.56.40:505][718]LogModuleManager: Shutting down and abandoning module SequenceRecorderSections (578)
[2018.10.07-12.56.40:505][718]LogModuleManager: Shutting down and abandoning module AutomationWorker (576)
[2018.10.07-12.56.40:505][718]LogModuleManager: Shutting down and abandoning module AudioCaptureEditor (574)
[2018.10.07-12.56.40:505][718]LogModuleManager: Shutting down and abandoning module SequenceRecorder (573)
[2018.10.07-12.56.40:514][718]LogModuleManager: Shutting down and abandoning module MatineeToLevelSequence (570)
[2018.10.07-12.56.40:514][718]LogModuleManager: Shutting down and abandoning module LevelSequenceEditor (568)
[2018.10.07-12.56.40:525][718]LogModuleManager: Shutting down and abandoning module PlacementMode (567)
[2018.10.07-12.56.40:525][718]LogModuleManager: Shutting down and abandoning module MaterialEditor (566)
[2018.10.07-12.56.40:547][718]LogModuleManager: Shutting down and abandoning module WmfMediaFactory (562)
[2018.10.07-12.56.40:547][718]LogModuleManager: Shutting down and abandoning module WmfMediaEditor (560)
[2018.10.07-12.56.40:547][718]LogModuleManager: Shutting down and abandoning module MediaPlayerEditor (558)
[2018.10.07-12.56.40:555][718]LogModuleManager: Shutting down and abandoning module OpenExrWrapper (556)
[2018.10.07-12.56.40:555][718]LogModuleManager: Shutting down and abandoning module ImgMediaFactory (554)
[2018.10.07-12.56.40:555][718]LogModuleManager: Shutting down and abandoning module ImgMediaEditor (552)
[2018.10.07-12.56.40:555][718]LogModuleManager: Shutting down and abandoning module AvfMediaFactory (550)
[2018.10.07-12.56.40:555][718]LogModuleManager: Shutting down and abandoning module AvfMediaEditor (548)
[2018.10.07-12.56.40:555][718]LogModuleManager: Shutting down and abandoning module AndroidMediaFactory (546)
[2018.10.07-12.56.40:555][718]LogModuleManager: Shutting down and abandoning module AndroidMediaEditor (544)
[2018.10.07-12.56.40:555][718]LogModuleManager: Shutting down and abandoning module MagicLeapCameraPreviewFactory (542)
[2018.10.07-12.56.40:555][718]LogModuleManager: Shutting down and abandoning module MagicLeapMediaFactory (540)
[2018.10.07-12.56.40:555][718]LogModuleManager: Shutting down and abandoning module MagicLeapMediaEditor (538)
[2018.10.07-12.56.40:555][718]LogModuleManager: Shutting down and abandoning module CharacterAI (536)
[2018.10.07-12.56.40:555][718]LogModuleManager: Shutting down and abandoning module SmartSnapping (534)
[2018.10.07-12.56.40:555][718]LogModuleManager: Shutting down and abandoning module SessionServices (532)
[2018.10.07-12.56.40:555][718]LogModuleManager: Shutting down and abandoning module ViewportSnapping (530)
[2018.10.07-12.56.40:555][718]LogModuleManager: Shutting down and abandoning module ViewportInteraction (528)
[2018.10.07-12.56.40:555][718]LogModuleManager: Shutting down and abandoning module ClothPainter (526)
[2018.10.07-12.56.40:555][718]LogModuleManager: Shutting down and abandoning module SkeletalMeshEditor (525)
[2018.10.07-12.56.40:555][718]LogModuleManager: Shutting down and abandoning module LogVisualizer (522)
[2018.10.07-12.56.40:565][718]LogModuleManager: Shutting down and abandoning module IntroTutorials (520)
[2018.10.07-12.56.40:565][718]LogModuleManager: Shutting down and abandoning module GameProjectGeneration (519)
[2018.10.07-12.56.40:573][718]LogModuleManager: Shutting down and abandoning module LuminPlatformEditor (516)
[2018.10.07-12.56.40:573][718]LogModuleManager: Shutting down and abandoning module IOSPlatformEditor (514)
[2018.10.07-12.56.40:573][718]LogModuleManager: Shutting down and abandoning module HTML5PlatformEditor (512)
[2018.10.07-12.56.40:573][718]LogModuleManager: Shutting down and abandoning module AndroidPlatformEditor (510)
[2018.10.07-12.56.40:573][718]LogModuleManager: Shutting down and abandoning module AndroidDeviceDetection (509)
[2018.10.07-12.56.41:074][718]LogModuleManager: Shutting down and abandoning module WindowsPlatformEditor (506)
[2018.10.07-12.56.41:074][718]LogModuleManager: Shutting down and abandoning module LuminRuntimeSettings (504)
[2018.10.07-12.56.41:074][718]LogModuleManager: Shutting down and abandoning module IOSRuntimeSettings (502)
[2018.10.07-12.56.41:074][718]LogModuleManager: Shutting down and abandoning module AndroidRuntimeSettings (500)
[2018.10.07-12.56.41:074][718]LogModuleManager: Shutting down and abandoning module InputBindingEditor (498)
[2018.10.07-12.56.41:074][718]LogModuleManager: Shutting down and abandoning module MergeActors (496)
[2018.10.07-12.56.41:074][718]LogModuleManager: Shutting down and abandoning module LocalizationDashboard (494)
[2018.10.07-12.56.41:100][718]LogModuleManager: Shutting down and abandoning module LocalizationService (493)
[2018.10.07-12.56.41:100][718]LogModuleManager: Shutting down and abandoning module HardwareTargeting (490)
[2018.10.07-12.56.41:100][718]LogModuleManager: Shutting down and abandoning module DeviceProfileEditor (488)
[2018.10.07-12.56.41:100][718]LogModuleManager: Shutting down and abandoning module UndoHistory (486)
[2018.10.07-12.56.41:100][718]LogModuleManager: Shutting down and abandoning module XmlParser (484)
[2018.10.07-12.56.41:100][718]LogModuleManager: Shutting down and abandoning module Blutility (482)
[2018.10.07-12.56.41:100][718]LogModuleManager: Shutting down and abandoning module ProjectSettingsViewer (480)
[2018.10.07-12.56.41:100][718]LogModuleManager: Shutting down and abandoning module ProjectTargetPlatformEditor (479)
[2018.10.07-12.56.41:100][718]LogModuleManager: Shutting down and abandoning module EditorSettingsViewer (476)
[2018.10.07-12.56.41:100][718]LogModuleManager: Shutting down and abandoning module SettingsEditor (474)
[2018.10.07-12.56.41:120][718]LogModuleManager: Shutting down and abandoning module ProjectLauncher (472)
[2018.10.07-12.56.41:129][718]LogModuleManager: Shutting down and abandoning module SessionFrontend (470)
[2018.10.07-12.56.41:129][718]LogModuleManager: Shutting down and abandoning module ProfilerClient (468)
[2018.10.07-12.56.41:129][718]LogModuleManager: Shutting down and abandoning module DeviceManager (466)
[2018.10.07-12.56.41:129][718]LogModuleManager: Shutting down and abandoning module TargetDeviceServices (465)
[2018.10.07-12.56.41:173][718]LogModuleManager: Shutting down and abandoning module AutomationController (462)
[2018.10.07-12.56.41:173][718]LogModuleManager: Shutting down and abandoning module AutomationWindow (460)
[2018.10.07-12.56.41:173][718]LogModuleManager: Shutting down and abandoning module Layers (458)
[2018.10.07-12.56.41:197][718]LogModuleManager: Shutting down and abandoning module ComponentVisualizers (456)
[2018.10.07-12.56.41:197][718]LogModuleManager: Shutting down and abandoning module DetailCustomizations (454)
[2018.10.07-12.56.41:217][718]LogModuleManager: Shutting down and abandoning module PackagesDialog (452)
[2018.10.07-12.56.41:217][718]LogModuleManager: Shutting down and abandoning module Persona (450)
[2018.10.07-12.56.41:230][718]LogModuleManager: Shutting down and abandoning module AdvancedPreviewScene (449)
[2018.10.07-12.56.41:230][718]LogModuleManager: Shutting down and abandoning module AnimGraph (447)
[2018.10.07-12.56.41:241][718]LogModuleManager: Shutting down and abandoning module Kismet (444)
[2018.10.07-12.56.41:258][718]LogModuleManager: Shutting down and abandoning module GraphEditor (442)
[2018.10.07-12.56.41:277][718]LogModuleManager: Shutting down and abandoning module ClassViewer (440)
[2018.10.07-12.56.41:277][718]LogModuleManager: Shutting down and abandoning module Toolbox (438)
[2018.10.07-12.56.41:277][718]LogModuleManager: Shutting down and abandoning module ModuleUI (436)
[2018.10.07-12.56.41:277][718]LogModuleManager: Shutting down and abandoning module MovieSceneTools (434)
[2018.10.07-12.56.41:289][718]LogModuleManager: Shutting down and abandoning module OutputLog (432)
[2018.10.07-12.56.41:289][718]LogModuleManager: Shutting down and abandoning module GammaUI (430)
[2018.10.07-12.56.41:289][718]LogModuleManager: Shutting down and abandoning module Documentation (428)
[2018.10.07-12.56.41:289][718]LogModuleManager: Shutting down and abandoning module MovieSceneTracks (426)
[2018.10.07-12.56.41:296][718]LogModuleManager: Shutting down and abandoning module MovieScene (424)
[2018.10.07-12.56.41:306][718]LogModuleManager: Shutting down and abandoning module StreamingPauseRendering (422)
[2018.10.07-12.56.41:306][718]LogModuleManager: Shutting down and abandoning module LauncherPlatform (420)
[2018.10.07-12.56.41:306][718]LogModuleManager: Shutting down and abandoning module AnalyticsET (418)
[2018.10.07-12.56.41:306][718]LogModuleManager: Shutting down and abandoning module PortalServices (416)
[2018.10.07-12.56.41:306][718]LogModuleManager: Shutting down and abandoning module PortalRpc (414)
[2018.10.07-12.56.41:306][718]LogModuleManager: Shutting down and abandoning module MessagingRpc (412)
[2018.10.07-12.56.41:306][718]LogModuleManager: Shutting down and abandoning module AIModule (410)
[2018.10.07-12.56.41:310][718]LogModuleManager: Shutting down and abandoning module GameplayDebugger (409)
[2018.10.07-12.56.41:310][718]LogModuleManager: Shutting down and abandoning module AITestSuite (407)
[2018.10.07-12.56.41:310][718]LogModuleManager: Shutting down and abandoning module NavigationSystem (405)
[2018.10.07-12.56.41:310][718]LogModuleManager: Shutting down and abandoning module DesktopPlatform (402)
[2018.10.07-12.56.41:310][718]LogModuleManager: Shutting down and abandoning module ProfilerService (400)
[2018.10.07-12.56.41:542][718]LogModuleManager: Shutting down and abandoning module TaskGraph (398)
[2018.10.07-12.56.41:542][718]LogModuleManager: Shutting down and abandoning module SteamVRController (396)
[2018.10.07-12.56.41:542][718]LogModuleManager: Shutting down and abandoning module ProceduralMeshComponentEditor (394)
[2018.10.07-12.56.41:542][718]LogModuleManager: Shutting down and abandoning module ProceduralMeshComponent (392)
[2018.10.07-12.56.41:542][718]LogModuleManager: Shutting down and abandoning module OculusInput (390)
[2018.10.07-12.56.41:542][718]LogModuleManager: Shutting down and abandoning module MobilePatchingUtils (388)
[2018.10.07-12.56.41:542][718]LogModuleManager: Shutting down and abandoning module EditableMesh (386)
[2018.10.07-12.56.41:584][718]LogModuleManager: Shutting down and abandoning module CustomMeshComponent (384)
[2018.10.07-12.56.41:584][718]LogModuleManager: Shutting down and abandoning module CableComponent (382)
[2018.10.07-12.56.41:584][718]LogModuleManager: Shutting down and abandoning module AudioCapture (380)
[2018.10.07-12.56.41:584][718]LogModuleManager: Shutting down and abandoning module ArchVisCharacter (378)
[2018.10.07-12.56.41:584][718]LogModuleManager: Shutting down and abandoning module AndroidPermission (376)
[2018.10.07-12.56.41:584][718]LogModuleManager: Shutting down and abandoning module NUTUnrealEngine4 (374)
[2018.10.07-12.56.41:584][718]LogModuleManager: Shutting down and abandoning module NetcodeUnitTest (372)
[2018.10.07-12.56.41:600][718]LogModuleManager: Shutting down and abandoning module MediaCompositingEditor (370)
[2018.10.07-12.56.41:600][718]LogModuleManager: Shutting down and abandoning module MediaCompositing (368)
[2018.10.07-12.56.41:600][718]LogModuleManager: Shutting down and abandoning module LinearTimecode (366)
[2018.10.07-12.56.41:600][718]LogModuleManager: Shutting down and abandoning module ImgMedia (364)
[2018.10.07-12.56.41:603][718]LogModuleManager: Shutting down and abandoning module HTML5Networking (362)
[2018.10.07-12.56.41:603][718]LogModuleManager: Shutting down and abandoning module GeometryCacheTracks (360)
[2018.10.07-12.56.41:603][718]LogModuleManager: Shutting down and abandoning module GeometryCacheSequencer (358)
[2018.10.07-12.56.41:603][718]LogModuleManager: Shutting down and abandoning module BackChannel (356)
[2018.10.07-12.56.41:603][718]LogModuleManager: Shutting down and abandoning module AppleVision (354)
[2018.10.07-12.56.41:603][718]LogModuleManager: Shutting down and abandoning module AppleImageUtils (352)
[2018.10.07-12.56.41:603][718]LogModuleManager: Shutting down and abandoning module AlembicImporter (350)
[2018.10.07-12.56.41:603][718]LogModuleManager: Shutting down and abandoning module AlembicLibrary (349)
[2018.10.07-12.56.41:603][718]LogModuleManager: Shutting down and abandoning module GeometryCache (348)
[2018.10.07-12.56.41:603][718]LogModuleManager: Shutting down and abandoning module GeometryCacheEd (347)
[2018.10.07-12.56.41:603][718]LogModuleManager: Shutting down and abandoning module DatasmithContentEditor (342)
[2018.10.07-12.56.41:603][718]LogModuleManager: Shutting down and abandoning module DatasmithContent (340)
[2018.10.07-12.56.41:603][718]LogModuleManager: Shutting down and abandoning module SpeedTreeImporter (338)
[2018.10.07-12.56.41:603][718]LogModuleManager: Shutting down and abandoning module PluginBrowser (336)
[2018.10.07-12.56.41:613][718]LogModuleManager: Shutting down and abandoning module MobileLauncherProfileWizard (334)
[2018.10.07-12.56.41:613][718]LogModuleManager: Shutting down and abandoning module PolygonModeling (332)
[2018.10.07-12.56.41:613][718]LogModuleManager: Shutting down and abandoning module MeshEditor (330)
[2018.10.07-12.56.41:620][718]LogModuleManager: Shutting down and abandoning module CryptoKeysOpenSSL (328)
[2018.10.07-12.56.41:620][718]LogModuleManager: Shutting down and abandoning module CryptoKeys (326)
[2018.10.07-12.56.41:620][718]LogModuleManager: Shutting down and abandoning module VisualStudioSourceCodeAccess (324)
[2018.10.07-12.56.41:620][718]LogModuleManager: Shutting down and abandoning module VisualStudioCodeSourceCodeAccess (322)
[2018.10.07-12.56.41:620][718]LogModuleManager: Shutting down and abandoning module UObjectPlugin (320)
[2018.10.07-12.56.41:620][718]LogModuleManager: Shutting down and abandoning module SubversionSourceControl (318)
[2018.10.07-12.56.41:620][718]LogModuleManager: Shutting down and abandoning module PerforceSourceControl (316)
[2018.10.07-12.56.41:631][718]LogModuleManager: Shutting down and abandoning module GitSourceControl (314)
[2018.10.07-12.56.41:631][718]LogModuleManager: Shutting down and abandoning module SourceControl (313)
[2018.10.07-12.56.41:631][718]LogModuleManager: Shutting down and abandoning module CLionSourceCodeAccess (310)
[2018.10.07-12.56.41:631][718]LogModuleManager: Shutting down and abandoning module LightPropagationVolumeEditor (308)
[2018.10.07-12.56.41:631][718]LogModuleManager: Shutting down and abandoning module PaperTiledImporter (306)
[2018.10.07-12.56.41:631][718]LogModuleManager: Shutting down and abandoning module PaperSpriteSheetImporter (304)
[2018.10.07-12.56.41:631][718]LogModuleManager: Shutting down and abandoning module Paper2DEditor (302)
[2018.10.07-12.56.41:860][718]LogModuleManager: Shutting down and abandoning module MeshPaint (301)
[2018.10.07-12.56.41:861][718]LogModuleManager: Shutting down and abandoning module RuntimePhysXCooking (298)
[2018.10.07-12.56.41:861][718]LogModuleManager: Shutting down and abandoning module PhysXVehiclesEditor (296)
[2018.10.07-12.56.41:861][718]LogModuleManager: Shutting down and abandoning module PhysXVehicles (294)
[2018.10.07-12.56.41:861][718]LogModuleManager: Shutting down and abandoning module OculusEditor (292)
[2018.10.07-12.56.41:861][718]LogModuleManager: Shutting down and abandoning module LocationServicesBPLibrary (290)
[2018.10.07-12.56.41:861][718]LogModuleManager: Shutting down and abandoning module ImmediatePhysicsEditor (288)
[2018.10.07-12.56.41:861][718]LogModuleManager: Shutting down and abandoning module ImmediatePhysics (286)
[2018.10.07-12.56.41:861][718]LogModuleManager: Shutting down and abandoning module ActorSequence (284)
[2018.10.07-12.56.41:861][718]LogModuleManager: Shutting down and abandoning module UdpMessaging (282)
[2018.10.07-12.56.41:962][718]LogModuleManager: Shutting down and abandoning module TcpMessaging (280)
[2018.10.07-12.56.42:062][718]LogModuleManager: Shutting down and abandoning module MagicLeapAudio (278)
[2018.10.07-12.56.42:062][718]LogModuleManager: Shutting down and abandoning module GameplayTagsEditor (276)
[2018.10.07-12.56.42:112][718]LogModuleManager: Shutting down and abandoning module FacialAnimationEditor (274)
[2018.10.07-12.56.42:113][718]LogModuleManager: Shutting down and abandoning module FacialAnimation (272)
[2018.10.07-12.56.42:113][718]LogModuleManager: Shutting down and abandoning module DataValidation (270)
[2018.10.07-12.56.42:113][718]LogModuleManager: Shutting down and abandoning module AssetManagerEditor (268)
[2018.10.07-12.56.42:119][718]LogModuleManager: Shutting down and abandoning module LevelEditor (267)
[2018.10.07-12.56.42:135][718]LogModuleManager: Shutting down and abandoning module PixelInspectorModule (266)
[2018.10.07-12.56.42:135][718]LogModuleManager: Shutting down and abandoning module CommonMenuExtensions (264)
[2018.10.07-12.56.42:135][718]LogModuleManager: Shutting down and abandoning module MainFrame (262)
[2018.10.07-12.56.42:135][718]LogModuleManager: Shutting down and abandoning module HotReload (261)
[2018.10.07-12.56.42:136][718]LogModuleManager: Shutting down and abandoning module ContentBrowser (257)
[2018.10.07-12.56.42:137][718]LogModuleManager: Shutting down and abandoning module TreeMap (255)
[2018.10.07-12.56.42:137][718]LogModuleManager: Shutting down and abandoning module LightPropagationVolumeRuntime (252)
[2018.10.07-12.56.42:137][718]LogModuleManager: Shutting down and abandoning module AISupportModule (250)
[2018.10.07-12.56.42:137][718]LogModuleManager: Shutting down and abandoning module Paper2D (248)
[2018.10.07-12.56.42:146][718]LogModuleManager: Shutting down and abandoning module WindowsMoviePlayer (246)
[2018.10.07-12.56.42:146][718]LogModuleManager: Shutting down and abandoning module WmfMedia (244)
[2018.10.07-12.56.42:146][718]LogModuleManager: Shutting down and abandoning module Media (243)
[2018.10.07-12.56.42:152][718]LogModuleManager: Shutting down and abandoning module PacketHandler (240)
[2018.10.07-12.56.42:152][718]LogModuleManager: Shutting down and abandoning module ClothingSystemEditor (238)
[2018.10.07-12.56.42:152][718]LogModuleManager: Shutting down and abandoning module ClothingSystemRuntime (236)
[2018.10.07-12.56.42:153][718]LogModuleManager: Shutting down and abandoning module MediaAssets (234)
[2018.10.07-12.56.42:153][718]LogModuleManager: Shutting down and abandoning module Overlay (232)
[2018.10.07-12.56.42:153][718]LogModuleManager: Shutting down and abandoning module OverlayEditor (231)
[2018.10.07-12.56.42:153][718]LogModuleManager: Shutting down and abandoning module VREditor (228)
[2018.10.07-12.56.42:155][718]LogModuleManager: Shutting down and abandoning module StringTableEditor (226)
[2018.10.07-12.56.42:155][718]LogModuleManager: Shutting down and abandoning module GameplayTasksEditor (224)
[2018.10.07-12.56.42:155][718]LogModuleManager: Shutting down and abandoning module BehaviorTreeEditor (222)
[2018.10.07-12.56.42:179][718]LogModuleManager: Shutting down and abandoning module FunctionalTesting (220)
[2018.10.07-12.56.42:179][718]LogModuleManager: Shutting down and abandoning module CollisionAnalyzer (218)
[2018.10.07-12.56.42:179][718]LogModuleManager: Shutting down and abandoning module WorkspaceMenuStructure (217)
[2018.10.07-12.56.42:179][718]LogModuleManager: Shutting down and abandoning module UMG (214)
[2018.10.07-12.56.42:189][718]LogModuleManager: Shutting down and abandoning module UMGEditor (213)
[2018.10.07-12.56.42:203][718]LogModuleManager: Shutting down and abandoning module Sequencer (212)
[2018.10.07-12.56.42:231][718]LogModuleManager: Shutting down and abandoning module MessageLog (209)
[2018.10.07-12.56.42:231][718]LogModuleManager: Shutting down and abandoning module SlateReflector (204)
[2018.10.07-12.56.42:246][718]LogModuleManager: Shutting down and abandoning module Slate (202)
[2018.10.07-12.56.42:255][718]LogModuleManager: Shutting down and abandoning module EditorStyle (200)
[2018.10.07-12.56.42:257][718]LogModuleManager: Shutting down and abandoning module MRMesh (198)
[2018.10.07-12.56.42:257][718]LogModuleManager: Shutting down and abandoning module SourceCodeAccess (196)
[2018.10.07-12.56.42:257][718]LogModuleManager: Shutting down and abandoning module HeadMountedDisplay (194)
[2018.10.07-12.56.42:257][718]LogModuleManager: Shutting down and abandoning module XAudio2 (192)
[2018.10.07-12.56.42:257][718]LogModuleManager: Shutting down and abandoning module Networking (190)
[2018.10.07-12.56.42:257][718]LogModuleManager: Shutting down and abandoning module Core (188)
[2018.10.07-12.56.42:257][718]LogModuleManager: Shutting down and abandoning module LevelSequence (186)
[2018.10.07-12.56.42:257][718]LogModuleManager: Shutting down and abandoning module KismetCompiler (184)
[2018.10.07-12.56.42:257][718]LogModuleManager: Shutting down and abandoning module MeshUtilities (182)
[2018.10.07-12.56.42:261][718]LogModuleManager: Shutting down and abandoning module MeshMergeUtilities (181)
[2018.10.07-12.56.42:261][718]LogModuleManager: Shutting down and abandoning module MeshReductionInterface (180)
[2018.10.07-12.56.42:261][718]LogModuleManager: Shutting down and abandoning module SimplygonSwarm (179)
[2018.10.07-12.56.42:261][718]LogModuleManager: Shutting down and abandoning module ProxyLODMeshReduction (177)
[2018.10.07-12.56.42:271][718]LogModuleManager: Shutting down and abandoning module SimplygonMeshReduction (175)
[2018.10.07-12.56.42:271][718]LogModuleManager: Shutting down and abandoning module QuadricMeshReduction (173)
[2018.10.07-12.56.42:271][718]LogModuleManager: Shutting down and abandoning module MaterialBaking (169)
[2018.10.07-12.56.42:272][718]LogModuleManager: Shutting down and abandoning module DirectoryWatcher (165)
[2018.10.07-12.56.42:272][718]LogModuleManager: Shutting down and abandoning module DerivedDataCache (162)
[2018.10.07-12.56.42:371][718]LogDerivedDataCache: Shutdown
[2018.10.07-12.56.42:371][718]LogModuleManager: Shutting down and abandoning module XGEController (160)
[2018.10.07-12.56.42:371][718]LogModuleManager: Shutting down and abandoning module TargetPlatform (158)
[2018.10.07-12.56.42:371][718]LogModuleManager: Shutting down and abandoning module VulkanShaderFormat (157)
[2018.10.07-12.56.42:371][718]LogModuleManager: Shutting down and abandoning module ShaderFormatVectorVM (155)
[2018.10.07-12.56.42:371][718]LogModuleManager: Shutting down and abandoning module ShaderFormatOpenGL (153)
[2018.10.07-12.56.42:371][718]LogModuleManager: Shutting down and abandoning module ShaderFormatD3D (151)
[2018.10.07-12.56.42:371][718]LogModuleManager: Shutting down and abandoning module MetalShaderFormat (149)
[2018.10.07-12.56.42:404][718]LogModuleManager: Shutting down and abandoning module TextureFormatUncompressed (147)
[2018.10.07-12.56.42:404][718]LogModuleManager: Shutting down and abandoning module TextureFormatPVR (145)
[2018.10.07-12.56.42:404][718]LogModuleManager: Shutting down and abandoning module TextureFormatDXT (143)
[2018.10.07-12.56.42:404][718]LogModuleManager: Shutting down and abandoning module TextureFormatIntelISPCTexComp (141)
[2018.10.07-12.56.42:404][718]LogModuleManager: Shutting down and abandoning module TextureFormatASTC (139)
[2018.10.07-12.56.42:404][718]LogModuleManager: Shutting down and abandoning module ImageWrapper (138)
[2018.10.07-12.56.42:404][718]LogModuleManager: Shutting down and abandoning module TextureFormatAndroid (135)
[2018.10.07-12.56.42:404][718]LogModuleManager: Shutting down and abandoning module AudioFormatOpus (133)
[2018.10.07-12.56.42:404][718]LogModuleManager: Shutting down and abandoning module AudioFormatOgg (131)
[2018.10.07-12.56.42:404][718]LogModuleManager: Shutting down and abandoning module AudioFormatADPCM (129)
[2018.10.07-12.56.42:404][718]LogModuleManager: Shutting down and abandoning module LuminTargetPlatform (127)
[2018.10.07-12.56.42:404][718]LogModuleManager: Shutting down and abandoning module LinuxTargetPlatform (125)
[2018.10.07-12.56.42:404][718]LogModuleManager: Shutting down and abandoning module LinuxServerTargetPlatform (123)
[2018.10.07-12.56.42:404][718]LogModuleManager: Shutting down and abandoning module LinuxNoEditorTargetPlatform (121)
[2018.10.07-12.56.42:404][718]LogModuleManager: Shutting down and abandoning module LinuxClientTargetPlatform (119)
[2018.10.07-12.56.42:404][718]LogModuleManager: Shutting down and abandoning module TVOSTargetPlatform (117)
[2018.10.07-12.56.42:405][718]LogModuleManager: Shutting down and abandoning module Messaging (115)
[2018.10.07-12.56.42:405][718]LogModuleManager: Shutting down and abandoning module IOSTargetPlatform (113)
[2018.10.07-12.56.42:405][718]LogModuleManager: Shutting down and abandoning module HTML5TargetPlatform (111)
[2018.10.07-12.56.42:405][718]LogModuleManager: Shutting down and abandoning module AndroidTargetPlatform (109)
[2018.10.07-12.56.42:411][718]LogModuleManager: Shutting down and abandoning module WindowsTargetPlatform (107)
[2018.10.07-12.56.42:411][718]LogModuleManager: Shutting down and abandoning module WindowsServerTargetPlatform (105)
[2018.10.07-12.56.42:411][718]LogModuleManager: Shutting down and abandoning module WindowsNoEditorTargetPlatform (103)
[2018.10.07-12.56.42:411][718]LogModuleManager: Shutting down and abandoning module WindowsClientTargetPlatform (101)
[2018.10.07-12.56.42:411][718]LogModuleManager: Shutting down and abandoning module MacTargetPlatform (99)
[2018.10.07-12.56.42:411][718]LogModuleManager: Shutting down and abandoning module MacServerTargetPlatform (97)
[2018.10.07-12.56.42:411][718]LogModuleManager: Shutting down and abandoning module MacNoEditorTargetPlatform (95)
[2018.10.07-12.56.42:411][718]LogModuleManager: Shutting down and abandoning module MacClientTargetPlatform (93)
[2018.10.07-12.56.42:411][718]LogModuleManager: Shutting down and abandoning module AllDesktopTargetPlatform (91)
[2018.10.07-12.56.42:411][718]LogModuleManager: Shutting down and abandoning module InputCore (88)
[2018.10.07-12.56.42:411][718]LogModuleManager: Shutting down and abandoning module Settings (86)
[2018.10.07-12.56.42:411][718]LogModuleManager: Shutting down and abandoning module PhysXCooking (84)
[2018.10.07-12.56.42:411][718]LogModuleManager: Shutting down and abandoning module SteamVR (82)
[2018.10.07-12.56.42:411][718]LogModuleManager: Shutting down and abandoning module OculusHMD (80)
[2018.10.07-12.56.42:411][718]LogModuleManager: Shutting down and abandoning module ExampleDeviceProfileSelector (78)
[2018.10.07-12.56.42:411][718]LogModuleManager: Shutting down and abandoning module LauncherChunkInstaller (76)
[2018.10.07-12.56.42:411][718]LogModuleManager: Shutting down and abandoning module OnlineBlueprintSupport (74)
[2018.10.07-12.56.42:411][718]LogModuleManager: Shutting down and abandoning module OnlineSubsystem (70)
[2018.10.07-12.56.42:421][718]LogModuleManager: Shutting down and abandoning module XMPP (65)
[2018.10.07-12.56.42:440][718]LogModuleManager: Shutting down and abandoning module WebSockets (64)
[2018.10.07-12.56.42:467][718]LogModuleManager: Shutting down and abandoning module HTTP (61)
[2018.10.07-12.56.42:468][718]LogHttp: Display: Http module shutting down, but needs to wait on 1 outstanding Http requests:
[2018.10.07-12.56.42:468][718]LogHttp: Display: 	verb=[POST] url=[https://datarouter.ol.epicgames.com/datarouter/api/v1/public/data?SessionID=%7BFC3338B1-458B-D5AC-2285-1586E4ECB24D%7D&AppID=UEEditor.Rocket.Release&AppVersion=4.20.3-4369336%2B%2B%2BUE4%2BRelease-4.20&UserID=00bc8a5d4e1ae4ba5e92d1942186e671%7C4501aec3dc88488aaa73f02244674a6e%7C4fe2f908-9c87-47f1-bb2b-6c3bbfe61c9d&AppEnvironment=datacollector-binary&UploadType=eteventstream] status=Processing
[2018.10.07-12.56.42:502][718]LogModuleManager: Shutting down and abandoning module SSL (60)
[2018.10.07-12.56.42:533][718]LogModuleManager: Shutting down and abandoning module MagicLeapEmulator (56)
[2018.10.07-12.56.42:533][718]LogModuleManager: Shutting down and abandoning module MagicLeapPrivileges (54)
[2018.10.07-12.56.42:533][718]LogModuleManager: Shutting down and abandoning module MagicLeapIdentity (52)
[2018.10.07-12.56.42:533][718]LogModuleManager: Shutting down and abandoning module MagicLeapHelperVulkan (50)
[2018.10.07-12.56.42:533][718]LogModuleManager: Shutting down and abandoning module MagicLeapHelperOpenGL (48)
[2018.10.07-12.56.42:533][718]LogModuleManager: Shutting down and abandoning module MagicLeapSecureStorage (46)
[2018.10.07-12.56.42:533][718]LogModuleManager: Shutting down and abandoning module MagicLeapGestures (44)
[2018.10.07-12.56.42:533][718]LogModuleManager: Shutting down and abandoning module MagicLeapEyeTracker (42)
[2018.10.07-12.56.42:533][718]LogModuleManager: Shutting down and abandoning module MagicLeapController (40)
[2018.10.07-12.56.42:533][718]LogSlate: Slate User Destroyed.  User Index 0, Is Virtual User: 0
[2018.10.07-12.56.42:533][718]LogModuleManager: Shutting down and abandoning module MagicLeap (38)
[2018.10.07-12.56.42:533][718]LogModuleManager: Shutting down and abandoning module AnimationModifiers (36)
[2018.10.07-12.56.42:533][718]LogModuleManager: Shutting down and abandoning module PropertyEditor (35)
[2018.10.07-12.56.42:563][718]LogModuleManager: Shutting down and abandoning module AudioEditor (32)
[2018.10.07-12.56.42:580][718]LogModuleManager: Shutting down and abandoning module TextureCompressor (30)
[2018.10.07-12.56.42:580][718]LogModuleManager: Shutting down and abandoning module ShaderCore (28)
[2018.10.07-12.56.42:580][718]LogModuleManager: Shutting down and abandoning module Landscape (26)
[2018.10.07-12.56.42:580][718]LogModuleManager: Shutting down and abandoning module SlateRHIRenderer (24)
[2018.10.07-12.56.42:602][718]LogModuleManager: Shutting down and abandoning module OpenGLDrv (22)
[2018.10.07-12.56.42:607][718]LogModuleManager: Shutting down and abandoning module D3D11RHI (20)
[2018.10.07-12.56.42:607][718]LogModuleManager: Shutting down and abandoning module AnimGraphRuntime (18)
[2018.10.07-12.56.42:618][718]LogModuleManager: Shutting down and abandoning module Renderer (16)
[2018.10.07-12.56.42:618][718]LogModuleManager: Shutting down and abandoning module Engine (14)
[2018.10.07-12.56.42:618][718]LogModuleManager: Shutting down and abandoning module CoreUObject (12)
[2018.10.07-12.56.42:618][718]LogModuleManager: Shutting down and abandoning module NetworkFile (10)
[2018.10.07-12.56.42:618][718]LogModuleManager: Shutting down and abandoning module CookedIterativeFile (8)
[2018.10.07-12.56.42:618][718]LogModuleManager: Shutting down and abandoning module StreamingFile (6)
[2018.10.07-12.56.42:618][718]LogModuleManager: Shutting down and abandoning module SandboxFile (4)
[2018.10.07-12.56.42:618][718]LogModuleManager: Shutting down and abandoning module PakFile (2)
[2018.10.07-12.56.42:634][718]LogExit: Exiting.
[2018.10.07-12.56.42:642][718]Log file closed, 10/07/18 13:56:42
