Log file open, 09/28/18 16:43:19
LogWindows: Failed to load 'aqProf.dll' (GetLastError=126)
LogWindows: File 'aqProf.dll' does not exist
LogWindows: Failed to load 'VSPerf140.dll' (GetLastError=126)
LogWindows: File 'VSPerf140.dll' does not exist
LogWindows: Failed to load 'VtuneApi.dll' (GetLastError=126)
LogWindows: File 'VtuneApi.dll' does not exist
LogWindows: Failed to load 'VtuneApi32e.dll' (GetLastError=126)
LogWindows: File 'VtuneApi32e.dll' does not exist
LogInit: Display: Running engine for game: FlaminGo
LogPlatformFile: Not using cached read wrapper
LogTaskGraph: Started task graph with 5 named threads and 23 total threads with 3 sets of task threads.
LogStats: Stats thread started at 0.316624
LogD3D11RHI: Loaded GFSDK_Aftermath_Lib.x64.dll
LogICUInternationalization: Display: ICU TimeZone Detection - Raw Offset: +0:00, Platform Override: ''
LogPluginManager: Mounting plugin Paper2D
LogPluginManager: Mounting plugin AISupport
LogPluginManager: Mounting plugin LightPropagationVolume
LogPluginManager: Mounting plugin CLionSourceCodeAccess
LogPluginManager: Mounting plugin CodeLiteSourceCodeAccess
LogPluginManager: Mounting plugin GitSourceControl
LogPluginManager: Mounting plugin KDevelopSourceCodeAccess
LogPluginManager: Mounting plugin NullSourceCodeAccess
LogPluginManager: Mounting plugin PerforceSourceControl
LogPluginManager: Mounting plugin SubversionSourceControl
LogPluginManager: Mounting plugin UObjectPlugin
LogPluginManager: Mounting plugin VisualStudioCodeSourceCodeAccess
LogPluginManager: Mounting plugin VisualStudioSourceCodeAccess
LogPluginManager: Mounting plugin XCodeSourceCodeAccess
LogPluginManager: Mounting plugin AssetManagerEditor
LogPluginManager: Mounting plugin CryptoKeys
LogPluginManager: Mounting plugin DataValidation
LogPluginManager: Mounting plugin FacialAnimation
LogPluginManager: Mounting plugin GameplayTagsEditor
LogPluginManager: Mounting plugin MacGraphicsSwitching
LogPluginManager: Mounting plugin MeshEditor
LogPluginManager: Mounting plugin MobileLauncherProfileWizard
LogPluginManager: Mounting plugin PluginBrowser
LogPluginManager: Mounting plugin SpeedTreeImporter
LogPluginManager: Mounting plugin DatasmithContent
LogPluginManager: Mounting plugin AlembicImporter
LogPluginManager: Mounting plugin AppleImageUtils
LogPluginManager: Mounting plugin AppleVision
LogPluginManager: Mounting plugin BackChannel
LogPluginManager: Mounting plugin CharacterAI
LogPluginManager: Mounting plugin GeometryCache
LogPluginManager: Mounting plugin HTML5Networking
LogPluginManager: Mounting plugin ProxyLODPlugin
LogPluginManager: Mounting plugin MagicLeap
LogPluginManager: Mounting plugin MagicLeapEmulator
LogPluginManager: Mounting plugin MagicLeapMedia
LogPluginManager: Mounting plugin AndroidMedia
LogPluginManager: Mounting plugin AvfMedia
LogPluginManager: Mounting plugin ImgMedia
LogPluginManager: Mounting plugin LinearTimecode
LogPluginManager: Mounting plugin MediaCompositing
LogPluginManager: Mounting plugin MediaPlayerEditor
LogPluginManager: Mounting plugin WmfMedia
LogPluginManager: Mounting plugin TcpMessaging
LogPluginManager: Mounting plugin UdpMessaging
LogPluginManager: Mounting plugin ActorSequence
LogPluginManager: Mounting plugin LevelSequenceEditor
LogPluginManager: Mounting plugin MatineeToLevelSequence
LogPluginManager: Mounting plugin NetcodeUnitTest
LogPluginManager: Mounting plugin NUTUnrealEngine4
LogPluginManager: Mounting plugin OnlineSubsystemGooglePlay
LogPluginManager: Mounting plugin OnlineSubsystemIOS
LogPluginManager: Mounting plugin OnlineSubsystem
LogPluginManager: Mounting plugin OnlineSubsystemNull
LogPluginManager: Mounting plugin OnlineSubsystemUtils
LogPluginManager: Mounting plugin LauncherChunkInstaller
LogPluginManager: Mounting plugin AndroidDeviceProfileSelector
LogPluginManager: Mounting plugin AndroidMoviePlayer
LogPluginManager: Mounting plugin AndroidPermission
LogPluginManager: Mounting plugin AppleMoviePlayer
LogPluginManager: Mounting plugin ArchVisCharacter
LogPluginManager: Mounting plugin AudioCapture
LogPluginManager: Mounting plugin CableComponent
LogPluginManager: Mounting plugin CustomMeshComponent
LogPluginManager: Mounting plugin EditableMesh
LogPluginManager: Mounting plugin ExampleDeviceProfileSelector
LogPluginManager: Mounting plugin GoogleCloudMessaging
LogPluginManager: Mounting plugin ImmediatePhysics
LogPluginManager: Mounting plugin IOSDeviceProfileSelector
LogPluginManager: Mounting plugin LinuxDeviceProfileSelector
LogPluginManager: Mounting plugin LocationServicesBPLibrary
LogPluginManager: Mounting plugin MobilePatchingUtils
LogPluginManager: Mounting plugin OculusVR
LogPluginManager: Plugin shader directory ../../../Engine/Plugins/Runtime/Oculus/OculusVR/Shaders found
LogPluginManager: Mapping shader source directory ../../../Engine/Plugins/Runtime/Oculus/OculusVR/Shaders to virtual directory /Plugin/OculusVR
LogPluginManager: Mounting plugin PhysXVehicles
LogPluginManager: Mounting plugin ProceduralMeshComponent
LogPluginManager: Mounting plugin RuntimePhysXCooking
LogPluginManager: Mounting plugin SteamVR
LogPluginManager: Mounting plugin WindowsMoviePlayer
LogStreaming: Display: Took  0.242s to configure plugins.
LogInit: Using libcurl 7.55.1-DEV
LogInit:  - built for x86_64-pc-win32
LogInit:  - supports SSL with OpenSSL/1.0.2h
LogInit:  - supports HTTP deflate (compression) using libz 1.2.8
LogInit:  - other features:
LogInit:      CURL_VERSION_SSL
LogInit:      CURL_VERSION_LIBZ
LogInit:      CURL_VERSION_IPV6
LogInit:      CURL_VERSION_ASYNCHDNS
LogInit:      CURL_VERSION_LARGEFILE
LogInit:      CURL_VERSION_IDN
LogInit:  CurlRequestOptions (configurable via config and command line):
LogInit:  - bVerifyPeer = false  - Libcurl will NOT verify peer certificate
LogInit:  - bUseHttpProxy = false  - Libcurl will NOT use HTTP proxy
LogInit:  - bDontReuseConnections = false  - Libcurl will reuse connections
LogInit:  - CertBundlePath = nullptr  - Libcurl will use whatever was configured at build time.
LogInit:  - MaxHostConnections = 16  - Libcurl will limit the number of connections to a host
LogInit:  - LocalHostAddr = Default
LogInit:  - BufferSize = 65536
LogInit: WinSock: version 1.1 (2.2), MaxSocks=32767, MaxUdp=65467
LogInit: Build: ++UE4+Release-4.20-CL-4369336
LogInit: Engine Version: 4.20.3-4369336+++UE4+Release-4.20
LogInit: Compatible Engine Version: 4.20.0-4212847+++UE4+Release-4.20
LogInit: Net CL: 4212847
LogInit: OS: Windows 10 (), CPU: Intel(R) Core(TM) i7-6700K CPU @ 4.00GHz, GPU: NVIDIA GeForce GTX 1080
LogInit: Compiled (64-bit): Sep 17 2018 12:26:19
LogInit: Compiled with Visual C++: 19.13.26129.00
LogInit: Build Configuration: Development
LogInit: Branch Name: ++UE4+Release-4.20
LogInit: Command Line:  
LogInit: Base Directory: C:/Apps/Epic Games/UE_4.20/Engine/Binaries/Win64/
LogInit: Installed Engine Build: 1
LogDevObjectVersion: Number of dev versions registered: 20
LogDevObjectVersion:   Dev-Blueprints (B0D832E4-1F89-4F0D-ACCF-7EB736FD4AA2): 10
LogDevObjectVersion:   Dev-Build (E1C64328-A22C-4D53-A36C-8E866417BD8C): 0
LogDevObjectVersion:   Dev-Core (375EC13C-06E4-48FB-B500-84F0262A717E): 2
LogDevObjectVersion:   Dev-Editor (E4B068ED-F494-42E9-A231-DA0B2E46BB41): 24
LogDevObjectVersion:   Dev-Framework (CFFC743F-43B0-4480-9391-14DF171D2073): 34
LogDevObjectVersion:   Dev-Mobile (B02B49B5-BB20-44E9-A304-32B752E40360): 2
LogDevObjectVersion:   Dev-Networking (A4E4105C-59A1-49B5-A7C5-40C4547EDFEE): 0
LogDevObjectVersion:   Dev-Online (39C831C9-5AE6-47DC-9A44-9C173E1C8E7C): 0
LogDevObjectVersion:   Dev-Physics (78F01B33-EBEA-4F98-B9B4-84EACCB95AA2): 0
LogDevObjectVersion:   Dev-Platform (6631380F-2D4D-43E0-8009-CF276956A95A): 0
LogDevObjectVersion:   Dev-Rendering (12F88B9F-8875-4AFC-A67C-D90C383ABD29): 26
LogDevObjectVersion:   Dev-Sequencer (7B5AE74C-D270-4C10-A958-57980B212A5A): 9
LogDevObjectVersion:   Dev-VR (D7296918-1DD6-4BDD-9DE2-64A83CC13884): 2
LogDevObjectVersion:   Dev-LoadTimes (C2A15278-BFE7-4AFE-6C17-90FF531DF755): 1
LogDevObjectVersion:   Private-Geometry (6EACA3D4-40EC-4CC1-B786-8BED09428FC5): 3
LogDevObjectVersion:   Dev-AnimPhys (29E575DD-E0A3-4627-9D10-D276232CDCEA): 17
LogDevObjectVersion:   Dev-ReflectionCapture (6B266CEC-1EC7-4B8F-A30B-E4D90942FC07): 1
LogDevObjectVersion:   Dev-Automation (0DF73D61-A23F-47EA-B727-89E90C41499A): 1
LogDevObjectVersion:   FortniteMain (601D1886-AC64-4F84-AA16-D3DE0DEAC7D6): 12
LogDevObjectVersion:   Dev-Enterprise (9DFFBCD6-494F-0158-E221-12823C92A888): 1
LogStreaming: Display: Took  0.001s to delete old logs.
LogInit: Presizing for max 8388607 objects, including 0 objects not considered by GC, pre-allocating 0 bytes for permanent pool.
LogInit: Object subsystem initialized
[2018.09.28-15.43.20:200][  0]LogInit: Selected Device Profile: [Windows]
[2018.09.28-15.43.20:200][  0]LogInit: Applying CVar settings loaded from the selected device profile: [Windows]
[2018.09.28-15.43.20:225][  0]LogHAL: Display: Platform has ~ 16 GB [17125011456 / 17179869184 / 16], which maps to Larger [LargestMinGB=32, LargerMinGB=12, DefaultMinGB=8, SmallerMinGB=6, SmallestMinGB=0)
[2018.09.28-15.43.20:225][  0]LogInit: Setting Device Profile CVar: [[r.Vulkan.UseRealUBs:1]]
[2018.09.28-15.43.20:225][  0]LogInit: Going up to parent DeviceProfile []
[2018.09.28-15.43.20:228][  0]LogInit: Computer: PPRSB1026-E04
[2018.09.28-15.43.20:228][  0]LogInit: User: k1644122
[2018.09.28-15.43.20:228][  0]LogInit: CPU Page size=4096, Cores=4
[2018.09.28-15.43.20:228][  0]LogInit: High frequency timer resolution =3.914061 MHz
[2018.09.28-15.43.20:228][  0]LogMemory: Memory total: Physical=15.9GB (16GB approx)
[2018.09.28-15.43.20:228][  0]LogMemory: Platform Memory Stats for Windows
[2018.09.28-15.43.20:228][  0]LogMemory: Process Physical Memory: 100.64 MB used, 100.64 MB peak
[2018.09.28-15.43.20:228][  0]LogMemory: Process Virtual Memory: 89.44 MB used, 89.44 MB peak
[2018.09.28-15.43.20:228][  0]LogMemory: Physical Memory: 4810.37 MB used,  11521.31 MB free, 16331.68 MB total
[2018.09.28-15.43.20:228][  0]LogMemory: Virtual Memory: 542.09 MB used,  11521.31 MB free, 134217728.00 MB total
[2018.09.28-15.43.20:369][  0]LogInit: Using OS detected language (en-US).
[2018.09.28-15.43.20:369][  0]LogInit: Using OS detected locale (en-GB).
[2018.09.28-15.43.20:370][  0]LogTextLocalizationManager: No specific localization for 'en-US' exists, so the 'en' localization will be used.
[2018.09.28-15.43.20:688][  0]LogStreaming: Display: Took  0.319s to InitEngineTextLocalization.
[2018.09.28-15.43.20:688][  0]LogInit: Setting process to per monitor DPI aware
[2018.09.28-15.43.20:759][  0]LogSlate: New Slate User Created.  User Index 0, Is Virtual User: 0
[2018.09.28-15.43.20:759][  0]LogSlate: Slate User Registered.  User Index 0, Is Virtual User: 0
[2018.09.28-15.43.22:900][  0]LogHMD: Failed to initialize OpenVR with code 110
[2018.09.28-15.43.22:900][  0]LogD3D11RHI: D3D11 adapters:
[2018.09.28-15.43.22:954][  0]LogD3D11RHI:    0. 'NVIDIA GeForce GTX 1080' (Feature Level 11_0)
[2018.09.28-15.43.22:954][  0]LogD3D11RHI:       8079/0/8165 MB DedicatedVideo/DedicatedSystem/SharedSystem, Outputs:1, VendorId:0x10de
[2018.09.28-15.43.22:983][  0]LogD3D11RHI:    1. 'Microsoft Basic Render Driver' (Feature Level 11_0)
[2018.09.28-15.43.22:983][  0]LogD3D11RHI:       0/0/8165 MB DedicatedVideo/DedicatedSystem/SharedSystem, Outputs:0, VendorId:0x1414
[2018.09.28-15.43.22:983][  0]LogD3D11RHI: Chosen D3D11 Adapter: 0
[2018.09.28-15.43.22:989][  0]LogD3D11RHI: Creating new Direct3DDevice
[2018.09.28-15.43.22:989][  0]LogD3D11RHI:     GPU DeviceId: 0x1b80 (for the marketing name, search the web for "GPU Device Id")
[2018.09.28-15.43.22:989][  0]LogWindows: EnumDisplayDevices:
[2018.09.28-15.43.22:989][  0]LogWindows:    0. 'NVIDIA GeForce GTX 1080' (P:1 D:1)
[2018.09.28-15.43.22:990][  0]LogWindows:    1. 'NVIDIA GeForce GTX 1080' (P:0 D:0)
[2018.09.28-15.43.22:990][  0]LogWindows:    2. 'NVIDIA GeForce GTX 1080' (P:0 D:0)
[2018.09.28-15.43.22:991][  0]LogWindows:    3. 'NVIDIA GeForce GTX 1080' (P:0 D:0)
[2018.09.28-15.43.22:991][  0]LogWindows: DebugString: FoundDriverCount:4 
[2018.09.28-15.43.22:991][  0]LogD3D11RHI:     Adapter Name: NVIDIA GeForce GTX 1080
[2018.09.28-15.43.22:991][  0]LogD3D11RHI:   Driver Version: 398.36 (internal:24.21.13.9836, unified:398.36)
[2018.09.28-15.43.22:991][  0]LogD3D11RHI:      Driver Date: 6-24-2018
[2018.09.28-15.43.22:991][  0]LogRHI: Texture pool is 5655 MB (70% of 8079 MB)
[2018.09.28-15.43.23:052][  0]LogD3D11RHI: Async texture creation enabled
[2018.09.28-15.43.23:068][  0]LogD3D11RHI: GPU Timing Frequency: 1000.000000 (Debug: 2 2)
[2018.09.28-15.43.23:112][  0]LogShaderCompilers: Guid format shader working directory is 24 characters bigger than the processId version (D:/GitHub/CRANE/FlaminGo/Intermediate/Shaders/WorkingDirectory/10848/).
[2018.09.28-15.43.23:112][  0]LogShaderCompilers: Cleaned the shader compiler working directory 'C:/Users/k1644122/AppData/Local/Temp/UnrealShaderWorkingDir/F0639E0544F37AD9D2BE629F7F232A63/'.
[2018.09.28-15.43.23:748][  0]LogTemp: Display: Loaded TP AllDesktopTargetPlatform
[2018.09.28-15.43.23:769][  0]LogTemp: Display: Loaded TP MacClientTargetPlatform
[2018.09.28-15.43.23:791][  0]LogTemp: Display: Loaded TP MacNoEditorTargetPlatform
[2018.09.28-15.43.23:812][  0]LogTemp: Display: Loaded TP MacServerTargetPlatform
[2018.09.28-15.43.23:838][  0]LogTemp: Display: Loaded TP MacTargetPlatform
[2018.09.28-15.43.23:860][  0]LogTemp: Display: Loaded TP WindowsClientTargetPlatform
[2018.09.28-15.43.23:884][  0]LogTemp: Display: Loaded TP WindowsNoEditorTargetPlatform
[2018.09.28-15.43.23:906][  0]LogTemp: Display: Loaded TP WindowsServerTargetPlatform
[2018.09.28-15.43.23:923][  0]LogTemp: Display: Loaded TP WindowsTargetPlatform
[2018.09.28-15.43.24:003][  0]LogTemp: Display: Loaded TP AndroidTargetPlatform
[2018.09.28-15.43.24:003][  0]LogTemp: Display: Loaded TP AndroidTargetPlatform
[2018.09.28-15.43.24:003][  0]LogTemp: Display: Loaded TP AndroidTargetPlatform
[2018.09.28-15.43.24:003][  0]LogTemp: Display: Loaded TP AndroidTargetPlatform
[2018.09.28-15.43.24:003][  0]LogTemp: Display: Loaded TP AndroidTargetPlatform
[2018.09.28-15.43.24:003][  0]LogTemp: Display: Loaded TP AndroidTargetPlatform
[2018.09.28-15.43.24:003][  0]LogTemp: Display: Loaded TP AndroidTargetPlatform
[2018.09.28-15.43.24:003][  0]LogTemp: Display: Loaded TP AndroidTargetPlatform
[2018.09.28-15.43.24:003][  0]LogTemp: Display: Loaded TP AndroidTargetPlatform
[2018.09.28-15.43.24:003][  0]LogTemp: Display: Loaded TP AndroidTargetPlatform
[2018.09.28-15.43.24:003][  0]LogTemp: Display: Loaded TP AndroidTargetPlatform
[2018.09.28-15.43.24:003][  0]LogTemp: Display: Loaded TP AndroidTargetPlatform
[2018.09.28-15.43.24:003][  0]LogTemp: Display: Loaded TP AndroidTargetPlatform
[2018.09.28-15.43.24:003][  0]LogTemp: Display: Loaded TP AndroidTargetPlatform
[2018.09.28-15.43.24:003][  0]LogTemp: Display: Loaded TP AndroidTargetPlatform
[2018.09.28-15.43.24:003][  0]LogTemp: Display: Loaded TP AndroidTargetPlatform
[2018.09.28-15.43.24:003][  0]LogTemp: Display: Loaded TP AndroidTargetPlatform
[2018.09.28-15.43.24:003][  0]LogTemp: Display: Loaded TP AndroidTargetPlatform
[2018.09.28-15.43.24:015][  0]LogTemp: Display: Loaded TP HTML5TargetPlatform
[2018.09.28-15.43.24:108][  0]LogTemp: Display: Loaded TP IOSTargetPlatform
[2018.09.28-15.43.24:108][  0]LogTemp: Display: Loaded TP IOSTargetPlatform
[2018.09.28-15.43.24:140][  0]LogTemp: Display: Loaded TP TVOSTargetPlatform
[2018.09.28-15.43.24:140][  0]LogTemp: Display: Loaded TP TVOSTargetPlatform
[2018.09.28-15.43.24:161][  0]LogTemp: Display: Loaded TP LinuxClientTargetPlatform
[2018.09.28-15.43.24:183][  0]LogTemp: Display: Loaded TP LinuxNoEditorTargetPlatform
[2018.09.28-15.43.24:205][  0]LogTemp: Display: Loaded TP LinuxServerTargetPlatform
[2018.09.28-15.43.24:231][  0]LogTemp: Display: Loaded TP LinuxTargetPlatform
[2018.09.28-15.43.24:249][  0]LogTemp: Display: Loaded TP LuminTargetPlatform
[2018.09.28-15.43.24:249][  0]LogTargetPlatformManager: Display: Building Assets For Windows
[2018.09.28-15.43.24:593][  0]LogXGEController: Cleaning working directory: C:/Users/k1644122/AppData/Local/Temp/UnrealXGEWorkingDir/
[2018.09.28-15.43.24:594][  0]LogXGEController: Cannot use XGE Controller as Incredibuild is not installed on this machine.
[2018.09.28-15.43.24:594][  0]LogShaderCompilers: Cannot use XGE Shader Compiler as Incredibuild is not installed on this machine.
[2018.09.28-15.43.24:594][  0]LogShaderCompilers: Display: Using Local Shader Compiler.
[2018.09.28-15.43.26:078][  0]LogDerivedDataCache: Display: Max Cache Size: 512 MB
[2018.09.28-15.43.26:130][  0]LogDerivedDataCache: Loaded boot cache 0.05s 87MB C:/Users/k1644122/AppData/Local/UnrealEngine/4.20/DerivedDataCache/Boot.ddc.
[2018.09.28-15.43.26:130][  0]LogDerivedDataCache: Display: Loaded Boot cache: C:/Users/k1644122/AppData/Local/UnrealEngine/4.20/DerivedDataCache/Boot.ddc
[2018.09.28-15.43.26:130][  0]LogDerivedDataCache: FDerivedDataBackendGraph:  Pak pak cache file D:/GitHub/CRANE/FlaminGo/DerivedDataCache/DDC.ddp not found, will not use a pak cache.
[2018.09.28-15.43.26:130][  0]LogDerivedDataCache: Unable to find inner node Pak for hierarchical cache Hierarchy.
[2018.09.28-15.43.26:130][  0]LogDerivedDataCache: FDerivedDataBackendGraph:  CompressedPak pak cache file D:/GitHub/CRANE/FlaminGo/DerivedDataCache/Compressed.ddp not found, will not use a pak cache.
[2018.09.28-15.43.26:130][  0]LogDerivedDataCache: Unable to find inner node CompressedPak for hierarchical cache Hierarchy.
[2018.09.28-15.43.26:142][  0]LogDerivedDataCache: Display: Pak cache opened for reading ../../../Engine/DerivedDataCache/Compressed.ddp.
[2018.09.28-15.43.26:156][  0]LogDerivedDataCache: Using Local data cache path C:/Users/k1644122/AppData/Local/UnrealEngine/Common/DerivedDataCache: Writable
[2018.09.28-15.43.26:156][  0]LogDerivedDataCache: Shared data cache path not found in *engine.ini, will not use an Shared cache.
[2018.09.28-15.43.26:156][  0]LogDerivedDataCache: Unable to find inner node Shared for hierarchical cache Hierarchy.
[2018.09.28-15.43.26:174][  0]LogMaterial: Verifying Global Shaders for PCD3D_SM5
[2018.09.28-15.43.26:175][  0]LogSlate: Using FreeType 2.6.0
[2018.09.28-15.43.26:184][  0]LogSlate: SlateFontServices - WITH_FREETYPE: 1, WITH_HARFBUZZ: 1
[2018.09.28-15.43.26:391][  0]LogAssetRegistry: FAssetRegistry took 0.0248 seconds to start up
[2018.09.28-15.43.26:657][  0]LogInit: Selected Device Profile: [Windows]
[2018.09.28-15.43.26:921][  0]LogSimplygon: Simplygon DLL not present - disabling.
[2018.09.28-15.43.26:953][  0]LogMeshReduction: Using SimplygonSwarm for distributed automatic mesh merging
[2018.09.28-15.43.26:953][  0]LogMeshReduction: Using ProxyLODMeshReduction for automatic mesh merging
[2018.09.28-15.43.26:953][  0]LogMeshReduction: Using QuadricMeshReduction for automatic static mesh reduction
[2018.09.28-15.43.26:953][  0]LogMeshReduction: No automatic skeletal mesh reduction module available
[2018.09.28-15.43.26:979][  0]LogNetVersion: FlaminGo 1.0.0, NetCL: 4212847, EngineNetVer: 5, GameNetVer: 0 (Checksum: 4192027605)
[2018.09.28-15.43.27:804][  0]LogPackageLocalizationCache: Processed 11 localized package path(s) for 2 prioritized culture(s) in 0.163813 seconds
[2018.09.28-15.43.27:809][  0]LogUObjectArray: 38425 objects as part of root set at end of initial load.
[2018.09.28-15.43.27:809][  0]LogUObjectAllocator: 6690864 out of 0 bytes used by permanent object pool.
[2018.09.28-15.43.27:809][  0]LogUObjectArray: CloseDisregardForGC: 0/0 objects in disregard for GC pool
[2018.09.28-15.43.30:794][  0]LogTcpMessaging: Initializing TcpMessaging bridge
[2018.09.28-15.43.30:820][  0]LogUdpMessaging: Initializing bridge on interface 0.0.0.0:0 to multicast group 230.0.0.1:6666.
[2018.09.28-15.43.31:182][  0]SourceControl: Source control is disabled
[2018.09.28-15.43.31:182][  0]SourceControl: Source control is disabled
[2018.09.28-15.43.31:200][  0]SourceControl: Source control is disabled
[2018.09.28-15.43.31:214][  0]SourceControl: Source control is disabled
[2018.09.28-15.43.31:810][  0]LogAndroidPermission: UAndroidPermissionCallbackProxy::GetInstance
[2018.09.28-15.43.31:963][  0]LogOcInput: OculusInput pre-init called
[2018.09.28-15.43.32:083][  0]LogEngine: Initializing Engine...
[2018.09.28-15.43.32:085][  0]LogHMD: Failed to initialize OpenVR with code 110
[2018.09.28-15.43.32:086][  0]LogStats: UGameplayTagsManager::ConstructGameplayTagTree: ImportINI prefixes -  0.000 s
[2018.09.28-15.43.32:086][  0]LogStats: UGameplayTagsManager::ConstructGameplayTagTree: Construct from data asset -  0.000 s
[2018.09.28-15.43.32:086][  0]LogStats: UGameplayTagsManager::ConstructGameplayTagTree: ImportINI -  0.000 s
[2018.09.28-15.43.32:086][  0]LogStats: UGameplayTagsManager::ConstructGameplayTagTree: GameplayTagTreeChangedEvent.Broadcast -  0.000 s
[2018.09.28-15.43.32:362][  0]LogInit: Initializing FReadOnlyCVARCache
[2018.09.28-15.43.32:386][  0]LogAIModule: Creating AISystem for world Untitled
[2018.09.28-15.43.32:418][  0]LogInit: XAudio2 using 'Speakers (Realtek High Definition Audio)' : 2 channels at 48 kHz using 32 bits per sample (channel mask 0x3)
[2018.09.28-15.43.32:435][  0]LogInit: FAudioDevice initialized.
[2018.09.28-15.43.32:435][  0]LogNetVersion: Set ProjectVersion to 1.0.0.0. Version Checksum will be recalculated on next use.
[2018.09.28-15.43.32:521][  0]LogDerivedDataCache: Saved boot cache 0.09s 87MB C:/Users/k1644122/AppData/Local/UnrealEngine/4.20/DerivedDataCache/Boot.ddc.
[2018.09.28-15.43.32:524][  0]LogInit: Texture streaming: Enabled
[2018.09.28-15.43.32:582][  0]LogEngineSessionManager: EngineSessionManager initialized
[2018.09.28-15.43.32:694][  0]LogInit: Transaction tracking system initialized
[2018.09.28-15.43.32:780][  0]BlueprintLog: New page: Editor Load
[2018.09.28-15.43.33:152][  0]LocalizationService: Localization service is disabled
[2018.09.28-15.43.33:704][  0]LogCook: Display: Max memory allowance for cook 16384mb min free memory 0mb
[2018.09.28-15.43.33:704][  0]LogCook: Display: Mobile HDR setting 1
[2018.09.28-15.43.33:704][  0]LogGameplayTags: Display: UGameplayTagsManager::DoneAddingNativeTags. DelegateIsBound: 0
[2018.09.28-15.43.33:705][  0]LogStats: UGameplayTagsManager::ConstructGameplayTagTree: ImportINI prefixes -  0.000 s
[2018.09.28-15.43.33:705][  0]LogStats: UGameplayTagsManager::ConstructGameplayTagTree: Construct from data asset -  0.000 s
[2018.09.28-15.43.33:705][  0]LogStats: UGameplayTagsManager::ConstructGameplayTagTree: ImportINI -  0.000 s
[2018.09.28-15.43.33:705][  0]LogStats: UGameplayTagsManager::ConstructGameplayTagTree: GameplayTagTreeChangedEvent.Broadcast -  0.000 s
[2018.09.28-15.43.34:161][  0]LogFileCache: Scanning file cache for directory 'D:/GitHub/CRANE/FlaminGo/Content/' took 0.02s
[2018.09.28-15.43.34:183][  0]SourceControl: Source control is disabled
[2018.09.28-15.43.34:183][  0]Cmd: MAP LOAD FILE="D:/GitHub/CRANE/FlaminGo/Content/ThirdPersonBP/Maps/ThirdPersonExampleMap.umap" TEMPLATE=0 SHOWPROGRESS=1 FEATURELEVEL=3
[2018.09.28-15.43.34:184][  0]LogEditorServer: Warning: Can't find file 'D:/GitHub/CRANE/FlaminGo/Content/ThirdPersonBP/Maps/ThirdPersonExampleMap.umap'
[2018.09.28-15.43.34:184][  0]Cmd: MAP CHECKDEP NOCLEARLOG
[2018.09.28-15.43.34:256][  0]MapCheck: Map check complete: 0 Error(s), 0 Warning(s), took 72.208ms to complete.
[2018.09.28-15.43.34:256][  0]LogFileHelpers: Loading map 'ThirdPersonExampleMap' took 0.073
[2018.09.28-15.43.34:352][  0]LogSlate: Updating window title bar state: overlay mode, drag disabled, window buttons hidden, title bar hidden
[2018.09.28-15.43.34:358][  0]LogSlate: Updating window title bar state: overlay mode, drag disabled, window buttons hidden, title bar hidden
[2018.09.28-15.43.34:364][  0]LogSlate: Updating window title bar state: overlay mode, drag disabled, window buttons hidden, title bar hidden
[2018.09.28-15.43.34:370][  0]LogSlate: Updating window title bar state: overlay mode, drag disabled, window buttons hidden, title bar hidden
[2018.09.28-15.43.34:391][  0]LogCollectionManager: Loaded 0 collections in 0.002090 seconds
[2018.09.28-15.43.34:432][  0]LogFileCache: Scanning file cache for directory 'D:/GitHub/CRANE/FlaminGo/Saved/Collections/' took 0.01s
[2018.09.28-15.43.34:432][  0]LogFileCache: Scanning file cache for directory 'D:/GitHub/CRANE/FlaminGo/Content/Developers/k1644122/Collections/' took 0.01s
[2018.09.28-15.43.34:432][  0]LogFileCache: Scanning file cache for directory 'D:/GitHub/CRANE/FlaminGo/Content/Collections/' took 0.01s
[2018.09.28-15.43.34:432][  0]LogCollectionManager: Rebuilt the GUID cache for 0 collections in 0.000001 seconds
[2018.09.28-15.43.34:441][  0]LogContentBrowser: Native class hierarchy populated in 0.0096 seconds. Added 2572 classes and 603 folders.
[2018.09.28-15.43.34:449][  0]LogContentBrowser: Native class hierarchy updated for 'WidgetCarousel' in 0.0003 seconds. Added 0 classes and 0 folders.
[2018.09.28-15.43.34:640][  0]LogContentBrowser: Native class hierarchy updated for 'AddContentDialog' in 0.0003 seconds. Added 0 classes and 0 folders.
[2018.09.28-15.43.34:657][  0]LogContentBrowser: Native class hierarchy updated for 'SceneOutliner' in 0.0003 seconds. Added 1 classes and 2 folders.
[2018.09.28-15.43.34:712][  0]LogContentBrowser: Native class hierarchy updated for 'HierarchicalLODOutliner' in 0.0003 seconds. Added 0 classes and 0 folders.
[2018.09.28-15.43.34:712][  0]LogLoad: (Engine Initialization) Total time: 18.43 seconds
[2018.09.28-15.43.34:712][  0]LogLoad: (Engine Initialization) Total Blueprint compile time: 0.00 seconds
[2018.09.28-15.43.34:741][  0]LogContentStreaming: Texture pool size now 1000 MB
[2018.09.28-15.43.34:744][  0]LogSlate: Took 0.001860 seconds to synchronously load lazily loaded font '../../../Engine/Content/Slate/Fonts/Roboto-Regular.ttf' (155K)
[2018.09.28-15.43.34:747][  0]LogSlate: Took 0.001731 seconds to synchronously load lazily loaded font '../../../Engine/Content/Slate/Fonts/Roboto-Bold.ttf' (160K)
[2018.09.28-15.43.34:752][  0]LogSlate: Took 0.001848 seconds to synchronously load lazily loaded font '../../../Engine/Content/Editor/Slate/Fonts/FontAwesome.ttf' (139K)
[2018.09.28-15.43.34:865][  0]LogSlate: Took 0.001555 seconds to synchronously load lazily loaded font '../../../Engine/Content/Slate/Fonts/Roboto-Light.ttf' (167K)
[2018.09.28-15.43.34:906][  1]LogRenderer: Reallocating scene render targets to support 804x360 Format 10 NumSamples 1 (Frame:1).
[2018.09.28-15.43.34:925][  1]LogAssetRegistry: Asset discovery search completed in 8.5547 seconds
[2018.09.28-15.43.34:926][  1]LogCollectionManager: Rebuilt the object cache for 0 collections in 0.000000 seconds (found 0 objects)
[2018.09.28-15.43.34:926][  1]LogCollectionManager: Fixed up redirectors for 0 collections in 0.000046 seconds (updated 0 objects)
[2018.09.28-15.43.35:743][ 94]LogSlate: Took 0.000280 seconds to synchronously load lazily loaded font '../../../Engine/Content/Slate/Fonts/Roboto-Light.ttf' (167K)
[2018.09.28-15.44.19:625][359]LogSlate: FSceneViewport::OnFocusLost() reason 0
[2018.09.28-15.44.19:724][366]LogRenderer: Reallocating scene render targets to support 1208x576 Format 10 NumSamples 1 (Frame:5361).
[2018.09.28-15.44.28:474][334]LogAIModule: Creating AISystem for world FirstMap
[2018.09.28-15.44.28:489][334]LogAssetEditorManager: Opening Asset editor for World /Game/ThirdPersonBP/Maps/FirstMap.FirstMap
[2018.09.28-15.44.28:509][334]Cmd: MAP LOAD FILE="D:/GitHub/CRANE/FlaminGo/Content/ThirdPersonBP/Maps/FirstMap.umap" TEMPLATE=0 SHOWPROGRESS=1 FEATURELEVEL=3
[2018.09.28-15.44.28:510][334]LightingResults: New page: Lighting Build
[2018.09.28-15.44.28:512][334]LogContentBrowser: Native class hierarchy updated for 'StatsViewer' in 0.0003 seconds. Added 5 classes and 0 folders.
[2018.09.28-15.44.28:513][334]LoadErrors: New page: Loading map: FirstMap.umap
[2018.09.28-15.44.28:513][334]MapCheck: New page: Map Check
[2018.09.28-15.44.28:513][334]LightingResults: New page: Lighting Build
[2018.09.28-15.44.28:535][334]LogEditorServer: Finished looking for orphan Actors (0.000 secs)
[2018.09.28-15.44.28:575][334]Cmd: MAP CHECKDEP NOCLEARLOG
[2018.09.28-15.44.29:346][334]MapCheck: Map check complete: 0 Error(s), 0 Warning(s), took 771.017ms to complete.
[2018.09.28-15.44.29:348][334]LogFileHelpers: Loading map 'FirstMap' took 0.839
[2018.09.28-15.44.30:711][488]LogTemp: Repeating last play command: Selected Viewport
[2018.09.28-15.44.30:725][488]LogPlayLevel: PlayLevel: No blueprints needed recompiling
[2018.09.28-15.44.30:737][488]PIE: New page: PIE session: FirstMap (28 Sep 2018 17:44:30)
[2018.09.28-15.44.30:737][488]LogPlayLevel: Creating play world package: /Game/ThirdPersonBP/Maps/UEDPIE_0_FirstMap
[2018.09.28-15.44.30:740][488]LogPlayLevel: PIE: StaticDuplicateObject took: (0.002450s)
[2018.09.28-15.44.30:740][488]LogAIModule: Creating AISystem for world FirstMap
[2018.09.28-15.44.30:740][488]LogPlayLevel: PIE: World Init took: (0.000572s)
[2018.09.28-15.44.30:740][488]LogPlayLevel: PIE: Created PIE world by copying editor world from /Game/ThirdPersonBP/Maps/FirstMap.FirstMap to /Game/ThirdPersonBP/Maps/UEDPIE_0_FirstMap.FirstMap (0.003132s)
[2018.09.28-15.44.30:772][488]LogInit: XAudio2 using 'Speakers (Realtek High Definition Audio)' : 2 channels at 48 kHz using 32 bits per sample (channel mask 0x3)
[2018.09.28-15.44.30:785][488]LogInit: FAudioDevice initialized.
[2018.09.28-15.44.30:827][488]LogLoad: Game class is 'ThirdPersonGameMode_C'
[2018.09.28-15.44.30:829][488]LogWorld: Bringing World /Game/ThirdPersonBP/Maps/UEDPIE_0_FirstMap.FirstMap up for play (max tick rate 0) at 2018.09.28-16.44.30
[2018.09.28-15.44.30:830][488]LogWorld: Bringing up level for play took: 0.000688
[2018.09.28-15.44.30:848][488]LogContentBrowser: Native class hierarchy updated for 'MovieSceneCapture' in 0.0003 seconds. Added 10 classes and 0 folders.
[2018.09.28-15.44.30:852][488]LogBlueprintUserMessages: [Magnet_Pickup_C_0] MagnetActive
[2018.09.28-15.44.30:852][488]LogBlueprintUserMessages: [ThirdPersonGameMode_C_0] 1
[2018.09.28-15.44.30:853][488]LogBlueprintUserMessages: [ThirdPersonGameMode_C_0] 2
[2018.09.28-15.44.30:854][488]LogBlueprintUserMessages: [ThirdPersonGameMode_C_0] 2
[2018.09.28-15.44.30:855][488]LogBlueprintUserMessages: [ThirdPersonGameMode_C_0] 2
[2018.09.28-15.44.30:855][488]LogBlueprintUserMessages: [ThirdPersonGameMode_C_0] 2
[2018.09.28-15.44.30:856][488]LogBlueprintUserMessages: [ThirdPersonGameMode_C_0] 2
[2018.09.28-15.44.30:857][488]LogBlueprintUserMessages: [ThirdPersonGameMode_C_0] 2
[2018.09.28-15.44.30:858][488]LogBlueprintUserMessages: [ThirdPersonGameMode_C_0] 2
[2018.09.28-15.44.30:859][488]LogBlueprintUserMessages: [ThirdPersonGameMode_C_0] 2
[2018.09.28-15.44.30:859][488]LogBlueprintUserMessages: [ThirdPersonGameMode_C_0] 2
[2018.09.28-15.44.30:860][488]PIE: Play in editor start time for /Game/ThirdPersonBP/Maps/UEDPIE_0_FirstMap -0.562
[2018.09.28-15.44.31:370][546]LogSlate: Updating window title bar state: overlay mode, drag disabled, window buttons hidden, title bar hidden
[2018.09.28-15.44.31:400][546]LogPlayLevel: Display: Shutting down PIE online subsystems
[2018.09.28-15.44.31:431][546]LogSlate: Updating window title bar state: overlay mode, drag disabled, window buttons hidden, title bar hidden
[2018.09.28-15.44.31:472][550]LogPlayLevel: Display: Destroying online subsystem :Context_1
[2018.09.28-15.44.32:347][655]LogTemp: Repeating last play command: Selected Viewport
[2018.09.28-15.44.32:360][655]LogPlayLevel: PlayLevel: No blueprints needed recompiling
[2018.09.28-15.44.32:360][655]PIE: New page: PIE session: FirstMap (28 Sep 2018 17:44:32)
[2018.09.28-15.44.32:361][655]LogPlayLevel: Creating play world package: /Game/ThirdPersonBP/Maps/UEDPIE_0_FirstMap
[2018.09.28-15.44.32:362][655]LogPlayLevel: PIE: StaticDuplicateObject took: (0.001697s)
[2018.09.28-15.44.32:363][655]LogAIModule: Creating AISystem for world FirstMap
[2018.09.28-15.44.32:363][655]LogPlayLevel: PIE: World Init took: (0.000508s)
[2018.09.28-15.44.32:363][655]LogPlayLevel: PIE: Created PIE world by copying editor world from /Game/ThirdPersonBP/Maps/FirstMap.FirstMap to /Game/ThirdPersonBP/Maps/UEDPIE_0_FirstMap.FirstMap (0.002296s)
[2018.09.28-15.44.32:395][655]LogInit: XAudio2 using 'Speakers (Realtek High Definition Audio)' : 2 channels at 48 kHz using 32 bits per sample (channel mask 0x3)
[2018.09.28-15.44.32:407][655]LogInit: FAudioDevice initialized.
[2018.09.28-15.44.32:435][655]LogLoad: Game class is 'ThirdPersonGameMode_C'
[2018.09.28-15.44.32:436][655]LogWorld: Bringing World /Game/ThirdPersonBP/Maps/UEDPIE_0_FirstMap.FirstMap up for play (max tick rate 0) at 2018.09.28-16.44.32
[2018.09.28-15.44.32:436][655]LogWorld: Bringing up level for play took: 0.000493
[2018.09.28-15.44.32:450][655]LogBlueprintUserMessages: [ThirdPersonGameMode_C_0] 0
[2018.09.28-15.44.32:451][655]LogBlueprintUserMessages: [ThirdPersonGameMode_C_0] 0
[2018.09.28-15.44.32:452][655]LogBlueprintUserMessages: [ThirdPersonGameMode_C_0] 0
[2018.09.28-15.44.32:453][655]LogBlueprintUserMessages: [ThirdPersonGameMode_C_0] 0
[2018.09.28-15.44.32:453][655]LogBlueprintUserMessages: [ThirdPersonGameMode_C_0] 0
[2018.09.28-15.44.32:454][655]LogBlueprintUserMessages: [ThirdPersonGameMode_C_0] 0
[2018.09.28-15.44.32:454][655]LogBlueprintUserMessages: [ThirdPersonGameMode_C_0] 0
[2018.09.28-15.44.32:455][655]LogBlueprintUserMessages: [ThirdPersonGameMode_C_0] 0
[2018.09.28-15.44.32:456][655]LogBlueprintUserMessages: [ThirdPersonGameMode_C_0] 0
[2018.09.28-15.44.32:456][655]LogBlueprintUserMessages: [ThirdPersonGameMode_C_0] 0
[2018.09.28-15.44.32:457][655]PIE: Play in editor start time for /Game/ThirdPersonBP/Maps/UEDPIE_0_FirstMap 1.034
[2018.09.28-15.44.33:611][792]LogSlate: Updating window title bar state: overlay mode, drag disabled, window buttons hidden, title bar hidden
[2018.09.28-15.44.33:644][792]LogPlayLevel: Display: Shutting down PIE online subsystems
[2018.09.28-15.44.33:662][792]LogSlate: Updating window title bar state: overlay mode, drag disabled, window buttons hidden, title bar hidden
[2018.09.28-15.44.33:713][798]LogPlayLevel: Display: Destroying online subsystem :Context_2
[2018.09.28-15.44.34:321][871]LogTemp: Repeating last play command: Selected Viewport
[2018.09.28-15.44.34:335][871]LogPlayLevel: PlayLevel: No blueprints needed recompiling
[2018.09.28-15.44.34:335][871]PIE: New page: PIE session: FirstMap (28 Sep 2018 17:44:34)
[2018.09.28-15.44.34:335][871]LogPlayLevel: Creating play world package: /Game/ThirdPersonBP/Maps/UEDPIE_0_FirstMap
[2018.09.28-15.44.34:337][871]LogPlayLevel: PIE: StaticDuplicateObject took: (0.001614s)
[2018.09.28-15.44.34:337][871]LogAIModule: Creating AISystem for world FirstMap
[2018.09.28-15.44.34:337][871]LogPlayLevel: PIE: World Init took: (0.000574s)
[2018.09.28-15.44.34:337][871]LogPlayLevel: PIE: Created PIE world by copying editor world from /Game/ThirdPersonBP/Maps/FirstMap.FirstMap to /Game/ThirdPersonBP/Maps/UEDPIE_0_FirstMap.FirstMap (0.002278s)
[2018.09.28-15.44.34:369][871]LogInit: XAudio2 using 'Speakers (Realtek High Definition Audio)' : 2 channels at 48 kHz using 32 bits per sample (channel mask 0x3)
[2018.09.28-15.44.34:380][871]LogInit: FAudioDevice initialized.
[2018.09.28-15.44.34:413][871]LogLoad: Game class is 'ThirdPersonGameMode_C'
[2018.09.28-15.44.34:414][871]LogWorld: Bringing World /Game/ThirdPersonBP/Maps/UEDPIE_0_FirstMap.FirstMap up for play (max tick rate 0) at 2018.09.28-16.44.34
[2018.09.28-15.44.34:414][871]LogWorld: Bringing up level for play took: 0.000493
[2018.09.28-15.44.34:429][871]LogBlueprintUserMessages: [ThirdPersonGameMode_C_0] 1
[2018.09.28-15.44.34:430][871]LogBlueprintUserMessages: [ThirdPersonGameMode_C_0] 1
[2018.09.28-15.44.34:430][871]LogBlueprintUserMessages: [ThirdPersonGameMode_C_0] 1
[2018.09.28-15.44.34:431][871]LogBlueprintUserMessages: [ThirdPersonGameMode_C_0] 1
[2018.09.28-15.44.34:432][871]LogBlueprintUserMessages: [ThirdPersonGameMode_C_0] 1
[2018.09.28-15.44.34:432][871]LogBlueprintUserMessages: [ThirdPersonGameMode_C_0] 1
[2018.09.28-15.44.34:433][871]LogBlueprintUserMessages: [ThirdPersonGameMode_C_0] 1
[2018.09.28-15.44.34:434][871]LogBlueprintUserMessages: [ThirdPersonGameMode_C_0] 1
[2018.09.28-15.44.34:434][871]LogBlueprintUserMessages: [ThirdPersonGameMode_C_0] 1
[2018.09.28-15.44.34:434][871]LogBlueprintUserMessages: [ThirdPersonGameMode_C_0] 1
[2018.09.28-15.44.34:435][871]PIE: Play in editor start time for /Game/ThirdPersonBP/Maps/UEDPIE_0_FirstMap 1.012
[2018.09.28-15.44.35:222][964]LogBlueprintUserMessages: [MasterTile_C_0] 15
[2018.09.28-15.44.35:894][ 42]LogSlate: Updating window title bar state: overlay mode, drag disabled, window buttons hidden, title bar hidden
[2018.09.28-15.44.35:930][ 42]LogPlayLevel: Display: Shutting down PIE online subsystems
[2018.09.28-15.44.35:948][ 42]LogSlate: Updating window title bar state: overlay mode, drag disabled, window buttons hidden, title bar hidden
[2018.09.28-15.44.36:001][ 47]LogPlayLevel: Display: Destroying online subsystem :Context_3
[2018.09.28-15.45.11:253][276]LogSlate: FSceneViewport::OnFocusLost() reason 0
[2018.09.28-15.45.11:903][352]LogEditorActor: Deleted Actor: Magnet_Pickup_C
[2018.09.28-15.45.11:921][352]LogEditorActor: Deleted 1 Actors (0.022 secs)
[2018.09.28-15.45.58:334][139]LogSlate: Only BGRA pngs, bmps or icos are supported in by External Image Picker
[2018.09.28-15.45.58:493][146]LogTemp: Executing iPhonePackager certificates Engine -bundlename com.YourCompany.FlaminGo
[2018.09.28-15.45.58:493][146]LogTemp: CWD: C:\Apps\Epic Games\UE_4.20\Engine\Binaries\DotNET\IOS
[2018.09.28-15.45.58:493][146]LogTemp: Initial Dir: C:\Apps\Epic Games\UE_4.20
[2018.09.28-15.45.58:493][146]LogTemp: Env CWD: C:\Apps\Epic Games\UE_4.20\Engine\Binaries\DotNET\IOS
[2018.09.28-15.45.58:501][147]LogTemp: BranchPath = PPRSB1026-E04/C/Apps/Epic Games/UE_4.20/Engine/Binaries --- GameBranchPath = PPRSB1026-E04/C/Apps/Epic Games/UE_4.20/Engine/Binaries
[2018.09.28-15.45.58:517][149]LogTemp: IPP ERROR: Could not find provision directory 'C:\Users\k1644122\AppData\Local/Apple Computer/MobileDevice/Provisioning Profiles/'.
[2018.09.28-15.46.47:907][890]LogSlate: Window 'Project Settings' being destroyed
[2018.09.28-15.46.47:911][890]LogSlate: Window 'Project Settings' being destroyed
[2018.09.28-15.47.13:972][ 14]LogAssetEditorManager: Opening Asset editor for Blueprint /Game/ThirdPersonBP/Blueprints/ThirdPersonCharacter.ThirdPersonCharacter
[2018.09.28-15.47.14:379][ 14]LogContentBrowser: Native class hierarchy updated for 'BlueprintGraph' in 0.0005 seconds. Added 116 classes and 0 folders.
[2018.09.28-15.47.15:029][ 14]LogSlate: Took 0.002052 seconds to synchronously load lazily loaded font '../../../Engine/Content/Slate/Fonts/Roboto-BoldCondensed.ttf' (158K)
[2018.09.28-15.47.15:207][ 15]LogSlate: Took 0.001971 seconds to synchronously load lazily loaded font '../../../Engine/Content/Slate/Fonts/Roboto-Italic.ttf' (157K)
[2018.09.28-15.47.47:708][958]BlueprintLog: New page: Compile ThirdPersonCharacter
[2018.09.28-15.48.20:145][177]LogSlate: Took 0.003631 seconds to synchronously load lazily loaded font '../../../Engine/Content/Slate/Fonts/Roboto-BoldCondensedItalic.ttf' (160K)
[2018.09.28-15.49.03:409][749]BlueprintLog: New page: Compile ThirdPersonCharacter
[2018.09.28-15.49.33:207][265]Cmd: OBJ SAVEPACKAGE PACKAGE="/Game/ThirdPersonBP/Blueprints/ThirdPersonCharacter" FILE="D:/GitHub/CRANE/FlaminGo/Content/ThirdPersonBP/Blueprints/ThirdPersonCharacter.uasset" SILENT=true
[2018.09.28-15.49.33:275][265]LogSavePackage: Moving 'D:/GitHub/CRANE/FlaminGo/Saved/ThirdPersonCharacter8F4AA23D47FC5A144CA382B48EF257F7.tmp' to 'D:/GitHub/CRANE/FlaminGo/Content/ThirdPersonBP/Blueprints/ThirdPersonCharacter.uasset'
[2018.09.28-15.50.05:024][750]LogSlate: Only BGRA pngs, bmps or icos are supported in by External Image Picker
[2018.09.28-15.50.05:082][751]LogTemp: Executing iPhonePackager certificates Engine -bundlename com.YourCompany.FlaminGo
[2018.09.28-15.50.05:082][751]LogTemp: CWD: C:\Apps\Epic Games\UE_4.20\Engine\Binaries\DotNET\IOS
[2018.09.28-15.50.05:082][751]LogTemp: Initial Dir: C:\Apps\Epic Games\UE_4.20
[2018.09.28-15.50.05:082][751]LogTemp: Env CWD: C:\Apps\Epic Games\UE_4.20\Engine\Binaries\DotNET\IOS
[2018.09.28-15.50.05:082][751]LogTemp: BranchPath = PPRSB1026-E04/C/Apps/Epic Games/UE_4.20/Engine/Binaries --- GameBranchPath = PPRSB1026-E04/C/Apps/Epic Games/UE_4.20/Engine/Binaries
[2018.09.28-15.50.05:103][752]LogTemp: IPP ERROR: Could not find provision directory 'C:\Users\k1644122\AppData\Local/Apple Computer/MobileDevice/Provisioning Profiles/'.
[2018.09.28-15.50.12:718][656]LogSlate: Window 'Project Settings' being destroyed
[2018.09.28-15.50.12:721][656]LogSlate: Window 'Project Settings' being destroyed
[2018.09.28-15.54.04:832][861]LogEditorTransaction: Undo Delete current selection
[2018.09.28-15.56.22:519][480]BlueprintLog: New page: Compile ThirdPersonCharacter
[2018.09.28-15.59.36:486][944]BlueprintLog: New page: Compile ThirdPersonCharacter
[2018.09.28-15.59.44:395][857]BlueprintLog: New page: Compile ThirdPersonCharacter
[2018.09.28-15.59.45:111][907]Cmd: OBJ SAVEPACKAGE PACKAGE="/Game/ThirdPersonBP/Blueprints/ThirdPersonCharacter" FILE="D:/GitHub/CRANE/FlaminGo/Content/ThirdPersonBP/Blueprints/ThirdPersonCharacter.uasset" SILENT=true
[2018.09.28-15.59.45:194][907]LogSavePackage: Moving 'D:/GitHub/CRANE/FlaminGo/Saved/ThirdPersonCharacterE2B7DE7A4BA73032E2C0A08D2FDE8BFA.tmp' to 'D:/GitHub/CRANE/FlaminGo/Content/ThirdPersonBP/Blueprints/ThirdPersonCharacter.uasset'
[2018.09.28-15.59.49:044][365]LogTemp: Repeating last play command: Selected Viewport
[2018.09.28-15.59.49:061][365]LogPlayLevel: PlayLevel: No blueprints needed recompiling
[2018.09.28-15.59.49:061][365]PIE: New page: PIE session: FirstMap (28 Sep 2018 17:59:49)
[2018.09.28-15.59.49:061][365]LogPlayLevel: Creating play world package: /Game/ThirdPersonBP/Maps/UEDPIE_0_FirstMap
[2018.09.28-15.59.49:063][365]LogPlayLevel: PIE: StaticDuplicateObject took: (0.001949s)
[2018.09.28-15.59.49:063][365]LogAIModule: Creating AISystem for world FirstMap
[2018.09.28-15.59.49:063][365]LogPlayLevel: PIE: World Init took: (0.000605s)
[2018.09.28-15.59.49:063][365]LogPlayLevel: PIE: Created PIE world by copying editor world from /Game/ThirdPersonBP/Maps/FirstMap.FirstMap to /Game/ThirdPersonBP/Maps/UEDPIE_0_FirstMap.FirstMap (0.002648s)
[2018.09.28-15.59.49:105][365]LogInit: XAudio2 using 'Speakers (Realtek High Definition Audio)' : 2 channels at 48 kHz using 32 bits per sample (channel mask 0x3)
[2018.09.28-15.59.49:119][365]LogInit: FAudioDevice initialized.
[2018.09.28-15.59.49:146][365]LogLoad: Game class is 'ThirdPersonGameMode_C'
[2018.09.28-15.59.49:147][365]LogWorld: Bringing World /Game/ThirdPersonBP/Maps/UEDPIE_0_FirstMap.FirstMap up for play (max tick rate 0) at 2018.09.28-16.59.49
[2018.09.28-15.59.49:147][365]LogWorld: Bringing up level for play took: 0.000368
[2018.09.28-15.59.49:162][365]LogBlueprintUserMessages: [ThirdPersonGameMode_C_0] 0
[2018.09.28-15.59.49:163][365]LogBlueprintUserMessages: [ThirdPersonGameMode_C_0] 0
[2018.09.28-15.59.49:164][365]LogBlueprintUserMessages: [ThirdPersonGameMode_C_0] 0
[2018.09.28-15.59.49:165][365]LogBlueprintUserMessages: [ThirdPersonGameMode_C_0] 0
[2018.09.28-15.59.49:165][365]LogBlueprintUserMessages: [ThirdPersonGameMode_C_0] 0
[2018.09.28-15.59.49:166][365]LogBlueprintUserMessages: [ThirdPersonGameMode_C_0] 0
[2018.09.28-15.59.49:167][365]LogBlueprintUserMessages: [ThirdPersonGameMode_C_0] 0
[2018.09.28-15.59.49:167][365]LogBlueprintUserMessages: [ThirdPersonGameMode_C_0] 0
[2018.09.28-15.59.49:168][365]LogBlueprintUserMessages: [ThirdPersonGameMode_C_0] 0
[2018.09.28-15.59.49:169][365]LogBlueprintUserMessages: [ThirdPersonGameMode_C_0] 0
[2018.09.28-15.59.49:169][365]PIE: Play in editor start time for /Game/ThirdPersonBP/Maps/UEDPIE_0_FirstMap -0.262
[2018.09.28-15.59.50:403][511]Cmd: restartlevel
[2018.09.28-15.59.50:403][511]LogNet: Browse: /Game/ThirdPersonBP/Maps/FirstMap?restart
[2018.09.28-15.59.50:404][511]LogLoad: LoadMap: /Game/ThirdPersonBP/Maps/FirstMap
[2018.09.28-15.59.50:429][511]LogPlayLevel: Creating play world package: /Game/ThirdPersonBP/Maps/UEDPIE_0_FirstMap
[2018.09.28-15.59.50:430][511]LogPlayLevel: PIE: StaticDuplicateObject took: (0.001633s)
[2018.09.28-15.59.50:431][511]LogAIModule: Creating AISystem for world FirstMap
[2018.09.28-15.59.50:431][511]LogPlayLevel: PIE: World Init took: (0.000543s)
[2018.09.28-15.59.50:431][511]LogPlayLevel: PIE: Created PIE world by copying editor world from /Game/ThirdPersonBP/Maps/FirstMap.FirstMap to /Game/ThirdPersonBP/Maps/UEDPIE_0_FirstMap.FirstMap (0.002307s)
[2018.09.28-15.59.50:431][511]LogLoad: Game class is 'ThirdPersonGameMode_C'
[2018.09.28-15.59.50:432][511]LogWorld: Bringing World /Game/ThirdPersonBP/Maps/UEDPIE_0_FirstMap.FirstMap up for play (max tick rate 0) at 2018.09.28-16.59.50
[2018.09.28-15.59.50:433][511]LogWorld: Bringing up level for play took: 0.000880
[2018.09.28-15.59.50:434][511]LogBlueprintUserMessages: [ThirdPersonGameMode_C_0] 0
[2018.09.28-15.59.50:435][511]LogBlueprintUserMessages: [ThirdPersonGameMode_C_0] 0
[2018.09.28-15.59.50:436][511]LogBlueprintUserMessages: [ThirdPersonGameMode_C_0] 0
[2018.09.28-15.59.50:437][511]LogBlueprintUserMessages: [ThirdPersonGameMode_C_0] 0
[2018.09.28-15.59.50:437][511]LogBlueprintUserMessages: [ThirdPersonGameMode_C_0] 0
[2018.09.28-15.59.50:437][511]LogBlueprintUserMessages: [ThirdPersonGameMode_C_0] 0
[2018.09.28-15.59.50:438][511]LogBlueprintUserMessages: [ThirdPersonGameMode_C_0] 0
[2018.09.28-15.59.50:439][511]LogBlueprintUserMessages: [ThirdPersonGameMode_C_0] 0
[2018.09.28-15.59.50:439][511]LogBlueprintUserMessages: [ThirdPersonGameMode_C_0] 0
[2018.09.28-15.59.50:439][511]LogBlueprintUserMessages: [ThirdPersonGameMode_C_0] 0
[2018.09.28-15.59.50:440][511]LogLoad: Took 0.036512 seconds to LoadMap(/Game/ThirdPersonBP/Maps/UEDPIE_0_FirstMap)
[2018.09.28-16.00.06:839][477]LogSlate: FSceneViewport::OnFocusLost() reason 2
[2018.09.28-16.00.08:822][715]LogSlate: FSceneViewport::OnFocusLost() reason 2
[2018.09.28-16.00.10:189][879]LogSlate: FSceneViewport::OnFocusLost() reason 2
[2018.09.28-16.00.22:293][391]LogSlate: FSceneViewport::OnFocusLost() reason 2
[2018.09.28-16.00.27:662][ 35]LogSlate: Updating window title bar state: overlay mode, drag disabled, window buttons hidden, title bar hidden
[2018.09.28-16.00.27:722][ 35]LogPlayLevel: Display: Shutting down PIE online subsystems
[2018.09.28-16.00.27:748][ 35]LogSlate: Updating window title bar state: overlay mode, drag disabled, window buttons hidden, title bar hidden
[2018.09.28-16.00.27:765][ 36]LogPlayLevel: Display: Destroying online subsystem :Context_7
[2018.09.28-16.00.43:596][196]LogSlate: FSceneViewport::OnFocusLost() reason 2
[2018.09.28-16.00.49:059][827]LogSlate: FSceneViewport::OnFocusLost() reason 2
[2018.09.28-16.00.49:851][827]LogSlate: Only BGRA pngs, bmps or icos are supported in by External Image Picker
[2018.09.28-16.00.50:115][850]LogTemp: Executing iPhonePackager certificates Engine -bundlename com.YourCompany.FlaminGo
[2018.09.28-16.00.50:115][850]LogTemp: CWD: C:\Apps\Epic Games\UE_4.20\Engine\Binaries\DotNET\IOS
[2018.09.28-16.00.50:115][850]LogTemp: Initial Dir: C:\Apps\Epic Games\UE_4.20
[2018.09.28-16.00.50:115][850]LogTemp: Env CWD: C:\Apps\Epic Games\UE_4.20\Engine\Binaries\DotNET\IOS
[2018.09.28-16.00.50:124][851]LogTemp: BranchPath = PPRSB1026-E04/C/Apps/Epic Games/UE_4.20/Engine/Binaries --- GameBranchPath = PPRSB1026-E04/C/Apps/Epic Games/UE_4.20/Engine/Binaries
[2018.09.28-16.00.50:141][853]LogTemp: IPP ERROR: Could not find provision directory 'C:\Users\k1644122\AppData\Local/Apple Computer/MobileDevice/Provisioning Profiles/'.
[2018.09.28-16.01.21:155][195]LogSlate: FSceneViewport::OnFocusLost() reason 0
[2018.09.28-16.01.21:205][201]LogTemp: Repeating last play command: Selected Viewport
[2018.09.28-16.01.21:220][201]LogPlayLevel: PlayLevel: No blueprints needed recompiling
[2018.09.28-16.01.21:221][201]PIE: New page: PIE session: FirstMap (28 Sep 2018 18:01:21)
[2018.09.28-16.01.21:221][201]LogPlayLevel: Creating play world package: /Game/ThirdPersonBP/Maps/UEDPIE_0_FirstMap
[2018.09.28-16.01.21:222][201]LogPlayLevel: PIE: StaticDuplicateObject took: (0.001655s)
[2018.09.28-16.01.21:223][201]LogAIModule: Creating AISystem for world FirstMap
[2018.09.28-16.01.21:223][201]LogPlayLevel: PIE: World Init took: (0.000784s)
[2018.09.28-16.01.21:223][201]LogPlayLevel: PIE: Created PIE world by copying editor world from /Game/ThirdPersonBP/Maps/FirstMap.FirstMap to /Game/ThirdPersonBP/Maps/UEDPIE_0_FirstMap.FirstMap (0.002532s)
[2018.09.28-16.01.21:258][201]LogInit: XAudio2 using 'Speakers (Realtek High Definition Audio)' : 2 channels at 48 kHz using 32 bits per sample (channel mask 0x3)
[2018.09.28-16.01.21:271][201]LogInit: FAudioDevice initialized.
[2018.09.28-16.01.21:302][201]LogLoad: Game class is 'ThirdPersonGameMode_C'
[2018.09.28-16.01.21:303][201]LogWorld: Bringing World /Game/ThirdPersonBP/Maps/UEDPIE_0_FirstMap.FirstMap up for play (max tick rate 0) at 2018.09.28-17.01.21
[2018.09.28-16.01.21:303][201]LogWorld: Bringing up level for play took: 0.000368
[2018.09.28-16.01.21:317][201]LogBlueprintUserMessages: [ThirdPersonGameMode_C_0] 0
[2018.09.28-16.01.21:318][201]LogBlueprintUserMessages: [ThirdPersonGameMode_C_0] 0
[2018.09.28-16.01.21:319][201]LogBlueprintUserMessages: [ThirdPersonGameMode_C_0] 0
[2018.09.28-16.01.21:319][201]LogBlueprintUserMessages: [ThirdPersonGameMode_C_0] 0
[2018.09.28-16.01.21:320][201]LogBlueprintUserMessages: [ThirdPersonGameMode_C_0] 0
[2018.09.28-16.01.21:320][201]LogBlueprintUserMessages: [ThirdPersonGameMode_C_0] 0
[2018.09.28-16.01.21:321][201]LogBlueprintUserMessages: [ThirdPersonGameMode_C_0] 0
[2018.09.28-16.01.21:321][201]LogBlueprintUserMessages: [ThirdPersonGameMode_C_0] 0
[2018.09.28-16.01.21:322][201]LogBlueprintUserMessages: [ThirdPersonGameMode_C_0] 0
[2018.09.28-16.01.21:322][201]LogBlueprintUserMessages: [ThirdPersonGameMode_C_0] 0
[2018.09.28-16.01.21:323][201]PIE: Play in editor start time for /Game/ThirdPersonBP/Maps/UEDPIE_0_FirstMap -0.109
[2018.09.28-16.01.22:537][345]LogBlueprintUserMessages: [ThirdPersonCharacter_C_0] Left
[2018.09.28-16.01.23:146][418]LogBlueprintUserMessages: [ThirdPersonCharacter_C_0] Left
[2018.09.28-16.01.23:746][490]LogBlueprintUserMessages: [ThirdPersonCharacter_C_0] Right
[2018.09.28-16.01.24:254][551]LogBlueprintUserMessages: [ThirdPersonCharacter_C_0] Right
[2018.09.28-16.01.24:896][628]LogBlueprintUserMessages: [ThirdPersonCharacter_C_0] up
[2018.09.28-16.01.25:388][687]LogBlueprintUserMessages: [ThirdPersonCharacter_C_0] up
[2018.09.28-16.01.25:755][731]LogBlueprintUserMessages: [ThirdPersonCharacter_C_0] Down
[2018.09.28-16.01.26:080][770]LogBlueprintUserMessages: [ThirdPersonCharacter_C_0] Down
[2018.09.28-16.01.46:049][898]LogSlate: FSceneViewport::OnFocusLost() reason 0
[2018.09.28-16.01.48:477][185]LogSlate: Updating window title bar state: overlay mode, drag disabled, window buttons hidden, title bar hidden
[2018.09.28-16.01.48:507][185]LogPlayLevel: Display: Shutting down PIE online subsystems
[2018.09.28-16.01.48:532][185]LogSlate: Updating window title bar state: overlay mode, drag disabled, window buttons hidden, title bar hidden
[2018.09.28-16.01.48:578][190]LogPlayLevel: Display: Destroying online subsystem :Context_8
[2018.09.28-16.03.01:702][978]Cmd: OBJ SAVEPACKAGE PACKAGE="/Game/ThirdPersonBP/Maps/FirstMap" FILE="D:/GitHub/CRANE/FlaminGo/Saved/Autosaves/Game/ThirdPersonBP/Maps/FirstMap_Auto1.umap" SILENT=true AUTOSAVING=true KEEPDIRTY=false
[2018.09.28-16.03.01:729][978]LogSavePackage: Moving 'D:/GitHub/CRANE/FlaminGo/Saved/FirstMap_Auto1720CB8944BBC9E46643D4191889F6C5A.tmp' to 'D:/GitHub/CRANE/FlaminGo/Saved/Autosaves/Game/ThirdPersonBP/Maps/FirstMap_Auto1.umap'
[2018.09.28-16.03.01:734][978]LogFileHelpers: Editor autosave (incl. sublevels) for '/Game/ThirdPersonBP/Maps/FirstMap' took 0.057
[2018.09.28-16.03.01:734][978]LogFileHelpers: Editor autosave (incl. sublevels) for all levels took 0.057
[2018.09.28-16.03.01:737][978]OBJ SavePackage: Generating thumbnails for [0] asset(s) in package [/Game/ThirdPersonBP/Blueprints/ThirdPersonCharacter] ([1] browsable assets)...
[2018.09.28-16.03.01:737][978]OBJ SavePackage: Finished generating thumbnails for package [/Game/ThirdPersonBP/Blueprints/ThirdPersonCharacter]
[2018.09.28-16.03.01:810][978]LogSavePackage: Moving 'D:/GitHub/CRANE/FlaminGo/Saved/ThirdPersonCharacter_Auto16B4CED344BE74CEDAD405BBC55D38CD8.tmp' to 'D:/GitHub/CRANE/FlaminGo/Saved/Autosaves/Game/ThirdPersonBP/Blueprints/ThirdPersonCharacter_Auto1.uasset'
[2018.09.28-16.03.01:811][978]LogFileHelpers: Auto-saving content packages took 0.076
[2018.09.28-16.03.44:934][807]BlueprintLog: New page: Compile ThirdPersonCharacter
[2018.09.28-16.04.12:329][  1]Cmd: OBJ SAVEPACKAGE PACKAGE="/Game/ThirdPersonBP/Blueprints/ThirdPersonCharacter" FILE="D:/GitHub/CRANE/FlaminGo/Content/ThirdPersonBP/Blueprints/ThirdPersonCharacter.uasset" SILENT=true
[2018.09.28-16.04.12:409][  1]LogSavePackage: Moving 'D:/GitHub/CRANE/FlaminGo/Saved/ThirdPersonCharacter45BC9F324DEE4F18B690F59CC293E4CC.tmp' to 'D:/GitHub/CRANE/FlaminGo/Content/ThirdPersonBP/Blueprints/ThirdPersonCharacter.uasset'
[2018.09.28-16.04.23:815][966]BlueprintLog: New page: Compile ThirdPersonCharacter
[2018.09.28-16.04.25:746][164]LogTemp: Repeating last play command: Selected Viewport
[2018.09.28-16.04.25:763][164]LogPlayLevel: PlayLevel: No blueprints needed recompiling
[2018.09.28-16.04.25:763][164]PIE: New page: PIE session: FirstMap (28 Sep 2018 18:04:25)
[2018.09.28-16.04.25:763][164]LogPlayLevel: Creating play world package: /Game/ThirdPersonBP/Maps/UEDPIE_0_FirstMap
[2018.09.28-16.04.25:765][164]LogPlayLevel: PIE: StaticDuplicateObject took: (0.001777s)
[2018.09.28-16.04.25:765][164]LogAIModule: Creating AISystem for world FirstMap
[2018.09.28-16.04.25:765][164]LogPlayLevel: PIE: World Init took: (0.000558s)
[2018.09.28-16.04.25:765][164]LogPlayLevel: PIE: Created PIE world by copying editor world from /Game/ThirdPersonBP/Maps/FirstMap.FirstMap to /Game/ThirdPersonBP/Maps/UEDPIE_0_FirstMap.FirstMap (0.002436s)
[2018.09.28-16.04.25:801][164]LogInit: XAudio2 using 'Speakers (Realtek High Definition Audio)' : 2 channels at 48 kHz using 32 bits per sample (channel mask 0x3)
[2018.09.28-16.04.25:813][164]LogInit: FAudioDevice initialized.
[2018.09.28-16.04.25:845][164]LogLoad: Game class is 'ThirdPersonGameMode_C'
[2018.09.28-16.04.25:847][164]LogWorld: Bringing World /Game/ThirdPersonBP/Maps/UEDPIE_0_FirstMap.FirstMap up for play (max tick rate 0) at 2018.09.28-17.04.25
[2018.09.28-16.04.25:847][164]LogWorld: Bringing up level for play took: 0.000342
[2018.09.28-16.04.25:861][164]LogBlueprintUserMessages: [ThirdPersonGameMode_C_0] 0
[2018.09.28-16.04.25:863][164]LogBlueprintUserMessages: [ThirdPersonGameMode_C_0] 0
[2018.09.28-16.04.25:863][164]LogBlueprintUserMessages: [ThirdPersonGameMode_C_0] 0
[2018.09.28-16.04.25:864][164]LogBlueprintUserMessages: [ThirdPersonGameMode_C_0] 0
[2018.09.28-16.04.25:864][164]LogBlueprintUserMessages: [ThirdPersonGameMode_C_0] 0
[2018.09.28-16.04.25:865][164]LogBlueprintUserMessages: [ThirdPersonGameMode_C_0] 0
[2018.09.28-16.04.25:865][164]LogBlueprintUserMessages: [ThirdPersonGameMode_C_0] 0
[2018.09.28-16.04.25:866][164]LogBlueprintUserMessages: [ThirdPersonGameMode_C_0] 0
[2018.09.28-16.04.25:866][164]LogBlueprintUserMessages: [ThirdPersonGameMode_C_0] 0
[2018.09.28-16.04.25:867][164]LogBlueprintUserMessages: [ThirdPersonGameMode_C_0] 0
[2018.09.28-16.04.25:867][164]PIE: Play in editor start time for /Game/ThirdPersonBP/Maps/UEDPIE_0_FirstMap 0.434
[2018.09.28-16.04.26:971][295]Cmd: restartlevel
[2018.09.28-16.04.26:971][295]LogNet: Browse: /Game/ThirdPersonBP/Maps/FirstMap?restart
[2018.09.28-16.04.26:971][295]LogLoad: LoadMap: /Game/ThirdPersonBP/Maps/FirstMap
[2018.09.28-16.04.26:997][295]LogPlayLevel: Creating play world package: /Game/ThirdPersonBP/Maps/UEDPIE_0_FirstMap
[2018.09.28-16.04.26:998][295]LogPlayLevel: PIE: StaticDuplicateObject took: (0.001556s)
[2018.09.28-16.04.26:999][295]LogAIModule: Creating AISystem for world FirstMap
[2018.09.28-16.04.26:999][295]LogPlayLevel: PIE: World Init took: (0.000522s)
[2018.09.28-16.04.26:999][295]LogPlayLevel: PIE: Created PIE world by copying editor world from /Game/ThirdPersonBP/Maps/FirstMap.FirstMap to /Game/ThirdPersonBP/Maps/UEDPIE_0_FirstMap.FirstMap (0.002212s)
[2018.09.28-16.04.26:999][295]LogLoad: Game class is 'ThirdPersonGameMode_C'
[2018.09.28-16.04.27:000][295]LogWorld: Bringing World /Game/ThirdPersonBP/Maps/UEDPIE_0_FirstMap.FirstMap up for play (max tick rate 0) at 2018.09.28-17.04.27
[2018.09.28-16.04.27:000][295]LogWorld: Bringing up level for play took: 0.000322
[2018.09.28-16.04.27:002][295]LogBlueprintUserMessages: [ThirdPersonGameMode_C_0] 0
[2018.09.28-16.04.27:002][295]LogBlueprintUserMessages: [ThirdPersonGameMode_C_0] 0
[2018.09.28-16.04.27:003][295]LogBlueprintUserMessages: [ThirdPersonGameMode_C_0] 0
[2018.09.28-16.04.27:003][295]LogBlueprintUserMessages: [ThirdPersonGameMode_C_0] 0
[2018.09.28-16.04.27:004][295]LogBlueprintUserMessages: [ThirdPersonGameMode_C_0] 0
[2018.09.28-16.04.27:004][295]LogBlueprintUserMessages: [ThirdPersonGameMode_C_0] 0
[2018.09.28-16.04.27:005][295]LogBlueprintUserMessages: [ThirdPersonGameMode_C_0] 0
[2018.09.28-16.04.27:005][295]LogBlueprintUserMessages: [ThirdPersonGameMode_C_0] 0
[2018.09.28-16.04.27:006][295]LogBlueprintUserMessages: [ThirdPersonGameMode_C_0] 0
[2018.09.28-16.04.27:006][295]LogBlueprintUserMessages: [ThirdPersonGameMode_C_0] 0
[2018.09.28-16.04.27:006][295]LogLoad: Took 0.035231 seconds to LoadMap(/Game/ThirdPersonBP/Maps/UEDPIE_0_FirstMap)
[2018.09.28-16.04.31:625][849]LogBlueprintUserMessages: [ThirdPersonCharacter_C_0] Right
[2018.09.28-16.04.32:208][919]LogBlueprintUserMessages: [ThirdPersonCharacter_C_0] Left
[2018.09.28-16.04.32:710][979]LogBlueprintUserMessages: [ThirdPersonCharacter_C_0] Left
[2018.09.28-16.04.33:426][ 65]LogBlueprintUserMessages: [ThirdPersonCharacter_C_0] Left
[2018.09.28-16.04.34:893][241]LogBlueprintUserMessages: [ThirdPersonCharacter_C_0] up
[2018.09.28-16.04.35:568][322]LogBlueprintUserMessages: [ThirdPersonCharacter_C_0] Down
[2018.09.28-16.04.36:443][427]LogBlueprintUserMessages: [ThirdPersonCharacter_C_0] Down
[2018.09.28-16.04.37:193][517]LogBlueprintUserMessages: [ThirdPersonCharacter_C_0] Down
[2018.09.28-16.04.37:660][573]LogBlueprintUserMessages: [ThirdPersonCharacter_C_0] Down
[2018.09.28-16.04.38:376][659]LogBlueprintUserMessages: [ThirdPersonCharacter_C_0] up
[2018.09.28-16.04.38:910][723]LogBlueprintUserMessages: [ThirdPersonCharacter_C_0] Down
[2018.09.28-16.04.39:319][772]LogSlate: Updating window title bar state: overlay mode, drag disabled, window buttons hidden, title bar hidden
[2018.09.28-16.04.39:353][772]LogPlayLevel: Display: Shutting down PIE online subsystems
[2018.09.28-16.04.39:379][772]LogSlate: Updating window title bar state: overlay mode, drag disabled, window buttons hidden, title bar hidden
[2018.09.28-16.04.39:423][777]LogPlayLevel: Display: Destroying online subsystem :Context_9
[2018.09.28-16.04.41:408][ 15]LogSlate: FSceneViewport::OnFocusLost() reason 0
[2018.09.28-16.04.59:242][128]BlueprintLog: New page: Compile ThirdPersonCharacter
[2018.09.28-16.05.01:314][342]LogTemp: Repeating last play command: Selected Viewport
[2018.09.28-16.05.01:331][342]LogPlayLevel: PlayLevel: No blueprints needed recompiling
[2018.09.28-16.05.01:331][342]PIE: New page: PIE session: FirstMap (28 Sep 2018 18:05:01)
[2018.09.28-16.05.01:331][342]LogPlayLevel: Creating play world package: /Game/ThirdPersonBP/Maps/UEDPIE_0_FirstMap
[2018.09.28-16.05.01:332][342]LogPlayLevel: PIE: StaticDuplicateObject took: (0.001591s)
[2018.09.28-16.05.01:333][342]LogAIModule: Creating AISystem for world FirstMap
[2018.09.28-16.05.01:333][342]LogPlayLevel: PIE: World Init took: (0.000532s)
[2018.09.28-16.05.01:333][342]LogPlayLevel: PIE: Created PIE world by copying editor world from /Game/ThirdPersonBP/Maps/FirstMap.FirstMap to /Game/ThirdPersonBP/Maps/UEDPIE_0_FirstMap.FirstMap (0.002222s)
[2018.09.28-16.05.01:372][342]LogInit: XAudio2 using 'Speakers (Realtek High Definition Audio)' : 2 channels at 48 kHz using 32 bits per sample (channel mask 0x3)
[2018.09.28-16.05.01:384][342]LogInit: FAudioDevice initialized.
[2018.09.28-16.05.01:416][342]LogLoad: Game class is 'ThirdPersonGameMode_C'
[2018.09.28-16.05.01:417][342]LogWorld: Bringing World /Game/ThirdPersonBP/Maps/UEDPIE_0_FirstMap.FirstMap up for play (max tick rate 0) at 2018.09.28-17.05.01
[2018.09.28-16.05.01:417][342]LogWorld: Bringing up level for play took: 0.000336
[2018.09.28-16.05.01:432][342]LogBlueprintUserMessages: [ThirdPersonGameMode_C_0] 0
[2018.09.28-16.05.01:432][342]LogBlueprintUserMessages: [ThirdPersonGameMode_C_0] 0
[2018.09.28-16.05.01:433][342]LogBlueprintUserMessages: [ThirdPersonGameMode_C_0] 0
[2018.09.28-16.05.01:434][342]LogBlueprintUserMessages: [ThirdPersonGameMode_C_0] 0
[2018.09.28-16.05.01:434][342]LogBlueprintUserMessages: [ThirdPersonGameMode_C_0] 0
[2018.09.28-16.05.01:435][342]LogBlueprintUserMessages: [ThirdPersonGameMode_C_0] 0
[2018.09.28-16.05.01:436][342]LogBlueprintUserMessages: [ThirdPersonGameMode_C_0] 0
[2018.09.28-16.05.01:437][342]LogBlueprintUserMessages: [ThirdPersonGameMode_C_0] 0
[2018.09.28-16.05.01:437][342]LogBlueprintUserMessages: [ThirdPersonGameMode_C_0] 0
[2018.09.28-16.05.01:437][342]LogBlueprintUserMessages: [ThirdPersonGameMode_C_0] 0
[2018.09.28-16.05.01:438][342]PIE: Play in editor start time for /Game/ThirdPersonBP/Maps/UEDPIE_0_FirstMap 0.005
[2018.09.28-16.05.02:288][442]Cmd: restartlevel
[2018.09.28-16.05.02:288][442]LogNet: Browse: /Game/ThirdPersonBP/Maps/FirstMap?restart
[2018.09.28-16.05.02:289][442]LogLoad: LoadMap: /Game/ThirdPersonBP/Maps/FirstMap
[2018.09.28-16.05.02:315][442]LogPlayLevel: Creating play world package: /Game/ThirdPersonBP/Maps/UEDPIE_0_FirstMap
[2018.09.28-16.05.02:316][442]LogPlayLevel: PIE: StaticDuplicateObject took: (0.001618s)
[2018.09.28-16.05.02:317][442]LogAIModule: Creating AISystem for world FirstMap
[2018.09.28-16.05.02:317][442]LogPlayLevel: PIE: World Init took: (0.000522s)
[2018.09.28-16.05.02:317][442]LogPlayLevel: PIE: Created PIE world by copying editor world from /Game/ThirdPersonBP/Maps/FirstMap.FirstMap to /Game/ThirdPersonBP/Maps/UEDPIE_0_FirstMap.FirstMap (0.002267s)
[2018.09.28-16.05.02:317][442]LogLoad: Game class is 'ThirdPersonGameMode_C'
[2018.09.28-16.05.02:318][442]LogWorld: Bringing World /Game/ThirdPersonBP/Maps/UEDPIE_0_FirstMap.FirstMap up for play (max tick rate 0) at 2018.09.28-17.05.02
[2018.09.28-16.05.02:318][442]LogWorld: Bringing up level for play took: 0.000319
[2018.09.28-16.05.02:320][442]LogBlueprintUserMessages: [ThirdPersonGameMode_C_0] 0
[2018.09.28-16.05.02:320][442]LogBlueprintUserMessages: [ThirdPersonGameMode_C_0] 0
[2018.09.28-16.05.02:321][442]LogBlueprintUserMessages: [ThirdPersonGameMode_C_0] 0
[2018.09.28-16.05.02:322][442]LogBlueprintUserMessages: [ThirdPersonGameMode_C_0] 0
[2018.09.28-16.05.02:323][442]LogBlueprintUserMessages: [ThirdPersonGameMode_C_0] 0
[2018.09.28-16.05.02:323][442]LogBlueprintUserMessages: [ThirdPersonGameMode_C_0] 0
[2018.09.28-16.05.02:324][442]LogBlueprintUserMessages: [ThirdPersonGameMode_C_0] 0
[2018.09.28-16.05.02:325][442]LogBlueprintUserMessages: [ThirdPersonGameMode_C_0] 0
[2018.09.28-16.05.02:326][442]LogBlueprintUserMessages: [ThirdPersonGameMode_C_0] 0
[2018.09.28-16.05.02:326][442]LogBlueprintUserMessages: [ThirdPersonGameMode_C_0] 0
[2018.09.28-16.05.02:327][442]LogLoad: Took 0.038114 seconds to LoadMap(/Game/ThirdPersonBP/Maps/UEDPIE_0_FirstMap)
[2018.09.28-16.05.03:173][543]LogBlueprintUserMessages: [ThirdPersonCharacter_C_0] up
[2018.09.28-16.05.04:132][658]LogBlueprintUserMessages: [ThirdPersonCharacter_C_0] Down
[2018.09.28-16.05.04:740][731]LogBlueprintUserMessages: [ThirdPersonCharacter_C_0] up
[2018.09.28-16.05.05:340][803]LogBlueprintUserMessages: [ThirdPersonCharacter_C_0] Down
[2018.09.28-16.05.05:907][871]LogBlueprintUserMessages: [ThirdPersonCharacter_C_0] Right
[2018.09.28-16.05.06:565][950]LogBlueprintUserMessages: [ThirdPersonCharacter_C_0] Left
[2018.09.28-16.05.07:558][ 69]LogBlueprintUserMessages: [ThirdPersonCharacter_C_0] Left
[2018.09.28-16.05.08:316][160]LogBlueprintUserMessages: [ThirdPersonCharacter_C_0] Right
[2018.09.28-16.05.09:201][266]LogBlueprintUserMessages: [ThirdPersonCharacter_C_0] Right
[2018.09.28-16.05.10:900][470]LogBlueprintUserMessages: [ThirdPersonCharacter_C_0] Right
[2018.09.28-16.05.13:675][803]LogBlueprintUserMessages: [ThirdPersonCharacter_C_0] Left
[2018.09.28-16.05.14:917][952]LogBlueprintUserMessages: [ThirdPersonCharacter_C_0] Left
[2018.09.28-16.05.15:809][ 59]LogBlueprintUserMessages: [ThirdPersonCharacter_C_0] Right
[2018.09.28-16.05.17:817][300]LogBlueprintUserMessages: [ThirdPersonCharacter_C_0] Right
[2018.09.28-16.05.19:267][474]LogBlueprintUserMessages: [ThirdPersonCharacter_C_0] up
[2018.09.28-16.05.19:902][550]LogBlueprintUserMessages: [ThirdPersonCharacter_C_0] Down
[2018.09.28-16.05.20:509][623]LogBlueprintUserMessages: [ThirdPersonCharacter_C_0] Left
[2018.09.28-16.05.21:318][720]LogBlueprintUserMessages: [ThirdPersonCharacter_C_0] Right
[2018.09.28-16.05.21:901][790]LogBlueprintUserMessages: [ThirdPersonCharacter_C_0] Left
[2018.09.28-16.05.22:601][874]LogBlueprintUserMessages: [ThirdPersonCharacter_C_0] Right
[2018.09.28-16.05.23:034][926]LogBlueprintUserMessages: [ThirdPersonCharacter_C_0] Left
[2018.09.28-16.05.35:880][344]LogSlate: FSceneViewport::OnFocusLost() reason 0
[2018.09.28-16.05.38:079][580]Cmd: OBJ SAVEPACKAGE PACKAGE="/Game/ThirdPersonBP/Blueprints/ThirdPersonCharacter" FILE="D:/GitHub/CRANE/FlaminGo/Content/ThirdPersonBP/Blueprints/ThirdPersonCharacter.uasset" SILENT=true
[2018.09.28-16.05.38:161][580]LogSavePackage: Moving 'D:/GitHub/CRANE/FlaminGo/Saved/ThirdPersonCharacter33D8D480494B71EC9C6B1583E45BF48E.tmp' to 'D:/GitHub/CRANE/FlaminGo/Content/ThirdPersonBP/Blueprints/ThirdPersonCharacter.uasset'
[2018.09.28-16.05.43:738][222]LogSlate: Updating window title bar state: overlay mode, drag disabled, window buttons hidden, title bar hidden
[2018.09.28-16.05.43:768][222]LogPlayLevel: Display: Shutting down PIE online subsystems
[2018.09.28-16.05.43:794][222]LogSlate: Updating window title bar state: overlay mode, drag disabled, window buttons hidden, title bar hidden
[2018.09.28-16.05.43:841][226]LogPlayLevel: Display: Destroying online subsystem :Context_10
[2018.09.28-16.06.16:067][ 13]BlueprintLog: New page: Compile ThirdPersonCharacter
[2018.09.28-16.06.16:887][ 76]Cmd: OBJ SAVEPACKAGE PACKAGE="/Game/ThirdPersonBP/Blueprints/ThirdPersonCharacter" FILE="D:/GitHub/CRANE/FlaminGo/Content/ThirdPersonBP/Blueprints/ThirdPersonCharacter.uasset" SILENT=true
[2018.09.28-16.06.16:965][ 76]LogSavePackage: Moving 'D:/GitHub/CRANE/FlaminGo/Saved/ThirdPersonCharacter4284D29F49DE1E1B6EF0C5B2D8C58F8E.tmp' to 'D:/GitHub/CRANE/FlaminGo/Content/ThirdPersonBP/Blueprints/ThirdPersonCharacter.uasset'
[2018.09.28-16.06.45:943][174]Cmd: OBJ SAVEPACKAGE PACKAGE="/Game/ThirdPersonBP/Blueprints/ThirdPersonCharacter" FILE="D:/GitHub/CRANE/FlaminGo/Content/ThirdPersonBP/Blueprints/ThirdPersonCharacter.uasset" SILENT=true
[2018.09.28-16.06.46:015][174]LogSavePackage: Moving 'D:/GitHub/CRANE/FlaminGo/Saved/ThirdPersonCharacter713C85134578459DFDC31BB14B04BCB8.tmp' to 'D:/GitHub/CRANE/FlaminGo/Content/ThirdPersonBP/Blueprints/ThirdPersonCharacter.uasset'
[2018.09.28-16.06.58:772][284]Cmd: OBJ SAVEPACKAGE PACKAGE="/Game/ThirdPersonBP/Blueprints/ThirdPersonCharacter" FILE="D:/GitHub/CRANE/FlaminGo/Content/ThirdPersonBP/Blueprints/ThirdPersonCharacter.uasset" SILENT=true
[2018.09.28-16.06.58:844][284]LogSavePackage: Moving 'D:/GitHub/CRANE/FlaminGo/Saved/ThirdPersonCharacterE867DDD946577AB22909DBB3458A4C3A.tmp' to 'D:/GitHub/CRANE/FlaminGo/Content/ThirdPersonBP/Blueprints/ThirdPersonCharacter.uasset'
[2018.09.28-16.07.39:076][369]BlueprintLog: New page: Compile ThirdPersonCharacter
[2018.09.28-16.07.39:779][417]Cmd: OBJ SAVEPACKAGE PACKAGE="/Game/ThirdPersonBP/Blueprints/ThirdPersonCharacter" FILE="D:/GitHub/CRANE/FlaminGo/Content/ThirdPersonBP/Blueprints/ThirdPersonCharacter.uasset" SILENT=true
[2018.09.28-16.07.39:857][417]LogSavePackage: Moving 'D:/GitHub/CRANE/FlaminGo/Saved/ThirdPersonCharacterF318C2EE411B50B1275BDBA5701BC17F.tmp' to 'D:/GitHub/CRANE/FlaminGo/Content/ThirdPersonBP/Blueprints/ThirdPersonCharacter.uasset'
[2018.09.28-16.07.44:551][963]LogTemp: Repeating last play command: Selected Viewport
[2018.09.28-16.07.44:567][963]LogPlayLevel: PlayLevel: No blueprints needed recompiling
[2018.09.28-16.07.44:568][963]PIE: New page: PIE session: FirstMap (28 Sep 2018 18:07:44)
[2018.09.28-16.07.44:568][963]LogPlayLevel: Creating play world package: /Game/ThirdPersonBP/Maps/UEDPIE_0_FirstMap
[2018.09.28-16.07.44:569][963]LogPlayLevel: PIE: StaticDuplicateObject took: (0.001581s)
[2018.09.28-16.07.44:570][963]LogAIModule: Creating AISystem for world FirstMap
[2018.09.28-16.07.44:570][963]LogPlayLevel: PIE: World Init took: (0.000650s)
[2018.09.28-16.07.44:570][963]LogPlayLevel: PIE: Created PIE world by copying editor world from /Game/ThirdPersonBP/Maps/FirstMap.FirstMap to /Game/ThirdPersonBP/Maps/UEDPIE_0_FirstMap.FirstMap (0.002327s)
[2018.09.28-16.07.44:609][963]LogInit: XAudio2 using 'Speakers (Realtek High Definition Audio)' : 2 channels at 48 kHz using 32 bits per sample (channel mask 0x3)
[2018.09.28-16.07.44:621][963]LogInit: FAudioDevice initialized.
[2018.09.28-16.07.44:654][963]LogLoad: Game class is 'ThirdPersonGameMode_C'
[2018.09.28-16.07.44:655][963]LogWorld: Bringing World /Game/ThirdPersonBP/Maps/UEDPIE_0_FirstMap.FirstMap up for play (max tick rate 0) at 2018.09.28-17.07.44
[2018.09.28-16.07.44:655][963]LogWorld: Bringing up level for play took: 0.000350
[2018.09.28-16.07.44:668][963]LogBlueprintUserMessages: [ThirdPersonGameMode_C_0] 0
[2018.09.28-16.07.44:669][963]LogBlueprintUserMessages: [ThirdPersonGameMode_C_0] 0
[2018.09.28-16.07.44:670][963]LogBlueprintUserMessages: [ThirdPersonGameMode_C_0] 0
[2018.09.28-16.07.44:671][963]LogBlueprintUserMessages: [ThirdPersonGameMode_C_0] 0
[2018.09.28-16.07.44:672][963]LogBlueprintUserMessages: [ThirdPersonGameMode_C_0] 0
[2018.09.28-16.07.44:672][963]LogBlueprintUserMessages: [ThirdPersonGameMode_C_0] 0
[2018.09.28-16.07.44:673][963]LogBlueprintUserMessages: [ThirdPersonGameMode_C_0] 0
[2018.09.28-16.07.44:674][963]LogBlueprintUserMessages: [ThirdPersonGameMode_C_0] 0
[2018.09.28-16.07.44:674][963]LogBlueprintUserMessages: [ThirdPersonGameMode_C_0] 0
[2018.09.28-16.07.44:674][963]LogBlueprintUserMessages: [ThirdPersonGameMode_C_0] 0
[2018.09.28-16.07.44:675][963]PIE: Play in editor start time for /Game/ThirdPersonBP/Maps/UEDPIE_0_FirstMap -0.759
[2018.09.28-16.07.45:454][ 55]LogBlueprintUserMessages: [MasterTile_C_0] 15
[2018.09.28-16.07.46:279][154]LogBlueprintUserMessages: [MasterTile_C_1] 30
[2018.09.28-16.07.47:695][324]LogSlate: FSceneViewport::OnFocusLost() reason 0
[2018.09.28-16.07.47:754][331]Cmd: restartlevel
[2018.09.28-16.07.47:754][331]LogNet: Browse: /Game/ThirdPersonBP/Maps/FirstMap?restart
[2018.09.28-16.07.47:754][331]LogLoad: LoadMap: /Game/ThirdPersonBP/Maps/FirstMap
[2018.09.28-16.07.47:778][331]LogPlayLevel: Creating play world package: /Game/ThirdPersonBP/Maps/UEDPIE_0_FirstMap
[2018.09.28-16.07.47:779][331]LogPlayLevel: PIE: StaticDuplicateObject took: (0.001561s)
[2018.09.28-16.07.47:780][331]LogAIModule: Creating AISystem for world FirstMap
[2018.09.28-16.07.47:780][331]LogPlayLevel: PIE: World Init took: (0.000591s)
[2018.09.28-16.07.47:780][331]LogPlayLevel: PIE: Created PIE world by copying editor world from /Game/ThirdPersonBP/Maps/FirstMap.FirstMap to /Game/ThirdPersonBP/Maps/UEDPIE_0_FirstMap.FirstMap (0.002280s)
[2018.09.28-16.07.47:780][331]LogLoad: Game class is 'ThirdPersonGameMode_C'
[2018.09.28-16.07.47:781][331]LogWorld: Bringing World /Game/ThirdPersonBP/Maps/UEDPIE_0_FirstMap.FirstMap up for play (max tick rate 0) at 2018.09.28-17.07.47
[2018.09.28-16.07.47:781][331]LogWorld: Bringing up level for play took: 0.000299
[2018.09.28-16.07.47:783][331]LogBlueprintUserMessages: [ThirdPersonGameMode_C_0] 0
[2018.09.28-16.07.47:784][331]LogBlueprintUserMessages: [ThirdPersonGameMode_C_0] 0
[2018.09.28-16.07.47:784][331]LogBlueprintUserMessages: [ThirdPersonGameMode_C_0] 0
[2018.09.28-16.07.47:785][331]LogBlueprintUserMessages: [ThirdPersonGameMode_C_0] 0
[2018.09.28-16.07.47:785][331]LogBlueprintUserMessages: [ThirdPersonGameMode_C_0] 0
[2018.09.28-16.07.47:786][331]LogBlueprintUserMessages: [ThirdPersonGameMode_C_0] 0
[2018.09.28-16.07.47:788][331]LogBlueprintUserMessages: [ThirdPersonGameMode_C_0] 0
[2018.09.28-16.07.47:788][331]LogBlueprintUserMessages: [ThirdPersonGameMode_C_0] 0
[2018.09.28-16.07.47:789][331]LogBlueprintUserMessages: [ThirdPersonGameMode_C_0] 0
[2018.09.28-16.07.47:789][331]LogBlueprintUserMessages: [ThirdPersonGameMode_C_0] 0
[2018.09.28-16.07.47:789][331]LogLoad: Took 0.035463 seconds to LoadMap(/Game/ThirdPersonBP/Maps/UEDPIE_0_FirstMap)
[2018.09.28-16.07.49:758][567]Cmd: restartlevel
[2018.09.28-16.07.49:758][567]LogNet: Browse: /Game/ThirdPersonBP/Maps/FirstMap?restart
[2018.09.28-16.07.49:758][567]LogLoad: LoadMap: /Game/ThirdPersonBP/Maps/FirstMap
[2018.09.28-16.07.49:781][567]LogPlayLevel: Creating play world package: /Game/ThirdPersonBP/Maps/UEDPIE_0_FirstMap
[2018.09.28-16.07.49:782][567]LogPlayLevel: PIE: StaticDuplicateObject took: (0.001533s)
[2018.09.28-16.07.49:783][567]LogAIModule: Creating AISystem for world FirstMap
[2018.09.28-16.07.49:783][567]LogPlayLevel: PIE: World Init took: (0.000516s)
[2018.09.28-16.07.49:783][567]LogPlayLevel: PIE: Created PIE world by copying editor world from /Game/ThirdPersonBP/Maps/FirstMap.FirstMap to /Game/ThirdPersonBP/Maps/UEDPIE_0_FirstMap.FirstMap (0.002178s)
[2018.09.28-16.07.49:783][567]LogLoad: Game class is 'ThirdPersonGameMode_C'
[2018.09.28-16.07.49:784][567]LogWorld: Bringing World /Game/ThirdPersonBP/Maps/UEDPIE_0_FirstMap.FirstMap up for play (max tick rate 0) at 2018.09.28-17.07.49
[2018.09.28-16.07.49:784][567]LogWorld: Bringing up level for play took: 0.000306
[2018.09.28-16.07.49:785][567]LogBlueprintUserMessages: [ThirdPersonGameMode_C_0] 0
[2018.09.28-16.07.49:786][567]LogBlueprintUserMessages: [ThirdPersonGameMode_C_0] 0
[2018.09.28-16.07.49:787][567]LogBlueprintUserMessages: [ThirdPersonGameMode_C_0] 0
[2018.09.28-16.07.49:788][567]LogBlueprintUserMessages: [ThirdPersonGameMode_C_0] 0
[2018.09.28-16.07.49:788][567]LogBlueprintUserMessages: [ThirdPersonGameMode_C_0] 0
[2018.09.28-16.07.49:789][567]LogBlueprintUserMessages: [ThirdPersonGameMode_C_0] 0
[2018.09.28-16.07.49:790][567]LogBlueprintUserMessages: [ThirdPersonGameMode_C_0] 0
[2018.09.28-16.07.49:791][567]LogBlueprintUserMessages: [ThirdPersonGameMode_C_0] 0
[2018.09.28-16.07.49:792][567]LogBlueprintUserMessages: [ThirdPersonGameMode_C_0] 0
[2018.09.28-16.07.49:792][567]LogBlueprintUserMessages: [ThirdPersonGameMode_C_0] 0
[2018.09.28-16.07.49:793][567]LogLoad: Took 0.034313 seconds to LoadMap(/Game/ThirdPersonBP/Maps/UEDPIE_0_FirstMap)
[2018.09.28-16.07.50:678][673]LogBlueprintUserMessages: [MasterTile_C_0] 15
[2018.09.28-16.07.51:686][794]Cmd: restartlevel
[2018.09.28-16.07.51:686][794]LogNet: Browse: /Game/ThirdPersonBP/Maps/FirstMap?restart
[2018.09.28-16.07.51:686][794]LogLoad: LoadMap: /Game/ThirdPersonBP/Maps/FirstMap
[2018.09.28-16.07.51:712][794]LogPlayLevel: Creating play world package: /Game/ThirdPersonBP/Maps/UEDPIE_0_FirstMap
[2018.09.28-16.07.51:713][794]LogPlayLevel: PIE: StaticDuplicateObject took: (0.001529s)
[2018.09.28-16.07.51:714][794]LogAIModule: Creating AISystem for world FirstMap
[2018.09.28-16.07.51:714][794]LogPlayLevel: PIE: World Init took: (0.000507s)
[2018.09.28-16.07.51:714][794]LogPlayLevel: PIE: Created PIE world by copying editor world from /Game/ThirdPersonBP/Maps/FirstMap.FirstMap to /Game/ThirdPersonBP/Maps/UEDPIE_0_FirstMap.FirstMap (0.002164s)
[2018.09.28-16.07.51:714][794]LogLoad: Game class is 'ThirdPersonGameMode_C'
[2018.09.28-16.07.51:715][794]LogWorld: Bringing World /Game/ThirdPersonBP/Maps/UEDPIE_0_FirstMap.FirstMap up for play (max tick rate 0) at 2018.09.28-17.07.51
[2018.09.28-16.07.51:715][794]LogWorld: Bringing up level for play took: 0.000300
[2018.09.28-16.07.51:718][794]LogBlueprintUserMessages: [ThirdPersonGameMode_C_0] 0
[2018.09.28-16.07.51:719][794]LogBlueprintUserMessages: [ThirdPersonGameMode_C_0] 0
[2018.09.28-16.07.51:719][794]LogBlueprintUserMessages: [ThirdPersonGameMode_C_0] 0
[2018.09.28-16.07.51:720][794]LogBlueprintUserMessages: [ThirdPersonGameMode_C_0] 0
[2018.09.28-16.07.51:721][794]LogBlueprintUserMessages: [ThirdPersonGameMode_C_0] 0
[2018.09.28-16.07.51:721][794]LogBlueprintUserMessages: [ThirdPersonGameMode_C_0] 0
[2018.09.28-16.07.51:722][794]LogBlueprintUserMessages: [ThirdPersonGameMode_C_0] 0
[2018.09.28-16.07.51:722][794]LogBlueprintUserMessages: [ThirdPersonGameMode_C_0] 0
[2018.09.28-16.07.51:723][794]LogBlueprintUserMessages: [ThirdPersonGameMode_C_0] 0
[2018.09.28-16.07.51:724][794]LogBlueprintUserMessages: [ThirdPersonGameMode_C_0] 0
[2018.09.28-16.07.51:724][794]LogLoad: Took 0.038552 seconds to LoadMap(/Game/ThirdPersonBP/Maps/UEDPIE_0_FirstMap)
[2018.09.28-16.07.52:825][926]Cmd: restartlevel
[2018.09.28-16.07.52:826][926]LogNet: Browse: /Game/ThirdPersonBP/Maps/FirstMap?restart
[2018.09.28-16.07.52:826][926]LogLoad: LoadMap: /Game/ThirdPersonBP/Maps/FirstMap
[2018.09.28-16.07.52:852][926]LogPlayLevel: Creating play world package: /Game/ThirdPersonBP/Maps/UEDPIE_0_FirstMap
[2018.09.28-16.07.52:853][926]LogPlayLevel: PIE: StaticDuplicateObject took: (0.001485s)
[2018.09.28-16.07.52:854][926]LogAIModule: Creating AISystem for world FirstMap
[2018.09.28-16.07.52:854][926]LogPlayLevel: PIE: World Init took: (0.000512s)
[2018.09.28-16.07.52:854][926]LogPlayLevel: PIE: Created PIE world by copying editor world from /Game/ThirdPersonBP/Maps/FirstMap.FirstMap to /Game/ThirdPersonBP/Maps/UEDPIE_0_FirstMap.FirstMap (0.002122s)
[2018.09.28-16.07.52:854][926]LogLoad: Game class is 'ThirdPersonGameMode_C'
[2018.09.28-16.07.52:855][926]LogWorld: Bringing World /Game/ThirdPersonBP/Maps/UEDPIE_0_FirstMap.FirstMap up for play (max tick rate 0) at 2018.09.28-17.07.52
[2018.09.28-16.07.52:855][926]LogWorld: Bringing up level for play took: 0.000298
[2018.09.28-16.07.52:858][926]LogBlueprintUserMessages: [ThirdPersonGameMode_C_0] 0
[2018.09.28-16.07.52:859][926]LogBlueprintUserMessages: [ThirdPersonGameMode_C_0] 0
[2018.09.28-16.07.52:860][926]LogBlueprintUserMessages: [ThirdPersonGameMode_C_0] 0
[2018.09.28-16.07.52:860][926]LogBlueprintUserMessages: [ThirdPersonGameMode_C_0] 0
[2018.09.28-16.07.52:861][926]LogBlueprintUserMessages: [ThirdPersonGameMode_C_0] 0
[2018.09.28-16.07.52:861][926]LogBlueprintUserMessages: [ThirdPersonGameMode_C_0] 0
[2018.09.28-16.07.52:862][926]LogBlueprintUserMessages: [ThirdPersonGameMode_C_0] 0
[2018.09.28-16.07.52:862][926]LogBlueprintUserMessages: [ThirdPersonGameMode_C_0] 0
[2018.09.28-16.07.52:863][926]LogBlueprintUserMessages: [ThirdPersonGameMode_C_0] 0
[2018.09.28-16.07.52:863][926]LogBlueprintUserMessages: [ThirdPersonGameMode_C_0] 0
[2018.09.28-16.07.52:863][926]LogLoad: Took 0.037075 seconds to LoadMap(/Game/ThirdPersonBP/Maps/UEDPIE_0_FirstMap)
[2018.09.28-16.07.53:573][ 11]Cmd: restartlevel
[2018.09.28-16.07.53:573][ 11]LogNet: Browse: /Game/ThirdPersonBP/Maps/FirstMap?restart
[2018.09.28-16.07.53:573][ 11]LogLoad: LoadMap: /Game/ThirdPersonBP/Maps/FirstMap
[2018.09.28-16.07.53:595][ 11]LogPlayLevel: Creating play world package: /Game/ThirdPersonBP/Maps/UEDPIE_0_FirstMap
[2018.09.28-16.07.53:597][ 11]LogPlayLevel: PIE: StaticDuplicateObject took: (0.001440s)
[2018.09.28-16.07.53:597][ 11]LogAIModule: Creating AISystem for world FirstMap
[2018.09.28-16.07.53:597][ 11]LogPlayLevel: PIE: World Init took: (0.000499s)
[2018.09.28-16.07.53:597][ 11]LogPlayLevel: PIE: Created PIE world by copying editor world from /Game/ThirdPersonBP/Maps/FirstMap.FirstMap to /Game/ThirdPersonBP/Maps/UEDPIE_0_FirstMap.FirstMap (0.002071s)
[2018.09.28-16.07.53:597][ 11]LogLoad: Game class is 'ThirdPersonGameMode_C'
[2018.09.28-16.07.53:598][ 11]LogWorld: Bringing World /Game/ThirdPersonBP/Maps/UEDPIE_0_FirstMap.FirstMap up for play (max tick rate 0) at 2018.09.28-17.07.53
[2018.09.28-16.07.53:598][ 11]LogWorld: Bringing up level for play took: 0.000330
[2018.09.28-16.07.53:601][ 11]LogBlueprintUserMessages: [ThirdPersonGameMode_C_0] 0
[2018.09.28-16.07.53:602][ 11]LogBlueprintUserMessages: [ThirdPersonGameMode_C_0] 0
[2018.09.28-16.07.53:602][ 11]LogBlueprintUserMessages: [ThirdPersonGameMode_C_0] 0
[2018.09.28-16.07.53:602][ 11]LogBlueprintUserMessages: [ThirdPersonGameMode_C_0] 0
[2018.09.28-16.07.53:603][ 11]LogBlueprintUserMessages: [ThirdPersonGameMode_C_0] 0
[2018.09.28-16.07.53:603][ 11]LogBlueprintUserMessages: [ThirdPersonGameMode_C_0] 0
[2018.09.28-16.07.53:604][ 11]LogBlueprintUserMessages: [ThirdPersonGameMode_C_0] 0
[2018.09.28-16.07.53:605][ 11]LogBlueprintUserMessages: [ThirdPersonGameMode_C_0] 0
[2018.09.28-16.07.53:605][ 11]LogBlueprintUserMessages: [ThirdPersonGameMode_C_0] 0
[2018.09.28-16.07.53:606][ 11]LogBlueprintUserMessages: [ThirdPersonGameMode_C_0] 0
[2018.09.28-16.07.53:607][ 11]LogLoad: Took 0.033383 seconds to LoadMap(/Game/ThirdPersonBP/Maps/UEDPIE_0_FirstMap)
[2018.09.28-16.07.54:341][ 99]Cmd: restartlevel
[2018.09.28-16.07.54:341][ 99]LogNet: Browse: /Game/ThirdPersonBP/Maps/FirstMap?restart
[2018.09.28-16.07.54:342][ 99]LogLoad: LoadMap: /Game/ThirdPersonBP/Maps/FirstMap
[2018.09.28-16.07.54:368][ 99]LogPlayLevel: Creating play world package: /Game/ThirdPersonBP/Maps/UEDPIE_0_FirstMap
[2018.09.28-16.07.54:370][ 99]LogPlayLevel: PIE: StaticDuplicateObject took: (0.001458s)
[2018.09.28-16.07.54:370][ 99]LogAIModule: Creating AISystem for world FirstMap
[2018.09.28-16.07.54:370][ 99]LogPlayLevel: PIE: World Init took: (0.000513s)
[2018.09.28-16.07.54:370][ 99]LogPlayLevel: PIE: Created PIE world by copying editor world from /Game/ThirdPersonBP/Maps/FirstMap.FirstMap to /Game/ThirdPersonBP/Maps/UEDPIE_0_FirstMap.FirstMap (0.002097s)
[2018.09.28-16.07.54:370][ 99]LogLoad: Game class is 'ThirdPersonGameMode_C'
[2018.09.28-16.07.54:371][ 99]LogWorld: Bringing World /Game/ThirdPersonBP/Maps/UEDPIE_0_FirstMap.FirstMap up for play (max tick rate 0) at 2018.09.28-17.07.54
[2018.09.28-16.07.54:371][ 99]LogWorld: Bringing up level for play took: 0.000319
[2018.09.28-16.07.54:373][ 99]LogBlueprintUserMessages: [ThirdPersonGameMode_C_0] 0
[2018.09.28-16.07.54:374][ 99]LogBlueprintUserMessages: [ThirdPersonGameMode_C_0] 0
[2018.09.28-16.07.54:375][ 99]LogBlueprintUserMessages: [ThirdPersonGameMode_C_0] 0
[2018.09.28-16.07.54:375][ 99]LogBlueprintUserMessages: [ThirdPersonGameMode_C_0] 0
[2018.09.28-16.07.54:376][ 99]LogBlueprintUserMessages: [ThirdPersonGameMode_C_0] 0
[2018.09.28-16.07.54:377][ 99]LogBlueprintUserMessages: [ThirdPersonGameMode_C_0] 0
[2018.09.28-16.07.54:377][ 99]LogBlueprintUserMessages: [ThirdPersonGameMode_C_0] 0
[2018.09.28-16.07.54:378][ 99]LogBlueprintUserMessages: [ThirdPersonGameMode_C_0] 0
[2018.09.28-16.07.54:379][ 99]LogBlueprintUserMessages: [ThirdPersonGameMode_C_0] 0
[2018.09.28-16.07.54:380][ 99]LogBlueprintUserMessages: [ThirdPersonGameMode_C_0] 0
[2018.09.28-16.07.54:380][ 99]LogLoad: Took 0.038266 seconds to LoadMap(/Game/ThirdPersonBP/Maps/UEDPIE_0_FirstMap)
[2018.09.28-16.07.55:266][205]LogBlueprintUserMessages: [MasterTile_C_0] 15
[2018.09.28-16.07.55:282][207]LogBlueprintUserMessages: [ThirdPersonCharacter_C_0] Right
[2018.09.28-16.07.56:092][304]LogBlueprintUserMessages: [MasterTile_C_1] 30
[2018.09.28-16.07.56:149][311]LogBlueprintUserMessages: [ThirdPersonCharacter_C_0] up
[2018.09.28-16.07.56:599][365]LogBlueprintUserMessages: [ThirdPersonCharacter_C_0] Left
[2018.09.28-16.07.56:901][401]LogBlueprintUserMessages: [MasterTile_C_2] 45
[2018.09.28-16.07.56:975][410]LogBlueprintUserMessages: [ThirdPersonCharacter_C_0] up
[2018.09.28-16.07.57:351][455]LogBlueprintUserMessages: [ThirdPersonCharacter_C_0] Right
[2018.09.28-16.07.57:717][499]LogBlueprintUserMessages: [MasterTile_C_3] 60
[2018.09.28-16.07.58:518][595]LogBlueprintUserMessages: [MasterTile_C_4] 75
[2018.09.28-16.07.59:309][690]LogBlueprintUserMessages: [MasterTile_C_5] 90
[2018.09.28-16.07.59:484][711]LogBlueprintUserMessages: [ThirdPersonCharacter_C_0] Left
[2018.09.28-16.08.00:093][784]LogBlueprintUserMessages: [MasterTile_C_6] 105
[2018.09.28-16.08.00:868][877]LogBlueprintUserMessages: [MasterTile_C_7] 120
[2018.09.28-16.08.01:643][970]LogBlueprintUserMessages: [MasterTile_C_8] 135
[2018.09.28-16.08.01:867][997]LogBlueprintUserMessages: [ThirdPersonCharacter_C_0] Right
[2018.09.28-16.08.02:401][ 61]LogBlueprintUserMessages: [MasterTile_C_9] 150
[2018.09.28-16.08.03:159][152]LogBlueprintUserMessages: [MasterTile_C_10] 165
[2018.09.28-16.08.03:392][180]LogBlueprintUserMessages: [ThirdPersonCharacter_C_0] up
[2018.09.28-16.08.03:975][250]LogSlate: FSceneViewport::OnFocusLost() reason 0
[2018.09.28-16.08.04:034][257]Cmd: restartlevel
[2018.09.28-16.08.04:034][257]LogNet: Browse: /Game/ThirdPersonBP/Maps/FirstMap?restart
[2018.09.28-16.08.04:034][257]LogLoad: LoadMap: /Game/ThirdPersonBP/Maps/FirstMap
[2018.09.28-16.08.04:060][257]LogPlayLevel: Creating play world package: /Game/ThirdPersonBP/Maps/UEDPIE_0_FirstMap
[2018.09.28-16.08.04:062][257]LogPlayLevel: PIE: StaticDuplicateObject took: (0.001441s)
[2018.09.28-16.08.04:062][257]LogAIModule: Creating AISystem for world FirstMap
[2018.09.28-16.08.04:062][257]LogPlayLevel: PIE: World Init took: (0.000576s)
[2018.09.28-16.08.04:062][257]LogPlayLevel: PIE: Created PIE world by copying editor world from /Game/ThirdPersonBP/Maps/FirstMap.FirstMap to /Game/ThirdPersonBP/Maps/UEDPIE_0_FirstMap.FirstMap (0.002151s)
[2018.09.28-16.08.04:062][257]LogLoad: Game class is 'ThirdPersonGameMode_C'
[2018.09.28-16.08.04:063][257]LogWorld: Bringing World /Game/ThirdPersonBP/Maps/UEDPIE_0_FirstMap.FirstMap up for play (max tick rate 0) at 2018.09.28-17.08.04
[2018.09.28-16.08.04:063][257]LogWorld: Bringing up level for play took: 0.000300
[2018.09.28-16.08.04:066][257]LogBlueprintUserMessages: [ThirdPersonGameMode_C_0] 0
[2018.09.28-16.08.04:068][257]LogBlueprintUserMessages: [ThirdPersonGameMode_C_0] 0
[2018.09.28-16.08.04:069][257]LogBlueprintUserMessages: [ThirdPersonGameMode_C_0] 0
[2018.09.28-16.08.04:069][257]LogBlueprintUserMessages: [ThirdPersonGameMode_C_0] 0
[2018.09.28-16.08.04:070][257]LogBlueprintUserMessages: [ThirdPersonGameMode_C_0] 0
[2018.09.28-16.08.04:071][257]LogBlueprintUserMessages: [ThirdPersonGameMode_C_0] 0
[2018.09.28-16.08.04:071][257]LogBlueprintUserMessages: [ThirdPersonGameMode_C_0] 0
[2018.09.28-16.08.04:072][257]LogBlueprintUserMessages: [ThirdPersonGameMode_C_0] 0
[2018.09.28-16.08.04:073][257]LogBlueprintUserMessages: [ThirdPersonGameMode_C_0] 0
[2018.09.28-16.08.04:074][257]LogBlueprintUserMessages: [ThirdPersonGameMode_C_0] 0
[2018.09.28-16.08.04:074][257]LogLoad: Took 0.039896 seconds to LoadMap(/Game/ThirdPersonBP/Maps/UEDPIE_0_FirstMap)
[2018.09.28-16.08.04:725][335]Cmd: restartlevel
[2018.09.28-16.08.04:726][335]LogNet: Browse: /Game/ThirdPersonBP/Maps/FirstMap?restart
[2018.09.28-16.08.04:726][335]LogLoad: LoadMap: /Game/ThirdPersonBP/Maps/FirstMap
[2018.09.28-16.08.04:752][335]LogPlayLevel: Creating play world package: /Game/ThirdPersonBP/Maps/UEDPIE_0_FirstMap
[2018.09.28-16.08.04:754][335]LogPlayLevel: PIE: StaticDuplicateObject took: (0.001445s)
[2018.09.28-16.08.04:754][335]LogAIModule: Creating AISystem for world FirstMap
[2018.09.28-16.08.04:754][335]LogPlayLevel: PIE: World Init took: (0.000509s)
[2018.09.28-16.08.04:754][335]LogPlayLevel: PIE: Created PIE world by copying editor world from /Game/ThirdPersonBP/Maps/FirstMap.FirstMap to /Game/ThirdPersonBP/Maps/UEDPIE_0_FirstMap.FirstMap (0.002081s)
[2018.09.28-16.08.04:754][335]LogLoad: Game class is 'ThirdPersonGameMode_C'
[2018.09.28-16.08.04:755][335]LogWorld: Bringing World /Game/ThirdPersonBP/Maps/UEDPIE_0_FirstMap.FirstMap up for play (max tick rate 0) at 2018.09.28-17.08.04
[2018.09.28-16.08.04:755][335]LogWorld: Bringing up level for play took: 0.000354
[2018.09.28-16.08.04:757][335]LogBlueprintUserMessages: [ThirdPersonGameMode_C_0] 0
[2018.09.28-16.08.04:758][335]LogBlueprintUserMessages: [ThirdPersonGameMode_C_0] 0
[2018.09.28-16.08.04:759][335]LogBlueprintUserMessages: [ThirdPersonGameMode_C_0] 0
[2018.09.28-16.08.04:760][335]LogBlueprintUserMessages: [ThirdPersonGameMode_C_0] 0
[2018.09.28-16.08.04:760][335]LogBlueprintUserMessages: [ThirdPersonGameMode_C_0] 0
[2018.09.28-16.08.04:761][335]LogBlueprintUserMessages: [ThirdPersonGameMode_C_0] 0
[2018.09.28-16.08.04:762][335]LogBlueprintUserMessages: [ThirdPersonGameMode_C_0] 0
[2018.09.28-16.08.04:762][335]LogBlueprintUserMessages: [ThirdPersonGameMode_C_0] 0
[2018.09.28-16.08.04:763][335]LogBlueprintUserMessages: [ThirdPersonGameMode_C_0] 0
[2018.09.28-16.08.04:763][335]LogBlueprintUserMessages: [ThirdPersonGameMode_C_0] 0
[2018.09.28-16.08.04:764][335]LogLoad: Took 0.038063 seconds to LoadMap(/Game/ThirdPersonBP/Maps/UEDPIE_0_FirstMap)
[2018.09.28-16.08.05:241][392]LogBlueprintUserMessages: [ThirdPersonCharacter_C_0] up
[2018.09.28-16.08.05:650][441]LogBlueprintUserMessages: [MasterTile_C_0] 15
[2018.09.28-16.08.06:475][540]LogBlueprintUserMessages: [MasterTile_C_1] 30
[2018.09.28-16.08.06:716][569]LogBlueprintUserMessages: [ThirdPersonCharacter_C_0] Right
[2018.09.28-16.08.07:291][638]LogBlueprintUserMessages: [MasterTile_C_2] 45
[2018.09.28-16.08.08:100][735]LogBlueprintUserMessages: [MasterTile_C_3] 60
[2018.09.28-16.08.08:899][831]LogBlueprintUserMessages: [MasterTile_C_4] 75
[2018.09.28-16.08.09:691][926]LogBlueprintUserMessages: [MasterTile_C_5] 90
[2018.09.28-16.08.10:475][ 20]LogBlueprintUserMessages: [MasterTile_C_6] 105
[2018.09.28-16.08.11:259][114]LogBlueprintUserMessages: [MasterTile_C_7] 120
[2018.09.28-16.08.12:025][206]LogBlueprintUserMessages: [MasterTile_C_8] 135
[2018.09.28-16.08.12:708][288]LogBlueprintUserMessages: [ThirdPersonCharacter_C_0] Left
[2018.09.28-16.08.12:784][297]LogBlueprintUserMessages: [MasterTile_C_9] 150
[2018.09.28-16.08.12:792][298]LogBlueprintUserMessages: [Magnet_Pickup_C_0] MagnetActive
[2018.09.28-16.08.12:800][299]LogBlueprintUserMessages: [Magnet_Pickup_C_0] MagnetActive
[2018.09.28-16.08.12:983][321]LogBlueprintUserMessages: [Magnet_Pickup_C_0] MagnetActive
[2018.09.28-16.08.13:516][385]LogBlueprintUserMessages: [ThirdPersonCharacter_C_0] Right
[2018.09.28-16.08.13:684][405]LogBlueprintUserMessages: [MasterTile_C_10] 165
[2018.09.28-16.08.14:167][463]LogBlueprintUserMessages: [ThirdPersonCharacter_C_0] Left
[2018.09.28-16.08.14:676][524]LogBlueprintUserMessages: [MasterTile_C_11] 180
[2018.09.28-16.08.15:175][584]LogBlueprintUserMessages: [ThirdPersonCharacter_C_0] Right
[2018.09.28-16.08.15:642][640]LogBlueprintUserMessages: [MasterTile_C_12] 195
[2018.09.28-16.08.16:533][747]LogBlueprintUserMessages: [ThirdPersonCharacter_C_0] Left
[2018.09.28-16.08.16:609][756]LogBlueprintUserMessages: [MasterTile_C_13] 210
[2018.09.28-16.08.17:151][821]LogSlate: Updating window title bar state: overlay mode, drag disabled, window buttons hidden, title bar hidden
[2018.09.28-16.08.17:188][821]LogPlayLevel: Display: Shutting down PIE online subsystems
[2018.09.28-16.08.17:218][821]LogSlate: Updating window title bar state: overlay mode, drag disabled, window buttons hidden, title bar hidden
[2018.09.28-16.08.17:255][825]LogPlayLevel: Display: Destroying online subsystem :Context_11
[2018.09.28-16.08.35:965][955]LogSlate: FSceneViewport::OnFocusLost() reason 0
[2018.09.28-16.08.36:035][960]LogTemp: Repeating last play command: Selected Viewport
[2018.09.28-16.08.36:052][960]LogPlayLevel: PlayLevel: No blueprints needed recompiling
[2018.09.28-16.08.36:052][960]PIE: New page: PIE session: FirstMap (28 Sep 2018 18:08:36)
[2018.09.28-16.08.36:052][960]LogPlayLevel: Creating play world package: /Game/ThirdPersonBP/Maps/UEDPIE_0_FirstMap
[2018.09.28-16.08.36:053][960]LogPlayLevel: PIE: StaticDuplicateObject took: (0.001456s)
[2018.09.28-16.08.36:054][960]LogAIModule: Creating AISystem for world FirstMap
[2018.09.28-16.08.36:054][960]LogPlayLevel: PIE: World Init took: (0.000595s)
[2018.09.28-16.08.36:054][960]LogPlayLevel: PIE: Created PIE world by copying editor world from /Game/ThirdPersonBP/Maps/FirstMap.FirstMap to /Game/ThirdPersonBP/Maps/UEDPIE_0_FirstMap.FirstMap (0.002143s)
[2018.09.28-16.08.36:093][960]LogInit: XAudio2 using 'Speakers (Realtek High Definition Audio)' : 2 channels at 48 kHz using 32 bits per sample (channel mask 0x3)
[2018.09.28-16.08.36:106][960]LogInit: FAudioDevice initialized.
[2018.09.28-16.08.36:139][960]LogLoad: Game class is 'ThirdPersonGameMode_C'
[2018.09.28-16.08.36:140][960]LogWorld: Bringing World /Game/ThirdPersonBP/Maps/UEDPIE_0_FirstMap.FirstMap up for play (max tick rate 0) at 2018.09.28-17.08.36
[2018.09.28-16.08.36:141][960]LogWorld: Bringing up level for play took: 0.000610
[2018.09.28-16.08.36:155][960]LogBlueprintUserMessages: [ThirdPersonGameMode_C_0] 0
[2018.09.28-16.08.36:156][960]LogBlueprintUserMessages: [ThirdPersonGameMode_C_0] 0
[2018.09.28-16.08.36:157][960]LogBlueprintUserMessages: [ThirdPersonGameMode_C_0] 0
[2018.09.28-16.08.36:158][960]LogBlueprintUserMessages: [ThirdPersonGameMode_C_0] 0
[2018.09.28-16.08.36:160][960]LogBlueprintUserMessages: [ThirdPersonGameMode_C_0] 0
[2018.09.28-16.08.36:161][960]LogBlueprintUserMessages: [ThirdPersonGameMode_C_0] 0
[2018.09.28-16.08.36:162][960]LogBlueprintUserMessages: [ThirdPersonGameMode_C_0] 0
[2018.09.28-16.08.36:164][960]LogBlueprintUserMessages: [ThirdPersonGameMode_C_0] 0
[2018.09.28-16.08.36:164][960]LogBlueprintUserMessages: [ThirdPersonGameMode_C_0] 0
[2018.09.28-16.08.36:166][960]LogBlueprintUserMessages: [ThirdPersonGameMode_C_0] 0
[2018.09.28-16.08.36:166][960]PIE: Play in editor start time for /Game/ThirdPersonBP/Maps/UEDPIE_0_FirstMap 0.732
[2018.09.28-16.08.36:923][ 49]LogBlueprintUserMessages: [ThirdPersonCharacter_C_0] up
[2018.09.28-16.08.36:932][ 50]LogBlueprintUserMessages: [MasterTile_C_0] 15
[2018.09.28-16.08.37:515][120]LogBlueprintUserMessages: [ThirdPersonCharacter_C_0] Down
[2018.09.28-16.08.37:757][149]LogBlueprintUserMessages: [MasterTile_C_1] 30
[2018.09.28-16.08.38:382][224]LogBlueprintUserMessages: [ThirdPersonCharacter_C_0] Right
[2018.09.28-16.08.38:574][247]LogBlueprintUserMessages: [MasterTile_C_2] 45
[2018.09.28-16.08.39:223][325]LogSlate: FSceneViewport::OnFocusLost() reason 0
[2018.09.28-16.08.41:494][596]LogSlate: Updating window title bar state: overlay mode, drag disabled, window buttons hidden, title bar hidden
[2018.09.28-16.08.41:527][596]LogPlayLevel: Display: Shutting down PIE online subsystems
[2018.09.28-16.08.41:551][596]LogSlate: Updating window title bar state: overlay mode, drag disabled, window buttons hidden, title bar hidden
[2018.09.28-16.08.41:587][600]LogPlayLevel: Display: Destroying online subsystem :Context_12
[2018.09.28-16.08.51:344][206]Cmd: OBJ SAVEPACKAGE PACKAGE="/Game/ThirdPersonBP/Maps/FirstMap" FILE="D:/GitHub/CRANE/FlaminGo/Content/ThirdPersonBP/Maps/FirstMap.umap" SILENT=true AUTOSAVING=false KEEPDIRTY=false
[2018.09.28-16.08.51:389][206]LogSavePackage: Moving 'D:/GitHub/CRANE/FlaminGo/Saved/FirstMap02DB200742BEDC797110D5AC702728A6.tmp' to 'D:/GitHub/CRANE/FlaminGo/Content/ThirdPersonBP/Maps/FirstMap.umap'
[2018.09.28-16.08.51:420][206]LogFileHelpers: Saving map 'FirstMap' took 0.172
